2024-06-16 21:28:41,810 - root - INFO - Namespace(N=10, R=100, alpha=0.1, bpr_neg_num=4, compute_rank=1, dataset='yelp', dim=256, epoch=50, eps=1e-20, layers=2, lmd2=0.1, lr=0.0005, model='bgr', neg_ratio=42, norm_a=1.0, save_embed=1, seed=2021, tensorboard=True, test_batch=100, test_file='test.txt', topks=[20, 100], train_batch=2048, train_file='train.txt', weight=0.0001)
2024-06-16 21:29:24,598 - root - INFO - [testing at epoch-0]
2024-06-16 21:29:24,598 - root - INFO - {'precision': array([0.01582828, 0.00974769]), 'recall': array([0.03218818, 0.09696717]), 'ndcg': array([0.06853272, 0.13560444]), 'auc': array([0.])}
2024-06-16 21:29:24,599 - root - INFO - EPOCH[1/50] all_loss: 1.619 | time cost---Sampling: 4.68s--| 
2024-06-16 21:29:24,599 - root - INFO - Summary at recall = 0.03218817576311269
2024-06-16 21:30:26,187 - root - INFO - [testing at epoch-1]
2024-06-16 21:30:26,187 - root - INFO - {'precision': array([0.02138752, 0.01359101]), 'recall': array([0.04576545, 0.14238247]), 'ndcg': array([0.08851259, 0.18017548]), 'auc': array([0.])}
2024-06-16 21:30:26,188 - root - INFO - EPOCH[2/50] all_loss: 1.568 | time cost---Sampling: 4.63s--| 
2024-06-16 21:30:26,188 - root - INFO - Summary at recall = 0.04576545163724546
2024-06-16 21:31:27,573 - root - INFO - [testing at epoch-2]
2024-06-16 21:31:27,573 - root - INFO - {'precision': array([0.02387584, 0.01525578]), 'recall': array([0.05157441, 0.16181617]), 'ndcg': array([0.09710506, 0.197791  ]), 'auc': array([0.])}
2024-06-16 21:31:27,574 - root - INFO - EPOCH[3/50] all_loss: 1.522 | time cost---Sampling: 4.58s--| 
2024-06-16 21:31:27,574 - root - INFO - Summary at recall = 0.05157440965854763
2024-06-16 21:32:28,946 - root - INFO - [testing at epoch-3]
2024-06-16 21:32:28,946 - root - INFO - {'precision': array([0.02565681, 0.01637205]), 'recall': array([0.05584474, 0.17488309]), 'ndcg': array([0.10338264, 0.20916954]), 'auc': array([0.])}
2024-06-16 21:32:28,948 - root - INFO - EPOCH[4/50] all_loss: 1.470 | time cost---Sampling: 4.48s--| 
2024-06-16 21:32:28,948 - root - INFO - Summary at recall = 0.05584473537708038
2024-06-16 21:33:30,338 - root - INFO - [testing at epoch-4]
2024-06-16 21:33:30,338 - root - INFO - {'precision': array([0.02692308, 0.01714601]), 'recall': array([0.05919597, 0.18411477]), 'ndcg': array([0.10787401, 0.21701885]), 'auc': array([0.])}
2024-06-16 21:33:30,339 - root - INFO - EPOCH[5/50] all_loss: 1.415 | time cost---Sampling: 4.59s--| 
2024-06-16 21:33:30,339 - root - INFO - Summary at recall = 0.059195966974341985
2024-06-16 21:34:31,743 - root - INFO - [testing at epoch-5]
2024-06-16 21:34:31,743 - root - INFO - {'precision': array([0.02794935, 0.01770178]), 'recall': array([0.06194188, 0.19088724]), 'ndcg': array([0.11132228, 0.22263268]), 'auc': array([0.])}
2024-06-16 21:34:31,744 - root - INFO - EPOCH[6/50] all_loss: 1.356 | time cost---Sampling: 4.67s--| 
2024-06-16 21:34:31,744 - root - INFO - Summary at recall = 0.06194188075919638
2024-06-16 21:35:33,294 - root - INFO - [testing at epoch-6]
2024-06-16 21:35:33,294 - root - INFO - {'precision': array([0.02874668, 0.01810503]), 'recall': array([0.06399469, 0.19556357]), 'ndcg': array([0.11385863, 0.22671271]), 'auc': array([0.])}
2024-06-16 21:35:33,295 - root - INFO - EPOCH[7/50] all_loss: 1.296 | time cost---Sampling: 4.65s--| 
2024-06-16 21:35:33,295 - root - INFO - Summary at recall = 0.06399469096190014
2024-06-16 21:36:34,622 - root - INFO - [testing at epoch-7]
2024-06-16 21:36:34,622 - root - INFO - {'precision': array([0.02950139, 0.01844764]), 'recall': array([0.06581377, 0.19967834]), 'ndcg': array([0.11620612, 0.22994345]), 'auc': array([0.])}
2024-06-16 21:36:34,623 - root - INFO - EPOCH[8/50] all_loss: 1.235 | time cost---Sampling: 4.69s--| 
2024-06-16 21:36:34,623 - root - INFO - Summary at recall = 0.06581376653731659
2024-06-16 21:37:36,170 - root - INFO - [testing at epoch-8]
2024-06-16 21:37:36,170 - root - INFO - {'precision': array([0.03002558, 0.01867942]), 'recall': array([0.0668456 , 0.20223706]), 'ndcg': array([0.11759324, 0.23215789]), 'auc': array([0.])}
2024-06-16 21:37:36,171 - root - INFO - EPOCH[9/50] all_loss: 1.174 | time cost---Sampling: 4.51s--| 
2024-06-16 21:37:36,171 - root - INFO - Summary at recall = 0.06684559722996646
2024-06-16 21:38:37,943 - root - INFO - [testing at epoch-9]
2024-06-16 21:38:37,943 - root - INFO - {'precision': array([0.03033662, 0.01883447]), 'recall': array([0.06746036, 0.20393804]), 'ndcg': array([0.11857464, 0.23371074]), 'auc': array([0.])}
2024-06-16 21:38:37,944 - root - INFO - EPOCH[10/50] all_loss: 1.114 | time cost---Sampling: 4.60s--| 
2024-06-16 21:38:37,944 - root - INFO - Summary at recall = 0.06746035948802016
2024-06-16 21:39:39,314 - root - INFO - [testing at epoch-10]
2024-06-16 21:39:39,314 - root - INFO - {'precision': array([0.03065397, 0.01896141]), 'recall': array([0.06814981, 0.20536452]), 'ndcg': array([0.11952721, 0.2348513 ]), 'auc': array([0.])}
2024-06-16 21:39:39,315 - root - INFO - EPOCH[11/50] all_loss: 1.055 | time cost---Sampling: 4.71s--| 
2024-06-16 21:39:39,315 - root - INFO - Summary at recall = 0.06814981151605484
2024-06-16 21:40:40,504 - root - INFO - [testing at epoch-11]
2024-06-16 21:40:40,504 - root - INFO - {'precision': array([0.03096659, 0.01902583]), 'recall': array([0.06890797, 0.20607335]), 'ndcg': array([0.12064166, 0.23573441]), 'auc': array([0.])}
2024-06-16 21:40:40,505 - root - INFO - EPOCH[12/50] all_loss: 0.996 | time cost---Sampling: 4.59s--| 
2024-06-16 21:40:40,505 - root - INFO - Summary at recall = 0.06890796727359275
2024-06-16 21:41:41,512 - root - INFO - [testing at epoch-12]
2024-06-16 21:41:41,512 - root - INFO - {'precision': array([0.03107553, 0.01905993]), 'recall': array([0.06901025, 0.20615412]), 'ndcg': array([0.12100167, 0.23620699]), 'auc': array([0.])}
2024-06-16 21:41:41,513 - root - INFO - EPOCH[13/50] all_loss: 0.941 | time cost---Sampling: 4.65s--| 
2024-06-16 21:41:41,513 - root - INFO - Summary at recall = 0.06901025357477392
2024-06-16 21:42:42,353 - root - INFO - [testing at epoch-13]
2024-06-16 21:42:42,353 - root - INFO - {'precision': array([0.03120342, 0.01907351]), 'recall': array([0.06925292, 0.20612704]), 'ndcg': array([0.12152862, 0.23661849]), 'auc': array([0.])}
2024-06-16 21:42:42,354 - root - INFO - EPOCH[14/50] all_loss: 0.887 | time cost---Sampling: 4.55s--| 
2024-06-16 21:42:42,354 - root - INFO - Summary at recall = 0.06925291693805792
2024-06-16 21:43:43,735 - root - INFO - [testing at epoch-14]
2024-06-16 21:43:43,736 - root - INFO - {'precision': array([0.03122711, 0.01906341]), 'recall': array([0.06931437, 0.20569227]), 'ndcg': array([0.12172908, 0.23658512]), 'auc': array([0.])}
2024-06-16 21:43:43,736 - root - INFO - EPOCH[15/50] all_loss: 0.836 | time cost---Sampling: 4.66s--| 
2024-06-16 21:43:43,736 - root - INFO - Summary at recall = 0.069314374373612
2024-06-16 21:44:44,967 - root - INFO - [testing at epoch-15]
2024-06-16 21:44:44,967 - root - INFO - {'precision': array([0.03132026, 0.01903088]), 'recall': array([0.06951251, 0.20482335]), 'ndcg': array([0.12203047, 0.23633326]), 'auc': array([0.])}
2024-06-16 21:44:44,968 - root - INFO - EPOCH[16/50] all_loss: 0.788 | time cost---Sampling: 4.50s--| 
2024-06-16 21:44:44,968 - root - INFO - Summary at recall = 0.06951250776173735
2024-06-16 21:45:46,217 - root - INFO - [testing at epoch-16]
2024-06-16 21:45:46,217 - root - INFO - {'precision': array([0.03131868, 0.01896741]), 'recall': array([0.06935385, 0.20378679]), 'ndcg': array([0.12247924, 0.23623497]), 'auc': array([0.])}
2024-06-16 21:45:46,218 - root - INFO - EPOCH[17/50] all_loss: 0.743 | time cost---Sampling: 4.56s--| 
2024-06-16 21:46:28,721 - root - INFO - [testing at epoch-17]
2024-06-16 21:46:28,721 - root - INFO - {'precision': array([0.0313171 , 0.01889636]), 'recall': array([0.06926842, 0.20260677]), 'ndcg': array([0.12253934, 0.23556561]), 'auc': array([0.])}
2024-06-16 21:46:28,722 - root - INFO - EPOCH[18/50] all_loss: 0.701 | time cost---Sampling: 4.55s--| 
2024-06-16 21:47:10,929 - root - INFO - [testing at epoch-18]
2024-06-16 21:47:10,929 - root - INFO - {'precision': array([0.03119553, 0.01880889]), 'recall': array([0.06880432, 0.20121005]), 'ndcg': array([0.12249285, 0.23511929]), 'auc': array([0.])}
2024-06-16 21:47:10,930 - root - INFO - EPOCH[19/50] all_loss: 0.662 | time cost---Sampling: 4.49s--| 
2024-06-16 21:47:53,253 - root - INFO - [testing at epoch-19]
2024-06-16 21:47:53,253 - root - INFO - {'precision': array([0.03117974, 0.01874321]), 'recall': array([0.06871543, 0.20004145]), 'ndcg': array([0.12259611, 0.23451368]), 'auc': array([0.])}
2024-06-16 21:47:53,254 - root - INFO - EPOCH[20/50] all_loss: 0.626 | time cost---Sampling: 4.47s--| 
2024-06-16 21:48:35,487 - root - INFO - [testing at epoch-20]
2024-06-16 21:48:35,488 - root - INFO - {'precision': array([0.03114027, 0.01864974]), 'recall': array([0.0685325 , 0.19859071]), 'ndcg': array([0.12240816, 0.23374196]), 'auc': array([0.])}
2024-06-16 21:48:35,489 - root - INFO - EPOCH[21/50] all_loss: 0.592 | time cost---Sampling: 4.48s--| 
2024-06-16 21:49:17,902 - root - INFO - [testing at epoch-21]
2024-06-16 21:49:17,902 - root - INFO - {'precision': array([0.03109132, 0.01854048]), 'recall': array([0.06824922, 0.19681725]), 'ndcg': array([0.1220857 , 0.23254252]), 'auc': array([0.])}
2024-06-16 21:49:17,903 - root - INFO - EPOCH[22/50] all_loss: 0.561 | time cost---Sampling: 4.54s--| 
2024-06-16 21:50:00,233 - root - INFO - [testing at epoch-22]
2024-06-16 21:50:00,233 - root - INFO - {'precision': array([0.03090186, 0.01842586]), 'recall': array([0.06771997, 0.19509573]), 'ndcg': array([0.12202543, 0.23195707]), 'auc': array([0.])}
2024-06-16 21:50:00,234 - root - INFO - EPOCH[23/50] all_loss: 0.531 | time cost---Sampling: 4.58s--| 
2024-06-16 21:50:42,662 - root - INFO - [testing at epoch-23]
2024-06-16 21:50:42,662 - root - INFO - {'precision': array([0.03071713, 0.01829418]), 'recall': array([0.06720419, 0.19308776]), 'ndcg': array([0.12137916, 0.2306324 ]), 'auc': array([0.])}
2024-06-16 21:50:42,663 - root - INFO - EPOCH[24/50] all_loss: 0.504 | time cost---Sampling: 4.53s--| 
2024-06-16 21:51:25,431 - root - INFO - [testing at epoch-24]
2024-06-16 21:51:25,431 - root - INFO - {'precision': array([0.03062082, 0.01818808]), 'recall': array([0.06679746, 0.1914414 ]), 'ndcg': array([0.12121514, 0.22966894]), 'auc': array([0.])}
2024-06-16 21:51:25,432 - root - INFO - EPOCH[25/50] all_loss: 0.479 | time cost---Sampling: 4.67s--| 
2024-06-16 21:52:07,831 - root - INFO - [testing at epoch-25]
2024-06-16 21:52:07,832 - root - INFO - {'precision': array([0.03038083, 0.01808324]), 'recall': array([0.06610626, 0.18983076]), 'ndcg': array([0.1204567 , 0.22839198]), 'auc': array([0.])}
2024-06-16 21:52:07,832 - root - INFO - EPOCH[26/50] all_loss: 0.456 | time cost---Sampling: 4.57s--| 
2024-06-16 21:52:50,330 - root - INFO - [testing at epoch-26]
2024-06-16 21:52:50,330 - root - INFO - {'precision': array([0.03018978, 0.01793672]), 'recall': array([0.06559299, 0.18765321]), 'ndcg': array([0.11990581, 0.22690737]), 'auc': array([0.])}
2024-06-16 21:52:50,331 - root - INFO - EPOCH[27/50] all_loss: 0.435 | time cost---Sampling: 4.62s--| 
2024-06-16 21:53:32,631 - root - INFO - [testing at epoch-27]
2024-06-16 21:53:32,631 - root - INFO - {'precision': array([0.03003347, 0.01779367]), 'recall': array([0.06508154, 0.18566782]), 'ndcg': array([0.11956646, 0.2257384 ]), 'auc': array([0.])}
2024-06-16 21:53:32,632 - root - INFO - EPOCH[28/50] all_loss: 0.415 | time cost---Sampling: 4.47s--| 
2024-06-16 21:54:15,352 - root - INFO - [testing at epoch-28]
2024-06-16 21:54:15,352 - root - INFO - {'precision': array([0.02989295, 0.01768347]), 'recall': array([0.06461903, 0.18390347]), 'ndcg': array([0.11932957, 0.22460303]), 'auc': array([0.])}
2024-06-16 21:54:15,353 - root - INFO - EPOCH[29/50] all_loss: 0.397 | time cost---Sampling: 4.71s--| 
2024-06-16 21:54:57,809 - root - INFO - [testing at epoch-29]
2024-06-16 21:54:57,809 - root - INFO - {'precision': array([0.02966717, 0.01756094]), 'recall': array([0.06395816, 0.18201011]), 'ndcg': array([0.118773  , 0.22354288]), 'auc': array([0.])}
2024-06-16 21:54:57,810 - root - INFO - EPOCH[30/50] all_loss: 0.379 | time cost---Sampling: 4.56s--| 
2024-06-16 21:55:40,438 - root - INFO - [testing at epoch-30]
2024-06-16 21:55:40,438 - root - INFO - {'precision': array([0.02945087, 0.01740937]), 'recall': array([0.06317444, 0.17993332]), 'ndcg': array([0.11813425, 0.22213107]), 'auc': array([0.])}
2024-06-16 21:55:40,439 - root - INFO - EPOCH[31/50] all_loss: 0.363 | time cost---Sampling: 4.74s--| 
2024-06-16 21:56:22,880 - root - INFO - [testing at epoch-31]
2024-06-16 21:56:22,880 - root - INFO - {'precision': array([0.0292393 , 0.01725306]), 'recall': array([0.062661  , 0.17777373]), 'ndcg': array([0.11781324, 0.22100332]), 'auc': array([0.])}
2024-06-16 21:56:22,881 - root - INFO - EPOCH[32/50] all_loss: 0.348 | time cost---Sampling: 4.56s--| 
2024-06-16 21:57:05,516 - root - INFO - [testing at epoch-32]
2024-06-16 21:57:05,516 - root - INFO - {'precision': array([0.0289772 , 0.01711317]), 'recall': array([0.06204068, 0.17583645]), 'ndcg': array([0.11704399, 0.21948078]), 'auc': array([0.])}
2024-06-16 21:57:05,517 - root - INFO - EPOCH[33/50] all_loss: 0.334 | time cost---Sampling: 4.65s--| 
2024-06-16 21:57:48,010 - root - INFO - [testing at epoch-33]
2024-06-16 21:57:48,010 - root - INFO - {'precision': array([0.02876089, 0.01698434]), 'recall': array([0.06148424, 0.17393884]), 'ndcg': array([0.11623771, 0.21797119]), 'auc': array([0.])}
2024-06-16 21:57:48,011 - root - INFO - EPOCH[34/50] all_loss: 0.321 | time cost---Sampling: 4.61s--| 
2024-06-16 21:58:30,616 - root - INFO - [testing at epoch-34]
2024-06-16 21:58:30,616 - root - INFO - {'precision': array([0.02857617, 0.01684161]), 'recall': array([0.06090804, 0.17185925]), 'ndcg': array([0.11571818, 0.2165391 ]), 'auc': array([0.])}
2024-06-16 21:58:30,617 - root - INFO - EPOCH[35/50] all_loss: 0.308 | time cost---Sampling: 4.68s--| 
2024-06-16 21:59:13,010 - root - INFO - [testing at epoch-35]
2024-06-16 21:59:13,011 - root - INFO - {'precision': array([0.02844828, 0.01671624]), 'recall': array([0.06044843, 0.17030674]), 'ndcg': array([0.11548532, 0.21553386]), 'auc': array([0.])}
2024-06-16 21:59:13,011 - root - INFO - EPOCH[36/50] all_loss: 0.297 | time cost---Sampling: 4.56s--| 
2024-06-16 21:59:55,559 - root - INFO - [testing at epoch-36]
2024-06-16 21:59:55,559 - root - INFO - {'precision': array([0.02821144, 0.01658488]), 'recall': array([0.05978677, 0.16839061]), 'ndcg': array([0.11467895, 0.21405704]), 'auc': array([0.])}
2024-06-16 21:59:55,560 - root - INFO - EPOCH[37/50] all_loss: 0.287 | time cost---Sampling: 4.67s--| 
