2024-06-14 15:17:43,068 - root - INFO - Namespace(N=50, R=100, alpha=0.7, bpr_neg_num=12, compute_rank=1, dataset='pinterest', dim=256, epoch=25, eps=1e-20, layers=2, lmd2=0.1, lr=0.0005, model='bgr', neg_ratio=32, norm_a=1.0, save_embed=1, seed=2021, tensorboard=True, test_batch=100, test_file='test.txt', topks=[20, 100], train_batch=2048, train_file='train.txt', weight=0.0001)
2024-06-14 15:18:46,509 - root - INFO - [testing at epoch-0]
2024-06-14 15:18:46,509 - root - INFO - {'precision': array([0.02605371, 0.01476824]), 'recall': array([0.0910441 , 0.25794137]), 'ndcg': array([0.10756466, 0.20269989]), 'auc': array([0.])}
2024-06-14 15:18:46,510 - root - INFO - EPOCH[1/25] all_loss: 2.550 | time cost---Sampling: 8.21s--| 
2024-06-14 15:18:46,510 - root - INFO - Summary at recall = 0.09104409764072925
2024-06-14 15:20:11,849 - root - INFO - [testing at epoch-1]
2024-06-14 15:20:11,849 - root - INFO - {'precision': array([0.03338709, 0.0191429 ]), 'recall': array([0.11692918, 0.33465923]), 'ndcg': array([0.13321022, 0.25152874]), 'auc': array([0.])}
2024-06-14 15:20:11,850 - root - INFO - EPOCH[2/25] all_loss: 2.478 | time cost---Sampling: 8.26s--| 
2024-06-14 15:20:11,850 - root - INFO - Summary at recall = 0.11692917930485809
2024-06-14 15:21:36,809 - root - INFO - [testing at epoch-2]
2024-06-14 15:21:36,809 - root - INFO - {'precision': array([0.03644946, 0.02057605]), 'recall': array([0.12805125, 0.3606153 ]), 'ndcg': array([0.1429971 , 0.26684993]), 'auc': array([0.])}
2024-06-14 15:21:36,810 - root - INFO - EPOCH[3/25] all_loss: 2.449 | time cost---Sampling: 8.45s--| 
2024-06-14 15:21:36,810 - root - INFO - Summary at recall = 0.12805124822238242
2024-06-14 15:23:01,644 - root - INFO - [testing at epoch-3]
2024-06-14 15:23:01,644 - root - INFO - {'precision': array([0.0382896 , 0.02138731]), 'recall': array([0.13466682, 0.3755967 ]), 'ndcg': array([0.14860878, 0.2751443 ]), 'auc': array([0.])}
2024-06-14 15:23:01,645 - root - INFO - EPOCH[4/25] all_loss: 2.423 | time cost---Sampling: 8.25s--| 
2024-06-14 15:23:01,645 - root - INFO - Summary at recall = 0.1346668244065777
2024-06-14 15:24:26,594 - root - INFO - [testing at epoch-4]
2024-06-14 15:24:26,594 - root - INFO - {'precision': array([0.03982441, 0.02199616]), 'recall': array([0.14024456, 0.38657201]), 'ndcg': array([0.1533036 , 0.28149351]), 'auc': array([0.])}
2024-06-14 15:24:26,595 - root - INFO - EPOCH[5/25] all_loss: 2.395 | time cost---Sampling: 8.27s--| 
2024-06-14 15:24:26,595 - root - INFO - Summary at recall = 0.140244562259032
2024-06-14 15:25:51,539 - root - INFO - [testing at epoch-5]
2024-06-14 15:25:51,539 - root - INFO - {'precision': array([0.04126228, 0.02250752]), 'recall': array([0.14542678, 0.39570227]), 'ndcg': array([0.15778014, 0.28703954]), 'auc': array([0.])}
2024-06-14 15:25:51,540 - root - INFO - EPOCH[6/25] all_loss: 2.367 | time cost---Sampling: 8.24s--| 
2024-06-14 15:25:51,540 - root - INFO - Summary at recall = 0.14542677678261032
2024-06-14 15:27:16,599 - root - INFO - [testing at epoch-6]
2024-06-14 15:27:16,599 - root - INFO - {'precision': array([0.04243377, 0.02288026]), 'recall': array([0.14967132, 0.40238255]), 'ndcg': array([0.16163984, 0.29138041]), 'auc': array([0.])}
2024-06-14 15:27:16,600 - root - INFO - EPOCH[7/25] all_loss: 2.337 | time cost---Sampling: 8.30s--| 
2024-06-14 15:27:16,600 - root - INFO - Summary at recall = 0.14967132020674642
2024-06-14 15:28:41,351 - root - INFO - [testing at epoch-7]
2024-06-14 15:28:41,351 - root - INFO - {'precision': array([0.04340594, 0.02319429]), 'recall': array([0.15312905, 0.40787064]), 'ndcg': array([0.16478627, 0.29518491]), 'auc': array([0.])}
2024-06-14 15:28:41,352 - root - INFO - EPOCH[8/25] all_loss: 2.306 | time cost---Sampling: 8.22s--| 
2024-06-14 15:28:41,352 - root - INFO - Summary at recall = 0.15312905199845453
2024-06-14 15:30:05,796 - root - INFO - [testing at epoch-8]
2024-06-14 15:30:05,796 - root - INFO - {'precision': array([0.04426576, 0.02345595]), 'recall': array([0.15622944, 0.41255548]), 'ndcg': array([0.16745488, 0.29806076]), 'auc': array([0.])}
2024-06-14 15:30:05,797 - root - INFO - EPOCH[9/25] all_loss: 2.273 | time cost---Sampling: 8.13s--| 
2024-06-14 15:30:05,797 - root - INFO - Summary at recall = 0.15622944272140918
2024-06-14 15:31:30,727 - root - INFO - [testing at epoch-9]
2024-06-14 15:31:30,728 - root - INFO - {'precision': array([0.0449797, 0.0236656]), 'recall': array([0.15875585, 0.41624447]), 'ndcg': array([0.16965146, 0.30050453]), 'auc': array([0.])}
2024-06-14 15:31:30,728 - root - INFO - EPOCH[10/25] all_loss: 2.239 | time cost---Sampling: 8.16s--| 
2024-06-14 15:31:30,728 - root - INFO - Summary at recall = 0.15875584514432184
2024-06-14 15:32:55,633 - root - INFO - [testing at epoch-10]
2024-06-14 15:32:55,634 - root - INFO - {'precision': array([0.04561392, 0.02381763]), 'recall': array([0.16110007, 0.4188744 ]), 'ndcg': array([0.17170828, 0.30248568]), 'auc': array([0.])}
2024-06-14 15:32:55,634 - root - INFO - EPOCH[11/25] all_loss: 2.204 | time cost---Sampling: 8.30s--| 
2024-06-14 15:32:55,635 - root - INFO - Summary at recall = 0.16110006866443236
2024-06-14 15:34:20,700 - root - INFO - [testing at epoch-11]
2024-06-14 15:34:20,700 - root - INFO - {'precision': array([0.04618381, 0.023953  ]), 'recall': array([0.16313107, 0.42114235]), 'ndcg': array([0.17359379, 0.30420101]), 'auc': array([0.])}
2024-06-14 15:34:20,701 - root - INFO - EPOCH[12/25] all_loss: 2.167 | time cost---Sampling: 8.45s--| 
2024-06-14 15:34:20,701 - root - INFO - Summary at recall = 0.16313106977715117
2024-06-14 15:35:45,691 - root - INFO - [testing at epoch-12]
2024-06-14 15:35:45,692 - root - INFO - {'precision': array([0.04669391, 0.02405356]), 'recall': array([0.1649195 , 0.42283381]), 'ndcg': array([0.17522576, 0.30564832]), 'auc': array([0.])}
2024-06-14 15:35:45,692 - root - INFO - EPOCH[13/25] all_loss: 2.131 | time cost---Sampling: 8.39s--| 
2024-06-14 15:35:45,692 - root - INFO - Summary at recall = 0.16491950154012358
2024-06-14 15:37:10,602 - root - INFO - [testing at epoch-13]
2024-06-14 15:37:10,602 - root - INFO - {'precision': array([0.04687058, 0.02410847]), 'recall': array([0.16560313, 0.42378732]), 'ndcg': array([0.17614814, 0.30674931]), 'auc': array([0.])}
2024-06-14 15:37:10,602 - root - INFO - EPOCH[14/25] all_loss: 2.092 | time cost---Sampling: 8.24s--| 
2024-06-14 15:37:10,602 - root - INFO - Summary at recall = 0.16560312641036298
2024-06-14 15:38:35,695 - root - INFO - [testing at epoch-14]
2024-06-14 15:38:35,695 - root - INFO - {'precision': array([0.04726017, 0.02413221]), 'recall': array([0.16688194, 0.42414328]), 'ndcg': array([0.17733772, 0.30748192]), 'auc': array([0.])}
2024-06-14 15:38:35,696 - root - INFO - EPOCH[15/25] all_loss: 2.053 | time cost---Sampling: 8.24s--| 
2024-06-14 15:38:35,696 - root - INFO - Summary at recall = 0.16688194278721136
2024-06-14 15:40:00,688 - root - INFO - [testing at epoch-15]
2024-06-14 15:40:00,688 - root - INFO - {'precision': array([0.04748125, 0.02416682]), 'recall': array([0.16763555, 0.42474795]), 'ndcg': array([0.17824624, 0.30813989]), 'auc': array([0.])}
2024-06-14 15:40:00,689 - root - INFO - EPOCH[16/25] all_loss: 2.014 | time cost---Sampling: 8.23s--| 
2024-06-14 15:40:00,689 - root - INFO - Summary at recall = 0.16763554646818804
2024-06-14 15:41:25,797 - root - INFO - [testing at epoch-16]
2024-06-14 15:41:25,797 - root - INFO - {'precision': array([0.04767242, 0.02417552]), 'recall': array([0.16829952, 0.42484172]), 'ndcg': array([0.17889382, 0.30845061]), 'auc': array([0.])}
2024-06-14 15:41:25,798 - root - INFO - EPOCH[17/25] all_loss: 1.975 | time cost---Sampling: 8.30s--| 
2024-06-14 15:41:25,798 - root - INFO - Summary at recall = 0.16829952076768573
2024-06-14 15:42:50,422 - root - INFO - [testing at epoch-17]
2024-06-14 15:42:50,422 - root - INFO - {'precision': array([0.04778205, 0.02417062]), 'recall': array([0.16863987, 0.42475489]), 'ndcg': array([0.17939441, 0.30873471]), 'auc': array([0.])}
2024-06-14 15:42:50,422 - root - INFO - EPOCH[18/25] all_loss: 1.935 | time cost---Sampling: 8.25s--| 
2024-06-14 15:42:50,423 - root - INFO - Summary at recall = 0.16863986681754142
2024-06-14 15:44:15,201 - root - INFO - [testing at epoch-18]
2024-06-14 15:44:15,201 - root - INFO - {'precision': array([0.04785543, 0.02414254]), 'recall': array([0.16887843, 0.42420197]), 'ndcg': array([0.17951124, 0.30863082]), 'auc': array([0.])}
2024-06-14 15:44:15,202 - root - INFO - EPOCH[19/25] all_loss: 1.897 | time cost---Sampling: 8.14s--| 
2024-06-14 15:44:15,202 - root - INFO - Summary at recall = 0.16887843081820114
2024-06-14 15:45:39,823 - root - INFO - [testing at epoch-19]
2024-06-14 15:45:39,824 - root - INFO - {'precision': array([0.04786087, 0.02411898]), 'recall': array([0.16886924, 0.42375242]), 'ndcg': array([0.17964279, 0.30843779]), 'auc': array([0.])}
2024-06-14 15:45:39,824 - root - INFO - EPOCH[20/25] all_loss: 1.857 | time cost---Sampling: 8.15s--| 
2024-06-14 15:46:43,081 - root - INFO - [testing at epoch-20]
2024-06-14 15:46:43,081 - root - INFO - {'precision': array([0.04785996, 0.02408546]), 'recall': array([0.16885137, 0.42307909]), 'ndcg': array([0.17950653, 0.30792685]), 'auc': array([0.])}
2024-06-14 15:46:43,082 - root - INFO - EPOCH[21/25] all_loss: 1.819 | time cost---Sampling: 8.19s--| 
2024-06-14 15:47:46,382 - root - INFO - [testing at epoch-21]
2024-06-14 15:47:46,382 - root - INFO - {'precision': array([0.04775849, 0.02401823]), 'recall': array([0.1684174 , 0.42183866]), 'ndcg': array([0.17896965, 0.30718369]), 'auc': array([0.])}
2024-06-14 15:47:46,383 - root - INFO - EPOCH[22/25] all_loss: 1.780 | time cost---Sampling: 8.17s--| 
2024-06-14 15:48:49,637 - root - INFO - [testing at epoch-22]
2024-06-14 15:48:49,637 - root - INFO - {'precision': array([0.04766789, 0.02396369]), 'recall': array([0.16807426, 0.42078491]), 'ndcg': array([0.17868738, 0.30668586]), 'auc': array([0.])}
2024-06-14 15:48:49,638 - root - INFO - EPOCH[23/25] all_loss: 1.743 | time cost---Sampling: 8.22s--| 
2024-06-14 15:49:53,094 - root - INFO - [testing at epoch-23]
2024-06-14 15:49:53,095 - root - INFO - {'precision': array([0.04756098, 0.02388831]), 'recall': array([0.16762344, 0.41941294]), 'ndcg': array([0.17842669, 0.30607125]), 'auc': array([0.])}
2024-06-14 15:49:53,096 - root - INFO - EPOCH[24/25] all_loss: 1.706 | time cost---Sampling: 8.49s--| 
2024-06-14 15:50:56,440 - root - INFO - [testing at epoch-24]
2024-06-14 15:50:56,440 - root - INFO - {'precision': array([0.04741148, 0.02381238]), 'recall': array([0.16710131, 0.41800804]), 'ndcg': array([0.17786533, 0.30521452]), 'auc': array([0.])}
2024-06-14 15:50:56,441 - root - INFO - EPOCH[25/25] all_loss: 1.671 | time cost---Sampling: 8.20s--| 
