2024-05-19 17:33:07,697 - root - INFO - Namespace(R=100, compute_rank=1, dataset='movie', dim=256, epoch=100, eps=1e-20, layers=2, lmd2=0.1, lr=0.001, model='bgr', neg_ratio=8, norm_a=1.0, save_embed=1, seed=2021, tensorboard=True, test_batch=100, test_file='test.txt', topks=[20, 100], train_batch=2048, train_file='train.txt', weight=0.0001)
2024-05-19 17:33:16,866 - root - INFO - [testing at epoch-0]
2024-05-19 17:33:16,866 - root - INFO - {'precision': array([0.1684106 , 0.09645695]), 'recall': array([0.12665057, 0.33742671]), 'ndcg': array([0.29705358, 0.50333966]), 'auc': array([0.])}
2024-05-19 17:33:16,867 - root - INFO - EPOCH[1/100] all_loss: 0.695 | time cost---Sampling: 0.31s--| 
2024-05-19 17:33:16,867 - root - INFO - Summary at recall = 0.12665057187265322
2024-05-19 17:33:26,378 - root - INFO - [testing at epoch-1]
2024-05-19 17:33:26,378 - root - INFO - {'precision': array([0.20033113, 0.11191391]), 'recall': array([0.15498293, 0.39395828]), 'ndcg': array([0.34495506, 0.55337275]), 'auc': array([0.])}
2024-05-19 17:33:26,379 - root - INFO - EPOCH[2/100] all_loss: 0.666 | time cost---Sampling: 0.31s--| 
2024-05-19 17:33:26,379 - root - INFO - Summary at recall = 0.1549829303728641
2024-05-19 17:33:37,161 - root - INFO - [testing at epoch-2]
2024-05-19 17:33:37,161 - root - INFO - {'precision': array([0.2265894 , 0.12340232]), 'recall': array([0.18056547, 0.44003276]), 'ndcg': array([0.37728311, 0.58649478]), 'auc': array([0.])}
2024-05-19 17:33:37,162 - root - INFO - EPOCH[3/100] all_loss: 0.627 | time cost---Sampling: 0.30s--| 
2024-05-19 17:33:37,162 - root - INFO - Summary at recall = 0.18056546640218957
2024-05-19 17:33:48,696 - root - INFO - [testing at epoch-3]
2024-05-19 17:33:48,696 - root - INFO - {'precision': array([0.2470447 , 0.13162252]), 'recall': array([0.20186345, 0.47346444]), 'ndcg': array([0.40106778, 0.60855212]), 'auc': array([0.])}
2024-05-19 17:33:48,696 - root - INFO - EPOCH[4/100] all_loss: 0.597 | time cost---Sampling: 0.32s--| 
2024-05-19 17:33:48,696 - root - INFO - Summary at recall = 0.2018634509054141
2024-05-19 17:33:59,658 - root - INFO - [testing at epoch-4]
2024-05-19 17:33:59,658 - root - INFO - {'precision': array([0.26101821, 0.13700331]), 'recall': array([0.21697442, 0.49501718]), 'ndcg': array([0.41571132, 0.62130289]), 'auc': array([0.])}
2024-05-19 17:33:59,658 - root - INFO - EPOCH[5/100] all_loss: 0.572 | time cost---Sampling: 0.31s--| 
2024-05-19 17:33:59,658 - root - INFO - Summary at recall = 0.21697442423900562
2024-05-19 17:34:09,542 - root - INFO - [testing at epoch-5]
2024-05-19 17:34:09,542 - root - INFO - {'precision': array([0.27118377, 0.1410298 ]), 'recall': array([0.22730003, 0.5116876 ]), 'ndcg': array([0.42768182, 0.63219379]), 'auc': array([0.])}
2024-05-19 17:34:09,543 - root - INFO - EPOCH[6/100] all_loss: 0.552 | time cost---Sampling: 0.32s--| 
2024-05-19 17:34:09,543 - root - INFO - Summary at recall = 0.22730002702131719
2024-05-19 17:34:18,296 - root - INFO - [testing at epoch-6]
2024-05-19 17:34:18,296 - root - INFO - {'precision': array([0.27911424, 0.14415728]), 'recall': array([0.23597342, 0.52444932]), 'ndcg': array([0.43645358, 0.63974982]), 'auc': array([0.])}
2024-05-19 17:34:18,297 - root - INFO - EPOCH[7/100] all_loss: 0.534 | time cost---Sampling: 0.30s--| 
2024-05-19 17:34:18,297 - root - INFO - Summary at recall = 0.23597342127749665
2024-05-19 17:34:26,943 - root - INFO - [testing at epoch-7]
2024-05-19 17:34:26,943 - root - INFO - {'precision': array([0.28390728, 0.14645364]), 'recall': array([0.24193518, 0.53312766]), 'ndcg': array([0.44289055, 0.6459781 ]), 'auc': array([0.])}
2024-05-19 17:34:26,944 - root - INFO - EPOCH[8/100] all_loss: 0.519 | time cost---Sampling: 0.31s--| 
2024-05-19 17:34:26,944 - root - INFO - Summary at recall = 0.2419351779114612
2024-05-19 17:34:36,607 - root - INFO - [testing at epoch-8]
2024-05-19 17:34:36,607 - root - INFO - {'precision': array([0.28887417, 0.14835927]), 'recall': array([0.24722685, 0.54048458]), 'ndcg': array([0.44877419, 0.65083097]), 'auc': array([0.])}
2024-05-19 17:34:36,608 - root - INFO - EPOCH[9/100] all_loss: 0.506 | time cost---Sampling: 0.30s--| 
2024-05-19 17:34:36,608 - root - INFO - Summary at recall = 0.2472268538905753
2024-05-19 17:34:47,528 - root - INFO - [testing at epoch-9]
2024-05-19 17:34:47,528 - root - INFO - {'precision': array([0.29274834, 0.14980464]), 'recall': array([0.25139426, 0.54625112]), 'ndcg': array([0.4535286 , 0.65486727]), 'auc': array([0.])}
2024-05-19 17:34:47,528 - root - INFO - EPOCH[10/100] all_loss: 0.493 | time cost---Sampling: 0.30s--| 
2024-05-19 17:34:47,528 - root - INFO - Summary at recall = 0.25139425740891397
2024-05-19 17:34:58,951 - root - INFO - [testing at epoch-10]
2024-05-19 17:34:58,951 - root - INFO - {'precision': array([0.29538907, 0.15102649]), 'recall': array([0.2548495 , 0.55116572]), 'ndcg': array([0.45651907, 0.65770639]), 'auc': array([0.])}
2024-05-19 17:34:58,951 - root - INFO - EPOCH[11/100] all_loss: 0.481 | time cost---Sampling: 0.33s--| 
2024-05-19 17:34:58,952 - root - INFO - Summary at recall = 0.2548494959110235
2024-05-19 17:35:09,476 - root - INFO - [testing at epoch-11]
2024-05-19 17:35:09,476 - root - INFO - {'precision': array([0.29802152, 0.1520745 ]), 'recall': array([0.25729187, 0.55482755]), 'ndcg': array([0.45949655, 0.66018346]), 'auc': array([0.])}
2024-05-19 17:35:09,476 - root - INFO - EPOCH[12/100] all_loss: 0.469 | time cost---Sampling: 0.30s--| 
2024-05-19 17:35:09,476 - root - INFO - Summary at recall = 0.2572918687826215
2024-05-19 17:35:18,904 - root - INFO - [testing at epoch-12]
2024-05-19 17:35:18,905 - root - INFO - {'precision': array([0.30009934, 0.15296026]), 'recall': array([0.25947144, 0.55784808]), 'ndcg': array([0.46245055, 0.66278129]), 'auc': array([0.])}
2024-05-19 17:35:18,905 - root - INFO - EPOCH[13/100] all_loss: 0.459 | time cost---Sampling: 0.30s--| 
2024-05-19 17:35:18,905 - root - INFO - Summary at recall = 0.2594714399204947
2024-05-19 17:35:27,649 - root - INFO - [testing at epoch-13]
2024-05-19 17:35:27,649 - root - INFO - {'precision': array([0.30269868, 0.15379801]), 'recall': array([0.26167482, 0.56105531]), 'ndcg': array([0.46552294, 0.66515488]), 'auc': array([0.])}
2024-05-19 17:35:27,650 - root - INFO - EPOCH[14/100] all_loss: 0.449 | time cost---Sampling: 0.31s--| 
2024-05-19 17:35:27,650 - root - INFO - Summary at recall = 0.2616748212161626
2024-05-19 17:35:36,423 - root - INFO - [testing at epoch-14]
2024-05-19 17:35:36,424 - root - INFO - {'precision': array([0.30424669, 0.15444536]), 'recall': array([0.26253031, 0.56337157]), 'ndcg': array([0.46648331, 0.66596594]), 'auc': array([0.])}
2024-05-19 17:35:36,424 - root - INFO - EPOCH[15/100] all_loss: 0.440 | time cost---Sampling: 0.31s--| 
2024-05-19 17:35:36,424 - root - INFO - Summary at recall = 0.26253031089268475
2024-05-19 17:35:46,503 - root - INFO - [testing at epoch-15]
2024-05-19 17:35:46,504 - root - INFO - {'precision': array([0.3056457, 0.1552202]), 'recall': array([0.26382803, 0.56592668]), 'ndcg': array([0.46765101, 0.66709393]), 'auc': array([0.])}
2024-05-19 17:35:46,504 - root - INFO - EPOCH[16/100] all_loss: 0.431 | time cost---Sampling: 0.30s--| 
2024-05-19 17:35:46,504 - root - INFO - Summary at recall = 0.2638280294547936
2024-05-19 17:35:57,686 - root - INFO - [testing at epoch-16]
2024-05-19 17:35:57,686 - root - INFO - {'precision': array([0.30682947, 0.15571192]), 'recall': array([0.26496845, 0.56778332]), 'ndcg': array([0.46863036, 0.66800043]), 'auc': array([0.])}
2024-05-19 17:35:57,686 - root - INFO - EPOCH[17/100] all_loss: 0.422 | time cost---Sampling: 0.31s--| 
2024-05-19 17:35:57,686 - root - INFO - Summary at recall = 0.264968446476745
2024-05-19 17:36:08,887 - root - INFO - [testing at epoch-17]
2024-05-19 17:36:08,887 - root - INFO - {'precision': array([0.30786424, 0.1563543 ]), 'recall': array([0.26615718, 0.56943382]), 'ndcg': array([0.4698589 , 0.66888714]), 'auc': array([0.])}
2024-05-19 17:36:08,887 - root - INFO - EPOCH[18/100] all_loss: 0.413 | time cost---Sampling: 0.30s--| 
2024-05-19 17:36:08,887 - root - INFO - Summary at recall = 0.2661571783618171
2024-05-19 17:36:19,007 - root - INFO - [testing at epoch-18]
2024-05-19 17:36:19,007 - root - INFO - {'precision': array([0.30777318, 0.1566606 ]), 'recall': array([0.26552625, 0.57086795]), 'ndcg': array([0.46957544, 0.66938953]), 'auc': array([0.])}
2024-05-19 17:36:19,008 - root - INFO - EPOCH[19/100] all_loss: 0.405 | time cost---Sampling: 0.30s--| 
2024-05-19 17:36:27,753 - root - INFO - [testing at epoch-19]
2024-05-19 17:36:27,754 - root - INFO - {'precision': array([0.30888245, 0.15732781]), 'recall': array([0.26613998, 0.57184865]), 'ndcg': array([0.47036276, 0.66974464]), 'auc': array([0.])}
2024-05-19 17:36:27,754 - root - INFO - EPOCH[20/100] all_loss: 0.398 | time cost---Sampling: 0.31s--| 
2024-05-19 17:36:36,767 - root - INFO - [testing at epoch-20]
2024-05-19 17:36:36,767 - root - INFO - {'precision': array([0.30941225, 0.15746689]), 'recall': array([0.26654856, 0.57218792]), 'ndcg': array([0.4708978 , 0.67012214]), 'auc': array([0.])}
2024-05-19 17:36:36,768 - root - INFO - EPOCH[21/100] all_loss: 0.390 | time cost---Sampling: 0.31s--| 
2024-05-19 17:36:36,768 - root - INFO - Summary at recall = 0.26654855576067077
2024-05-19 17:36:46,009 - root - INFO - [testing at epoch-21]
2024-05-19 17:36:46,009 - root - INFO - {'precision': array([0.3101904 , 0.15789735]), 'recall': array([0.26699712, 0.57276501]), 'ndcg': array([0.47142975, 0.67034806]), 'auc': array([0.])}
2024-05-19 17:36:46,010 - root - INFO - EPOCH[22/100] all_loss: 0.384 | time cost---Sampling: 0.31s--| 
2024-05-19 17:36:46,010 - root - INFO - Summary at recall = 0.2669971206306071
2024-05-19 17:36:56,478 - root - INFO - [testing at epoch-22]
2024-05-19 17:36:56,478 - root - INFO - {'precision': array([0.31038907, 0.15818046]), 'recall': array([0.2675998 , 0.57302463]), 'ndcg': array([0.47158077, 0.67016941]), 'auc': array([0.])}
2024-05-19 17:36:56,478 - root - INFO - EPOCH[23/100] all_loss: 0.376 | time cost---Sampling: 0.31s--| 
2024-05-19 17:36:56,479 - root - INFO - Summary at recall = 0.26759980071379985
2024-05-19 17:37:07,868 - root - INFO - [testing at epoch-23]
2024-05-19 17:37:07,868 - root - INFO - {'precision': array([0.31096026, 0.15836921]), 'recall': array([0.26747929, 0.57326325]), 'ndcg': array([0.47147214, 0.66995171]), 'auc': array([0.])}
2024-05-19 17:37:07,869 - root - INFO - EPOCH[24/100] all_loss: 0.370 | time cost---Sampling: 0.32s--| 
2024-05-19 17:37:18,887 - root - INFO - [testing at epoch-24]
2024-05-19 17:37:18,887 - root - INFO - {'precision': array([0.31135762, 0.15854967]), 'recall': array([0.26750862, 0.57260427]), 'ndcg': array([0.47193827, 0.66994345]), 'auc': array([0.])}
2024-05-19 17:37:18,888 - root - INFO - EPOCH[25/100] all_loss: 0.363 | time cost---Sampling: 0.31s--| 
2024-05-19 17:37:28,520 - root - INFO - [testing at epoch-25]
2024-05-19 17:37:28,520 - root - INFO - {'precision': array([0.31196192, 0.1586606 ]), 'recall': array([0.26765143, 0.57237825]), 'ndcg': array([0.47211967, 0.66973399]), 'auc': array([0.])}
2024-05-19 17:37:28,520 - root - INFO - EPOCH[26/100] all_loss: 0.357 | time cost---Sampling: 0.31s--| 
2024-05-19 17:37:28,520 - root - INFO - Summary at recall = 0.26765143222765714
2024-05-19 17:37:37,422 - root - INFO - [testing at epoch-26]
2024-05-19 17:37:37,423 - root - INFO - {'precision': array([0.31192053, 0.15869536]), 'recall': array([0.26717153, 0.57211892]), 'ndcg': array([0.47153913, 0.66919376]), 'auc': array([0.])}
2024-05-19 17:37:37,423 - root - INFO - EPOCH[27/100] all_loss: 0.352 | time cost---Sampling: 0.31s--| 
2024-05-19 17:37:46,396 - root - INFO - [testing at epoch-27]
2024-05-19 17:37:46,397 - root - INFO - {'precision': array([0.31200331, 0.15884603]), 'recall': array([0.26652586, 0.57179923]), 'ndcg': array([0.47124578, 0.66888935]), 'auc': array([0.])}
2024-05-19 17:37:46,397 - root - INFO - EPOCH[28/100] all_loss: 0.346 | time cost---Sampling: 0.30s--| 
2024-05-19 17:37:55,821 - root - INFO - [testing at epoch-28]
2024-05-19 17:37:55,821 - root - INFO - {'precision': array([0.31201159, 0.15886258]), 'recall': array([0.26623361, 0.57122923]), 'ndcg': array([0.47098535, 0.66836343]), 'auc': array([0.])}
2024-05-19 17:37:55,821 - root - INFO - EPOCH[29/100] all_loss: 0.341 | time cost---Sampling: 0.31s--| 
2024-05-19 17:38:06,581 - root - INFO - [testing at epoch-29]
2024-05-19 17:38:06,582 - root - INFO - {'precision': array([0.31193709, 0.15886755]), 'recall': array([0.26638502, 0.57040796]), 'ndcg': array([0.4708603 , 0.66775097]), 'auc': array([0.])}
2024-05-19 17:38:06,582 - root - INFO - EPOCH[30/100] all_loss: 0.336 | time cost---Sampling: 0.30s--| 
2024-05-19 17:38:18,136 - root - INFO - [testing at epoch-30]
2024-05-19 17:38:18,137 - root - INFO - {'precision': array([0.31149834, 0.15890728]), 'recall': array([0.26595515, 0.56950825]), 'ndcg': array([0.47038738, 0.66726795]), 'auc': array([0.])}
2024-05-19 17:38:18,137 - root - INFO - EPOCH[31/100] all_loss: 0.330 | time cost---Sampling: 0.31s--| 
2024-05-19 17:38:28,929 - root - INFO - [testing at epoch-31]
2024-05-19 17:38:28,929 - root - INFO - {'precision': array([0.3110596 , 0.15884768]), 'recall': array([0.26464348, 0.56830065]), 'ndcg': array([0.46952268, 0.66656643]), 'auc': array([0.])}
2024-05-19 17:38:28,930 - root - INFO - EPOCH[32/100] all_loss: 0.326 | time cost---Sampling: 0.31s--| 
2024-05-19 17:38:38,635 - root - INFO - [testing at epoch-32]
2024-05-19 17:38:38,635 - root - INFO - {'precision': array([0.31024007, 0.15846523]), 'recall': array([0.2637116 , 0.56644188]), 'ndcg': array([0.4687208 , 0.66581435]), 'auc': array([0.])}
2024-05-19 17:38:38,636 - root - INFO - EPOCH[33/100] all_loss: 0.320 | time cost---Sampling: 0.30s--| 
2024-05-19 17:38:47,393 - root - INFO - [testing at epoch-33]
2024-05-19 17:38:47,393 - root - INFO - {'precision': array([0.31031457, 0.15862417]), 'recall': array([0.26354077, 0.5655384 ]), 'ndcg': array([0.46829149, 0.66502449]), 'auc': array([0.])}
2024-05-19 17:38:47,394 - root - INFO - EPOCH[34/100] all_loss: 0.316 | time cost---Sampling: 0.31s--| 
2024-05-19 17:38:56,174 - root - INFO - [testing at epoch-34]
2024-05-19 17:38:56,174 - root - INFO - {'precision': array([0.30925497, 0.15847185]), 'recall': array([0.26217109, 0.56462941]), 'ndcg': array([0.46666515, 0.66405493]), 'auc': array([0.])}
2024-05-19 17:38:56,175 - root - INFO - EPOCH[35/100] all_loss: 0.312 | time cost---Sampling: 0.31s--| 
2024-05-19 17:39:05,924 - root - INFO - [testing at epoch-35]
2024-05-19 17:39:05,924 - root - INFO - {'precision': array([0.30831954, 0.15832781]), 'recall': array([0.26071621, 0.56322285]), 'ndcg': array([0.46555264, 0.66331624]), 'auc': array([0.])}
2024-05-19 17:39:05,924 - root - INFO - EPOCH[36/100] all_loss: 0.307 | time cost---Sampling: 0.30s--| 
2024-05-19 17:39:16,747 - root - INFO - [testing at epoch-36]
2024-05-19 17:39:16,747 - root - INFO - {'precision': array([0.30743377, 0.15823013]), 'recall': array([0.25954584, 0.5618462 ]), 'ndcg': array([0.46449114, 0.66258528]), 'auc': array([0.])}
2024-05-19 17:39:16,748 - root - INFO - EPOCH[37/100] all_loss: 0.304 | time cost---Sampling: 0.30s--| 
2024-05-19 17:39:28,136 - root - INFO - [testing at epoch-37]
2024-05-19 17:39:28,136 - root - INFO - {'precision': array([0.30687086, 0.15809272]), 'recall': array([0.25872996, 0.56041375]), 'ndcg': array([0.46363747, 0.66165114]), 'auc': array([0.])}
2024-05-19 17:39:28,137 - root - INFO - EPOCH[38/100] all_loss: 0.299 | time cost---Sampling: 0.31s--| 
2024-05-19 17:39:38,652 - root - INFO - [testing at epoch-38]
2024-05-19 17:39:38,652 - root - INFO - {'precision': array([0.30601821, 0.15780795]), 'recall': array([0.25730598, 0.55884798]), 'ndcg': array([0.46275078, 0.66097036]), 'auc': array([0.])}
2024-05-19 17:39:38,653 - root - INFO - EPOCH[39/100] all_loss: 0.296 | time cost---Sampling: 0.30s--| 
2024-05-19 17:39:48,020 - root - INFO - [testing at epoch-39]
2024-05-19 17:39:48,020 - root - INFO - {'precision': array([0.3056457 , 0.15763411]), 'recall': array([0.25681208, 0.55737699]), 'ndcg': array([0.46217089, 0.66008775]), 'auc': array([0.])}
2024-05-19 17:39:48,020 - root - INFO - EPOCH[40/100] all_loss: 0.291 | time cost---Sampling: 0.30s--| 
2024-05-19 17:39:56,859 - root - INFO - [testing at epoch-40]
2024-05-19 17:39:56,859 - root - INFO - {'precision': array([0.30489238, 0.15736755]), 'recall': array([0.25576342, 0.55542937]), 'ndcg': array([0.46147934, 0.65944463]), 'auc': array([0.])}
2024-05-19 17:39:56,859 - root - INFO - EPOCH[41/100] all_loss: 0.288 | time cost---Sampling: 0.31s--| 
2024-05-19 17:40:05,634 - root - INFO - [testing at epoch-41]
2024-05-19 17:40:05,634 - root - INFO - {'precision': array([0.30376656, 0.1572947 ]), 'recall': array([0.25476688, 0.55433341]), 'ndcg': array([0.46018173, 0.65842461]), 'auc': array([0.])}
2024-05-19 17:40:05,635 - root - INFO - EPOCH[42/100] all_loss: 0.284 | time cost---Sampling: 0.30s--| 
2024-05-19 17:40:15,668 - root - INFO - [testing at epoch-42]
2024-05-19 17:40:15,668 - root - INFO - {'precision': array([0.30258278, 0.15693377]), 'recall': array([0.25311862, 0.55262153]), 'ndcg': array([0.45858092, 0.65723914]), 'auc': array([0.])}
2024-05-19 17:40:15,668 - root - INFO - EPOCH[43/100] all_loss: 0.281 | time cost---Sampling: 0.30s--| 
2024-05-19 17:40:26,842 - root - INFO - [testing at epoch-43]
2024-05-19 17:40:26,842 - root - INFO - {'precision': array([0.30278146, 0.15684603]), 'recall': array([0.25263008, 0.5510294 ]), 'ndcg': array([0.4582963 , 0.65636896]), 'auc': array([0.])}
2024-05-19 17:40:26,842 - root - INFO - EPOCH[44/100] all_loss: 0.277 | time cost---Sampling: 0.31s--| 
2024-05-19 17:40:37,940 - root - INFO - [testing at epoch-44]
2024-05-19 17:40:37,940 - root - INFO - {'precision': array([0.30218543, 0.15650828]), 'recall': array([0.25146774, 0.54936486]), 'ndcg': array([0.45718357, 0.65516808]), 'auc': array([0.])}
2024-05-19 17:40:37,940 - root - INFO - EPOCH[45/100] all_loss: 0.275 | time cost---Sampling: 0.31s--| 
2024-05-19 17:40:47,931 - root - INFO - [testing at epoch-45]
2024-05-19 17:40:47,931 - root - INFO - {'precision': array([0.30116722, 0.1562798 ]), 'recall': array([0.25017404, 0.54764423]), 'ndcg': array([0.45562375, 0.6539432 ]), 'auc': array([0.])}
2024-05-19 17:40:47,931 - root - INFO - EPOCH[46/100] all_loss: 0.271 | time cost---Sampling: 0.30s--| 
2024-05-19 17:40:56,958 - root - INFO - [testing at epoch-46]
2024-05-19 17:40:56,959 - root - INFO - {'precision': array([0.3001904 , 0.15610596]), 'recall': array([0.24867367, 0.54607146]), 'ndcg': array([0.45396143, 0.6524463 ]), 'auc': array([0.])}
2024-05-19 17:40:56,959 - root - INFO - EPOCH[47/100] all_loss: 0.268 | time cost---Sampling: 0.31s--| 
2024-05-19 17:41:05,960 - root - INFO - [testing at epoch-47]
2024-05-19 17:41:05,960 - root - INFO - {'precision': array([0.29909768, 0.15586755]), 'recall': array([0.24765543, 0.54448573]), 'ndcg': array([0.45220272, 0.65084607]), 'auc': array([0.])}
2024-05-19 17:41:05,961 - root - INFO - EPOCH[48/100] all_loss: 0.265 | time cost---Sampling: 0.30s--| 
2024-05-19 17:41:15,145 - root - INFO - [testing at epoch-48]
2024-05-19 17:41:15,145 - root - INFO - {'precision': array([0.29850993, 0.15546689]), 'recall': array([0.24640961, 0.54183084]), 'ndcg': array([0.4517325 , 0.65020547]), 'auc': array([0.])}
2024-05-19 17:41:15,145 - root - INFO - EPOCH[49/100] all_loss: 0.262 | time cost---Sampling: 0.30s--| 
2024-05-19 17:41:25,613 - root - INFO - [testing at epoch-49]
2024-05-19 17:41:25,613 - root - INFO - {'precision': array([0.29765728, 0.15522517]), 'recall': array([0.24542409, 0.53990779]), 'ndcg': array([0.45148706, 0.64982312]), 'auc': array([0.])}
2024-05-19 17:41:25,614 - root - INFO - EPOCH[50/100] all_loss: 0.259 | time cost---Sampling: 0.31s--| 
2024-05-19 17:41:37,010 - root - INFO - [testing at epoch-50]
2024-05-19 17:41:37,011 - root - INFO - {'precision': array([0.2971606 , 0.15495695]), 'recall': array([0.24426115, 0.53829881]), 'ndcg': array([0.45007435, 0.64832292]), 'auc': array([0.])}
2024-05-19 17:41:37,011 - root - INFO - EPOCH[51/100] all_loss: 0.256 | time cost---Sampling: 0.30s--| 
2024-05-19 17:41:47,881 - root - INFO - [testing at epoch-51]
2024-05-19 17:41:47,881 - root - INFO - {'precision': array([0.29532285, 0.15467219]), 'recall': array([0.24254887, 0.53638253]), 'ndcg': array([0.44869098, 0.64758989]), 'auc': array([0.])}
2024-05-19 17:41:47,882 - root - INFO - EPOCH[52/100] all_loss: 0.254 | time cost---Sampling: 0.30s--| 
2024-05-19 17:41:57,671 - root - INFO - [testing at epoch-52]
2024-05-19 17:41:57,671 - root - INFO - {'precision': array([0.29408113, 0.15427649]), 'recall': array([0.2410968 , 0.53442011]), 'ndcg': array([0.44715862, 0.64645265]), 'auc': array([0.])}
2024-05-19 17:41:57,671 - root - INFO - EPOCH[53/100] all_loss: 0.251 | time cost---Sampling: 0.31s--| 
2024-05-19 17:42:06,389 - root - INFO - [testing at epoch-53]
2024-05-19 17:42:06,389 - root - INFO - {'precision': array([0.29370033, 0.15406126]), 'recall': array([0.24071332, 0.53229469]), 'ndcg': array([0.44654102, 0.64523284]), 'auc': array([0.])}
2024-05-19 17:42:06,390 - root - INFO - EPOCH[54/100] all_loss: 0.248 | time cost---Sampling: 0.30s--| 
2024-05-19 17:42:15,235 - root - INFO - [testing at epoch-54]
2024-05-19 17:42:15,235 - root - INFO - {'precision': array([0.29255795, 0.15366391]), 'recall': array([0.23946292, 0.53075512]), 'ndcg': array([0.44519771, 0.6442746 ]), 'auc': array([0.])}
2024-05-19 17:42:15,235 - root - INFO - EPOCH[55/100] all_loss: 0.246 | time cost---Sampling: 0.30s--| 
2024-05-19 17:42:24,866 - root - INFO - [testing at epoch-55]
2024-05-19 17:42:24,866 - root - INFO - {'precision': array([0.29199503, 0.15335596]), 'recall': array([0.23865957, 0.52910584]), 'ndcg': array([0.44439526, 0.64323562]), 'auc': array([0.])}
2024-05-19 17:42:24,866 - root - INFO - EPOCH[56/100] all_loss: 0.243 | time cost---Sampling: 0.32s--| 
2024-05-19 17:42:35,801 - root - INFO - [testing at epoch-56]
2024-05-19 17:42:35,801 - root - INFO - {'precision': array([0.2910596 , 0.15300993]), 'recall': array([0.23748468, 0.52690494]), 'ndcg': array([0.44314798, 0.6420412 ]), 'auc': array([0.])}
2024-05-19 17:42:35,801 - root - INFO - EPOCH[57/100] all_loss: 0.241 | time cost---Sampling: 0.30s--| 
2024-05-19 17:42:47,146 - root - INFO - [testing at epoch-57]
2024-05-19 17:42:47,147 - root - INFO - {'precision': array([0.29005795, 0.15284768]), 'recall': array([0.23682576, 0.5250729 ]), 'ndcg': array([0.44207313, 0.64069061]), 'auc': array([0.])}
2024-05-19 17:42:47,147 - root - INFO - EPOCH[58/100] all_loss: 0.238 | time cost---Sampling: 0.31s--| 
2024-05-19 17:42:57,454 - root - INFO - [testing at epoch-58]
2024-05-19 17:42:57,454 - root - INFO - {'precision': array([0.28865066, 0.15237748]), 'recall': array([0.23497585, 0.52274531]), 'ndcg': array([0.44069149, 0.63964611]), 'auc': array([0.])}
2024-05-19 17:42:57,455 - root - INFO - EPOCH[59/100] all_loss: 0.237 | time cost---Sampling: 0.31s--| 
2024-05-19 17:43:06,649 - root - INFO - [testing at epoch-59]
2024-05-19 17:43:06,649 - root - INFO - {'precision': array([0.28777318, 0.15205629]), 'recall': array([0.23375302, 0.52041493]), 'ndcg': array([0.43947549, 0.63834662]), 'auc': array([0.])}
2024-05-19 17:43:06,650 - root - INFO - EPOCH[60/100] all_loss: 0.234 | time cost---Sampling: 0.30s--| 
2024-05-19 17:43:15,611 - root - INFO - [testing at epoch-60]
2024-05-19 17:43:15,611 - root - INFO - {'precision': array([0.28720199, 0.15176821]), 'recall': array([0.23276727, 0.51886894]), 'ndcg': array([0.4386787 , 0.63756161]), 'auc': array([0.])}
2024-05-19 17:43:15,611 - root - INFO - EPOCH[61/100] all_loss: 0.232 | time cost---Sampling: 0.30s--| 
2024-05-19 17:43:24,550 - root - INFO - [testing at epoch-61]
2024-05-19 17:43:24,550 - root - INFO - {'precision': array([0.28604305, 0.15142053]), 'recall': array([0.23126998, 0.51733898]), 'ndcg': array([0.43688538, 0.63618735]), 'auc': array([0.])}
2024-05-19 17:43:24,551 - root - INFO - EPOCH[62/100] all_loss: 0.230 | time cost---Sampling: 0.31s--| 
2024-05-19 17:43:34,855 - root - INFO - [testing at epoch-62]
2024-05-19 17:43:34,855 - root - INFO - {'precision': array([0.28502483, 0.15119702]), 'recall': array([0.23004677, 0.5153556 ]), 'ndcg': array([0.43576239, 0.63490287]), 'auc': array([0.])}
2024-05-19 17:43:34,856 - root - INFO - EPOCH[63/100] all_loss: 0.228 | time cost---Sampling: 0.30s--| 
2024-05-19 17:43:46,206 - root - INFO - [testing at epoch-63]
2024-05-19 17:43:46,206 - root - INFO - {'precision': array([0.2838245 , 0.15068046]), 'recall': array([0.22865696, 0.51321943]), 'ndcg': array([0.43448343, 0.63388148]), 'auc': array([0.])}
2024-05-19 17:43:46,206 - root - INFO - EPOCH[64/100] all_loss: 0.226 | time cost---Sampling: 0.31s--| 
2024-05-19 17:43:57,078 - root - INFO - [testing at epoch-64]
2024-05-19 17:43:57,079 - root - INFO - {'precision': array([0.28318709, 0.15043543]), 'recall': array([0.22780915, 0.51154732]), 'ndcg': array([0.43332298, 0.63254412]), 'auc': array([0.])}
2024-05-19 17:43:57,079 - root - INFO - EPOCH[65/100] all_loss: 0.224 | time cost---Sampling: 0.31s--| 
2024-05-19 17:44:06,769 - root - INFO - [testing at epoch-65]
2024-05-19 17:44:06,769 - root - INFO - {'precision': array([0.28155629, 0.14989073]), 'recall': array([0.22572159, 0.50927702]), 'ndcg': array([0.43091376, 0.63086439]), 'auc': array([0.])}
2024-05-19 17:44:06,770 - root - INFO - EPOCH[66/100] all_loss: 0.221 | time cost---Sampling: 0.30s--| 
2024-05-19 17:44:15,492 - root - INFO - [testing at epoch-66]
2024-05-19 17:44:15,492 - root - INFO - {'precision': array([0.28033113, 0.14965728]), 'recall': array([0.22466454, 0.50754234]), 'ndcg': array([0.42980982, 0.62989141]), 'auc': array([0.])}
2024-05-19 17:44:15,493 - root - INFO - EPOCH[67/100] all_loss: 0.220 | time cost---Sampling: 0.30s--| 
2024-05-19 17:44:24,186 - root - INFO - [testing at epoch-67]
2024-05-19 17:44:24,186 - root - INFO - {'precision': array([0.27957781, 0.14933775]), 'recall': array([0.22352618, 0.50554402]), 'ndcg': array([0.42835996, 0.62838469]), 'auc': array([0.])}
2024-05-19 17:44:24,187 - root - INFO - EPOCH[68/100] all_loss: 0.218 | time cost---Sampling: 0.31s--| 
2024-05-19 17:44:33,829 - root - INFO - [testing at epoch-68]
2024-05-19 17:44:33,829 - root - INFO - {'precision': array([0.27910596, 0.14908444]), 'recall': array([0.22282895, 0.50371675]), 'ndcg': array([0.42785956, 0.62750942]), 'auc': array([0.])}
2024-05-19 17:44:33,829 - root - INFO - EPOCH[69/100] all_loss: 0.216 | time cost---Sampling: 0.30s--| 
2024-05-19 17:44:44,751 - root - INFO - [testing at epoch-69]
2024-05-19 17:44:44,751 - root - INFO - {'precision': array([0.27788079, 0.14872517]), 'recall': array([0.22143569, 0.50189462]), 'ndcg': array([0.42640241, 0.62630549]), 'auc': array([0.])}
2024-05-19 17:44:44,752 - root - INFO - EPOCH[70/100] all_loss: 0.214 | time cost---Sampling: 0.30s--| 
2024-05-19 17:44:56,068 - root - INFO - [testing at epoch-70]
2024-05-19 17:44:56,069 - root - INFO - {'precision': array([0.27711921, 0.14835099]), 'recall': array([0.22039768, 0.49946835]), 'ndcg': array([0.42538984, 0.62510077]), 'auc': array([0.])}
2024-05-19 17:44:56,069 - root - INFO - EPOCH[71/100] all_loss: 0.212 | time cost---Sampling: 0.31s--| 
2024-05-19 17:45:06,206 - root - INFO - [testing at epoch-71]
2024-05-19 17:45:06,206 - root - INFO - {'precision': array([0.27646523, 0.14804801]), 'recall': array([0.2196614 , 0.49770887]), 'ndcg': array([0.42447641, 0.62395413]), 'auc': array([0.])}
2024-05-19 17:45:06,206 - root - INFO - EPOCH[72/100] all_loss: 0.211 | time cost---Sampling: 0.30s--| 
2024-05-19 17:45:15,102 - root - INFO - [testing at epoch-72]
2024-05-19 17:45:15,102 - root - INFO - {'precision': array([0.27548013, 0.1476043 ]), 'recall': array([0.21852273, 0.4957069 ]), 'ndcg': array([0.42270256, 0.62231069]), 'auc': array([0.])}
2024-05-19 17:45:15,102 - root - INFO - EPOCH[73/100] all_loss: 0.209 | time cost---Sampling: 0.30s--| 
2024-05-19 17:45:23,899 - root - INFO - [testing at epoch-73]
2024-05-19 17:45:23,899 - root - INFO - {'precision': array([0.2748096 , 0.14710265]), 'recall': array([0.21769965, 0.49342852]), 'ndcg': array([0.42170924, 0.62086764]), 'auc': array([0.])}
2024-05-19 17:45:23,900 - root - INFO - EPOCH[74/100] all_loss: 0.207 | time cost---Sampling: 0.31s--| 
2024-05-19 17:45:33,060 - root - INFO - [testing at epoch-74]
2024-05-19 17:45:33,060 - root - INFO - {'precision': array([0.27361755, 0.14687086]), 'recall': array([0.21619228, 0.49157585]), 'ndcg': array([0.42006482, 0.61961664]), 'auc': array([0.])}
2024-05-19 17:45:33,060 - root - INFO - EPOCH[75/100] all_loss: 0.206 | time cost---Sampling: 0.30s--| 
2024-05-19 17:45:43,561 - root - INFO - [testing at epoch-75]
2024-05-19 17:45:43,561 - root - INFO - {'precision': array([0.27267384, 0.14651987]), 'recall': array([0.21541415, 0.48929785]), 'ndcg': array([0.41933287, 0.61850762]), 'auc': array([0.])}
2024-05-19 17:45:43,562 - root - INFO - EPOCH[76/100] all_loss: 0.204 | time cost---Sampling: 0.30s--| 
2024-05-19 17:45:54,960 - root - INFO - [testing at epoch-76]
2024-05-19 17:45:54,960 - root - INFO - {'precision': array([0.2715149 , 0.14642384]), 'recall': array([0.21437061, 0.48786281]), 'ndcg': array([0.41797142, 0.61730083]), 'auc': array([0.])}
2024-05-19 17:45:54,960 - root - INFO - EPOCH[77/100] all_loss: 0.203 | time cost---Sampling: 0.31s--| 
2024-05-19 17:46:05,676 - root - INFO - [testing at epoch-77]
2024-05-19 17:46:05,676 - root - INFO - {'precision': array([0.27097682, 0.1459851 ]), 'recall': array([0.21346164, 0.48528851]), 'ndcg': array([0.41719177, 0.61599039]), 'auc': array([0.])}
2024-05-19 17:46:05,677 - root - INFO - EPOCH[78/100] all_loss: 0.201 | time cost---Sampling: 0.30s--| 
2024-05-19 17:46:15,205 - root - INFO - [testing at epoch-78]
2024-05-19 17:46:15,205 - root - INFO - {'precision': array([0.27003311, 0.14562086]), 'recall': array([0.21207941, 0.48352577]), 'ndcg': array([0.41559486, 0.6145666 ]), 'auc': array([0.])}
2024-05-19 17:46:15,205 - root - INFO - EPOCH[79/100] all_loss: 0.200 | time cost---Sampling: 0.30s--| 
2024-05-19 17:46:23,979 - root - INFO - [testing at epoch-79]
2024-05-19 17:46:23,979 - root - INFO - {'precision': array([0.26934603, 0.14524172]), 'recall': array([0.21104798, 0.48157619]), 'ndcg': array([0.41399172, 0.61287599]), 'auc': array([0.])}
2024-05-19 17:46:23,980 - root - INFO - EPOCH[80/100] all_loss: 0.199 | time cost---Sampling: 0.31s--| 
2024-05-19 17:46:32,971 - root - INFO - [testing at epoch-80]
2024-05-19 17:46:32,971 - root - INFO - {'precision': array([0.26789735, 0.14467219]), 'recall': array([0.20929282, 0.47922675]), 'ndcg': array([0.4126277 , 0.61174329]), 'auc': array([0.])}
2024-05-19 17:46:32,971 - root - INFO - EPOCH[81/100] all_loss: 0.197 | time cost---Sampling: 0.30s--| 
2024-05-19 17:46:42,747 - root - INFO - [testing at epoch-81]
2024-05-19 17:46:42,747 - root - INFO - {'precision': array([0.26675497, 0.14430629]), 'recall': array([0.20824974, 0.47703389]), 'ndcg': array([0.4106843 , 0.60980941]), 'auc': array([0.])}
2024-05-19 17:46:42,748 - root - INFO - EPOCH[82/100] all_loss: 0.196 | time cost---Sampling: 0.30s--| 
2024-05-19 17:46:48,868 - root - INFO - [testing at epoch-82]
2024-05-19 17:46:48,868 - root - INFO - {'precision': array([0.26644868, 0.14410265]), 'recall': array([0.20762146, 0.47581178]), 'ndcg': array([0.41027778, 0.60910001]), 'auc': array([0.])}
2024-05-19 17:46:48,868 - root - INFO - EPOCH[83/100] all_loss: 0.194 | time cost---Sampling: 0.31s--| 
2024-05-19 17:46:54,961 - root - INFO - [testing at epoch-83]
2024-05-19 17:46:54,962 - root - INFO - {'precision': array([0.26600166, 0.14384106]), 'recall': array([0.20697486, 0.47408222]), 'ndcg': array([0.40968982, 0.60822929]), 'auc': array([0.])}
2024-05-19 17:46:54,962 - root - INFO - EPOCH[84/100] all_loss: 0.192 | time cost---Sampling: 0.30s--| 
2024-05-19 17:47:01,062 - root - INFO - [testing at epoch-84]
2024-05-19 17:47:01,063 - root - INFO - {'precision': array([0.26455298, 0.14327483]), 'recall': array([0.20544408, 0.47184881]), 'ndcg': array([0.40805842, 0.60688395]), 'auc': array([0.])}
2024-05-19 17:47:01,063 - root - INFO - EPOCH[85/100] all_loss: 0.192 | time cost---Sampling: 0.30s--| 
2024-05-19 17:47:07,171 - root - INFO - [testing at epoch-85]
2024-05-19 17:47:07,171 - root - INFO - {'precision': array([0.26359272, 0.14291556]), 'recall': array([0.20435988, 0.46964795]), 'ndcg': array([0.40628514, 0.60503962]), 'auc': array([0.])}
2024-05-19 17:47:07,172 - root - INFO - EPOCH[86/100] all_loss: 0.190 | time cost---Sampling: 0.31s--| 
2024-05-19 17:47:13,300 - root - INFO - [testing at epoch-86]
2024-05-19 17:47:13,301 - root - INFO - {'precision': array([0.26287252, 0.14266225]), 'recall': array([0.20363823, 0.46804629]), 'ndcg': array([0.40544764, 0.60403937]), 'auc': array([0.])}
2024-05-19 17:47:13,301 - root - INFO - EPOCH[87/100] all_loss: 0.189 | time cost---Sampling: 0.33s--| 
2024-05-19 17:47:19,390 - root - INFO - [testing at epoch-87]
2024-05-19 17:47:19,390 - root - INFO - {'precision': array([0.26126656, 0.14225828]), 'recall': array([0.20208642, 0.46563046]), 'ndcg': array([0.40350252, 0.60232381]), 'auc': array([0.])}
2024-05-19 17:47:19,390 - root - INFO - EPOCH[88/100] all_loss: 0.188 | time cost---Sampling: 0.30s--| 
2024-05-19 17:47:25,492 - root - INFO - [testing at epoch-88]
2024-05-19 17:47:25,492 - root - INFO - {'precision': array([0.26063742, 0.14199007]), 'recall': array([0.20108638, 0.46386613]), 'ndcg': array([0.40252019, 0.60134874]), 'auc': array([0.])}
2024-05-19 17:47:25,493 - root - INFO - EPOCH[89/100] all_loss: 0.187 | time cost---Sampling: 0.31s--| 
2024-05-19 17:47:31,583 - root - INFO - [testing at epoch-89]
2024-05-19 17:47:31,583 - root - INFO - {'precision': array([0.25978477, 0.14162252]), 'recall': array([0.19988496, 0.46204407]), 'ndcg': array([0.4018159 , 0.60074698]), 'auc': array([0.])}
2024-05-19 17:47:31,584 - root - INFO - EPOCH[90/100] all_loss: 0.185 | time cost---Sampling: 0.30s--| 
2024-05-19 17:47:37,615 - root - INFO - [testing at epoch-90]
2024-05-19 17:47:37,615 - root - INFO - {'precision': array([0.25852649, 0.14109437]), 'recall': array([0.19818782, 0.45958221]), 'ndcg': array([0.39984587, 0.59878979]), 'auc': array([0.])}
2024-05-19 17:47:37,616 - root - INFO - EPOCH[91/100] all_loss: 0.184 | time cost---Sampling: 0.30s--| 
2024-05-19 17:47:43,725 - root - INFO - [testing at epoch-91]
2024-05-19 17:47:43,725 - root - INFO - {'precision': array([0.2581457 , 0.14089073]), 'recall': array([0.1979597 , 0.45789994]), 'ndcg': array([0.39924068, 0.59748865]), 'auc': array([0.])}
2024-05-19 17:47:43,726 - root - INFO - EPOCH[92/100] all_loss: 0.183 | time cost---Sampling: 0.31s--| 
2024-05-19 17:47:49,823 - root - INFO - [testing at epoch-92]
2024-05-19 17:47:49,823 - root - INFO - {'precision': array([0.25713576, 0.14041225]), 'recall': array([0.19684311, 0.45590715]), 'ndcg': array([0.39798764, 0.59637966]), 'auc': array([0.])}
2024-05-19 17:47:49,823 - root - INFO - EPOCH[93/100] all_loss: 0.181 | time cost---Sampling: 0.30s--| 
2024-05-19 17:47:55,920 - root - INFO - [testing at epoch-93]
2024-05-19 17:47:55,920 - root - INFO - {'precision': array([0.25653146, 0.13999669]), 'recall': array([0.19546241, 0.45340276]), 'ndcg': array([0.39678798, 0.59499187]), 'auc': array([0.])}
2024-05-19 17:47:55,920 - root - INFO - EPOCH[94/100] all_loss: 0.181 | time cost---Sampling: 0.30s--| 
2024-05-19 17:48:02,029 - root - INFO - [testing at epoch-94]
2024-05-19 17:48:02,029 - root - INFO - {'precision': array([0.25549669, 0.13961093]), 'recall': array([0.19490294, 0.45177313]), 'ndcg': array([0.39576274, 0.59399014]), 'auc': array([0.])}
2024-05-19 17:48:02,030 - root - INFO - EPOCH[95/100] all_loss: 0.179 | time cost---Sampling: 0.31s--| 
2024-05-19 17:48:08,136 - root - INFO - [testing at epoch-95]
2024-05-19 17:48:08,136 - root - INFO - {'precision': array([0.25465232, 0.13928311]), 'recall': array([0.19384034, 0.44990298]), 'ndcg': array([0.39494902, 0.59321313]), 'auc': array([0.])}
2024-05-19 17:48:08,137 - root - INFO - EPOCH[96/100] all_loss: 0.179 | time cost---Sampling: 0.30s--| 
2024-05-19 17:48:14,233 - root - INFO - [testing at epoch-96]
2024-05-19 17:48:14,233 - root - INFO - {'precision': array([0.25423013, 0.13912417]), 'recall': array([0.19312097, 0.44888874]), 'ndcg': array([0.39376025, 0.59181864]), 'auc': array([0.])}
2024-05-19 17:48:14,234 - root - INFO - EPOCH[97/100] all_loss: 0.177 | time cost---Sampling: 0.31s--| 
2024-05-19 17:48:23,848 - root - INFO - [testing at epoch-97]
2024-05-19 17:48:23,848 - root - INFO - {'precision': array([0.25317881, 0.13865728]), 'recall': array([0.19208782, 0.44651963]), 'ndcg': array([0.39279567, 0.59082708]), 'auc': array([0.])}
2024-05-19 17:48:23,849 - root - INFO - EPOCH[98/100] all_loss: 0.176 | time cost---Sampling: 0.31s--| 
2024-05-19 17:48:33,495 - root - INFO - [testing at epoch-98]
2024-05-19 17:48:33,495 - root - INFO - {'precision': array([0.2515894 , 0.13838576]), 'recall': array([0.19027234, 0.44508625]), 'ndcg': array([0.39078306, 0.58967888]), 'auc': array([0.])}
2024-05-19 17:48:33,495 - root - INFO - EPOCH[99/100] all_loss: 0.175 | time cost---Sampling: 0.30s--| 
2024-05-19 17:48:43,139 - root - INFO - [testing at epoch-99]
2024-05-19 17:48:43,139 - root - INFO - {'precision': array([0.25069536, 0.13798013]), 'recall': array([0.18946654, 0.4429545 ]), 'ndcg': array([0.38965695, 0.58848251]), 'auc': array([0.])}
2024-05-19 17:48:43,140 - root - INFO - EPOCH[100/100] all_loss: 0.174 | time cost---Sampling: 0.30s--| 
