2024-06-25 13:42:09,893 - root - INFO - Namespace(N=25, R=100, alpha=0.5, bpr_neg_num=1, compute_rank=1, dataset='book', dim=256, epoch=400, eps=1e-20, layers=2, lmd2=0.1, lr=0.0005, model='bgr', neg_ratio=32, norm_a=1.0, save_embed=1, seed=2021, tensorboard=True, test_batch=100, test_file='test.txt', topks=[20, 100], train_batch=2048, train_file='train.txt', weight=1e-06)
2024-06-25 13:44:36,384 - root - INFO - [testing at epoch-0]
2024-06-25 13:44:36,385 - root - INFO - {'precision': array([0.01939099, 0.01180423]), 'recall': array([0.04739574, 0.1328023 ]), 'ndcg': array([0.08199377, 0.16227074]), 'auc': array([0.])}
2024-06-25 13:44:36,386 - root - INFO - EPOCH[1/400] all_loss: 0.300 | bpr_loss:0.24410301665859996 | rd_loss:0.05398446217488398 | time cost---Sampling: 2.31s--| 
rd_loss-0: 0.04716290141694898 | rd_loss-1: 0.04131297829948115 | rd_loss-2: 0.07347750260318366 |  
2024-06-25 13:47:02,828 - root - INFO - [testing at epoch-1]
2024-06-25 13:47:02,828 - root - INFO - {'precision': array([0.0193777 , 0.01185571]), 'recall': array([0.04739201, 0.13396853]), 'ndcg': array([0.08191287, 0.16267338]), 'auc': array([0.])}
2024-06-25 13:47:02,829 - root - INFO - EPOCH[2/400] all_loss: 0.269 | bpr_loss:0.22843316162621655 | rd_loss:0.03857029315692758 | time cost---Sampling: 2.38s--| 
rd_loss-0: 0.039250171827852676 | rd_loss-1: 0.028552297863371948 | rd_loss-2: 0.04790840621203725 |  
2024-06-25 13:49:29,355 - root - INFO - [testing at epoch-2]
2024-06-25 13:49:29,356 - root - INFO - {'precision': array([0.01940714, 0.01194062]), 'recall': array([0.04746653, 0.13515225]), 'ndcg': array([0.08186069, 0.16353317]), 'auc': array([0.])}
2024-06-25 13:49:29,356 - root - INFO - EPOCH[3/400] all_loss: 0.253 | bpr_loss:0.21942308725420523 | rd_loss:0.03166722933389086 | time cost---Sampling: 2.45s--| 
rd_loss-0: 0.03430524600111109 | rd_loss-1: 0.022817500262435078 | rd_loss-2: 0.037878938981991135 |  
2024-06-25 13:51:56,927 - root - INFO - [testing at epoch-3]
2024-06-25 13:51:56,928 - root - INFO - {'precision': array([0.01949357, 0.01198203]), 'recall': array([0.0476041 , 0.13568081]), 'ndcg': array([0.08210675, 0.16397923]), 'auc': array([0.])}
2024-06-25 13:51:56,929 - root - INFO - EPOCH[4/400] all_loss: 0.241 | bpr_loss:0.21195642098900358 | rd_loss:0.027500843576114552 | time cost---Sampling: 2.57s--| 
rd_loss-0: 0.03072448341737766 | rd_loss-1: 0.01940216173642446 | rd_loss-2: 0.032375883979138466 |  
2024-06-25 13:54:24,223 - root - INFO - [testing at epoch-4]
2024-06-25 13:54:24,223 - root - INFO - {'precision': array([0.01952681, 0.01205231]), 'recall': array([0.04782205, 0.1366693 ]), 'ndcg': array([0.08203598, 0.16443292]), 'auc': array([0.])}
2024-06-25 13:54:24,224 - root - INFO - EPOCH[5/400] all_loss: 0.233 | bpr_loss:0.2062664164895113 | rd_loss:0.024660443740614345 | time cost---Sampling: 2.65s--| 
rd_loss-0: 0.027994155777536184 | rd_loss-1: 0.017093689867529564 | rd_loss-2: 0.02889348362719796 |  
2024-06-25 13:56:51,352 - root - INFO - [testing at epoch-5]
2024-06-25 13:56:51,353 - root - INFO - {'precision': array([0.0195743 , 0.01209506]), 'recall': array([0.04798357, 0.13717797]), 'ndcg': array([0.08234074, 0.16500694]), 'auc': array([0.])}
2024-06-25 13:56:51,354 - root - INFO - EPOCH[6/400] all_loss: 0.225 | bpr_loss:0.2002697734736943 | rd_loss:0.0225428169771913 | time cost---Sampling: 2.54s--| 
rd_loss-0: 0.025792591109575644 | rd_loss-1: 0.015403054225561994 | rd_loss-2: 0.02643280377001369 |  
2024-06-25 13:59:19,004 - root - INFO - [testing at epoch-6]
2024-06-25 13:59:19,005 - root - INFO - {'precision': array([0.01962749, 0.01211234]), 'recall': array([0.04793704, 0.13746089]), 'ndcg': array([0.08235893, 0.16517699]), 'auc': array([0.])}
2024-06-25 13:59:19,005 - root - INFO - EPOCH[7/400] all_loss: 0.219 | bpr_loss:0.19592128552386961 | rd_loss:0.02088424390988455 | time cost---Sampling: 2.73s--| 
rd_loss-0: 0.023959843992427083 | rd_loss-1: 0.014095697640509778 | rd_loss-2: 0.024597188259829914 |  
2024-06-25 14:01:46,184 - root - INFO - [testing at epoch-7]
2024-06-25 14:01:46,185 - root - INFO - {'precision': array([0.01971867, 0.01212393]), 'recall': array([0.04821679, 0.13752694]), 'ndcg': array([0.08285042, 0.16569113]), 'auc': array([0.])}
2024-06-25 14:01:46,185 - root - INFO - EPOCH[8/400] all_loss: 0.213 | bpr_loss:0.1911865931033264 | rd_loss:0.01954092549171392 | time cost---Sampling: 2.60s--| 
rd_loss-0: 0.022416417817798483 | rd_loss-1: 0.0130492526500155 | rd_loss-2: 0.023157104233226696 |  
2024-06-25 14:04:12,426 - root - INFO - [testing at epoch-8]
2024-06-25 14:04:12,426 - root - INFO - {'precision': array([0.01972532, 0.01214805]), 'recall': array([0.0481935 , 0.13788657]), 'ndcg': array([0.08259468, 0.16565754]), 'auc': array([0.])}
2024-06-25 14:04:12,427 - root - INFO - EPOCH[9/400] all_loss: 0.207 | bpr_loss:0.18683039490375009 | rd_loss:0.018393624961929995 | time cost---Sampling: 2.80s--| 
rd_loss-0: 0.02107298497976727 | rd_loss-1: 0.012166740278598298 | rd_loss-2: 0.021941147675430248 |  
2024-06-25 14:06:38,164 - root - INFO - [testing at epoch-9]
2024-06-25 14:06:38,164 - root - INFO - {'precision': array([0.0198279 , 0.01216268]), 'recall': array([0.04838556, 0.13803428]), 'ndcg': array([0.0830024 , 0.16582986]), 'auc': array([0.])}
2024-06-25 14:06:38,165 - root - INFO - EPOCH[10/400] all_loss: 0.203 | bpr_loss:0.18304664589458225 | rd_loss:0.017427896058497597 | time cost---Sampling: 2.44s--| 
rd_loss-0: 0.019910495964908455 | rd_loss-1: 0.01143853933378964 | rd_loss-2: 0.02093465096907257 |  
2024-06-25 14:09:04,929 - root - INFO - [testing at epoch-10]
2024-06-25 14:09:04,929 - root - INFO - {'precision': array([0.0198032 , 0.01218927]), 'recall': array([0.04833261, 0.13835575]), 'ndcg': array([0.08313834, 0.16619663]), 'auc': array([0.])}
2024-06-25 14:09:04,930 - root - INFO - EPOCH[11/400] all_loss: 0.198 | bpr_loss:0.17942922212692203 | rd_loss:0.01660810697537202 | time cost---Sampling: 2.37s--| 
rd_loss-0: 0.018893281575823612 | rd_loss-1: 0.010824281933203068 | rd_loss-2: 0.020106755597911318 |  
2024-06-25 14:11:31,951 - root - INFO - [testing at epoch-11]
2024-06-25 14:11:31,951 - root - INFO - {'precision': array([0.01980225, 0.01217617]), 'recall': array([0.04851551, 0.13807414]), 'ndcg': array([0.08307289, 0.16591329]), 'auc': array([0.])}
2024-06-25 14:11:31,952 - root - INFO - EPOCH[12/400] all_loss: 0.194 | bpr_loss:0.176159580424106 | rd_loss:0.015867446724715014 | time cost---Sampling: 2.71s--| 
rd_loss-0: 0.01796221533788621 | rd_loss-1: 0.010271537297163014 | rd_loss-2: 0.019368585878492123 |  
2024-06-25 14:13:58,836 - root - INFO - [testing at epoch-12]
2024-06-25 14:13:58,836 - root - INFO - {'precision': array([0.0198222 , 0.01218757]), 'recall': array([0.04853665, 0.13814969]), 'ndcg': array([0.08292635, 0.16594089]), 'auc': array([0.])}
2024-06-25 14:13:58,837 - root - INFO - EPOCH[13/400] all_loss: 0.190 | bpr_loss:0.1724477695718137 | rd_loss:0.015212937679975684 | time cost---Sampling: 2.61s--| 
rd_loss-0: 0.017132901817611713 | rd_loss-1: 0.009774999760651546 | rd_loss-2: 0.018730910404769634 |  
2024-06-25 14:16:25,187 - root - INFO - [testing at epoch-13]
2024-06-25 14:16:25,187 - root - INFO - {'precision': array([0.01976806, 0.01221359]), 'recall': array([0.04839278, 0.13863515]), 'ndcg': array([0.08317412, 0.16660828]), 'auc': array([0.])}
2024-06-25 14:16:25,188 - root - INFO - EPOCH[14/400] all_loss: 0.187 | bpr_loss:0.16977942186949474 | rd_loss:0.014614508885732475 | time cost---Sampling: 2.56s--| 
rd_loss-0: 0.01637258071310709 | rd_loss-1: 0.00933220320724936 | rd_loss-2: 0.018138741787809592 |  
2024-06-25 14:18:52,288 - root - INFO - [testing at epoch-14]
2024-06-25 14:18:52,288 - root - INFO - {'precision': array([0.01975666, 0.01219117]), 'recall': array([0.04826144, 0.13830761]), 'ndcg': array([0.08293486, 0.16625481]), 'auc': array([0.])}
2024-06-25 14:18:52,289 - root - INFO - EPOCH[15/400] all_loss: 0.183 | bpr_loss:0.16612368525877633 | rd_loss:0.01407195755836772 | time cost---Sampling: 2.46s--| 
rd_loss-0: 0.015680514263148544 | rd_loss-1: 0.00892819331793071 | rd_loss-2: 0.01760716409830565 |  
2024-06-25 14:21:19,266 - root - INFO - [testing at epoch-15]
2024-06-25 14:21:19,266 - root - INFO - {'precision': array([0.01976806, 0.01221739]), 'recall': array([0.04831621, 0.13891243]), 'ndcg': array([0.08293887, 0.16658377]), 'auc': array([0.])}
2024-06-25 14:21:19,267 - root - INFO - EPOCH[16/400] all_loss: 0.180 | bpr_loss:0.1636709182836315 | rd_loss:0.013585386810664896 | time cost---Sampling: 2.46s--| 
rd_loss-0: 0.015055026838921378 | rd_loss-1: 0.008571029596462163 | rd_loss-2: 0.017130103012162133 |  
2024-06-25 14:23:47,016 - root - INFO - [testing at epoch-16]
2024-06-25 14:23:47,017 - root - INFO - {'precision': array([0.01984594, 0.01220447]), 'recall': array([0.04863452, 0.13855838]), 'ndcg': array([0.08332012, 0.16659176]), 'auc': array([0.])}
2024-06-25 14:23:47,017 - root - INFO - EPOCH[17/400] all_loss: 0.177 | bpr_loss:0.16118402560157002 | rd_loss:0.013139025664782875 | time cost---Sampling: 2.80s--| 
rd_loss-0: 0.014480137788628646 | rd_loss-1: 0.008248553970344075 | rd_loss-2: 0.01668838431773741 |  
2024-06-25 14:26:14,467 - root - INFO - [testing at epoch-17]
2024-06-25 14:26:14,467 - root - INFO - {'precision': array([0.01990483, 0.01221739]), 'recall': array([0.04870583, 0.13871361]), 'ndcg': array([0.08366706, 0.16691925]), 'auc': array([0.])}
2024-06-25 14:26:14,468 - root - INFO - EPOCH[18/400] all_loss: 0.174 | bpr_loss:0.15853732180368726 | rd_loss:0.01274868222911397 | time cost---Sampling: 2.65s--| 
rd_loss-0: 0.013963750694768122 | rd_loss-1: 0.007968070729681538 | rd_loss-2: 0.016314224302994094 |  
2024-06-25 14:28:41,658 - root - INFO - [testing at epoch-18]
2024-06-25 14:28:41,659 - root - INFO - {'precision': array([0.01984879, 0.01220504]), 'recall': array([0.04863708, 0.13845123]), 'ndcg': array([0.08341298, 0.16655087]), 'auc': array([0.])}
2024-06-25 14:28:41,660 - root - INFO - EPOCH[19/400] all_loss: 0.171 | bpr_loss:0.15607453980575683 | rd_loss:0.012363810274933522 | time cost---Sampling: 2.70s--| 
rd_loss-0: 0.013455730547376666 | rd_loss-1: 0.007696393517859428 | rd_loss-2: 0.01593930581254545 |  
2024-06-25 14:31:08,653 - root - INFO - [testing at epoch-19]
2024-06-25 14:31:08,654 - root - INFO - {'precision': array([0.01994662, 0.01222043]), 'recall': array([0.04890028, 0.13873746]), 'ndcg': array([0.08372712, 0.16687822]), 'auc': array([0.])}
2024-06-25 14:31:08,654 - root - INFO - EPOCH[20/400] all_loss: 0.168 | bpr_loss:0.1533961960902581 | rd_loss:0.01201169935756185 | time cost---Sampling: 2.59s--| 
rd_loss-0: 0.013004446869865769 | rd_loss-1: 0.007442159569349748 | rd_loss-2: 0.01558849072066122 |  
2024-06-25 14:33:35,930 - root - INFO - [testing at epoch-20]
2024-06-25 14:33:35,930 - root - INFO - {'precision': array([0.01985164, 0.01221435]), 'recall': array([0.04869672, 0.13853617]), 'ndcg': array([0.08340291, 0.16669507]), 'auc': array([0.])}
2024-06-25 14:33:35,931 - root - INFO - EPOCH[21/400] all_loss: 0.166 | bpr_loss:0.1515783620555543 | rd_loss:0.01169023475816591 | time cost---Sampling: 2.60s--| 
rd_loss-0: 0.01258217404993346 | rd_loss-1: 0.007213698238031351 | rd_loss-2: 0.01527483105521034 |  
2024-06-25 14:36:03,230 - root - INFO - [testing at epoch-21]
2024-06-25 14:36:03,230 - root - INFO - {'precision': array([0.01976046, 0.01217807]), 'recall': array([0.04842172, 0.13823503]), 'ndcg': array([0.08323167, 0.16644097]), 'auc': array([0.])}
2024-06-25 14:36:03,231 - root - INFO - EPOCH[22/400] all_loss: 0.164 | bpr_loss:0.14964724187203904 | rd_loss:0.01138982597686988 | time cost---Sampling: 2.72s--| 
rd_loss-0: 0.01218252949168714 | rd_loss-1: 0.007004179380022717 | rd_loss-2: 0.014982768159775046 |  
2024-06-25 14:38:29,897 - root - INFO - [testing at epoch-22]
2024-06-25 14:38:29,898 - root - INFO - {'precision': array([0.01987159, 0.01221169]), 'recall': array([0.04868289, 0.13871724]), 'ndcg': array([0.08327449, 0.16638931]), 'auc': array([0.])}
2024-06-25 14:38:29,898 - root - INFO - EPOCH[23/400] all_loss: 0.161 | bpr_loss:0.14744991820720937 | rd_loss:0.011107347704399322 | time cost---Sampling: 2.62s--| 
rd_loss-0: 0.011805855248899376 | rd_loss-1: 0.006806105005819682 | rd_loss-2: 0.014710081948889878 |  
2024-06-25 14:40:56,964 - root - INFO - [testing at epoch-23]
2024-06-25 14:40:56,965 - root - INFO - {'precision': array([0.01983455, 0.01217446]), 'recall': array([0.0486599 , 0.13818677]), 'ndcg': array([0.08352666, 0.16635641]), 'auc': array([0.])}
2024-06-25 14:40:56,966 - root - INFO - EPOCH[24/400] all_loss: 0.159 | bpr_loss:0.1453615230996751 | rd_loss:0.010851735035851018 | time cost---Sampling: 2.53s--| 
rd_loss-0: 0.011461316487955552 | rd_loss-1: 0.006631695054867526 | rd_loss-2: 0.014462192573438922 |  
2024-06-25 14:43:24,037 - root - INFO - [testing at epoch-24]
2024-06-25 14:43:24,037 - root - INFO - {'precision': array([0.01978516, 0.01218073]), 'recall': array([0.0485574 , 0.13818892]), 'ndcg': array([0.0831546 , 0.16627995]), 'auc': array([0.])}
2024-06-25 14:43:24,038 - root - INFO - EPOCH[25/400] all_loss: 0.157 | bpr_loss:0.14335996600297782 | rd_loss:0.010599572512553803 | time cost---Sampling: 2.64s--| 
rd_loss-0: 0.011128585035417651 | rd_loss-1: 0.006458357329880408 | rd_loss-2: 0.014211774282093026 |  
2024-06-25 14:45:51,220 - root - INFO - [testing at epoch-25]
2024-06-25 14:45:51,220 - root - INFO - {'precision': array([0.01988299, 0.01218567]), 'recall': array([0.04876694, 0.13824755]), 'ndcg': array([0.08345094, 0.16632755]), 'auc': array([0.])}
2024-06-25 14:45:51,221 - root - INFO - EPOCH[26/400] all_loss: 0.155 | bpr_loss:0.1414680996959644 | rd_loss:0.010351409888508356 | time cost---Sampling: 2.62s--| 
rd_loss-0: 0.01080668791516804 | rd_loss-1: 0.006288093097375942 | rd_loss-2: 0.013959447685033469 |  
2024-06-25 14:48:18,044 - root - INFO - [testing at epoch-26]
2024-06-25 14:48:18,044 - root - INFO - {'precision': array([0.01982695, 0.01217408]), 'recall': array([0.04861139, 0.13828421]), 'ndcg': array([0.08324432, 0.16648499]), 'auc': array([0.])}
2024-06-25 14:48:18,045 - root - INFO - EPOCH[27/400] all_loss: 0.153 | bpr_loss:0.14008814845372605 | rd_loss:0.010139883971590366 | time cost---Sampling: 2.64s--| 
rd_loss-0: 0.010527011341928096 | rd_loss-1: 0.006144547801184675 | rd_loss-2: 0.013748091858044563 |  
2024-06-25 14:50:45,348 - root - INFO - [testing at epoch-27]
2024-06-25 14:50:45,349 - root - INFO - {'precision': array([0.0198146 , 0.01219877]), 'recall': array([0.04858074, 0.13865098]), 'ndcg': array([0.08323838, 0.1665781 ]), 'auc': array([0.])}
2024-06-25 14:50:45,350 - root - INFO - EPOCH[28/400] all_loss: 0.151 | bpr_loss:0.13826299836744804 | rd_loss:0.009926475930633788 | time cost---Sampling: 2.65s--| 
rd_loss-0: 0.010250107582429925 | rd_loss-1: 0.005994201432140794 | rd_loss-2: 0.013535117876998494 |  
2024-06-25 14:53:12,917 - root - INFO - [testing at epoch-28]
2024-06-25 14:53:12,917 - root - INFO - {'precision': array([0.01975951, 0.01216116]), 'recall': array([0.04840698, 0.13817733]), 'ndcg': array([0.08330156, 0.16634101]), 'auc': array([0.])}
2024-06-25 14:53:12,918 - root - INFO - EPOCH[29/400] all_loss: 0.149 | bpr_loss:0.13653234203725204 | rd_loss:0.009724428510984009 | time cost---Sampling: 2.59s--| 
rd_loss-0: 0.009978671112261204 | rd_loss-1: 0.005861615504934263 | rd_loss-2: 0.013332997992885917 |  
2024-06-25 14:55:41,095 - root - INFO - [testing at epoch-29]
2024-06-25 14:55:41,095 - root - INFO - {'precision': array([0.01975191, 0.01213476]), 'recall': array([0.0484285 , 0.13789444]), 'ndcg': array([0.08301092, 0.16593224]), 'auc': array([0.])}
2024-06-25 14:55:41,096 - root - INFO - EPOCH[30/400] all_loss: 0.147 | bpr_loss:0.13469242540895682 | rd_loss:0.009544701751743346 | time cost---Sampling: 2.70s--| 
rd_loss-0: 0.009737569788050682 | rd_loss-1: 0.005742256514737728 | rd_loss-2: 0.013154278023131417 |  
2024-06-25 14:58:08,682 - root - INFO - [testing at epoch-30]
2024-06-25 14:58:08,682 - root - INFO - {'precision': array([0.0198165 , 0.01213932]), 'recall': array([0.04855034, 0.13779399]), 'ndcg': array([0.08337192, 0.16625388]), 'auc': array([0.])}
2024-06-25 14:58:08,683 - root - INFO - EPOCH[31/400] all_loss: 0.146 | bpr_loss:0.1329923522632083 | rd_loss:0.009355063316739883 | time cost---Sampling: 2.69s--| 
rd_loss-0: 0.009493261243256135 | rd_loss-1: 0.005620733794153329 | rd_loss-2: 0.012951193957741702 |  
2024-06-25 15:00:36,143 - root - INFO - [testing at epoch-31]
2024-06-25 15:00:36,144 - root - INFO - {'precision': array([0.01973862, 0.01213115]), 'recall': array([0.04850421, 0.13778435]), 'ndcg': array([0.08363072, 0.16667465]), 'auc': array([0.])}
2024-06-25 15:00:36,145 - root - INFO - EPOCH[32/400] all_loss: 0.144 | bpr_loss:0.1316034292468967 | rd_loss:0.009156862068551052 | time cost---Sampling: 2.80s--| 
rd_loss-0: 0.009247615544629334 | rd_loss-1: 0.005485309768860956 | rd_loss-2: 0.012737659959632875 |  
2024-06-25 15:03:03,596 - root - INFO - [testing at epoch-32]
2024-06-25 15:03:03,596 - root - INFO - {'precision': array([0.01975191, 0.01212982]), 'recall': array([0.04855666, 0.13775127]), 'ndcg': array([0.08341017, 0.16642298]), 'auc': array([0.])}
2024-06-25 15:03:03,597 - root - INFO - EPOCH[33/400] all_loss: 0.142 | bpr_loss:0.1295500346165643 | rd_loss:0.008989321406006607 | time cost---Sampling: 2.71s--| 
rd_loss-0: 0.009032895510039045 | rd_loss-1: 0.0053722374503442 | rd_loss-2: 0.012562830315849703 |  
2024-06-25 15:05:30,624 - root - INFO - [testing at epoch-33]
2024-06-25 15:05:30,624 - root - INFO - {'precision': array([0.01976141, 0.01213115]), 'recall': array([0.04851362, 0.13784205]), 'ndcg': array([0.08362461, 0.16643154]), 'auc': array([0.])}
2024-06-25 15:05:30,625 - root - INFO - EPOCH[34/400] all_loss: 0.140 | bpr_loss:0.128283369529577 | rd_loss:0.008825987022025583 | time cost---Sampling: 2.72s--| 
rd_loss-0: 0.008824420647732688 | rd_loss-1: 0.005266820338563535 | rd_loss-2: 0.012386719138396127 |  
2024-06-25 15:07:58,222 - root - INFO - [testing at epoch-34]
2024-06-25 15:07:58,222 - root - INFO - {'precision': array([0.01976901, 0.01211196]), 'recall': array([0.04861423, 0.13757513]), 'ndcg': array([0.08355816, 0.16620425]), 'auc': array([0.])}
2024-06-25 15:07:58,223 - root - INFO - EPOCH[35/400] all_loss: 0.139 | bpr_loss:0.12741471629335432 | rd_loss:0.008693751751050005 | time cost---Sampling: 2.50s--| 
rd_loss-0: 0.008649694829110247 | rd_loss-1: 0.00518146078903212 | rd_loss-2: 0.01225009872018647 |  
2024-06-25 15:10:25,612 - root - INFO - [testing at epoch-35]
2024-06-25 15:10:25,612 - root - INFO - {'precision': array([0.01972532, 0.01210968]), 'recall': array([0.04846911, 0.1375056 ]), 'ndcg': array([0.0832851 , 0.16626767]), 'auc': array([0.])}
2024-06-25 15:10:25,613 - root - INFO - EPOCH[36/400] all_loss: 0.138 | bpr_loss:0.1257619468773761 | rd_loss:0.00856084800699634 | time cost---Sampling: 2.75s--| 
rd_loss-0: 0.008472452944751536 | rd_loss-1: 0.005091850767789494 | rd_loss-2: 0.012118239334865747 |  
2024-06-25 15:12:52,995 - root - INFO - [testing at epoch-36]
2024-06-25 15:12:52,996 - root - INFO - {'precision': array([0.01971582, 0.01209828]), 'recall': array([0.0484154 , 0.13728919]), 'ndcg': array([0.08342014, 0.1661297 ]), 'auc': array([0.])}
2024-06-25 15:12:52,997 - root - INFO - EPOCH[37/400] all_loss: 0.137 | bpr_loss:0.12484259816496766 | rd_loss:0.008425078472298028 | time cost---Sampling: 2.62s--| 
rd_loss-0: 0.008290798009301607 | rd_loss-1: 0.00500237665806439 | rd_loss-2: 0.011982059768701332 |  
2024-06-25 15:15:19,960 - root - INFO - [testing at epoch-37]
2024-06-25 15:15:19,960 - root - INFO - {'precision': array([0.01971772, 0.01209069]), 'recall': array([0.04839862, 0.13721158]), 'ndcg': array([0.08314047, 0.1658299 ]), 'auc': array([0.])}
2024-06-25 15:15:19,961 - root - INFO - EPOCH[38/400] all_loss: 0.135 | bpr_loss:0.12285428691909761 | rd_loss:0.008281799693339944 | time cost---Sampling: 2.61s--| 
rd_loss-0: 0.008101768907587799 | rd_loss-1: 0.004915191867616585 | rd_loss-2: 0.011828437421789639 |  
2024-06-25 15:17:47,085 - root - INFO - [testing at epoch-38]
2024-06-25 15:17:47,085 - root - INFO - {'precision': array([0.01978421, 0.01207986]), 'recall': array([0.04856689, 0.13707535]), 'ndcg': array([0.08345683, 0.16583437]), 'auc': array([0.])}
2024-06-25 15:17:47,086 - root - INFO - EPOCH[39/400] all_loss: 0.134 | bpr_loss:0.12200916668620723 | rd_loss:0.008140172401254767 | time cost---Sampling: 2.63s--| 
rd_loss-0: 0.007929833207437214 | rd_loss-1: 0.004820559768275058 | rd_loss-2: 0.011670123305181388 |  
2024-06-25 15:20:14,343 - root - INFO - [testing at epoch-39]
2024-06-25 15:20:14,343 - root - INFO - {'precision': array([0.019807  , 0.01211766]), 'recall': array([0.04863322, 0.13737029]), 'ndcg': array([0.08346025, 0.1661686 ]), 'auc': array([0.])}
2024-06-25 15:20:14,344 - root - INFO - EPOCH[40/400] all_loss: 0.132 | bpr_loss:0.1207047937407304 | rd_loss:0.008012762622442498 | time cost---Sampling: 2.71s--| 
rd_loss-0: 0.007770538732953621 | rd_loss-1: 0.00473948504635702 | rd_loss-2: 0.011528263135765686 |  
2024-06-25 15:22:41,479 - root - INFO - [testing at epoch-40]
2024-06-25 15:22:41,480 - root - INFO - {'precision': array([0.01981555, 0.01207815]), 'recall': array([0.04872386, 0.13712788]), 'ndcg': array([0.0834678 , 0.16585757]), 'auc': array([0.])}
2024-06-25 15:22:41,481 - root - INFO - EPOCH[41/400] all_loss: 0.131 | bpr_loss:0.11980556577521351 | rd_loss:0.007895162727928486 | time cost---Sampling: 2.56s--| 
rd_loss-0: 0.007612058063751681 | rd_loss-1: 0.00466913560786918 | rd_loss-2: 0.011404293697961672 |  
2024-06-25 15:25:08,506 - root - INFO - [testing at epoch-41]
2024-06-25 15:25:08,506 - root - INFO - {'precision': array([0.01976141, 0.01209164]), 'recall': array([0.04859393, 0.13743319]), 'ndcg': array([0.08365158, 0.16643267]), 'auc': array([0.])}
2024-06-25 15:25:08,507 - root - INFO - EPOCH[42/400] all_loss: 0.130 | bpr_loss:0.1184812173401887 | rd_loss:0.007778139552705203 | time cost---Sampling: 2.66s--| 
rd_loss-0: 0.00746987468716765 | rd_loss-1: 0.004590633504379254 | rd_loss-2: 0.011273909834283585 |  
2024-06-25 15:27:35,732 - root - INFO - [testing at epoch-42]
2024-06-25 15:27:35,733 - root - INFO - {'precision': array([0.01963319, 0.01207093]), 'recall': array([0.04825106, 0.13688591]), 'ndcg': array([0.08304885, 0.16571276]), 'auc': array([0.])}
2024-06-25 15:27:35,734 - root - INFO - EPOCH[43/400] all_loss: 0.128 | bpr_loss:0.11676154964399832 | rd_loss:0.007656137539877161 | time cost---Sampling: 2.40s--| 
rd_loss-0: 0.007315703901537117 | rd_loss-1: 0.00451309683828477 | rd_loss-2: 0.011139611324799297 |  
2024-06-25 15:30:03,268 - root - INFO - [testing at epoch-43]
2024-06-25 15:30:03,269 - root - INFO - {'precision': array([0.01971962, 0.01207321]), 'recall': array([0.04854978, 0.13701537]), 'ndcg': array([0.08324752, 0.16578442]), 'auc': array([0.])}
2024-06-25 15:30:03,270 - root - INFO - EPOCH[44/400] all_loss: 0.128 | bpr_loss:0.11635992584577798 | rd_loss:0.007551217431165503 | time cost---Sampling: 2.62s--| 
rd_loss-0: 0.0071925441436662746 | rd_loss-1: 0.004443802270722755 | rd_loss-2: 0.011017305397347273 |  
2024-06-25 15:32:31,018 - root - INFO - [testing at epoch-44]
2024-06-25 15:32:31,018 - root - INFO - {'precision': array([0.01975001, 0.01204529]), 'recall': array([0.04858664, 0.13666121]), 'ndcg': array([0.08350249, 0.16588395]), 'auc': array([0.])}
2024-06-25 15:32:31,019 - root - INFO - EPOCH[45/400] all_loss: 0.126 | bpr_loss:0.11517953054211524 | rd_loss:0.007454843198366997 | time cost---Sampling: 2.71s--| 
rd_loss-0: 0.007060750472933286 | rd_loss-1: 0.004388889443538214 | rd_loss-2: 0.010914889178757999 |  
2024-06-25 15:34:58,517 - root - INFO - [testing at epoch-45]
2024-06-25 15:34:58,517 - root - INFO - {'precision': array([0.01972817, 0.01204225]), 'recall': array([0.0485113 , 0.13655691]), 'ndcg': array([0.08366121, 0.16581738]), 'auc': array([0.])}
2024-06-25 15:34:58,518 - root - INFO - EPOCH[46/400] all_loss: 0.125 | bpr_loss:0.1138674175638831 | rd_loss:0.007360279891726882 | time cost---Sampling: 2.65s--| 
rd_loss-0: 0.006943923992313309 | rd_loss-1: 0.004325960288685565 | rd_loss-2: 0.010810954936569944 |  
2024-06-25 15:37:25,933 - root - INFO - [testing at epoch-46]
2024-06-25 15:37:25,933 - root - INFO - {'precision': array([0.01966548, 0.01199761]), 'recall': array([0.0483934, 0.1362429]), 'ndcg': array([0.08372873, 0.16581798]), 'auc': array([0.])}
2024-06-25 15:37:25,934 - root - INFO - EPOCH[47/400] all_loss: 0.124 | bpr_loss:0.11301273458485163 | rd_loss:0.007272024600313415 | time cost---Sampling: 2.70s--| 
rd_loss-0: 0.006836254219303202 | rd_loss-1: 0.004271418713081496 | rd_loss-2: 0.010708400422615436 |  
2024-06-25 15:39:52,973 - root - INFO - [testing at epoch-47]
2024-06-25 15:39:52,973 - root - INFO - {'precision': array([0.01973862, 0.01201622]), 'recall': array([0.04842505, 0.13643379]), 'ndcg': array([0.08371057, 0.16585847]), 'auc': array([0.])}
2024-06-25 15:39:52,974 - root - INFO - EPOCH[48/400] all_loss: 0.123 | bpr_loss:0.11211549878996203 | rd_loss:0.007170769030609802 | time cost---Sampling: 2.64s--| 
rd_loss-0: 0.006715431045129084 | rd_loss-1: 0.004211524857631535 | rd_loss-2: 0.010585350744336097 |  
2024-06-25 15:42:19,809 - root - INFO - [testing at epoch-48]
2024-06-25 15:42:19,810 - root - INFO - {'precision': array([0.01957905, 0.01202078]), 'recall': array([0.04825182, 0.13648682]), 'ndcg': array([0.08333354, 0.1659237 ]), 'auc': array([0.])}
2024-06-25 15:42:19,811 - root - INFO - EPOCH[49/400] all_loss: 0.122 | bpr_loss:0.11120035376982536 | rd_loss:0.0070794559733470454 | time cost---Sampling: 2.60s--| 
rd_loss-0: 0.006613159204479838 | rd_loss-1: 0.004149597592357234 | rd_loss-2: 0.010475610623533806 |  
2024-06-25 15:44:46,699 - root - INFO - [testing at epoch-49]
2024-06-25 15:44:46,700 - root - INFO - {'precision': array([0.01970632, 0.0120128 ]), 'recall': array([0.04837868, 0.13640189]), 'ndcg': array([0.08379821, 0.16590765]), 'auc': array([0.])}
2024-06-25 15:44:46,701 - root - INFO - EPOCH[50/400] all_loss: 0.121 | bpr_loss:0.11028504248003354 | rd_loss:0.0069911952030683195 | time cost---Sampling: 2.60s--| 
rd_loss-0: 0.006508854441199848 | rd_loss-1: 0.004092058711810007 | rd_loss-2: 0.010372672031988536 |  
2024-06-25 15:47:13,623 - root - INFO - [testing at epoch-50]
2024-06-25 15:47:13,623 - root - INFO - {'precision': array([0.01961514, 0.01198032]), 'recall': array([0.04818746, 0.13595751]), 'ndcg': array([0.083307 , 0.1653142]), 'auc': array([0.])}
2024-06-25 15:47:13,624 - root - INFO - EPOCH[51/400] all_loss: 0.120 | bpr_loss:0.10906875131582534 | rd_loss:0.006918975209628933 | time cost---Sampling: 2.46s--| 
rd_loss-0: 0.006404029273056943 | rd_loss-1: 0.004056947636832592 | rd_loss-2: 0.010295948280100433 |  
2024-06-25 15:49:40,658 - root - INFO - [testing at epoch-51]
2024-06-25 15:49:40,658 - root - INFO - {'precision': array([0.01954961, 0.01201261]), 'recall': array([0.04798051, 0.13632316]), 'ndcg': array([0.08291915, 0.1653127 ]), 'auc': array([0.])}
2024-06-25 15:49:40,659 - root - INFO - EPOCH[52/400] all_loss: 0.119 | bpr_loss:0.1084330077303208 | rd_loss:0.006823788228780417 | time cost---Sampling: 2.58s--| 
rd_loss-0: 0.006291818456899764 | rd_loss-1: 0.003996757943788503 | rd_loss-2: 0.010182787817174388 |  
2024-06-25 15:52:07,932 - root - INFO - [testing at epoch-52]
2024-06-25 15:52:07,932 - root - INFO - {'precision': array([0.01949547, 0.01201603]), 'recall': array([0.04805176, 0.13614525]), 'ndcg': array([0.08278351, 0.16541119]), 'auc': array([0.])}
2024-06-25 15:52:07,933 - root - INFO - EPOCH[53/400] all_loss: 0.118 | bpr_loss:0.10760859038774166 | rd_loss:0.006757362238183785 | time cost---Sampling: 2.60s--| 
rd_loss-0: 0.006212253220517804 | rd_loss-1: 0.003959925464928382 | rd_loss-2: 0.010099907590812049 |  
2024-06-25 15:54:34,935 - root - INFO - [testing at epoch-53]
2024-06-25 15:54:34,935 - root - INFO - {'precision': array([0.01955721, 0.01200217]), 'recall': array([0.04810918, 0.13600075]), 'ndcg': array([0.08293817, 0.16542762]), 'auc': array([0.])}
2024-06-25 15:54:34,936 - root - INFO - EPOCH[54/400] all_loss: 0.117 | bpr_loss:0.1064990763789946 | rd_loss:0.006668873113968837 | time cost---Sampling: 2.70s--| 
rd_loss-0: 0.006108552162344716 | rd_loss-1: 0.0039037198901688396 | rd_loss-2: 0.009994346783685602 |  
2024-06-25 15:57:01,962 - root - INFO - [testing at epoch-54]
2024-06-25 15:57:01,962 - root - INFO - {'precision': array([0.01972722, 0.01199761]), 'recall': array([0.04839375, 0.136121  ]), 'ndcg': array([0.08390788, 0.16611155]), 'auc': array([0.])}
2024-06-25 15:57:01,963 - root - INFO - EPOCH[55/400] all_loss: 0.116 | bpr_loss:0.10576606515469794 | rd_loss:0.006598848101337639 | time cost---Sampling: 2.54s--| 
rd_loss-0: 0.006027545357346792 | rd_loss-1: 0.0038622451109800392 | rd_loss-2: 0.009906753388136085 |  
2024-06-25 15:59:28,717 - root - INFO - [testing at epoch-55]
2024-06-25 15:59:28,717 - root - INFO - {'precision': array([0.01962654, 0.01198963]), 'recall': array([0.04828951, 0.13597739]), 'ndcg': array([0.08339896, 0.16576718]), 'auc': array([0.])}
2024-06-25 15:59:28,718 - root - INFO - EPOCH[56/400] all_loss: 0.115 | bpr_loss:0.10494408229093873 | rd_loss:0.006528335894709944 | time cost---Sampling: 2.51s--| 
rd_loss-0: 0.005939791176642002 | rd_loss-1: 0.0038289376385606563 | rd_loss-2: 0.009816278416949969 |  
2024-06-25 16:01:55,512 - root - INFO - [testing at epoch-56]
2024-06-25 16:01:55,513 - root - INFO - {'precision': array([0.01968163, 0.01196455]), 'recall': array([0.0485625 , 0.13559674]), 'ndcg': array([0.08352539, 0.16539048]), 'auc': array([0.])}
2024-06-25 16:01:55,514 - root - INFO - EPOCH[57/400] all_loss: 0.115 | bpr_loss:0.10436680534324877 | rd_loss:0.006462228495318543 | time cost---Sampling: 2.53s--| 
rd_loss-0: 0.0058517983857809515 | rd_loss-1: 0.0037929857974387414 | rd_loss-2: 0.009741900839690721 |  
2024-06-25 16:04:22,559 - root - INFO - [testing at epoch-57]
2024-06-25 16:04:22,560 - root - INFO - {'precision': array([0.01952586, 0.01193967]), 'recall': array([0.0479848 , 0.13538035]), 'ndcg': array([0.08284808, 0.16492557]), 'auc': array([0.])}
2024-06-25 16:04:22,561 - root - INFO - EPOCH[58/400] all_loss: 0.114 | bpr_loss:0.10353094607900729 | rd_loss:0.0063938435135681305 | time cost---Sampling: 2.60s--| 
rd_loss-0: 0.0057726885681503425 | rd_loss-1: 0.0037458271509424406 | rd_loss-2: 0.009663014378891284 |  
2024-06-25 16:06:49,936 - root - INFO - [testing at epoch-58]
2024-06-25 16:06:49,937 - root - INFO - {'precision': array([0.01957335, 0.0119429 ]), 'recall': array([0.04817249, 0.13544349]), 'ndcg': array([0.08334614, 0.16525181]), 'auc': array([0.])}
2024-06-25 16:06:49,938 - root - INFO - EPOCH[59/400] all_loss: 0.113 | bpr_loss:0.10244058330793678 | rd_loss:0.006327701378742502 | time cost---Sampling: 2.64s--| 
rd_loss-0: 0.00568525812708569 | rd_loss-1: 0.003709387895470049 | rd_loss-2: 0.009588457635936288 |  
2024-06-25 16:09:16,625 - root - INFO - [testing at epoch-59]
2024-06-25 16:09:16,625 - root - INFO - {'precision': array([0.01957905, 0.01193682]), 'recall': array([0.04821077, 0.13538651]), 'ndcg': array([0.08328812, 0.16526153]), 'auc': array([0.])}
2024-06-25 16:09:16,626 - root - INFO - EPOCH[60/400] all_loss: 0.112 | bpr_loss:0.10208324863927161 | rd_loss:0.006262937988103879 | time cost---Sampling: 2.51s--| 
rd_loss-0: 0.005610544624108122 | rd_loss-1: 0.0036686839110820894 | rd_loss-2: 0.009509584988815937 |  
2024-06-25 16:11:43,869 - root - INFO - [testing at epoch-60]
2024-06-25 16:11:43,869 - root - INFO - {'precision': array([0.01951067, 0.01191004]), 'recall': array([0.0479467 , 0.13514219]), 'ndcg': array([0.08266814, 0.16443164]), 'auc': array([0.])}
2024-06-25 16:11:43,870 - root - INFO - EPOCH[61/400] all_loss: 0.111 | bpr_loss:0.101178989902641 | rd_loss:0.006199729920653892 | time cost---Sampling: 2.60s--| 
rd_loss-0: 0.005542815736975511 | rd_loss-1: 0.003634479223463166 | rd_loss-2: 0.009421894329220906 |  
2024-06-25 16:14:10,758 - root - INFO - [testing at epoch-61]
2024-06-25 16:14:10,758 - root - INFO - {'precision': array([0.0195705 , 0.01189503]), 'recall': array([0.04803582, 0.13473199]), 'ndcg': array([0.08291731, 0.16447194]), 'auc': array([0.])}
2024-06-25 16:14:10,759 - root - INFO - EPOCH[62/400] all_loss: 0.110 | bpr_loss:0.10004959426105486 | rd_loss:0.006133940452814437 | time cost---Sampling: 2.59s--| 
rd_loss-0: 0.0054733296003041335 | rd_loss-1: 0.0035963682707337956 | rd_loss-2: 0.00933212302496388 |  
2024-06-25 16:16:38,288 - root - INFO - [testing at epoch-62]
2024-06-25 16:16:38,289 - root - INFO - {'precision': array([0.01960185, 0.0119239 ]), 'recall': array([0.04805813, 0.13514433]), 'ndcg': array([0.08305465, 0.16493736]), 'auc': array([0.])}
2024-06-25 16:16:38,290 - root - INFO - EPOCH[63/400] all_loss: 0.110 | bpr_loss:0.09934058918093645 | rd_loss:0.00606718172489077 | time cost---Sampling: 2.56s--| 
rd_loss-0: 0.005394160473846421 | rd_loss-1: 0.0035591946430617014 | rd_loss-2: 0.009248189579022528 |  
2024-06-25 16:19:05,537 - root - INFO - [testing at epoch-63]
2024-06-25 16:19:05,537 - root - INFO - {'precision': array([0.01957905, 0.0118956 ]), 'recall': array([0.04806234, 0.13485724]), 'ndcg': array([0.08284647, 0.16456674]), 'auc': array([0.])}
2024-06-25 16:19:05,538 - root - INFO - EPOCH[64/400] all_loss: 0.109 | bpr_loss:0.0990132251070199 | rd_loss:0.0060082459142117685 | time cost---Sampling: 2.79s--| 
rd_loss-0: 0.005332724779663976 | rd_loss-1: 0.003531159203002099 | rd_loss-2: 0.009160853281630044 |  
2024-06-25 16:21:32,975 - root - INFO - [testing at epoch-64]
2024-06-25 16:21:32,976 - root - INFO - {'precision': array([0.01949357, 0.0118842 ]), 'recall': array([0.04797119, 0.13478212]), 'ndcg': array([0.08264769, 0.16438036]), 'auc': array([0.])}
2024-06-25 16:21:32,977 - root - INFO - EPOCH[65/400] all_loss: 0.108 | bpr_loss:0.09778390060418005 | rd_loss:0.005951977782869066 | time cost---Sampling: 2.56s--| 
rd_loss-0: 0.005254533130984653 | rd_loss-1: 0.0034984381329718987 | rd_loss-2: 0.009102961636899408 |  
2024-06-25 16:24:01,036 - root - INFO - [testing at epoch-65]
2024-06-25 16:24:01,036 - root - INFO - {'precision': array([0.01952776, 0.0118975 ]), 'recall': array([0.04803602, 0.13476927]), 'ndcg': array([0.08302095, 0.16459433]), 'auc': array([0.])}
2024-06-25 16:24:01,037 - root - INFO - EPOCH[66/400] all_loss: 0.107 | bpr_loss:0.09714266261151873 | rd_loss:0.005874733061850869 | time cost---Sampling: 2.68s--| 
rd_loss-0: 0.005184105899291195 | rd_loss-1: 0.003436507619136595 | rd_loss-2: 0.009003585199652402 |  
2024-06-25 16:26:28,829 - root - INFO - [testing at epoch-66]
2024-06-25 16:26:28,830 - root - INFO - {'precision': array([0.01951352, 0.01188477]), 'recall': array([0.04802488, 0.13481421]), 'ndcg': array([0.08326765, 0.16482057]), 'auc': array([0.])}
2024-06-25 16:26:28,831 - root - INFO - EPOCH[67/400] all_loss: 0.107 | bpr_loss:0.09709487644216576 | rd_loss:0.005837641193554797 | time cost---Sampling: 2.76s--| 
rd_loss-0: 0.0051349005851067135 | rd_loss-1: 0.0034221230914322025 | rd_loss-2: 0.00895589940948613 |  
2024-06-25 16:28:56,007 - root - INFO - [testing at epoch-67]
2024-06-25 16:28:56,007 - root - INFO - {'precision': array([0.01956575, 0.01187413]), 'recall': array([0.04817706, 0.13455822]), 'ndcg': array([0.08311254, 0.16454886]), 'auc': array([0.])}
2024-06-25 16:28:56,008 - root - INFO - EPOCH[68/400] all_loss: 0.106 | bpr_loss:0.09603729181461738 | rd_loss:0.005784569344384307 | time cost---Sampling: 2.70s--| 
rd_loss-0: 0.005078569175747957 | rd_loss-1: 0.0033882654524772923 | rd_loss-2: 0.008886872940473805 |  
2024-06-25 16:31:22,849 - root - INFO - [testing at epoch-68]
2024-06-25 16:31:22,850 - root - INFO - {'precision': array([0.01950117, 0.0118597 ]), 'recall': array([0.04805501, 0.13459606]), 'ndcg': array([0.0831206 , 0.16455038]), 'auc': array([0.])}
2024-06-25 16:31:22,851 - root - INFO - EPOCH[69/400] all_loss: 0.106 | bpr_loss:0.09596246334763571 | rd_loss:0.005729560256921972 | time cost---Sampling: 2.60s--| 
rd_loss-0: 0.005015819365289078 | rd_loss-1: 0.003364093993309895 | rd_loss-2: 0.00880876696179963 |  
2024-06-25 16:33:50,323 - root - INFO - [testing at epoch-69]
2024-06-25 16:33:50,324 - root - INFO - {'precision': array([0.0195648 , 0.01185134]), 'recall': array([0.04812942, 0.13434754]), 'ndcg': array([0.0833126 , 0.16465267]), 'auc': array([0.])}
2024-06-25 16:33:50,325 - root - INFO - EPOCH[70/400] all_loss: 0.105 | bpr_loss:0.0950680071409138 | rd_loss:0.005670044811437664 | time cost---Sampling: 2.51s--| 
rd_loss-0: 0.004961473689001623 | rd_loss-1: 0.003323416492653014 | rd_loss-2: 0.00872524380249228 |  
2024-06-25 16:36:17,130 - root - INFO - [testing at epoch-70]
2024-06-25 16:36:17,130 - root - INFO - {'precision': array([0.01947647, 0.01187337]), 'recall': array([0.04783053, 0.13459692]), 'ndcg': array([0.08320021, 0.16484198]), 'auc': array([0.])}
2024-06-25 16:36:17,131 - root - INFO - EPOCH[71/400] all_loss: 0.104 | bpr_loss:0.09451102746800297 | rd_loss:0.005627956517465741 | time cost---Sampling: 2.66s--| 
rd_loss-0: 0.00491362083188114 | rd_loss-1: 0.00330389546698914 | rd_loss-2: 0.008666352734336745 |  
2024-06-25 16:38:44,141 - root - INFO - [testing at epoch-71]
2024-06-25 16:38:44,141 - root - INFO - {'precision': array([0.01947932, 0.01183063]), 'recall': array([0.04808802, 0.13405281]), 'ndcg': array([0.08323075, 0.16459398]), 'auc': array([0.])}
2024-06-25 16:38:44,142 - root - INFO - EPOCH[72/400] all_loss: 0.104 | bpr_loss:0.09392460401499178 | rd_loss:0.005585080036827481 | time cost---Sampling: 2.59s--| 
rd_loss-0: 0.004862094661840717 | rd_loss-1: 0.003282176588670823 | rd_loss-2: 0.0086109684079937 |  
2024-06-25 16:41:11,000 - root - INFO - [testing at epoch-72]
2024-06-25 16:41:11,000 - root - INFO - {'precision': array([0.01948027, 0.01184469]), 'recall': array([0.04793068, 0.13444215]), 'ndcg': array([0.08340771, 0.16491633]), 'auc': array([0.])}
2024-06-25 16:41:11,001 - root - INFO - EPOCH[73/400] all_loss: 0.103 | bpr_loss:0.09298264816751126 | rd_loss:0.005534916180415383 | time cost---Sampling: 2.52s--| 
rd_loss-0: 0.0048076084556578046 | rd_loss-1: 0.0032550793907032793 | rd_loss-2: 0.008542060206484053 |  
2024-06-25 16:43:37,710 - root - INFO - [testing at epoch-73]
2024-06-25 16:43:37,710 - root - INFO - {'precision': array([0.01946698, 0.0118086 ]), 'recall': array([0.04788796, 0.13403791]), 'ndcg': array([0.08282865, 0.16412834]), 'auc': array([0.])}
2024-06-25 16:43:37,711 - root - INFO - EPOCH[74/400] all_loss: 0.103 | bpr_loss:0.09290231020546413 | rd_loss:0.005489640280382197 | time cost---Sampling: 2.45s--| 
rd_loss-0: 0.00474749649725951 | rd_loss-1: 0.00323096357202262 | rd_loss-2: 0.00849046031224027 |  
2024-06-25 16:46:05,045 - root - INFO - [testing at epoch-74]
2024-06-25 16:46:05,045 - root - INFO - {'precision': array([0.01942044, 0.01181069]), 'recall': array([0.04787032, 0.13396815]), 'ndcg': array([0.08263203, 0.16379724]), 'auc': array([0.])}
2024-06-25 16:46:05,046 - root - INFO - EPOCH[75/400] all_loss: 0.102 | bpr_loss:0.09164824207975829 | rd_loss:0.0054442974675990895 | time cost---Sampling: 2.60s--| 
rd_loss-0: 0.004706442030911417 | rd_loss-1: 0.0032001031526865866 | rd_loss-2: 0.008426346808073071 |  
2024-06-25 16:48:32,164 - root - INFO - [testing at epoch-75]
2024-06-25 16:48:32,164 - root - INFO - {'precision': array([0.01950782, 0.01180442]), 'recall': array([0.04801433, 0.13412732]), 'ndcg': array([0.0830639 , 0.16425593]), 'auc': array([0.])}
2024-06-25 16:48:32,165 - root - INFO - EPOCH[76/400] all_loss: 0.102 | bpr_loss:0.0917825064619451 | rd_loss:0.005391893218140228 | time cost---Sampling: 2.53s--| 
rd_loss-0: 0.004640964561366608 | rd_loss-1: 0.003178592746539642 | rd_loss-2: 0.00835612190962997 |  
2024-06-25 16:51:00,193 - root - INFO - [testing at epoch-76]
2024-06-25 16:51:00,193 - root - INFO - {'precision': array([0.01942139, 0.011801  ]), 'recall': array([0.04794271, 0.13396815]), 'ndcg': array([0.08301445, 0.16429899]), 'auc': array([0.])}
2024-06-25 16:51:00,194 - root - INFO - EPOCH[77/400] all_loss: 0.101 | bpr_loss:0.09087622410383529 | rd_loss:0.005359525112926239 | time cost---Sampling: 2.69s--| 
rd_loss-0: 0.004602200049398243 | rd_loss-1: 0.0031540581999570387 | rd_loss-2: 0.008322316613499085 |  
2024-06-25 16:53:28,318 - root - INFO - [testing at epoch-77]
2024-06-25 16:53:28,318 - root - INFO - {'precision': array([0.01951162, 0.01179853]), 'recall': array([0.04818743, 0.13388008]), 'ndcg': array([0.08294254, 0.16405947]), 'auc': array([0.])}
2024-06-25 16:53:28,319 - root - INFO - EPOCH[78/400] all_loss: 0.101 | bpr_loss:0.09073466280203187 | rd_loss:0.005313257263794657 | time cost---Sampling: 2.77s--| 
rd_loss-0: 0.004551474272225989 | rd_loss-1: 0.0031255200946367087 | rd_loss-2: 0.008262776979386112 |  
2024-06-25 16:55:55,878 - root - INFO - [testing at epoch-78]
2024-06-25 16:55:55,879 - root - INFO - {'precision': array([0.01940904, 0.0117689 ]), 'recall': array([0.04789946, 0.13368364]), 'ndcg': array([0.08280104, 0.16378856]), 'auc': array([0.])}
2024-06-25 16:55:55,880 - root - INFO - EPOCH[79/400] all_loss: 0.099 | bpr_loss:0.08960249300727374 | rd_loss:0.005268449048683137 | time cost---Sampling: 2.83s--| 
rd_loss-0: 0.004508297984200943 | rd_loss-1: 0.0031055753976959887 | rd_loss-2: 0.00819147327333663 |  
2024-06-25 16:58:22,863 - root - INFO - [testing at epoch-79]
2024-06-25 16:58:22,864 - root - INFO - {'precision': array([0.01946508, 0.01177042]), 'recall': array([0.04796073, 0.13362955]), 'ndcg': array([0.08309638, 0.16399499]), 'auc': array([0.])}
2024-06-25 16:58:22,865 - root - INFO - EPOCH[80/400] all_loss: 0.099 | bpr_loss:0.08954126460601672 | rd_loss:0.005221203684343175 | time cost---Sampling: 2.66s--| 
rd_loss-0: 0.0044682083527461764 | rd_loss-1: 0.0030742915670806826 | rd_loss-2: 0.008121110633331171 |  
2024-06-25 17:00:50,274 - root - INFO - [testing at epoch-80]
2024-06-25 17:00:50,274 - root - INFO - {'precision': array([0.01941854, 0.01180632]), 'recall': array([0.04780386, 0.13398952]), 'ndcg': array([0.08261658, 0.16415336]), 'auc': array([0.])}
2024-06-25 17:00:50,275 - root - INFO - EPOCH[81/400] all_loss: 0.098 | bpr_loss:0.08871935269986131 | rd_loss:0.005179570124918464 | time cost---Sampling: 2.57s--| 
rd_loss-0: 0.004418561351384932 | rd_loss-1: 0.00305394245920962 | rd_loss-2: 0.008066206083406816 |  
2024-06-25 17:03:17,122 - root - INFO - [testing at epoch-81]
2024-06-25 17:03:17,122 - root - INFO - {'precision': array([0.01940809, 0.0117651 ]), 'recall': array([0.04777191, 0.13355592]), 'ndcg': array([0.08275075, 0.16377622]), 'auc': array([0.])}
2024-06-25 17:03:17,123 - root - INFO - EPOCH[82/400] all_loss: 0.098 | bpr_loss:0.0880937729040507 | rd_loss:0.005135584235442489 | time cost---Sampling: 2.61s--| 
rd_loss-0: 0.0043844012616004215 | rd_loss-1: 0.0030236729626385247 | rd_loss-2: 0.007998678029910078 |  
2024-06-25 17:05:44,086 - root - INFO - [testing at epoch-82]
2024-06-25 17:05:44,087 - root - INFO - {'precision': array([0.01948502, 0.0117801 ]), 'recall': array([0.04809024, 0.13349876]), 'ndcg': array([0.08328856, 0.16421701]), 'auc': array([0.])}
2024-06-25 17:05:44,088 - root - INFO - EPOCH[83/400] all_loss: 0.097 | bpr_loss:0.08754461693964648 | rd_loss:0.005095199117148834 | time cost---Sampling: 2.61s--| 
rd_loss-0: 0.0043420088912103595 | rd_loss-1: 0.0030047583603843493 | rd_loss-2: 0.007938829620908897 |  
2024-06-25 17:08:10,969 - root - INFO - [testing at epoch-83]
2024-06-25 17:08:10,969 - root - INFO - {'precision': array([0.01940809, 0.01179606]), 'recall': array([0.04779255, 0.13381046]), 'ndcg': array([0.08273889, 0.16389955]), 'auc': array([0.])}
2024-06-25 17:08:10,970 - root - INFO - EPOCH[84/400] all_loss: 0.097 | bpr_loss:0.08750843426716565 | rd_loss:0.005066015811954192 | time cost---Sampling: 2.57s--| 
rd_loss-0: 0.004312252734088264 | rd_loss-1: 0.0029948271723269334 | rd_loss-2: 0.00789096705412674 |  
2024-06-25 17:10:38,989 - root - INFO - [testing at epoch-84]
2024-06-25 17:10:38,989 - root - INFO - {'precision': array([0.0193378 , 0.01178371]), 'recall': array([0.04760567, 0.13365617]), 'ndcg': array([0.08253069, 0.16401876]), 'auc': array([0.])}
2024-06-25 17:10:38,990 - root - INFO - EPOCH[85/400] all_loss: 0.097 | bpr_loss:0.08706115001398836 | rd_loss:0.005024008667410425 | time cost---Sampling: 2.66s--| 
rd_loss-0: 0.0042573971260908925 | rd_loss-1: 0.002973218306387125 | rd_loss-2: 0.007841410103689496 |  
