2024-05-23 18:22:37,335 - root - INFO - Namespace(R=100, bpr_neg_num=1, compute_rank=1, dataset='yelp', dim=256, epoch=100, eps=1e-20, layers=2, lmd2=0.1, lr=0.0005, model='bgr', neg_ratio=48, norm_a=1.0, save_embed=1, seed=2021, tensorboard=True, test_batch=100, test_file='test.txt', topks=[20, 100], train_batch=2048, train_file='train.txt', weight=0.0001)
2024-05-23 18:23:07,490 - root - INFO - [testing at epoch-0]
2024-05-23 18:23:07,490 - root - INFO - {'precision': array([0.01180845, 0.00723064]), 'recall': array([0.0236506 , 0.07134177]), 'ndcg': array([0.05098799, 0.10070074]), 'auc': array([0.])}
2024-05-23 18:23:07,491 - root - INFO - EPOCH[1/100] all_loss: 0.700 | time cost---Sampling: 1.53s--| 
2024-05-23 18:23:07,491 - root - INFO - Summary at recall = 0.023650604070783603
2024-05-23 18:23:37,972 - root - INFO - [testing at epoch-1]
2024-05-23 18:23:37,972 - root - INFO - {'precision': array([0.01849817, 0.01144625]), 'recall': array([0.03872004, 0.11659975]), 'ndcg': array([0.07935242, 0.15755728]), 'auc': array([0.])}
2024-05-23 18:23:37,973 - root - INFO - EPOCH[2/100] all_loss: 0.688 | time cost---Sampling: 1.48s--| 
2024-05-23 18:23:37,973 - root - INFO - Summary at recall = 0.03872003709114831
2024-05-23 18:24:08,403 - root - INFO - [testing at epoch-2]
2024-05-23 18:24:08,403 - root - INFO - {'precision': array([0.02148857, 0.01359195]), 'recall': array([0.04587396, 0.14243271]), 'ndcg': array([0.08892712, 0.18062592]), 'auc': array([0.])}
2024-05-23 18:24:08,404 - root - INFO - EPOCH[3/100] all_loss: 0.676 | time cost---Sampling: 1.51s--| 
2024-05-23 18:24:08,404 - root - INFO - Summary at recall = 0.045873955647660114
2024-05-23 18:24:38,904 - root - INFO - [testing at epoch-3]
2024-05-23 18:24:38,904 - root - INFO - {'precision': array([0.02314639, 0.01475496]), 'recall': array([0.04979174, 0.15589604]), 'ndcg': array([0.09463947, 0.19263008]), 'auc': array([0.])}
2024-05-23 18:24:38,905 - root - INFO - EPOCH[4/100] all_loss: 0.664 | time cost---Sampling: 1.49s--| 
2024-05-23 18:24:38,905 - root - INFO - Summary at recall = 0.04979174485729618
2024-05-23 18:25:09,463 - root - INFO - [testing at epoch-4]
2024-05-23 18:25:09,463 - root - INFO - {'precision': array([0.02447423, 0.01556177]), 'recall': array([0.0530547 , 0.16548494]), 'ndcg': array([0.09932237, 0.20116595]), 'auc': array([0.])}
2024-05-23 18:25:09,464 - root - INFO - EPOCH[5/100] all_loss: 0.652 | time cost---Sampling: 1.50s--| 
2024-05-23 18:25:09,464 - root - INFO - Summary at recall = 0.053054701920802264
2024-05-23 18:25:40,056 - root - INFO - [testing at epoch-5]
2024-05-23 18:25:40,056 - root - INFO - {'precision': array([0.02542946, 0.01618258]), 'recall': array([0.05530263, 0.17279257]), 'ndcg': array([0.10238914, 0.20728893]), 'auc': array([0.])}
2024-05-23 18:25:40,057 - root - INFO - EPOCH[6/100] all_loss: 0.640 | time cost---Sampling: 1.54s--| 
2024-05-23 18:25:40,057 - root - INFO - Summary at recall = 0.05530262803619297
2024-05-23 18:26:10,599 - root - INFO - [testing at epoch-6]
2024-05-23 18:26:10,600 - root - INFO - {'precision': array([0.02621416, 0.01672698]), 'recall': array([0.05733122, 0.17920867]), 'ndcg': array([0.10541308, 0.21300403]), 'auc': array([0.])}
2024-05-23 18:26:10,600 - root - INFO - EPOCH[7/100] all_loss: 0.627 | time cost---Sampling: 1.48s--| 
2024-05-23 18:26:10,600 - root - INFO - Summary at recall = 0.057331218553676414
2024-05-23 18:26:41,041 - root - INFO - [testing at epoch-7]
2024-05-23 18:26:41,041 - root - INFO - {'precision': array([0.0268094, 0.0171337]), 'recall': array([0.05893513, 0.1840019 ]), 'ndcg': array([0.10724635, 0.21661578]), 'auc': array([0.])}
2024-05-23 18:26:41,042 - root - INFO - EPOCH[8/100] all_loss: 0.612 | time cost---Sampling: 1.49s--| 
2024-05-23 18:26:41,042 - root - INFO - Summary at recall = 0.058935129220377504
2024-05-23 18:27:11,525 - root - INFO - [testing at epoch-8]
2024-05-23 18:27:11,525 - root - INFO - {'precision': array([0.02734464, 0.01745516]), 'recall': array([0.0602731 , 0.18777794]), 'ndcg': array([0.10929454, 0.21995131]), 'auc': array([0.])}
2024-05-23 18:27:11,526 - root - INFO - EPOCH[9/100] all_loss: 0.599 | time cost---Sampling: 1.48s--| 
2024-05-23 18:27:11,526 - root - INFO - Summary at recall = 0.06027310211808544
2024-05-23 18:27:42,004 - root - INFO - [testing at epoch-9]
2024-05-23 18:27:42,004 - root - INFO - {'precision': array([0.02785777, 0.0177583 ]), 'recall': array([0.06139112, 0.19131382]), 'ndcg': array([0.11079497, 0.22283128]), 'auc': array([0.])}
2024-05-23 18:27:42,005 - root - INFO - EPOCH[10/100] all_loss: 0.584 | time cost---Sampling: 1.48s--| 
2024-05-23 18:27:42,005 - root - INFO - Summary at recall = 0.06139112107169899
2024-05-23 18:28:12,429 - root - INFO - [testing at epoch-10]
2024-05-23 18:28:12,429 - root - INFO - {'precision': array([0.02833775, 0.0180204 ]), 'recall': array([0.0626914, 0.1942876]), 'ndcg': array([0.11214513, 0.22520962]), 'auc': array([0.])}
2024-05-23 18:28:12,430 - root - INFO - EPOCH[11/100] all_loss: 0.570 | time cost---Sampling: 1.48s--| 
2024-05-23 18:28:12,430 - root - INFO - Summary at recall = 0.06269140167502943
2024-05-23 18:28:42,909 - root - INFO - [testing at epoch-11]
2024-05-23 18:28:42,909 - root - INFO - {'precision': array([0.0287309 , 0.01818839]), 'recall': array([0.06369971, 0.19623456]), 'ndcg': array([0.11353439, 0.22705211]), 'auc': array([0.])}
2024-05-23 18:28:42,910 - root - INFO - EPOCH[12/100] all_loss: 0.555 | time cost---Sampling: 1.49s--| 
2024-05-23 18:28:42,910 - root - INFO - Summary at recall = 0.06369971360571436
2024-05-23 18:29:13,366 - root - INFO - [testing at epoch-12]
2024-05-23 18:29:13,366 - root - INFO - {'precision': array([0.02913035, 0.01834502]), 'recall': array([0.06470404, 0.19816475]), 'ndcg': array([0.11516861, 0.22897052]), 'auc': array([0.])}
2024-05-23 18:29:13,367 - root - INFO - EPOCH[13/100] all_loss: 0.541 | time cost---Sampling: 1.48s--| 
2024-05-23 18:29:13,367 - root - INFO - Summary at recall = 0.06470403621530421
2024-05-23 18:29:43,905 - root - INFO - [testing at epoch-13]
2024-05-23 18:29:43,905 - root - INFO - {'precision': array([0.02948402, 0.01847259]), 'recall': array([0.06549618, 0.19976857]), 'ndcg': array([0.11610984, 0.23022699]), 'auc': array([0.])}
2024-05-23 18:29:43,906 - root - INFO - EPOCH[14/100] all_loss: 0.526 | time cost---Sampling: 1.49s--| 
2024-05-23 18:29:43,906 - root - INFO - Summary at recall = 0.06549618045416941
2024-05-23 18:30:14,424 - root - INFO - [testing at epoch-14]
2024-05-23 18:30:14,424 - root - INFO - {'precision': array([0.02975559, 0.01863395]), 'recall': array([0.06609475, 0.20160805]), 'ndcg': array([0.11673593, 0.23149805]), 'auc': array([0.])}
2024-05-23 18:30:14,425 - root - INFO - EPOCH[15/100] all_loss: 0.512 | time cost---Sampling: 1.48s--| 
2024-05-23 18:30:14,425 - root - INFO - Summary at recall = 0.06609475210359066
2024-05-23 18:30:44,858 - root - INFO - [testing at epoch-15]
2024-05-23 18:30:44,858 - root - INFO - {'precision': array([0.0300761 , 0.01874163]), 'recall': array([0.06684468, 0.20280192]), 'ndcg': array([0.11750745, 0.23240711]), 'auc': array([0.])}
2024-05-23 18:30:44,859 - root - INFO - EPOCH[16/100] all_loss: 0.498 | time cost---Sampling: 1.49s--| 
2024-05-23 18:30:44,859 - root - INFO - Summary at recall = 0.06684468464068823
2024-05-23 18:31:16,202 - root - INFO - [testing at epoch-16]
2024-05-23 18:31:16,202 - root - INFO - {'precision': array([0.03028451, 0.01882689]), 'recall': array([0.06728602, 0.20364858]), 'ndcg': array([0.11803806, 0.23309248]), 'auc': array([0.])}
2024-05-23 18:31:16,203 - root - INFO - EPOCH[17/100] all_loss: 0.483 | time cost---Sampling: 1.49s--| 
2024-05-23 18:31:16,203 - root - INFO - Summary at recall = 0.0672860193403581
2024-05-23 18:31:47,862 - root - INFO - [testing at epoch-17]
2024-05-23 18:31:47,862 - root - INFO - {'precision': array([0.03046766, 0.01888121]), 'recall': array([0.067824  , 0.20412958]), 'ndcg': array([0.11881226, 0.2338506 ]), 'auc': array([0.])}
2024-05-23 18:31:47,863 - root - INFO - EPOCH[18/100] all_loss: 0.469 | time cost---Sampling: 1.71s--| 
2024-05-23 18:31:47,863 - root - INFO - Summary at recall = 0.06782399720739833
2024-05-23 18:32:18,691 - root - INFO - [testing at epoch-18]
2024-05-23 18:32:18,691 - root - INFO - {'precision': array([0.03064292, 0.01895225]), 'recall': array([0.06815599, 0.20510169]), 'ndcg': array([0.11947962, 0.234709  ]), 'auc': array([0.])}
2024-05-23 18:32:18,692 - root - INFO - EPOCH[19/100] all_loss: 0.456 | time cost---Sampling: 1.71s--| 
2024-05-23 18:32:18,692 - root - INFO - Summary at recall = 0.06815599076793757
2024-05-23 18:32:50,346 - root - INFO - [testing at epoch-19]
2024-05-23 18:32:50,347 - root - INFO - {'precision': array([0.03075344, 0.01901446]), 'recall': array([0.06843241, 0.20570183]), 'ndcg': array([0.11994107, 0.2352227 ]), 'auc': array([0.])}
2024-05-23 18:32:50,347 - root - INFO - EPOCH[20/100] all_loss: 0.442 | time cost---Sampling: 1.52s--| 
2024-05-23 18:32:50,347 - root - INFO - Summary at recall = 0.06843240602191886
2024-05-23 18:33:21,867 - root - INFO - [testing at epoch-20]
2024-05-23 18:33:21,867 - root - INFO - {'precision': array([0.03082607, 0.01901794]), 'recall': array([0.06863879, 0.20575329]), 'ndcg': array([0.12029466, 0.23564118]), 'auc': array([0.])}
2024-05-23 18:33:21,868 - root - INFO - EPOCH[21/100] all_loss: 0.429 | time cost---Sampling: 1.63s--| 
2024-05-23 18:33:21,868 - root - INFO - Summary at recall = 0.06863878613101368
2024-05-23 18:33:52,559 - root - INFO - [testing at epoch-21]
2024-05-23 18:33:52,560 - root - INFO - {'precision': array([0.03093501, 0.01905583]), 'recall': array([0.06884457, 0.20610165]), 'ndcg': array([0.12061099, 0.23593642]), 'auc': array([0.])}
2024-05-23 18:33:52,560 - root - INFO - EPOCH[22/100] all_loss: 0.416 | time cost---Sampling: 1.63s--| 
2024-05-23 18:33:52,560 - root - INFO - Summary at recall = 0.06884457258811118
2024-05-23 18:34:23,092 - root - INFO - [testing at epoch-22]
2024-05-23 18:34:23,092 - root - INFO - {'precision': array([0.03103132, 0.01909909]), 'recall': array([0.06906197, 0.20633878]), 'ndcg': array([0.12097114, 0.23635068]), 'auc': array([0.])}
2024-05-23 18:34:23,093 - root - INFO - EPOCH[23/100] all_loss: 0.403 | time cost---Sampling: 1.50s--| 
2024-05-23 18:34:23,093 - root - INFO - Summary at recall = 0.0690619660421845
2024-05-23 18:34:53,551 - root - INFO - [testing at epoch-23]
2024-05-23 18:34:53,552 - root - INFO - {'precision': array([0.03112922, 0.01909372]), 'recall': array([0.06924332, 0.20610291]), 'ndcg': array([0.12115876, 0.23624484]), 'auc': array([0.])}
2024-05-23 18:34:53,553 - root - INFO - EPOCH[24/100] all_loss: 0.391 | time cost---Sampling: 1.48s--| 
2024-05-23 18:34:53,553 - root - INFO - Summary at recall = 0.06924332067942578
2024-05-23 18:35:24,016 - root - INFO - [testing at epoch-24]
2024-05-23 18:35:24,017 - root - INFO - {'precision': array([0.03126816, 0.01910698]), 'recall': array([0.06959976, 0.20627539]), 'ndcg': array([0.12145556, 0.23641411]), 'auc': array([0.])}
2024-05-23 18:35:24,017 - root - INFO - EPOCH[25/100] all_loss: 0.379 | time cost---Sampling: 1.48s--| 
2024-05-23 18:35:24,017 - root - INFO - Summary at recall = 0.06959975962004332
2024-05-23 18:35:54,400 - root - INFO - [testing at epoch-25]
2024-05-23 18:35:54,400 - root - INFO - {'precision': array([0.03124132, 0.01909278]), 'recall': array([0.06947401, 0.20597984]), 'ndcg': array([0.12145475, 0.23647824]), 'auc': array([0.])}
2024-05-23 18:35:54,401 - root - INFO - EPOCH[26/100] all_loss: 0.368 | time cost---Sampling: 1.48s--| 
2024-05-23 18:36:24,283 - root - INFO - [testing at epoch-26]
2024-05-23 18:36:24,283 - root - INFO - {'precision': array([0.03133289, 0.01909278]), 'recall': array([0.06945044, 0.20572691]), 'ndcg': array([0.1215622 , 0.23638438]), 'auc': array([0.])}
2024-05-23 18:36:24,284 - root - INFO - EPOCH[27/100] all_loss: 0.356 | time cost---Sampling: 1.49s--| 
2024-05-23 18:36:54,247 - root - INFO - [testing at epoch-27]
2024-05-23 18:36:54,247 - root - INFO - {'precision': array([0.03138657, 0.01906972]), 'recall': array([0.06961727, 0.20519565]), 'ndcg': array([0.12207542, 0.23640104]), 'auc': array([0.])}
2024-05-23 18:36:54,248 - root - INFO - EPOCH[28/100] all_loss: 0.346 | time cost---Sampling: 1.48s--| 
2024-05-23 18:36:54,248 - root - INFO - Summary at recall = 0.06961727183074343
2024-05-23 18:37:24,712 - root - INFO - [testing at epoch-28]
2024-05-23 18:37:24,712 - root - INFO - {'precision': array([0.03144657, 0.01904351]), 'recall': array([0.0696764 , 0.20468474]), 'ndcg': array([0.12231325, 0.23626121]), 'auc': array([0.])}
2024-05-23 18:37:24,713 - root - INFO - EPOCH[29/100] all_loss: 0.336 | time cost---Sampling: 1.50s--| 
2024-05-23 18:37:24,713 - root - INFO - Summary at recall = 0.06967640247772354
2024-05-23 18:37:55,161 - root - INFO - [testing at epoch-29]
2024-05-23 18:37:55,161 - root - INFO - {'precision': array([0.03149394, 0.01903467]), 'recall': array([0.06980362, 0.20444326]), 'ndcg': array([0.12244189, 0.23604136]), 'auc': array([0.])}
2024-05-23 18:37:55,162 - root - INFO - EPOCH[30/100] all_loss: 0.325 | time cost---Sampling: 1.48s--| 
2024-05-23 18:37:55,162 - root - INFO - Summary at recall = 0.06980361502825304
2024-05-23 18:38:25,613 - root - INFO - [testing at epoch-30]
2024-05-23 18:38:25,614 - root - INFO - {'precision': array([0.03150183, 0.01899709]), 'recall': array([0.06987175, 0.20398116]), 'ndcg': array([0.12245186, 0.23578752]), 'auc': array([0.])}
2024-05-23 18:38:25,614 - root - INFO - EPOCH[31/100] all_loss: 0.316 | time cost---Sampling: 1.48s--| 
2024-05-23 18:38:25,615 - root - INFO - Summary at recall = 0.06987175122130206
2024-05-23 18:38:56,023 - root - INFO - [testing at epoch-31]
2024-05-23 18:38:56,023 - root - INFO - {'precision': array([0.03146236, 0.01897246]), 'recall': array([0.06968838, 0.20346273]), 'ndcg': array([0.12231211, 0.23533729]), 'auc': array([0.])}
2024-05-23 18:38:56,024 - root - INFO - EPOCH[32/100] all_loss: 0.307 | time cost---Sampling: 1.49s--| 
2024-05-23 18:39:25,956 - root - INFO - [testing at epoch-32]
2024-05-23 18:39:25,956 - root - INFO - {'precision': array([0.03146552, 0.01891689]), 'recall': array([0.06972976, 0.20257073]), 'ndcg': array([0.12276531, 0.2352316 ]), 'auc': array([0.])}
2024-05-23 18:39:25,957 - root - INFO - EPOCH[33/100] all_loss: 0.298 | time cost---Sampling: 1.48s--| 
2024-05-23 18:39:55,879 - root - INFO - [testing at epoch-33]
2024-05-23 18:39:55,879 - root - INFO - {'precision': array([0.03146236, 0.01888563]), 'recall': array([0.06965803, 0.20207097]), 'ndcg': array([0.12268154, 0.23505889]), 'auc': array([0.])}
2024-05-23 18:39:55,880 - root - INFO - EPOCH[34/100] all_loss: 0.289 | time cost---Sampling: 1.48s--| 
2024-05-23 18:40:25,757 - root - INFO - [testing at epoch-34]
2024-05-23 18:40:25,757 - root - INFO - {'precision': array([0.03138499, 0.01884489]), 'recall': array([0.06942318, 0.20145497]), 'ndcg': array([0.12248219, 0.23467933]), 'auc': array([0.])}
2024-05-23 18:40:25,758 - root - INFO - EPOCH[35/100] all_loss: 0.281 | time cost---Sampling: 1.49s--| 
2024-05-23 18:40:55,694 - root - INFO - [testing at epoch-35]
2024-05-23 18:40:55,694 - root - INFO - {'precision': array([0.03139605, 0.01879563]), 'recall': array([0.06938788, 0.20056804]), 'ndcg': array([0.1227371 , 0.23428252]), 'auc': array([0.])}
2024-05-23 18:40:55,695 - root - INFO - EPOCH[36/100] all_loss: 0.274 | time cost---Sampling: 1.49s--| 
2024-05-23 18:41:25,591 - root - INFO - [testing at epoch-36]
2024-05-23 18:41:25,591 - root - INFO - {'precision': array([0.03131868, 0.01874132]), 'recall': array([0.06913117, 0.19960727]), 'ndcg': array([0.12276419, 0.2339115 ]), 'auc': array([0.])}
2024-05-23 18:41:25,592 - root - INFO - EPOCH[37/100] all_loss: 0.266 | time cost---Sampling: 1.49s--| 
2024-05-23 18:41:55,554 - root - INFO - [testing at epoch-37]
2024-05-23 18:41:55,555 - root - INFO - {'precision': array([0.03130763, 0.01868448]), 'recall': array([0.06902165, 0.19878713]), 'ndcg': array([0.12284093, 0.23365582]), 'auc': array([0.])}
2024-05-23 18:41:55,555 - root - INFO - EPOCH[38/100] all_loss: 0.258 | time cost---Sampling: 1.48s--| 
2024-05-23 18:42:25,482 - root - INFO - [testing at epoch-38]
2024-05-23 18:42:25,483 - root - INFO - {'precision': array([0.031235  , 0.01866427]), 'recall': array([0.06876801, 0.19830952]), 'ndcg': array([0.12259694, 0.23329046]), 'auc': array([0.])}
2024-05-23 18:42:25,483 - root - INFO - EPOCH[39/100] all_loss: 0.252 | time cost---Sampling: 1.48s--| 
2024-05-23 18:42:55,361 - root - INFO - [testing at epoch-39]
2024-05-23 18:42:55,361 - root - INFO - {'precision': array([0.0311529 , 0.01859669]), 'recall': array([0.06847744, 0.19728523]), 'ndcg': array([0.12234521, 0.23276168]), 'auc': array([0.])}
2024-05-23 18:42:55,362 - root - INFO - EPOCH[40/100] all_loss: 0.245 | time cost---Sampling: 1.48s--| 
2024-05-23 18:43:25,276 - root - INFO - [testing at epoch-40]
2024-05-23 18:43:25,276 - root - INFO - {'precision': array([0.0310329 , 0.01853575]), 'recall': array([0.06817158, 0.19627841]), 'ndcg': array([0.12197632, 0.23216504]), 'auc': array([0.])}
2024-05-23 18:43:25,277 - root - INFO - EPOCH[41/100] all_loss: 0.238 | time cost---Sampling: 1.48s--| 
2024-05-23 18:43:55,176 - root - INFO - [testing at epoch-41]
2024-05-23 18:43:55,177 - root - INFO - {'precision': array([0.03096185, 0.01846312]), 'recall': array([0.06787907, 0.19520671]), 'ndcg': array([0.12199985, 0.23184696]), 'auc': array([0.])}
2024-05-23 18:43:55,177 - root - INFO - EPOCH[42/100] all_loss: 0.233 | time cost---Sampling: 1.49s--| 
2024-05-23 18:44:25,090 - root - INFO - [testing at epoch-42]
2024-05-23 18:44:25,090 - root - INFO - {'precision': array([0.03092712, 0.01841101]), 'recall': array([0.06775681, 0.19433865]), 'ndcg': array([0.1219268 , 0.23136781]), 'auc': array([0.])}
2024-05-23 18:44:25,091 - root - INFO - EPOCH[43/100] all_loss: 0.227 | time cost---Sampling: 1.49s--| 
2024-05-23 18:44:55,048 - root - INFO - [testing at epoch-43]
2024-05-23 18:44:55,048 - root - INFO - {'precision': array([0.0309287 , 0.01835954]), 'recall': array([0.06767317, 0.19348663]), 'ndcg': array([0.12179744, 0.23071831]), 'auc': array([0.])}
2024-05-23 18:44:55,049 - root - INFO - EPOCH[44/100] all_loss: 0.221 | time cost---Sampling: 1.49s--| 
2024-05-23 18:45:24,966 - root - INFO - [testing at epoch-44]
2024-05-23 18:45:24,966 - root - INFO - {'precision': array([0.03082291, 0.01827744]), 'recall': array([0.06738031, 0.19236064]), 'ndcg': array([0.12156009, 0.23015114]), 'auc': array([0.])}
2024-05-23 18:45:24,967 - root - INFO - EPOCH[45/100] all_loss: 0.216 | time cost---Sampling: 1.49s--| 
2024-05-23 18:45:54,892 - root - INFO - [testing at epoch-45]
2024-05-23 18:45:54,892 - root - INFO - {'precision': array([0.03073765, 0.01821618]), 'recall': array([0.06720277, 0.19132001]), 'ndcg': array([0.12155231, 0.22963176]), 'auc': array([0.])}
2024-05-23 18:45:54,893 - root - INFO - EPOCH[46/100] all_loss: 0.210 | time cost---Sampling: 1.48s--| 
2024-05-23 18:46:24,869 - root - INFO - [testing at epoch-46]
2024-05-23 18:46:24,869 - root - INFO - {'precision': array([0.03064766, 0.01816755]), 'recall': array([0.06691991, 0.19048112]), 'ndcg': array([0.12125337, 0.22901666]), 'auc': array([0.])}
2024-05-23 18:46:24,870 - root - INFO - EPOCH[47/100] all_loss: 0.205 | time cost---Sampling: 1.48s--| 
2024-05-23 18:46:54,768 - root - INFO - [testing at epoch-47]
2024-05-23 18:46:54,768 - root - INFO - {'precision': array([0.03061134, 0.01808892]), 'recall': array([0.0668176 , 0.18939854]), 'ndcg': array([0.12096409, 0.22825139]), 'auc': array([0.])}
2024-05-23 18:46:54,769 - root - INFO - EPOCH[48/100] all_loss: 0.201 | time cost---Sampling: 1.49s--| 
2024-05-23 18:47:24,689 - root - INFO - [testing at epoch-48]
2024-05-23 18:47:24,690 - root - INFO - {'precision': array([0.03055766, 0.01803935]), 'recall': array([0.0665535 , 0.18862696]), 'ndcg': array([0.12069395, 0.22770828]), 'auc': array([0.])}
2024-05-23 18:47:24,691 - root - INFO - EPOCH[49/100] all_loss: 0.196 | time cost---Sampling: 1.50s--| 
2024-05-23 18:47:55,569 - root - INFO - [testing at epoch-49]
2024-05-23 18:47:55,569 - root - INFO - {'precision': array([0.0304803 , 0.01798156]), 'recall': array([0.06638834, 0.18769583]), 'ndcg': array([0.12061837, 0.22719962]), 'auc': array([0.])}
2024-05-23 18:47:55,570 - root - INFO - EPOCH[50/100] all_loss: 0.191 | time cost---Sampling: 1.49s--| 
2024-05-23 18:48:26,434 - root - INFO - [testing at epoch-50]
2024-05-23 18:48:26,434 - root - INFO - {'precision': array([0.03044556, 0.01791272]), 'recall': array([0.06634616, 0.18672823]), 'ndcg': array([0.1205585 , 0.22665951]), 'auc': array([0.])}
2024-05-23 18:48:26,435 - root - INFO - EPOCH[51/100] all_loss: 0.187 | time cost---Sampling: 1.63s--| 
2024-05-23 18:48:56,780 - root - INFO - [testing at epoch-51]
2024-05-23 18:48:56,780 - root - INFO - {'precision': array([0.03034767, 0.0178303 ]), 'recall': array([0.06604183, 0.18549223]), 'ndcg': array([0.12035327, 0.22588557]), 'auc': array([0.])}
2024-05-23 18:48:56,781 - root - INFO - EPOCH[52/100] all_loss: 0.184 | time cost---Sampling: 1.61s--| 
2024-05-23 18:49:28,032 - root - INFO - [testing at epoch-52]
2024-05-23 18:49:28,032 - root - INFO - {'precision': array([0.03028767, 0.01775388]), 'recall': array([0.06577678, 0.1845032 ]), 'ndcg': array([0.12037426, 0.22541622]), 'auc': array([0.])}
2024-05-23 18:49:28,033 - root - INFO - EPOCH[53/100] all_loss: 0.179 | time cost---Sampling: 1.80s--| 
2024-05-23 18:49:59,095 - root - INFO - [testing at epoch-53]
2024-05-23 18:49:59,096 - root - INFO - {'precision': array([0.03023083, 0.01768126]), 'recall': array([0.06560673, 0.18347551]), 'ndcg': array([0.12027515, 0.22481102]), 'auc': array([0.])}
2024-05-23 18:49:59,097 - root - INFO - EPOCH[54/100] all_loss: 0.175 | time cost---Sampling: 1.66s--| 
2024-05-23 18:50:29,228 - root - INFO - [testing at epoch-54]
2024-05-23 18:50:29,229 - root - INFO - {'precision': array([0.03011242, 0.0176402 ]), 'recall': array([0.06533783, 0.18282248]), 'ndcg': array([0.12003533, 0.22434032]), 'auc': array([0.])}
2024-05-23 18:50:29,229 - root - INFO - EPOCH[55/100] all_loss: 0.171 | time cost---Sampling: 1.63s--| 
2024-05-23 18:50:59,081 - root - INFO - [testing at epoch-55]
2024-05-23 18:50:59,081 - root - INFO - {'precision': array([0.02996716, 0.01756442]), 'recall': array([0.06488455, 0.18166985]), 'ndcg': array([0.1194325 , 0.22350067]), 'auc': array([0.])}
2024-05-23 18:50:59,082 - root - INFO - EPOCH[56/100] all_loss: 0.168 | time cost---Sampling: 1.49s--| 
2024-05-23 18:51:28,999 - root - INFO - [testing at epoch-56]
2024-05-23 18:51:29,000 - root - INFO - {'precision': array([0.02986137, 0.017494  ]), 'recall': array([0.0645025 , 0.18080844]), 'ndcg': array([0.11913122, 0.22291293]), 'auc': array([0.])}
2024-05-23 18:51:29,000 - root - INFO - EPOCH[57/100] all_loss: 0.165 | time cost---Sampling: 1.49s--| 
2024-05-23 18:51:58,865 - root - INFO - [testing at epoch-57]
2024-05-23 18:51:58,865 - root - INFO - {'precision': array([0.02979822, 0.01743811]), 'recall': array([0.064304 , 0.1799367]), 'ndcg': array([0.11891171, 0.2223484 ]), 'auc': array([0.])}
2024-05-23 18:51:58,866 - root - INFO - EPOCH[58/100] all_loss: 0.161 | time cost---Sampling: 1.49s--| 
2024-05-23 18:52:28,783 - root - INFO - [testing at epoch-58]
2024-05-23 18:52:28,783 - root - INFO - {'precision': array([0.02969243, 0.01738664]), 'recall': array([0.06409412, 0.17918276]), 'ndcg': array([0.11869657, 0.22187564]), 'auc': array([0.])}
2024-05-23 18:52:28,784 - root - INFO - EPOCH[59/100] all_loss: 0.158 | time cost---Sampling: 1.48s--| 
2024-05-23 18:52:58,689 - root - INFO - [testing at epoch-59]
2024-05-23 18:52:58,689 - root - INFO - {'precision': array([0.02964349, 0.01730801]), 'recall': array([0.06396811, 0.17813745]), 'ndcg': array([0.11857811, 0.22118781]), 'auc': array([0.])}
2024-05-23 18:52:58,690 - root - INFO - EPOCH[60/100] all_loss: 0.155 | time cost---Sampling: 1.48s--| 
2024-05-23 18:53:28,616 - root - INFO - [testing at epoch-60]
2024-05-23 18:53:28,616 - root - INFO - {'precision': array([0.02957718, 0.01724612]), 'recall': array([0.06380489, 0.17703663]), 'ndcg': array([0.11857589, 0.22060828]), 'auc': array([0.])}
2024-05-23 18:53:28,617 - root - INFO - EPOCH[61/100] all_loss: 0.152 | time cost---Sampling: 1.48s--| 
2024-05-23 18:53:58,515 - root - INFO - [testing at epoch-61]
2024-05-23 18:53:58,515 - root - INFO - {'precision': array([0.0294935 , 0.01716528]), 'recall': array([0.06359783, 0.17609227]), 'ndcg': array([0.11839536, 0.22003531]), 'auc': array([0.])}
2024-05-23 18:53:58,516 - root - INFO - EPOCH[62/100] all_loss: 0.149 | time cost---Sampling: 1.49s--| 
2024-05-23 18:54:28,418 - root - INFO - [testing at epoch-62]
2024-05-23 18:54:28,419 - root - INFO - {'precision': array([0.02937824, 0.01711507]), 'recall': array([0.0632222 , 0.17540682]), 'ndcg': array([0.11812576, 0.21948138]), 'auc': array([0.])}
2024-05-23 18:54:28,419 - root - INFO - EPOCH[63/100] all_loss: 0.146 | time cost---Sampling: 1.48s--| 
2024-05-23 18:54:58,277 - root - INFO - [testing at epoch-63]
2024-05-23 18:54:58,278 - root - INFO - {'precision': array([0.0292393 , 0.01703391]), 'recall': array([0.06287379, 0.17419454]), 'ndcg': array([0.11784103, 0.21885016]), 'auc': array([0.])}
2024-05-23 18:54:58,278 - root - INFO - EPOCH[64/100] all_loss: 0.144 | time cost---Sampling: 1.48s--| 
2024-05-23 18:55:28,256 - root - INFO - [testing at epoch-64]
2024-05-23 18:55:28,256 - root - INFO - {'precision': array([0.02907035, 0.01695718]), 'recall': array([0.06252082, 0.17327319]), 'ndcg': array([0.11752504, 0.21827954]), 'auc': array([0.])}
2024-05-23 18:55:28,257 - root - INFO - EPOCH[65/100] all_loss: 0.141 | time cost---Sampling: 1.49s--| 
2024-05-23 18:55:58,145 - root - INFO - [testing at epoch-65]
2024-05-23 18:55:58,145 - root - INFO - {'precision': array([0.02898667, 0.01691487]), 'recall': array([0.06221152, 0.17254131]), 'ndcg': array([0.11728512, 0.21764378]), 'auc': array([0.])}
2024-05-23 18:55:58,146 - root - INFO - EPOCH[66/100] all_loss: 0.138 | time cost---Sampling: 1.49s--| 
2024-05-23 18:56:45,805 - root - INFO - [testing at epoch-66]
2024-05-23 18:56:45,806 - root - INFO - {'precision': array([0.02894247, 0.01684919]), 'recall': array([0.06206972, 0.17177738]), 'ndcg': array([0.11723581, 0.217276  ]), 'auc': array([0.])}
2024-05-23 18:56:45,807 - root - INFO - EPOCH[67/100] all_loss: 0.136 | time cost---Sampling: 1.48s--| 
2024-05-23 18:57:19,005 - root - INFO - [testing at epoch-67]
2024-05-23 18:57:19,005 - root - INFO - {'precision': array([0.02882563, 0.01677056]), 'recall': array([0.06166273, 0.17069953]), 'ndcg': array([0.1170673, 0.2166789]), 'auc': array([0.])}
2024-05-23 18:57:19,006 - root - INFO - EPOCH[68/100] all_loss: 0.134 | time cost---Sampling: 1.49s--| 
2024-05-23 18:57:48,951 - root - INFO - [testing at epoch-68]
2024-05-23 18:57:48,952 - root - INFO - {'precision': array([0.02874826, 0.01670235]), 'recall': array([0.06140009, 0.16984591]), 'ndcg': array([0.1166541 , 0.21584151]), 'auc': array([0.])}
2024-05-23 18:57:48,952 - root - INFO - EPOCH[69/100] all_loss: 0.131 | time cost---Sampling: 1.48s--| 
2024-05-23 18:58:18,886 - root - INFO - [testing at epoch-69]
2024-05-23 18:58:18,886 - root - INFO - {'precision': array([0.02867563, 0.01664583]), 'recall': array([0.06121786, 0.16910906]), 'ndcg': array([0.11665666, 0.21551565]), 'auc': array([0.])}
2024-05-23 18:58:18,887 - root - INFO - EPOCH[70/100] all_loss: 0.129 | time cost---Sampling: 1.49s--| 
2024-05-23 18:58:48,730 - root - INFO - [testing at epoch-70]
2024-05-23 18:58:48,730 - root - INFO - {'precision': array([0.02859511, 0.01659909]), 'recall': array([0.06100052, 0.16840211]), 'ndcg': array([0.1164085 , 0.21499211]), 'auc': array([0.])}
2024-05-23 18:58:48,731 - root - INFO - EPOCH[71/100] all_loss: 0.127 | time cost---Sampling: 1.47s--| 
2024-05-23 18:59:18,691 - root - INFO - [testing at epoch-71]
2024-05-23 18:59:18,691 - root - INFO - {'precision': array([0.02846722, 0.0165312 ]), 'recall': array([0.06067437, 0.16743524]), 'ndcg': array([0.11587241, 0.2142585 ]), 'auc': array([0.])}
2024-05-23 18:59:18,692 - root - INFO - EPOCH[72/100] all_loss: 0.125 | time cost---Sampling: 1.48s--| 
2024-05-23 18:59:48,653 - root - INFO - [testing at epoch-72]
2024-05-23 18:59:48,653 - root - INFO - {'precision': array([0.02838512, 0.01647531]), 'recall': array([0.06040842, 0.16664521]), 'ndcg': array([0.11564298, 0.21365751]), 'auc': array([0.])}
2024-05-23 18:59:48,655 - root - INFO - EPOCH[73/100] all_loss: 0.122 | time cost---Sampling: 1.49s--| 
2024-05-23 19:00:18,539 - root - INFO - [testing at epoch-73]
2024-05-23 19:00:18,539 - root - INFO - {'precision': array([0.02824618, 0.0164172 ]), 'recall': array([0.0600428, 0.1659621]), 'ndcg': array([0.11527151, 0.21312809]), 'auc': array([0.])}
2024-05-23 19:00:18,540 - root - INFO - EPOCH[74/100] all_loss: 0.121 | time cost---Sampling: 1.49s--| 
2024-05-23 19:00:48,468 - root - INFO - [testing at epoch-74]
2024-05-23 19:00:48,468 - root - INFO - {'precision': array([0.02809145, 0.01633479]), 'recall': array([0.0596983, 0.1649849]), 'ndcg': array([0.1148034 , 0.21231382]), 'auc': array([0.])}
2024-05-23 19:00:48,469 - root - INFO - EPOCH[75/100] all_loss: 0.119 | time cost---Sampling: 1.48s--| 
2024-05-23 19:01:18,422 - root - INFO - [testing at epoch-75]
2024-05-23 19:01:18,422 - root - INFO - {'precision': array([0.02804882, 0.01628805]), 'recall': array([0.05958217, 0.16423005]), 'ndcg': array([0.1146809 , 0.21178558]), 'auc': array([0.])}
2024-05-23 19:01:18,423 - root - INFO - EPOCH[76/100] all_loss: 0.117 | time cost---Sampling: 1.49s--| 
2024-05-23 19:01:48,435 - root - INFO - [testing at epoch-76]
2024-05-23 19:01:48,436 - root - INFO - {'precision': array([0.0279304 , 0.01623626]), 'recall': array([0.0592409 , 0.16350401]), 'ndcg': array([0.11429831, 0.21119331]), 'auc': array([0.])}
2024-05-23 19:01:48,437 - root - INFO - EPOCH[77/100] all_loss: 0.115 | time cost---Sampling: 1.55s--| 
2024-05-23 19:02:18,397 - root - INFO - [testing at epoch-77]
2024-05-23 19:02:18,397 - root - INFO - {'precision': array([0.02781672, 0.01618163]), 'recall': array([0.05887871, 0.16272875]), 'ndcg': array([0.11397083, 0.21056945]), 'auc': array([0.])}
2024-05-23 19:02:18,398 - root - INFO - EPOCH[78/100] all_loss: 0.113 | time cost---Sampling: 1.50s--| 
2024-05-23 19:02:48,265 - root - INFO - [testing at epoch-78]
2024-05-23 19:02:48,265 - root - INFO - {'precision': array([0.02778041, 0.01612732]), 'recall': array([0.05868224, 0.16193752]), 'ndcg': array([0.11382369, 0.21010734]), 'auc': array([0.])}
2024-05-23 19:02:48,266 - root - INFO - EPOCH[79/100] all_loss: 0.111 | time cost---Sampling: 1.48s--| 
2024-05-23 19:03:18,193 - root - INFO - [testing at epoch-79]
2024-05-23 19:03:18,193 - root - INFO - {'precision': array([0.02773462, 0.01606132]), 'recall': array([0.05852635, 0.16115792]), 'ndcg': array([0.1137607 , 0.20965704]), 'auc': array([0.])}
2024-05-23 19:03:18,194 - root - INFO - EPOCH[80/100] all_loss: 0.110 | time cost---Sampling: 1.48s--| 
2024-05-23 19:03:48,145 - root - INFO - [testing at epoch-80]
2024-05-23 19:03:48,145 - root - INFO - {'precision': array([0.02764936, 0.01601901]), 'recall': array([0.05830229, 0.16054412]), 'ndcg': array([0.11349316, 0.20918388]), 'auc': array([0.])}
2024-05-23 19:03:48,146 - root - INFO - EPOCH[81/100] all_loss: 0.108 | time cost---Sampling: 1.48s--| 
2024-05-23 19:04:18,906 - root - INFO - [testing at epoch-81]
2024-05-23 19:04:18,906 - root - INFO - {'precision': array([0.02761305, 0.01595459]), 'recall': array([0.05816989, 0.15968051]), 'ndcg': array([0.11340264, 0.20870198]), 'auc': array([0.])}
2024-05-23 19:04:18,907 - root - INFO - EPOCH[82/100] all_loss: 0.107 | time cost---Sampling: 1.50s--| 
2024-05-23 19:04:49,993 - root - INFO - [testing at epoch-82]
2024-05-23 19:04:49,993 - root - INFO - {'precision': array([0.02742516, 0.01589365]), 'recall': array([0.05774081, 0.15899108]), 'ndcg': array([0.11304191, 0.2082149 ]), 'auc': array([0.])}
2024-05-23 19:04:49,994 - root - INFO - EPOCH[83/100] all_loss: 0.105 | time cost---Sampling: 1.70s--| 
2024-05-23 19:05:20,502 - root - INFO - [testing at epoch-83]
2024-05-23 19:05:20,503 - root - INFO - {'precision': array([0.02729727, 0.0158387 ]), 'recall': array([0.05741145, 0.15815084]), 'ndcg': array([0.11268944, 0.20765881]), 'auc': array([0.])}
2024-05-23 19:05:20,503 - root - INFO - EPOCH[84/100] all_loss: 0.103 | time cost---Sampling: 1.78s--| 
2024-05-23 19:05:51,310 - root - INFO - [testing at epoch-84]
2024-05-23 19:05:51,310 - root - INFO - {'precision': array([0.02724359, 0.01579134]), 'recall': array([0.05712666, 0.1575899 ]), 'ndcg': array([0.11235331, 0.20720633]), 'auc': array([0.])}
2024-05-23 19:05:51,311 - root - INFO - EPOCH[85/100] all_loss: 0.102 | time cost---Sampling: 1.49s--| 
2024-05-23 19:06:22,495 - root - INFO - [testing at epoch-85]
2024-05-23 19:06:22,495 - root - INFO - {'precision': array([0.02716465, 0.01573986]), 'recall': array([0.05694926, 0.15684584]), 'ndcg': array([0.11227479, 0.20677673]), 'auc': array([0.])}
2024-05-23 19:06:22,496 - root - INFO - EPOCH[86/100] all_loss: 0.101 | time cost---Sampling: 1.78s--| 
2024-05-23 19:06:52,747 - root - INFO - [testing at epoch-86]
2024-05-23 19:06:52,747 - root - INFO - {'precision': array([0.02709833, 0.01568492]), 'recall': array([0.05672526, 0.15603105]), 'ndcg': array([0.1120221 , 0.20616631]), 'auc': array([0.])}
2024-05-23 19:06:52,748 - root - INFO - EPOCH[87/100] all_loss: 0.100 | time cost---Sampling: 1.62s--| 
2024-05-23 19:07:22,692 - root - INFO - [testing at epoch-87]
2024-05-23 19:07:22,692 - root - INFO - {'precision': array([0.02696413, 0.01563061]), 'recall': array([0.05644124, 0.15539303]), 'ndcg': array([0.11188844, 0.20580596]), 'auc': array([0.])}
2024-05-23 19:07:22,693 - root - INFO - EPOCH[88/100] all_loss: 0.098 | time cost---Sampling: 1.49s--| 
2024-05-23 19:07:52,700 - root - INFO - [testing at epoch-88]
2024-05-23 19:07:52,700 - root - INFO - {'precision': array([0.02695623, 0.01557282]), 'recall': array([0.05631727, 0.15478688]), 'ndcg': array([0.1118561, 0.2053159]), 'auc': array([0.])}
2024-05-23 19:07:52,701 - root - INFO - EPOCH[89/100] all_loss: 0.097 | time cost---Sampling: 1.49s--| 
2024-05-23 19:08:22,631 - root - INFO - [testing at epoch-89]
2024-05-23 19:08:22,631 - root - INFO - {'precision': array([0.02681256, 0.01554724]), 'recall': array([0.05598984, 0.15425205]), 'ndcg': array([0.11153289, 0.20498491]), 'auc': array([0.])}
2024-05-23 19:08:22,632 - root - INFO - EPOCH[90/100] all_loss: 0.095 | time cost---Sampling: 1.49s--| 
2024-05-23 19:08:52,602 - root - INFO - [testing at epoch-90]
2024-05-23 19:08:52,602 - root - INFO - {'precision': array([0.02670045, 0.01546419]), 'recall': array([0.05574749, 0.15327574]), 'ndcg': array([0.11134167, 0.2043473 ]), 'auc': array([0.])}
2024-05-23 19:08:52,603 - root - INFO - EPOCH[91/100] all_loss: 0.094 | time cost---Sampling: 1.48s--| 
2024-05-23 19:09:22,541 - root - INFO - [testing at epoch-91]
2024-05-23 19:09:22,541 - root - INFO - {'precision': array([0.02662941, 0.01543924]), 'recall': array([0.05549686, 0.15289868]), 'ndcg': array([0.11097158, 0.20384464]), 'auc': array([0.])}
2024-05-23 19:09:22,542 - root - INFO - EPOCH[92/100] all_loss: 0.093 | time cost---Sampling: 1.49s--| 
2024-05-23 19:09:52,420 - root - INFO - [testing at epoch-92]
2024-05-23 19:09:52,420 - root - INFO - {'precision': array([0.02651888, 0.01537767]), 'recall': array([0.05531422, 0.15204429]), 'ndcg': array([0.11084494, 0.20342527]), 'auc': array([0.])}
2024-05-23 19:09:52,421 - root - INFO - EPOCH[93/100] all_loss: 0.092 | time cost---Sampling: 1.48s--| 
2024-05-23 19:10:22,379 - root - INFO - [testing at epoch-93]
2024-05-23 19:10:22,379 - root - INFO - {'precision': array([0.02640994, 0.01532178]), 'recall': array([0.05494658, 0.15127605]), 'ndcg': array([0.11041908, 0.20279091]), 'auc': array([0.])}
2024-05-23 19:10:22,380 - root - INFO - EPOCH[94/100] all_loss: 0.091 | time cost---Sampling: 1.49s--| 
2024-05-23 19:10:52,245 - root - INFO - [testing at epoch-94]
2024-05-23 19:10:52,245 - root - INFO - {'precision': array([0.02637047, 0.01529872]), 'recall': array([0.05487846, 0.15089442]), 'ndcg': array([0.11034061, 0.20238475]), 'auc': array([0.])}
2024-05-23 19:10:52,246 - root - INFO - EPOCH[95/100] all_loss: 0.089 | time cost---Sampling: 1.49s--| 
2024-05-23 19:11:22,266 - root - INFO - [testing at epoch-95]
2024-05-23 19:11:22,266 - root - INFO - {'precision': array([0.02635942, 0.0152422 ]), 'recall': array([0.05476103, 0.15030218]), 'ndcg': array([0.11028755, 0.20198089]), 'auc': array([0.])}
2024-05-23 19:11:22,267 - root - INFO - EPOCH[96/100] all_loss: 0.089 | time cost---Sampling: 1.48s--| 
2024-05-23 19:11:52,244 - root - INFO - [testing at epoch-96]
2024-05-23 19:11:52,244 - root - INFO - {'precision': array([0.02626942, 0.01520873]), 'recall': array([0.05449368, 0.14978289]), 'ndcg': array([0.10978165, 0.20139551]), 'auc': array([0.])}
2024-05-23 19:11:52,245 - root - INFO - EPOCH[97/100] all_loss: 0.087 | time cost---Sampling: 1.50s--| 
2024-05-23 19:12:22,145 - root - INFO - [testing at epoch-97]
2024-05-23 19:12:22,145 - root - INFO - {'precision': array([0.02623784, 0.01515536]), 'recall': array([0.05436975, 0.1490679 ]), 'ndcg': array([0.10985095, 0.20110226]), 'auc': array([0.])}
2024-05-23 19:12:22,146 - root - INFO - EPOCH[98/100] all_loss: 0.086 | time cost---Sampling: 1.48s--| 
2024-05-23 19:12:52,139 - root - INFO - [testing at epoch-98]
2024-05-23 19:12:52,139 - root - INFO - {'precision': array([0.02605469, 0.01508968]), 'recall': array([0.053942  , 0.14842261]), 'ndcg': array([0.10940506, 0.20052305]), 'auc': array([0.])}
2024-05-23 19:12:52,140 - root - INFO - EPOCH[99/100] all_loss: 0.085 | time cost---Sampling: 1.48s--| 
2024-05-23 19:13:22,123 - root - INFO - [testing at epoch-99]
2024-05-23 19:13:22,123 - root - INFO - {'precision': array([0.02598996, 0.01504326]), 'recall': array([0.05376458, 0.14779861]), 'ndcg': array([0.10924301, 0.20007998]), 'auc': array([0.])}
2024-05-23 19:13:22,124 - root - INFO - EPOCH[100/100] all_loss: 0.084 | time cost---Sampling: 1.48s--| 
