2024-06-15 00:55:00,286 - root - INFO - Namespace(N=25, R=100, alpha=0.5, bpr_neg_num=1, compute_rank=1, dataset='pinterest', dim=256, epoch=60, eps=1e-20, layers=2, lmd2=0.1, lr=0.0005, model='bgr', neg_ratio=16, norm_a=1.0, save_embed=1, seed=2021, tensorboard=True, test_batch=100, test_file='test.txt', topks=[20, 100], train_batch=2048, train_file='train.txt', weight=0.0001)
2024-06-15 00:55:53,873 - root - INFO - [testing at epoch-0]
2024-06-15 00:55:53,873 - root - INFO - {'precision': array([0.04421955, 0.0232298 ]), 'recall': array([0.15611187, 0.40828366]), 'ndcg': array([0.1680545 , 0.29740259]), 'auc': array([0.])}
2024-06-15 00:55:53,874 - root - INFO - EPOCH[1/60] all_loss: 0.642 | bpr_loss:0.4433353449838281 | rd_loss:0.15020325788208638 | time cost---Sampling: 0.58s--| 
rd_loss-0: 0.18317615377659702 | rd_loss-1: 0.1489102130890556 | rd_loss-2: 0.11852339109153606 |  
2024-06-15 00:56:46,414 - root - INFO - [testing at epoch-1]
2024-06-15 00:56:46,414 - root - INFO - {'precision': array([0.0442123 , 0.02324702]), 'recall': array([0.15611984, 0.40883996]), 'ndcg': array([0.16786216, 0.29757   ]), 'auc': array([0.])}
2024-06-15 00:56:46,415 - root - INFO - EPOCH[2/60] all_loss: 0.594 | bpr_loss:0.4287023689176245 | rd_loss:0.1160378303371909 | time cost---Sampling: 0.50s--| 
rd_loss-0: 0.16875670537877835 | rd_loss-1: 0.11116490033429274 | rd_loss-2: 0.06819187796541623 |  
2024-06-15 00:57:40,565 - root - INFO - [testing at epoch-2]
2024-06-15 00:57:40,565 - root - INFO - {'precision': array([0.04441434, 0.0233465 ]), 'recall': array([0.15687412, 0.41071413]), 'ndcg': array([0.16861565, 0.29878501]), 'auc': array([0.])}
2024-06-15 00:57:40,566 - root - INFO - EPOCH[3/60] all_loss: 0.575 | bpr_loss:0.4236792615150034 | rd_loss:0.10171925402306892 | time cost---Sampling: 0.60s--| 
rd_loss-0: 0.1601823114674255 | rd_loss-1: 0.09411108688708802 | rd_loss-2: 0.05086435546929186 |  
2024-06-15 00:58:35,267 - root - INFO - [testing at epoch-3]
2024-06-15 00:58:35,267 - root - INFO - {'precision': array([0.04465625, 0.02342822]), 'recall': array([0.15780985, 0.41227508]), 'ndcg': array([0.16932446, 0.29960891]), 'auc': array([0.])}
2024-06-15 00:58:35,268 - root - INFO - EPOCH[4/60] all_loss: 0.562 | bpr_loss:0.4182371230094464 | rd_loss:0.09405097661190882 | time cost---Sampling: 0.55s--| 
rd_loss-0: 0.15434622830937655 | rd_loss-1: 0.08475581444592556 | rd_loss-2: 0.04305087985101127 |  
2024-06-15 00:59:29,596 - root - INFO - [testing at epoch-4]
2024-06-15 00:59:29,597 - root - INFO - {'precision': array([0.04490994, 0.02349926]), 'recall': array([0.15867239, 0.41343193]), 'ndcg': array([0.16999986, 0.30038658]), 'auc': array([0.])}
2024-06-15 00:59:29,597 - root - INFO - EPOCH[5/60] all_loss: 0.552 | bpr_loss:0.413563330673331 | rd_loss:0.08904321392192911 | time cost---Sampling: 0.54s--| 
rd_loss-0: 0.14981033424941861 | rd_loss-1: 0.07861624866834598 | rd_loss-2: 0.03870305118318613 |  
2024-06-15 01:00:25,632 - root - INFO - [testing at epoch-5]
2024-06-15 01:00:25,632 - root - INFO - {'precision': array([0.04508843, 0.02358026]), 'recall': array([0.15933259, 0.41491289]), 'ndcg': array([0.17040003, 0.30116362]), 'auc': array([0.])}
2024-06-15 01:00:25,634 - root - INFO - EPOCH[6/60] all_loss: 0.544 | bpr_loss:0.4093301652866746 | rd_loss:0.0855179114858162 | time cost---Sampling: 0.55s--| 
rd_loss-0: 0.1461331108118475 | rd_loss-1: 0.07434686549795802 | rd_loss-2: 0.0360737506486821 |  
2024-06-15 01:01:19,788 - root - INFO - [testing at epoch-6]
2024-06-15 01:01:19,788 - root - INFO - {'precision': array([0.04524608, 0.02364839]), 'recall': array([0.15985404, 0.41605248]), 'ndcg': array([0.17111147, 0.3019216 ]), 'auc': array([0.])}
2024-06-15 01:01:19,789 - root - INFO - EPOCH[7/60] all_loss: 0.537 | bpr_loss:0.40488517804136964 | rd_loss:0.08277711288827248 | time cost---Sampling: 0.72s--| 
rd_loss-0: 0.14294498086196814 | rd_loss-1: 0.07112405280511765 | rd_loss-2: 0.03426229725686871 |  
2024-06-15 01:02:15,461 - root - INFO - [testing at epoch-7]
2024-06-15 01:02:15,461 - root - INFO - {'precision': array([0.04550339, 0.02372232]), 'recall': array([0.16073893, 0.41745672]), 'ndcg': array([0.17165333, 0.3024271 ]), 'auc': array([0.])}
2024-06-15 01:02:15,462 - root - INFO - EPOCH[8/60] all_loss: 0.530 | bpr_loss:0.40053732701489125 | rd_loss:0.08050462621538891 | time cost---Sampling: 0.50s--| 
rd_loss-0: 0.14009077166913833 | rd_loss-1: 0.06851117362670862 | rd_loss-2: 0.032911926200388755 |  
2024-06-15 01:03:09,378 - root - INFO - [testing at epoch-8]
2024-06-15 01:03:09,379 - root - INFO - {'precision': array([0.04560758, 0.02378592]), 'recall': array([0.16110276, 0.4184338 ]), 'ndcg': array([0.17197632, 0.30295874]), 'auc': array([0.])}
2024-06-15 01:03:09,379 - root - INFO - EPOCH[9/60] all_loss: 0.524 | bpr_loss:0.39693931082405276 | rd_loss:0.07862618612557484 | time cost---Sampling: 0.73s--| 
rd_loss-0: 0.13752873341426777 | rd_loss-1: 0.06642843914219974 | rd_loss-2: 0.03192137791351839 |  
2024-06-15 01:04:03,103 - root - INFO - [testing at epoch-9]
2024-06-15 01:04:03,104 - root - INFO - {'precision': array([0.0457163 , 0.02382452]), 'recall': array([0.16158155, 0.41912095]), 'ndcg': array([0.17220539, 0.30336357]), 'auc': array([0.])}
2024-06-15 01:04:03,104 - root - INFO - EPOCH[10/60] all_loss: 0.518 | bpr_loss:0.3925086362131894 | rd_loss:0.07694407237316991 | time cost---Sampling: 0.58s--| 
rd_loss-0: 0.13510764347378973 | rd_loss-1: 0.06460321298584425 | rd_loss-2: 0.031121353423551195 |  
2024-06-15 01:04:56,915 - root - INFO - [testing at epoch-10]
2024-06-15 01:04:56,915 - root - INFO - {'precision': array([0.04599536, 0.02385043]), 'recall': array([0.16249348, 0.41968447]), 'ndcg': array([0.17310645, 0.30385528]), 'auc': array([0.])}
2024-06-15 01:04:56,916 - root - INFO - EPOCH[11/60] all_loss: 0.512 | bpr_loss:0.3884801418418566 | rd_loss:0.07531413965355709 | time cost---Sampling: 0.50s--| 
rd_loss-0: 0.13268737705054665 | rd_loss-1: 0.06286907286585372 | rd_loss-2: 0.030385961562588618 |  
2024-06-15 01:05:49,052 - root - INFO - [testing at epoch-11]
2024-06-15 01:05:49,052 - root - INFO - {'precision': array([0.04604247, 0.02388541]), 'recall': array([0.16270573, 0.42010209]), 'ndcg': array([0.17312466, 0.30402336]), 'auc': array([0.])}
2024-06-15 01:05:49,053 - root - INFO - EPOCH[12/60] all_loss: 0.507 | bpr_loss:0.38478438542371335 | rd_loss:0.07397390503940865 | time cost---Sampling: 0.53s--| 
rd_loss-0: 0.13060212867932328 | rd_loss-1: 0.0614809915077819 | rd_loss-2: 0.02983858742870404 |  
2024-06-15 01:06:41,612 - root - INFO - [testing at epoch-12]
2024-06-15 01:06:41,612 - root - INFO - {'precision': array([0.04622277, 0.02392219]), 'recall': array([0.16339849, 0.42076699]), 'ndcg': array([0.17397146, 0.30468282]), 'auc': array([0.])}
2024-06-15 01:06:41,613 - root - INFO - EPOCH[13/60] all_loss: 0.502 | bpr_loss:0.3812220780548669 | rd_loss:0.07271584059787371 | time cost---Sampling: 0.51s--| 
rd_loss-0: 0.12855449844158648 | rd_loss-1: 0.06022356537642417 | rd_loss-2: 0.029369450856781183 |  
2024-06-15 01:07:31,910 - root - INFO - [testing at epoch-13]
2024-06-15 01:07:31,911 - root - INFO - {'precision': array([0.04627079, 0.02396912]), 'recall': array([0.16352045, 0.42168339]), 'ndcg': array([0.17399542, 0.30496173]), 'auc': array([0.])}
2024-06-15 01:07:31,911 - root - INFO - EPOCH[14/60] all_loss: 0.497 | bpr_loss:0.3771309045338675 | rd_loss:0.07147705865978973 | time cost---Sampling: 0.50s--| 
rd_loss-0: 0.1265448827248115 | rd_loss-1: 0.059005282653395455 | rd_loss-2: 0.028881003758792313 |  
2024-06-15 01:08:23,382 - root - INFO - [testing at epoch-14]
2024-06-15 01:08:23,382 - root - INFO - {'precision': array([0.04628982, 0.02398597]), 'recall': array([0.16359135, 0.42191559]), 'ndcg': array([0.17408121, 0.30501825]), 'auc': array([0.])}
2024-06-15 01:08:23,383 - root - INFO - EPOCH[15/60] all_loss: 0.493 | bpr_loss:0.3742585567574333 | rd_loss:0.07031432524019358 | time cost---Sampling: 0.48s--| 
rd_loss-0: 0.12465814705627085 | rd_loss-1: 0.057866262289279026 | rd_loss-2: 0.028418558264403485 |  
2024-06-15 01:09:16,448 - root - INFO - [testing at epoch-15]
2024-06-15 01:09:16,448 - root - INFO - {'precision': array([0.04634871, 0.02401515]), 'recall': array([0.16383615, 0.42237546]), 'ndcg': array([0.17427104, 0.30528511]), 'auc': array([0.])}
2024-06-15 01:09:16,449 - root - INFO - EPOCH[16/60] all_loss: 0.488 | bpr_loss:0.370248894965715 | rd_loss:0.06925589153076589 | time cost---Sampling: 0.56s--| 
rd_loss-0: 0.12279291303071552 | rd_loss-1: 0.05688822349612921 | rd_loss-2: 0.028086530984636805 |  
2024-06-15 01:10:08,212 - root - INFO - [testing at epoch-16]
2024-06-15 01:10:08,212 - root - INFO - {'precision': array([0.04646831, 0.02403327]), 'recall': array([0.16419624, 0.42272472]), 'ndcg': array([0.17468402, 0.30568727]), 'auc': array([0.])}
2024-06-15 01:10:08,213 - root - INFO - EPOCH[17/60] all_loss: 0.483 | bpr_loss:0.36678061464279615 | rd_loss:0.06816294342832353 | time cost---Sampling: 0.47s--| 
rd_loss-0: 0.12094264922590998 | rd_loss-1: 0.05588603515267814 | rd_loss-2: 0.027660138801376098 |  
2024-06-15 01:10:59,063 - root - INFO - [testing at epoch-17]
2024-06-15 01:10:59,064 - root - INFO - {'precision': array([0.0465127 , 0.02401587]), 'recall': array([0.16433886, 0.42236194]), 'ndcg': array([0.17506001, 0.30580196]), 'auc': array([0.])}
2024-06-15 01:10:59,064 - root - INFO - EPOCH[18/60] all_loss: 0.478 | bpr_loss:0.3622550605511179 | rd_loss:0.06708928069068683 | time cost---Sampling: 0.47s--| 
rd_loss-0: 0.1191174760737313 | rd_loss-1: 0.054903255454186825 | rd_loss-2: 0.027247103318185 |  
2024-06-15 01:11:51,578 - root - INFO - [testing at epoch-18]
2024-06-15 01:11:51,579 - root - INFO - {'precision': array([0.04653354, 0.02404613]), 'recall': array([0.16447127, 0.42297123]), 'ndcg': array([0.17510935, 0.30594178]), 'auc': array([0.])}
2024-06-15 01:11:51,579 - root - INFO - EPOCH[19/60] all_loss: 0.473 | bpr_loss:0.35880024811332434 | rd_loss:0.06612168455665762 | time cost---Sampling: 0.47s--| 
rd_loss-0: 0.11738756375045192 | rd_loss-1: 0.054043508139965925 | rd_loss-2: 0.026933974055970755 |  
2024-06-15 01:12:44,037 - root - INFO - [testing at epoch-19]
2024-06-15 01:12:44,037 - root - INFO - {'precision': array([0.04664408, 0.02407241]), 'recall': array([0.16481917, 0.42344531]), 'ndcg': array([0.17520718, 0.3060511 ]), 'auc': array([0.])}
2024-06-15 01:12:44,038 - root - INFO - EPOCH[20/60] all_loss: 0.470 | bpr_loss:0.35630866868597677 | rd_loss:0.06529426928575052 | time cost---Sampling: 0.50s--| 
rd_loss-0: 0.11576223724516513 | rd_loss-1: 0.05337259685534272 | rd_loss-2: 0.026747966008969275 |  
2024-06-15 01:13:33,818 - root - INFO - [testing at epoch-20]
2024-06-15 01:13:33,818 - root - INFO - {'precision': array([0.04674193, 0.02406208]), 'recall': array([0.16506645, 0.42309751]), 'ndcg': array([0.17588145, 0.30658773]), 'auc': array([0.])}
2024-06-15 01:13:33,819 - root - INFO - EPOCH[21/60] all_loss: 0.466 | bpr_loss:0.35267024132006686 | rd_loss:0.06443636196774322 | time cost---Sampling: 0.52s--| 
rd_loss-0: 0.11417670843773738 | rd_loss-1: 0.05266464527882981 | rd_loss-2: 0.02646772495379364 |  
2024-06-15 01:14:23,951 - root - INFO - [testing at epoch-21]
2024-06-15 01:14:23,951 - root - INFO - {'precision': array([0.04670569, 0.02407332]), 'recall': array([0.16494873, 0.4233653 ]), 'ndcg': array([0.17559458, 0.30644544]), 'auc': array([0.])}
2024-06-15 01:14:23,952 - root - INFO - EPOCH[22/60] all_loss: 0.462 | bpr_loss:0.3492977762930026 | rd_loss:0.06358938465838308 | time cost---Sampling: 0.52s--| 
rd_loss-0: 0.11261394418126355 | rd_loss-1: 0.051960039406959556 | rd_loss-2: 0.02619416346161839 |  
2024-06-15 01:15:13,888 - root - INFO - [testing at epoch-22]
2024-06-15 01:15:13,889 - root - INFO - {'precision': array([0.04672924, 0.02410956]), 'recall': array([0.16495053, 0.42401945]), 'ndcg': array([0.17544644, 0.30660693]), 'auc': array([0.])}
2024-06-15 01:15:13,889 - root - INFO - EPOCH[23/60] all_loss: 0.458 | bpr_loss:0.34585237635752264 | rd_loss:0.06273104090084614 | time cost---Sampling: 0.50s--| 
rd_loss-0: 0.1110278106742091 | rd_loss-1: 0.051250311281663366 | rd_loss-2: 0.025914994903005563 |  
2024-06-15 01:16:03,727 - root - INFO - [testing at epoch-23]
2024-06-15 01:16:03,728 - root - INFO - {'precision': array([0.04678723, 0.02410611]), 'recall': array([0.16509843, 0.42402176]), 'ndcg': array([0.1757871 , 0.30687481]), 'auc': array([0.])}
2024-06-15 01:16:03,728 - root - INFO - EPOCH[24/60] all_loss: 0.454 | bpr_loss:0.3424782543434504 | rd_loss:0.06193777008573067 | time cost---Sampling: 0.49s--| 
rd_loss-0: 0.10954107827954478 | rd_loss-1: 0.05059027653152956 | rd_loss-2: 0.025681950939829584 |  
2024-06-15 01:16:53,373 - root - INFO - [testing at epoch-24]
2024-06-15 01:16:53,373 - root - INFO - {'precision': array([0.04682891, 0.02411046]), 'recall': array([0.16531301, 0.42404678]), 'ndcg': array([0.17570053, 0.30662013]), 'auc': array([0.])}
2024-06-15 01:16:53,374 - root - INFO - EPOCH[25/60] all_loss: 0.450 | bpr_loss:0.3396530905548407 | rd_loss:0.061237322999396 | time cost---Sampling: 0.55s--| 
rd_loss-0: 0.10814255216126097 | rd_loss-1: 0.05004054464828327 | rd_loss-2: 0.025528868328579504 |  
2024-06-15 01:17:42,891 - root - INFO - [testing at epoch-25]
2024-06-15 01:17:42,892 - root - INFO - {'precision': array([0.0469476 , 0.02409506]), 'recall': array([0.16573082, 0.42363485]), 'ndcg': array([0.17645508, 0.30703685]), 'auc': array([0.])}
2024-06-15 01:17:42,893 - root - INFO - EPOCH[26/60] all_loss: 0.446 | bpr_loss:0.3362404357413856 | rd_loss:0.06048768873504451 | time cost---Sampling: 0.47s--| 
rd_loss-0: 0.10669260111279744 | rd_loss-1: 0.04943922996272183 | rd_loss-2: 0.02533123198834443 |  
2024-06-15 01:18:33,441 - root - INFO - [testing at epoch-26]
2024-06-15 01:18:33,441 - root - INFO - {'precision': array([0.04698021, 0.0241197 ]), 'recall': array([0.16577498, 0.42406035]), 'ndcg': array([0.17637457, 0.30703967]), 'auc': array([0.])}
2024-06-15 01:18:33,442 - root - INFO - EPOCH[27/60] all_loss: 0.443 | bpr_loss:0.3330106374173527 | rd_loss:0.0597600139926338 | time cost---Sampling: 0.49s--| 
rd_loss-0: 0.10526092774848106 | rd_loss-1: 0.04886904850961547 | rd_loss-2: 0.02515006196686863 |  
2024-06-15 01:19:23,810 - root - INFO - [testing at epoch-27]
2024-06-15 01:19:23,810 - root - INFO - {'precision': array([0.04692041, 0.02410412]), 'recall': array([0.16554805, 0.42368417]), 'ndcg': array([0.17612702, 0.30678042]), 'auc': array([0.])}
2024-06-15 01:19:23,811 - root - INFO - EPOCH[28/60] all_loss: 0.439 | bpr_loss:0.3303311957056757 | rd_loss:0.05911289980714529 | time cost---Sampling: 0.53s--| 
rd_loss-0: 0.1039761028534185 | rd_loss-1: 0.04837263809561951 | rd_loss-2: 0.024989955241278727 |  
2024-06-15 01:20:13,368 - root - INFO - [testing at epoch-28]
2024-06-15 01:20:13,368 - root - INFO - {'precision': array([0.04696843, 0.02411083]), 'recall': array([0.16576751, 0.42396588]), 'ndcg': array([0.17618228, 0.30679555]), 'auc': array([0.])}
2024-06-15 01:20:13,369 - root - INFO - EPOCH[29/60] all_loss: 0.435 | bpr_loss:0.3266515722411904 | rd_loss:0.0584615273591207 | time cost---Sampling: 0.47s--| 
rd_loss-0: 0.1026817024141163 | rd_loss-1: 0.04789006329229679 | rd_loss-2: 0.024812812797711376 |  
2024-06-15 01:21:03,131 - root - INFO - [testing at epoch-29]
2024-06-15 01:21:03,131 - root - INFO - {'precision': array([0.04698565, 0.02409832]), 'recall': array([0.16584301, 0.42365101]), 'ndcg': array([0.17634786, 0.30685066]), 'auc': array([0.])}
2024-06-15 01:21:03,132 - root - INFO - EPOCH[30/60] all_loss: 0.433 | bpr_loss:0.32471017956954873 | rd_loss:0.057836932712450544 | time cost---Sampling: 0.53s--| 
rd_loss-0: 0.10143142402282672 | rd_loss-1: 0.047429182533872814 | rd_loss-2: 0.024650187520154774 |  
2024-06-15 01:21:52,808 - root - INFO - [testing at epoch-30]
2024-06-15 01:21:52,809 - root - INFO - {'precision': array([0.04696028, 0.02411372]), 'recall': array([0.1658305 , 0.42396974]), 'ndcg': array([0.17623273, 0.30680874]), 'auc': array([0.])}
2024-06-15 01:21:52,809 - root - INFO - EPOCH[31/60] all_loss: 0.430 | bpr_loss:0.3218311775261484 | rd_loss:0.057176560163497925 | time cost---Sampling: 0.50s--| 
rd_loss-0: 0.10013456782239709 | rd_loss-1: 0.04694646046063232 | rd_loss-2: 0.024448648274829524 |  
2024-06-15 01:22:42,457 - root - INFO - [testing at epoch-31]
2024-06-15 01:22:42,457 - root - INFO - {'precision': array([0.04691045, 0.02411952]), 'recall': array([0.16559347, 0.42400575]), 'ndcg': array([0.17611889, 0.30680894]), 'auc': array([0.])}
2024-06-15 01:22:42,458 - root - INFO - EPOCH[32/60] all_loss: 0.426 | bpr_loss:0.31884040118148466 | rd_loss:0.05659753440124206 | time cost---Sampling: 0.52s--| 
rd_loss-0: 0.09894881459689096 | rd_loss-1: 0.04654250866932197 | rd_loss-2: 0.024301276367731352 |  
2024-06-15 01:23:31,907 - root - INFO - [testing at epoch-32]
2024-06-15 01:23:31,907 - root - INFO - {'precision': array([0.04698112, 0.02410122]), 'recall': array([0.16580068, 0.42368382]), 'ndcg': array([0.17630558, 0.3068531 ]), 'auc': array([0.])}
2024-06-15 01:23:31,908 - root - INFO - EPOCH[33/60] all_loss: 0.423 | bpr_loss:0.3157679075323363 | rd_loss:0.05597131552800177 | time cost---Sampling: 0.53s--| 
rd_loss-0: 0.09774668546521376 | rd_loss-1: 0.046087245379120165 | rd_loss-2: 0.024080011997102364 |  
2024-06-15 01:24:22,742 - root - INFO - [testing at epoch-33]
2024-06-15 01:24:22,742 - root - INFO - {'precision': array([0.04699924, 0.02409325]), 'recall': array([0.16585352, 0.42361517]), 'ndcg': array([0.1761553 , 0.30673052]), 'auc': array([0.])}
2024-06-15 01:24:22,743 - root - INFO - EPOCH[34/60] all_loss: 0.420 | bpr_loss:0.3129892955795069 | rd_loss:0.05541989668954945 | time cost---Sampling: 0.50s--| 
rd_loss-0: 0.09661396204430009 | rd_loss-1: 0.04569477722712262 | rd_loss-2: 0.02395094723435523 |  
2024-06-15 01:25:14,106 - root - INFO - [testing at epoch-34]
2024-06-15 01:25:14,106 - root - INFO - {'precision': array([0.0470835 , 0.02413366]), 'recall': array([0.16623903, 0.42420878]), 'ndcg': array([0.17594373, 0.30644991]), 'auc': array([0.])}
2024-06-15 01:25:14,107 - root - INFO - EPOCH[35/60] all_loss: 0.416 | bpr_loss:0.3096661960813243 | rd_loss:0.05481201120702367 | time cost---Sampling: 0.53s--| 
rd_loss-0: 0.09542914133014396 | rd_loss-1: 0.04524157078788099 | rd_loss-2: 0.02376531759114566 |  
2024-06-15 01:26:06,670 - root - INFO - [testing at epoch-35]
2024-06-15 01:26:06,670 - root - INFO - {'precision': array([0.04702098, 0.02411554]), 'recall': array([0.1659235 , 0.42399281]), 'ndcg': array([0.17607752, 0.30658039]), 'auc': array([0.])}
2024-06-15 01:26:06,671 - root - INFO - EPOCH[36/60] all_loss: 0.413 | bpr_loss:0.3073304950748613 | rd_loss:0.05423463385462319 | time cost---Sampling: 0.49s--| 
rd_loss-0: 0.09427076090189433 | rd_loss-1: 0.04482806066192811 | rd_loss-2: 0.023605076309314243 |  
2024-06-15 01:27:00,127 - root - INFO - [testing at epoch-36]
2024-06-15 01:27:00,127 - root - INFO - {'precision': array([0.04702551, 0.02410285]), 'recall': array([0.16594684, 0.42370434]), 'ndcg': array([0.17624734, 0.30667944]), 'auc': array([0.])}
2024-06-15 01:27:00,128 - root - INFO - EPOCH[37/60] all_loss: 0.410 | bpr_loss:0.30478477815307803 | rd_loss:0.053744773123005546 | time cost---Sampling: 0.51s--| 
rd_loss-0: 0.09325767040307978 | rd_loss-1: 0.04449256350578315 | rd_loss-2: 0.023484081503328674 |  
2024-06-15 01:27:53,971 - root - INFO - [testing at epoch-37]
2024-06-15 01:27:53,971 - root - INFO - {'precision': array([0.04709981, 0.02407694]), 'recall': array([0.16623423, 0.42327789]), 'ndcg': array([0.1765507, 0.3066825]), 'auc': array([0.])}
2024-06-15 01:27:53,972 - root - INFO - EPOCH[38/60] all_loss: 0.407 | bpr_loss:0.3017994728291853 | rd_loss:0.053230652029251126 | time cost---Sampling: 0.61s--| 
rd_loss-0: 0.09221498091775986 | rd_loss-1: 0.0441363193716764 | rd_loss-2: 0.023340651924429887 |  
2024-06-15 01:28:47,016 - root - INFO - [testing at epoch-38]
2024-06-15 01:28:47,016 - root - INFO - {'precision': array([0.046963  , 0.02406625]), 'recall': array([0.16573974, 0.42308535]), 'ndcg': array([0.17608523, 0.30637687]), 'auc': array([0.])}
2024-06-15 01:28:47,017 - root - INFO - EPOCH[39/60] all_loss: 0.404 | bpr_loss:0.29907925015035497 | rd_loss:0.05275460347146183 | time cost---Sampling: 0.50s--| 
rd_loss-0: 0.09122679424031546 | rd_loss-1: 0.04381025374516264 | rd_loss-2: 0.02322675848936106 |  
2024-06-15 01:29:40,490 - root - INFO - [testing at epoch-39]
2024-06-15 01:29:40,490 - root - INFO - {'precision': array([0.04700377, 0.0240927 ]), 'recall': array([0.16597565, 0.42351773]), 'ndcg': array([0.17590286, 0.30637678]), 'auc': array([0.])}
2024-06-15 01:29:40,491 - root - INFO - EPOCH[40/60] all_loss: 0.402 | bpr_loss:0.2967779999097778 | rd_loss:0.05224604109139743 | time cost---Sampling: 0.58s--| 
rd_loss-0: 0.09016281971794333 | rd_loss-1: 0.04345932580765634 | rd_loss-2: 0.02311597415116479 |  
2024-06-15 01:30:35,892 - root - INFO - [testing at epoch-40]
2024-06-15 01:30:35,892 - root - INFO - {'precision': array([0.0469639 , 0.02407966]), 'recall': array([0.16569572, 0.42329173]), 'ndcg': array([0.17593204, 0.30645061]), 'auc': array([0.])}
2024-06-15 01:30:35,893 - root - INFO - EPOCH[41/60] all_loss: 0.399 | bpr_loss:0.2946495268362573 | rd_loss:0.05173126434655048 | time cost---Sampling: 0.72s--| 
rd_loss-0: 0.0891386151645533 | rd_loss-1: 0.04311110883094163 | rd_loss-2: 0.02294406533614492 |  
2024-06-15 01:31:31,556 - root - INFO - [testing at epoch-41]
2024-06-15 01:31:31,556 - root - INFO - {'precision': array([0.04694125, 0.02408854]), 'recall': array([0.16568107, 0.42341951]), 'ndcg': array([0.17573107, 0.30626127]), 'auc': array([0.])}
2024-06-15 01:31:31,557 - root - INFO - EPOCH[42/60] all_loss: 0.397 | bpr_loss:0.2923756931288123 | rd_loss:0.051309751522950205 | time cost---Sampling: 0.62s--| 
rd_loss-0: 0.0882090400206357 | rd_loss-1: 0.04285525211266109 | rd_loss-2: 0.022864958537476405 |  
2024-06-15 01:32:27,089 - root - INFO - [testing at epoch-42]
2024-06-15 01:32:27,089 - root - INFO - {'precision': array([0.04695484, 0.02405719]), 'recall': array([0.16562746, 0.42294894]), 'ndcg': array([0.17592607, 0.30622796]), 'auc': array([0.])}
2024-06-15 01:32:27,090 - root - INFO - EPOCH[43/60] all_loss: 0.394 | bpr_loss:0.2897597586732627 | rd_loss:0.05086715389492339 | time cost---Sampling: 0.50s--| 
rd_loss-0: 0.08729820771761418 | rd_loss-1: 0.042550638829511704 | rd_loss-2: 0.02275261158514111 |  
2024-06-15 01:33:23,673 - root - INFO - [testing at epoch-43]
2024-06-15 01:33:23,673 - root - INFO - {'precision': array([0.04693129, 0.02405936]), 'recall': array([0.16562624, 0.42289265]), 'ndcg': array([0.17593178, 0.30620215]), 'auc': array([0.])}
2024-06-15 01:33:23,674 - root - INFO - EPOCH[44/60] all_loss: 0.392 | bpr_loss:0.288080129862274 | rd_loss:0.05051575471856156 | time cost---Sampling: 0.53s--| 
rd_loss-0: 0.08647509703001419 | rd_loss-1: 0.04235576554192904 | rd_loss-2: 0.02271639772713295 |  
2024-06-15 01:34:20,512 - root - INFO - [testing at epoch-44]
2024-06-15 01:34:20,513 - root - INFO - {'precision': array([0.0469331, 0.0240378]), 'recall': array([0.16558723, 0.42243032]), 'ndcg': array([0.17617387, 0.30628531]), 'auc': array([0.])}
2024-06-15 01:34:20,514 - root - INFO - EPOCH[45/60] all_loss: 0.389 | bpr_loss:0.285218726394349 | rd_loss:0.05001282483919874 | time cost---Sampling: 0.51s--| 
rd_loss-0: 0.08548139979810573 | rd_loss-1: 0.042023833108468044 | rd_loss-2: 0.022533237854630475 |  
2024-06-15 01:35:02,234 - root - INFO - [testing at epoch-45]
2024-06-15 01:35:02,234 - root - INFO - {'precision': array([0.04696843, 0.02403816]), 'recall': array([0.16572583, 0.42242301]), 'ndcg': array([0.17590312, 0.30596563]), 'auc': array([0.])}
2024-06-15 01:35:02,235 - root - INFO - EPOCH[46/60] all_loss: 0.387 | bpr_loss:0.28320964142431354 | rd_loss:0.04960299323352679 | time cost---Sampling: 0.49s--| 
rd_loss-0: 0.08469098926641061 | rd_loss-1: 0.04172643180763788 | rd_loss-2: 0.022391554873595655 |  
2024-06-15 01:35:38,096 - root - INFO - [testing at epoch-46]
2024-06-15 01:35:38,096 - root - INFO - {'precision': array([0.04704273, 0.02401316]), 'recall': array([0.1659154 , 0.42200067]), 'ndcg': array([0.17634708, 0.30613003]), 'auc': array([0.])}
2024-06-15 01:35:38,097 - root - INFO - EPOCH[47/60] all_loss: 0.384 | bpr_loss:0.2807924604813995 | rd_loss:0.049201107609858095 | time cost---Sampling: 0.47s--| 
rd_loss-0: 0.08384043159367645 | rd_loss-1: 0.04146484890347951 | rd_loss-2: 0.022298038282288248 |  
2024-06-15 01:36:14,209 - root - INFO - [testing at epoch-47]
2024-06-15 01:36:14,209 - root - INFO - {'precision': array([0.04690411, 0.02398688]), 'recall': array([0.16545616, 0.42156038]), 'ndcg': array([0.17596186, 0.30590033]), 'auc': array([0.])}
2024-06-15 01:36:14,210 - root - INFO - EPOCH[48/60] all_loss: 0.381 | bpr_loss:0.2780971461302274 | rd_loss:0.04880471961617691 | time cost---Sampling: 0.50s--| 
rd_loss-0: 0.08302141582258114 | rd_loss-1: 0.04119038923275493 | rd_loss-2: 0.02220235023723573 |  
2024-06-15 01:36:50,200 - root - INFO - [testing at epoch-48]
2024-06-15 01:36:50,200 - root - INFO - {'precision': array([0.04693763, 0.02398525]), 'recall': array([0.16561405, 0.42151709]), 'ndcg': array([0.17637302, 0.30615677]), 'auc': array([0.])}
2024-06-15 01:36:50,201 - root - INFO - EPOCH[49/60] all_loss: 0.379 | bpr_loss:0.27608433531697474 | rd_loss:0.04832926789274464 | time cost---Sampling: 0.49s--| 
rd_loss-0: 0.08213232546104791 | rd_loss-1: 0.040830932315680885 | rd_loss-2: 0.022024542691120412 |  
2024-06-15 01:37:26,473 - root - INFO - [testing at epoch-49]
2024-06-15 01:37:26,473 - root - INFO - {'precision': array([0.0469331 , 0.02397474]), 'recall': array([0.16557083, 0.4213752 ]), 'ndcg': array([0.17613326, 0.30588539]), 'auc': array([0.])}
2024-06-15 01:37:26,474 - root - INFO - EPOCH[50/60] all_loss: 0.376 | bpr_loss:0.27389334443548835 | rd_loss:0.0479433881758206 | time cost---Sampling: 0.49s--| 
rd_loss-0: 0.08136959861901784 | rd_loss-1: 0.04055643789401081 | rd_loss-2: 0.02190412433061175 |  
2024-06-15 01:38:02,902 - root - INFO - [testing at epoch-50]
2024-06-15 01:38:02,902 - root - INFO - {'precision': array([0.04692857, 0.02398869]), 'recall': array([0.16550308, 0.42168091]), 'ndcg': array([0.17594299, 0.30571206]), 'auc': array([0.])}
2024-06-15 01:38:02,903 - root - INFO - EPOCH[51/60] all_loss: 0.374 | bpr_loss:0.2719233695120449 | rd_loss:0.04758409313954316 | time cost---Sampling: 0.49s--| 
rd_loss-0: 0.08059689515928611 | rd_loss-1: 0.04033388120013398 | rd_loss-2: 0.02182149933046335 |  
2024-06-15 01:38:39,056 - root - INFO - [testing at epoch-51]
2024-06-15 01:38:39,056 - root - INFO - {'precision': array([0.04682891, 0.02396967]), 'recall': array([0.16514874, 0.42125932]), 'ndcg': array([0.17569408, 0.3055497 ]), 'auc': array([0.])}
2024-06-15 01:38:39,057 - root - INFO - EPOCH[52/60] all_loss: 0.372 | bpr_loss:0.2696038993811563 | rd_loss:0.04720499540000103 | time cost---Sampling: 0.51s--| 
rd_loss-0: 0.07981870997980486 | rd_loss-1: 0.04008679202514146 | rd_loss-2: 0.021709480400651637 |  
2024-06-15 01:39:15,451 - root - INFO - [testing at epoch-52]
2024-06-15 01:39:15,451 - root - INFO - {'precision': array([0.04699652, 0.02396061]), 'recall': array([0.16585977, 0.42099756]), 'ndcg': array([0.17646422, 0.30576569]), 'auc': array([0.])}
2024-06-15 01:39:15,452 - root - INFO - EPOCH[53/60] all_loss: 0.370 | bpr_loss:0.2682239344146566 | rd_loss:0.04689766624890586 | time cost---Sampling: 0.53s--| 
rd_loss-0: 0.07915391420499734 | rd_loss-1: 0.03990571732340806 | rd_loss-2: 0.021633363316779012 |  
2024-06-15 01:39:52,155 - root - INFO - [testing at epoch-53]
2024-06-15 01:39:52,155 - root - INFO - {'precision': array([0.0468887 , 0.02395173]), 'recall': array([0.16537282, 0.42090539]), 'ndcg': array([0.17596016, 0.30559659]), 'auc': array([0.])}
2024-06-15 01:39:52,156 - root - INFO - EPOCH[54/60] all_loss: 0.368 | bpr_loss:0.2661258841213357 | rd_loss:0.046582609193886806 | time cost---Sampling: 0.52s--| 
rd_loss-0: 0.07846548171897103 | rd_loss-1: 0.03970485490942045 | rd_loss-2: 0.02157748791221564 |  
2024-06-15 01:40:28,389 - root - INFO - [testing at epoch-54]
2024-06-15 01:40:28,389 - root - INFO - {'precision': array([0.04682709, 0.02394502]), 'recall': array([0.16517108, 0.42074786]), 'ndcg': array([0.17613525, 0.30585201]), 'auc': array([0.])}
2024-06-15 01:40:28,390 - root - INFO - EPOCH[55/60] all_loss: 0.366 | bpr_loss:0.26374218495414076 | rd_loss:0.04625382904025531 | time cost---Sampling: 0.53s--| 
rd_loss-0: 0.07776371830580187 | rd_loss-1: 0.03947833324877583 | rd_loss-2: 0.021519431802884768 |  
2024-06-15 01:41:04,667 - root - INFO - [testing at epoch-55]
2024-06-15 01:41:04,667 - root - INFO - {'precision': array([0.04689323, 0.0239057 ]), 'recall': array([0.16539631, 0.42007225]), 'ndcg': array([0.17602442, 0.30526996]), 'auc': array([0.])}
2024-06-15 01:41:04,668 - root - INFO - EPOCH[56/60] all_loss: 0.364 | bpr_loss:0.26237988267404916 | rd_loss:0.04590411603119024 | time cost---Sampling: 0.51s--| 
rd_loss-0: 0.07705489035992985 | rd_loss-1: 0.03926031883799079 | rd_loss-2: 0.02139713501485137 |  
2024-06-15 01:41:41,069 - root - INFO - [testing at epoch-56]
2024-06-15 01:41:41,069 - root - INFO - {'precision': array([0.0467374 , 0.02391549]), 'recall': array([0.16490555, 0.42018545]), 'ndcg': array([0.17595536, 0.30566346]), 'auc': array([0.])}
2024-06-15 01:41:41,070 - root - INFO - EPOCH[57/60] all_loss: 0.362 | bpr_loss:0.2608938071468987 | rd_loss:0.04559025055761682 | time cost---Sampling: 0.56s--| 
rd_loss-0: 0.07641762884848635 | rd_loss-1: 0.03906738923962793 | rd_loss-2: 0.021285729918193507 |  
2024-06-15 01:42:17,640 - root - INFO - [testing at epoch-57]
2024-06-15 01:42:17,640 - root - INFO - {'precision': array([0.04680082, 0.02390208]), 'recall': array([0.1650678 , 0.42001318]), 'ndcg': array([0.17593851, 0.30542749]), 'auc': array([0.])}
2024-06-15 01:42:17,641 - root - INFO - EPOCH[58/60] all_loss: 0.360 | bpr_loss:0.25884388677485576 | rd_loss:0.04526934794846625 | time cost---Sampling: 0.51s--| 
rd_loss-0: 0.07575444544014108 | rd_loss-1: 0.03886340461768113 | rd_loss-2: 0.02119018991714506 |  
2024-06-15 01:42:53,879 - root - INFO - [testing at epoch-58]
2024-06-15 01:42:53,879 - root - INFO - {'precision': array([0.04681622, 0.02388794]), 'recall': array([0.16512577, 0.41966135]), 'ndcg': array([0.17605725, 0.30531705]), 'auc': array([0.])}
2024-06-15 01:42:53,880 - root - INFO - EPOCH[59/60] all_loss: 0.359 | bpr_loss:0.2578802731904117 | rd_loss:0.045024177152836256 | time cost---Sampling: 0.54s--| 
rd_loss-0: 0.07520340794977319 | rd_loss-1: 0.038707993344053046 | rd_loss-2: 0.02116112663291381 |  
2024-06-15 01:43:30,206 - root - INFO - [testing at epoch-59]
2024-06-15 01:43:30,206 - root - INFO - {'precision': array([0.04687511, 0.02387037]), 'recall': array([0.1652868 , 0.41938337]), 'ndcg': array([0.1762257, 0.3051233]), 'auc': array([0.])}
2024-06-15 01:43:30,207 - root - INFO - EPOCH[60/60] all_loss: 0.356 | bpr_loss:0.25504941950813076 | rd_loss:0.04475411029052204 | time cost---Sampling: 0.52s--| 
rd_loss-0: 0.07458024534201578 | rd_loss-1: 0.03853746118621835 | rd_loss-2: 0.021144620970527404 |  
2024-06-15 01:43:30,207 - root - INFO - 06-15-00h55m00s:  0.1662390323491967

