2024-05-31 16:48:22,369 - root - INFO - Namespace(R=100, alpha=3.0, bpr_neg_num=1, compute_rank=1, dataset='movie', dim=256, epoch=100, eps=1e-20, layers=2, lmd2=0.1, lr=0.001, model='bgr', neg_ratio=8, norm_a=1.0, save_embed=1, seed=2021, tensorboard=True, test_batch=100, test_file='test.txt', topks=[20, 100], train_batch=2048, train_file='train.txt', weight=0.0001)
2024-05-31 16:48:38,034 - root - INFO - [testing at epoch-0]
2024-05-31 16:48:38,034 - root - INFO - {'precision': array([0.1684851 , 0.09677649]), 'recall': array([0.12710579, 0.33971307]), 'ndcg': array([0.29728616, 0.50468314]), 'auc': array([0.])}
2024-05-31 16:48:38,036 - root - INFO - EPOCH[1/100] all_loss: 0.693 | time cost---Sampling: 0.56s--| 
2024-05-31 16:48:38,036 - root - INFO - Summary at recall = 0.1271057860582644
2024-05-31 16:48:53,785 - root - INFO - [testing at epoch-1]
2024-05-31 16:48:53,785 - root - INFO - {'precision': array([0.19731788, 0.11042715]), 'recall': array([0.15248024, 0.38837387]), 'ndcg': array([0.34149133, 0.54963568]), 'auc': array([0.])}
2024-05-31 16:48:53,786 - root - INFO - EPOCH[2/100] all_loss: 0.669 | time cost---Sampling: 0.69s--| 
2024-05-31 16:48:53,786 - root - INFO - Summary at recall = 0.15248023983505216
2024-05-31 16:49:09,262 - root - INFO - [testing at epoch-2]
2024-05-31 16:49:09,262 - root - INFO - {'precision': array([0.22087748, 0.12137252]), 'recall': array([0.17481395, 0.43105339]), 'ndcg': array([0.37055009, 0.58024345]), 'auc': array([0.])}
2024-05-31 16:49:09,263 - root - INFO - EPOCH[3/100] all_loss: 0.630 | time cost---Sampling: 0.60s--| 
2024-05-31 16:49:09,263 - root - INFO - Summary at recall = 0.17481394810944928
2024-05-31 16:49:24,650 - root - INFO - [testing at epoch-3]
2024-05-31 16:49:24,651 - root - INFO - {'precision': array([0.23907285, 0.12858609]), 'recall': array([0.19322253, 0.46039842]), 'ndcg': array([0.3918775 , 0.60037538]), 'auc': array([0.])}
2024-05-31 16:49:24,652 - root - INFO - EPOCH[4/100] all_loss: 0.603 | time cost---Sampling: 0.60s--| 
2024-05-31 16:49:24,652 - root - INFO - Summary at recall = 0.1932225310048322
2024-05-31 16:49:39,934 - root - INFO - [testing at epoch-4]
2024-05-31 16:49:39,934 - root - INFO - {'precision': array([0.25153974, 0.13359437]), 'recall': array([0.20629598, 0.48083109]), 'ndcg': array([0.40498688, 0.61242335]), 'auc': array([0.])}
2024-05-31 16:49:39,935 - root - INFO - EPOCH[5/100] all_loss: 0.584 | time cost---Sampling: 0.60s--| 
2024-05-31 16:49:39,936 - root - INFO - Summary at recall = 0.20629597746994333
2024-05-31 16:49:54,751 - root - INFO - [testing at epoch-5]
2024-05-31 16:49:54,752 - root - INFO - {'precision': array([0.26129139, 0.13724669]), 'recall': array([0.21653327, 0.49591754]), 'ndcg': array([0.41588808, 0.6217576 ]), 'auc': array([0.])}
2024-05-31 16:49:54,752 - root - INFO - EPOCH[6/100] all_loss: 0.569 | time cost---Sampling: 0.60s--| 
2024-05-31 16:49:54,753 - root - INFO - Summary at recall = 0.21653327121841776
2024-05-31 16:50:09,295 - root - INFO - [testing at epoch-6]
2024-05-31 16:50:09,295 - root - INFO - {'precision': array([0.26910596, 0.14015728]), 'recall': array([0.22538455, 0.50805953]), 'ndcg': array([0.42521968, 0.62965813]), 'auc': array([0.])}
2024-05-31 16:50:09,296 - root - INFO - EPOCH[7/100] all_loss: 0.557 | time cost---Sampling: 0.40s--| 
2024-05-31 16:50:09,296 - root - INFO - Summary at recall = 0.22538455173136707
2024-05-31 16:50:24,078 - root - INFO - [testing at epoch-7]
2024-05-31 16:50:24,079 - root - INFO - {'precision': array([0.27467715, 0.14248344]), 'recall': array([0.23117307, 0.51735809]), 'ndcg': array([0.43158006, 0.63547907]), 'auc': array([0.])}
2024-05-31 16:50:24,080 - root - INFO - EPOCH[8/100] all_loss: 0.547 | time cost---Sampling: 0.61s--| 
2024-05-31 16:50:24,080 - root - INFO - Summary at recall = 0.23117306766594992
2024-05-31 16:50:38,743 - root - INFO - [testing at epoch-8]
2024-05-31 16:50:38,743 - root - INFO - {'precision': array([0.27884106, 0.14436589]), 'recall': array([0.23595094, 0.52477205]), 'ndcg': array([0.43624543, 0.63992369]), 'auc': array([0.])}
2024-05-31 16:50:38,744 - root - INFO - EPOCH[9/100] all_loss: 0.539 | time cost---Sampling: 0.60s--| 
2024-05-31 16:50:38,744 - root - INFO - Summary at recall = 0.2359509394857908
2024-05-31 16:50:53,324 - root - INFO - [testing at epoch-9]
2024-05-31 16:50:53,325 - root - INFO - {'precision': array([0.2823096 , 0.14587748]), 'recall': array([0.23999511, 0.5306842 ]), 'ndcg': array([0.44037733, 0.6436336 ]), 'auc': array([0.])}
2024-05-31 16:50:53,326 - root - INFO - EPOCH[10/100] all_loss: 0.531 | time cost---Sampling: 0.61s--| 
2024-05-31 16:50:53,326 - root - INFO - Summary at recall = 0.23999510862773601
2024-05-31 16:51:07,725 - root - INFO - [testing at epoch-10]
2024-05-31 16:51:07,725 - root - INFO - {'precision': array([0.28592715, 0.14705464]), 'recall': array([0.24412853, 0.53579881]), 'ndcg': array([0.4452816 , 0.64761999]), 'auc': array([0.])}
2024-05-31 16:51:07,727 - root - INFO - EPOCH[11/100] all_loss: 0.525 | time cost---Sampling: 0.61s--| 
2024-05-31 16:51:07,727 - root - INFO - Summary at recall = 0.24412853099661816
2024-05-31 16:51:22,076 - root - INFO - [testing at epoch-11]
2024-05-31 16:51:22,077 - root - INFO - {'precision': array([0.28846026, 0.14812748]), 'recall': array([0.24723662, 0.54060062]), 'ndcg': array([0.4483755 , 0.65053891]), 'auc': array([0.])}
2024-05-31 16:51:22,078 - root - INFO - EPOCH[12/100] all_loss: 0.518 | time cost---Sampling: 0.60s--| 
2024-05-31 16:51:22,078 - root - INFO - Summary at recall = 0.24723662247896974
2024-05-31 16:51:36,157 - root - INFO - [testing at epoch-12]
2024-05-31 16:51:36,157 - root - INFO - {'precision': array([0.29110099, 0.14919702]), 'recall': array([0.25071728, 0.54418195]), 'ndcg': array([0.45136333, 0.65281015]), 'auc': array([0.])}
2024-05-31 16:51:36,158 - root - INFO - EPOCH[13/100] all_loss: 0.514 | time cost---Sampling: 0.61s--| 
2024-05-31 16:51:36,158 - root - INFO - Summary at recall = 0.2507172804538838
2024-05-31 16:51:49,887 - root - INFO - [testing at epoch-13]
2024-05-31 16:51:49,887 - root - INFO - {'precision': array([0.2934851, 0.1499255]), 'recall': array([0.25292763, 0.54700395]), 'ndcg': array([0.45384539, 0.65480963]), 'auc': array([0.])}
2024-05-31 16:51:49,888 - root - INFO - EPOCH[14/100] all_loss: 0.509 | time cost---Sampling: 0.40s--| 
2024-05-31 16:51:49,888 - root - INFO - Summary at recall = 0.2529276306759589
2024-05-31 16:52:03,871 - root - INFO - [testing at epoch-14]
2024-05-31 16:52:03,871 - root - INFO - {'precision': array([0.29522351, 0.15072185]), 'recall': array([0.25480987, 0.55046794]), 'ndcg': array([0.4558702 , 0.65663749]), 'auc': array([0.])}
2024-05-31 16:52:03,872 - root - INFO - EPOCH[15/100] all_loss: 0.505 | time cost---Sampling: 0.42s--| 
2024-05-31 16:52:03,872 - root - INFO - Summary at recall = 0.25480987449439435
2024-05-31 16:52:18,262 - root - INFO - [testing at epoch-15]
2024-05-31 16:52:18,262 - root - INFO - {'precision': array([0.29671358, 0.15140232]), 'recall': array([0.25674157, 0.55378546]), 'ndcg': array([0.45769846, 0.65850649]), 'auc': array([0.])}
2024-05-31 16:52:18,263 - root - INFO - EPOCH[16/100] all_loss: 0.500 | time cost---Sampling: 0.61s--| 
2024-05-31 16:52:18,263 - root - INFO - Summary at recall = 0.256741570502714
2024-05-31 16:52:32,534 - root - INFO - [testing at epoch-16]
2024-05-31 16:52:32,534 - root - INFO - {'precision': array([0.29812914, 0.15189901]), 'recall': array([0.25850041, 0.55563352]), 'ndcg': array([0.45976413, 0.66020806]), 'auc': array([0.])}
2024-05-31 16:52:32,535 - root - INFO - EPOCH[17/100] all_loss: 0.497 | time cost---Sampling: 0.61s--| 
2024-05-31 16:52:32,535 - root - INFO - Summary at recall = 0.25850041155626835
2024-05-31 16:52:46,875 - root - INFO - [testing at epoch-17]
2024-05-31 16:52:46,875 - root - INFO - {'precision': array([0.29911424, 0.15257616]), 'recall': array([0.25935933, 0.55843158]), 'ndcg': array([0.45961518, 0.66058794]), 'auc': array([0.])}
2024-05-31 16:52:46,876 - root - INFO - EPOCH[18/100] all_loss: 0.493 | time cost---Sampling: 0.60s--| 
2024-05-31 16:52:46,876 - root - INFO - Summary at recall = 0.25935932798054684
2024-05-31 16:53:01,219 - root - INFO - [testing at epoch-18]
2024-05-31 16:53:01,220 - root - INFO - {'precision': array([0.30041391, 0.15305464]), 'recall': array([0.26036756, 0.56033809]), 'ndcg': array([0.46082725, 0.6616275 ]), 'auc': array([0.])}
2024-05-31 16:53:01,221 - root - INFO - EPOCH[19/100] all_loss: 0.489 | time cost---Sampling: 0.61s--| 
2024-05-31 16:53:01,221 - root - INFO - Summary at recall = 0.2603675577984886
2024-05-31 16:53:15,536 - root - INFO - [testing at epoch-19]
2024-05-31 16:53:15,536 - root - INFO - {'precision': array([0.30113411, 0.15365397]), 'recall': array([0.26154434, 0.56213433]), 'ndcg': array([0.46218688, 0.66303798]), 'auc': array([0.])}
2024-05-31 16:53:15,538 - root - INFO - EPOCH[20/100] all_loss: 0.487 | time cost---Sampling: 0.61s--| 
2024-05-31 16:53:15,538 - root - INFO - Summary at recall = 0.26154434227600204
2024-05-31 16:53:29,823 - root - INFO - [testing at epoch-20]
2024-05-31 16:53:29,823 - root - INFO - {'precision': array([0.30192881, 0.154     ]), 'recall': array([0.26231049, 0.56360678]), 'ndcg': array([0.46265952, 0.66353435]), 'auc': array([0.])}
2024-05-31 16:53:29,824 - root - INFO - EPOCH[21/100] all_loss: 0.483 | time cost---Sampling: 0.60s--| 
2024-05-31 16:53:29,824 - root - INFO - Summary at recall = 0.2623104876876203
2024-05-31 16:53:44,365 - root - INFO - [testing at epoch-21]
2024-05-31 16:53:44,365 - root - INFO - {'precision': array([0.30245861, 0.15434603]), 'recall': array([0.26251046, 0.56512703]), 'ndcg': array([0.46351554, 0.66476585]), 'auc': array([0.])}
2024-05-31 16:53:44,366 - root - INFO - EPOCH[22/100] all_loss: 0.481 | time cost---Sampling: 0.43s--| 
2024-05-31 16:53:44,366 - root - INFO - Summary at recall = 0.2625104612131655
2024-05-31 16:53:59,292 - root - INFO - [testing at epoch-22]
2024-05-31 16:53:59,292 - root - INFO - {'precision': array([0.30369205, 0.15463576]), 'recall': array([0.26389167, 0.56617485]), 'ndcg': array([0.46459779, 0.6652817 ]), 'auc': array([0.])}
2024-05-31 16:53:59,293 - root - INFO - EPOCH[23/100] all_loss: 0.479 | time cost---Sampling: 0.61s--| 
2024-05-31 16:53:59,293 - root - INFO - Summary at recall = 0.2638916708888194
2024-05-31 16:54:13,833 - root - INFO - [testing at epoch-23]
2024-05-31 16:54:13,834 - root - INFO - {'precision': array([0.30419702, 0.15485099]), 'recall': array([0.26447995, 0.56740173]), 'ndcg': array([0.46558289, 0.66630173]), 'auc': array([0.])}
2024-05-31 16:54:13,835 - root - INFO - EPOCH[24/100] all_loss: 0.477 | time cost---Sampling: 0.60s--| 
2024-05-31 16:54:13,835 - root - INFO - Summary at recall = 0.26447994969074207
2024-05-31 16:54:28,720 - root - INFO - [testing at epoch-24]
2024-05-31 16:54:28,720 - root - INFO - {'precision': array([0.30534768, 0.15513411]), 'recall': array([0.26558214, 0.56824449]), 'ndcg': array([0.46680943, 0.66690175]), 'auc': array([0.])}
2024-05-31 16:54:28,721 - root - INFO - EPOCH[25/100] all_loss: 0.474 | time cost---Sampling: 0.60s--| 
2024-05-31 16:54:28,721 - root - INFO - Summary at recall = 0.2655821405415777
2024-05-31 16:54:43,496 - root - INFO - [testing at epoch-25]
2024-05-31 16:54:43,496 - root - INFO - {'precision': array([0.30573675, 0.15552152]), 'recall': array([0.26584308, 0.56955635]), 'ndcg': array([0.46711163, 0.66736792]), 'auc': array([0.])}
2024-05-31 16:54:43,497 - root - INFO - EPOCH[26/100] all_loss: 0.472 | time cost---Sampling: 0.62s--| 
2024-05-31 16:54:43,497 - root - INFO - Summary at recall = 0.26584308118518424
2024-05-31 16:54:58,410 - root - INFO - [testing at epoch-26]
2024-05-31 16:54:58,410 - root - INFO - {'precision': array([0.30665563, 0.15572682]), 'recall': array([0.26688087, 0.57068659]), 'ndcg': array([0.46826749, 0.66824541]), 'auc': array([0.])}
2024-05-31 16:54:58,411 - root - INFO - EPOCH[27/100] all_loss: 0.471 | time cost---Sampling: 0.61s--| 
2024-05-31 16:54:58,411 - root - INFO - Summary at recall = 0.26688087261939963
2024-05-31 16:55:13,362 - root - INFO - [testing at epoch-27]
2024-05-31 16:55:13,362 - root - INFO - {'precision': array([0.30669702, 0.15582616]), 'recall': array([0.26673832, 0.57101129]), 'ndcg': array([0.46886403, 0.66911012]), 'auc': array([0.])}
2024-05-31 16:55:13,363 - root - INFO - EPOCH[28/100] all_loss: 0.469 | time cost---Sampling: 0.59s--| 
2024-05-31 16:55:28,388 - root - INFO - [testing at epoch-28]
2024-05-31 16:55:28,388 - root - INFO - {'precision': array([0.30775662, 0.15620695]), 'recall': array([0.26811715, 0.57186233]), 'ndcg': array([0.47002213, 0.66955161]), 'auc': array([0.])}
2024-05-31 16:55:28,389 - root - INFO - EPOCH[29/100] all_loss: 0.467 | time cost---Sampling: 0.61s--| 
2024-05-31 16:55:28,389 - root - INFO - Summary at recall = 0.2681171545831467
2024-05-31 16:55:43,228 - root - INFO - [testing at epoch-29]
2024-05-31 16:55:43,229 - root - INFO - {'precision': array([0.30784768, 0.15639901]), 'recall': array([0.26780236, 0.57274004]), 'ndcg': array([0.46960269, 0.66950243]), 'auc': array([0.])}
2024-05-31 16:55:43,230 - root - INFO - EPOCH[30/100] all_loss: 0.466 | time cost---Sampling: 0.60s--| 
2024-05-31 16:55:58,151 - root - INFO - [testing at epoch-30]
2024-05-31 16:55:58,151 - root - INFO - {'precision': array([0.3082202 , 0.15667053]), 'recall': array([0.26823268, 0.57398369]), 'ndcg': array([0.46975157, 0.66976298]), 'auc': array([0.])}
2024-05-31 16:55:58,152 - root - INFO - EPOCH[31/100] all_loss: 0.463 | time cost---Sampling: 0.61s--| 
2024-05-31 16:55:58,152 - root - INFO - Summary at recall = 0.2682326820578065
2024-05-31 16:56:13,232 - root - INFO - [testing at epoch-31]
2024-05-31 16:56:13,234 - root - INFO - {'precision': array([0.30891556, 0.15686921]), 'recall': array([0.26885968, 0.57474294]), 'ndcg': array([0.47035179, 0.67006842]), 'auc': array([0.])}
2024-05-31 16:56:13,235 - root - INFO - EPOCH[32/100] all_loss: 0.463 | time cost---Sampling: 0.61s--| 
2024-05-31 16:56:13,235 - root - INFO - Summary at recall = 0.26885967696694346
2024-05-31 16:56:28,517 - root - INFO - [testing at epoch-32]
2024-05-31 16:56:28,517 - root - INFO - {'precision': array([0.30883278, 0.15698179]), 'recall': array([0.26901284, 0.57502748]), 'ndcg': array([0.47038824, 0.67020064]), 'auc': array([0.])}
2024-05-31 16:56:28,518 - root - INFO - EPOCH[33/100] all_loss: 0.461 | time cost---Sampling: 0.60s--| 
2024-05-31 16:56:28,518 - root - INFO - Summary at recall = 0.2690128411634088
2024-05-31 16:56:43,849 - root - INFO - [testing at epoch-33]
2024-05-31 16:56:43,850 - root - INFO - {'precision': array([0.30929636, 0.1570894 ]), 'recall': array([0.26950458, 0.57554414]), 'ndcg': array([0.47065929, 0.67037022]), 'auc': array([0.])}
2024-05-31 16:56:43,851 - root - INFO - EPOCH[34/100] all_loss: 0.460 | time cost---Sampling: 0.61s--| 
2024-05-31 16:56:43,851 - root - INFO - Summary at recall = 0.26950457995460464
2024-05-31 16:56:59,201 - root - INFO - [testing at epoch-34]
2024-05-31 16:56:59,201 - root - INFO - {'precision': array([0.30944536, 0.15729801]), 'recall': array([0.26955343, 0.57630688]), 'ndcg': array([0.47067789, 0.67056125]), 'auc': array([0.])}
2024-05-31 16:56:59,202 - root - INFO - EPOCH[35/100] all_loss: 0.459 | time cost---Sampling: 0.61s--| 
2024-05-31 16:56:59,202 - root - INFO - Summary at recall = 0.2695534288377809
2024-05-31 16:57:14,471 - root - INFO - [testing at epoch-35]
2024-05-31 16:57:14,471 - root - INFO - {'precision': array([0.31001656, 0.15721358]), 'recall': array([0.27014628, 0.57632704]), 'ndcg': array([0.47118221, 0.67062433]), 'auc': array([0.])}
2024-05-31 16:57:14,472 - root - INFO - EPOCH[36/100] all_loss: 0.458 | time cost---Sampling: 0.59s--| 
2024-05-31 16:57:14,472 - root - INFO - Summary at recall = 0.270146278932785
2024-05-31 16:57:29,688 - root - INFO - [testing at epoch-36]
2024-05-31 16:57:29,688 - root - INFO - {'precision': array([0.31043874, 0.15735265]), 'recall': array([0.27045243, 0.57682646]), 'ndcg': array([0.47191955, 0.67121294]), 'auc': array([0.])}
2024-05-31 16:57:29,689 - root - INFO - EPOCH[37/100] all_loss: 0.457 | time cost---Sampling: 0.59s--| 
2024-05-31 16:57:29,690 - root - INFO - Summary at recall = 0.27045243295351085
2024-05-31 16:57:44,833 - root - INFO - [testing at epoch-37]
2024-05-31 16:57:44,833 - root - INFO - {'precision': array([0.31052152, 0.15747351]), 'recall': array([0.27072237, 0.5770206 ]), 'ndcg': array([0.47202696, 0.67141231]), 'auc': array([0.])}
2024-05-31 16:57:44,834 - root - INFO - EPOCH[38/100] all_loss: 0.456 | time cost---Sampling: 0.61s--| 
2024-05-31 16:57:44,834 - root - INFO - Summary at recall = 0.2707223705432007
2024-05-31 16:57:59,925 - root - INFO - [testing at epoch-38]
2024-05-31 16:57:59,925 - root - INFO - {'precision': array([0.31112583, 0.1576043 ]), 'recall': array([0.2710409 , 0.57727506]), 'ndcg': array([0.47259335, 0.67162845]), 'auc': array([0.])}
2024-05-31 16:57:59,926 - root - INFO - EPOCH[39/100] all_loss: 0.456 | time cost---Sampling: 0.60s--| 
2024-05-31 16:57:59,927 - root - INFO - Summary at recall = 0.2710408958386895
2024-05-31 16:58:11,445 - root - INFO - [testing at epoch-39]
2024-05-31 16:58:11,446 - root - INFO - {'precision': array([0.31048841, 0.1575596 ]), 'recall': array([0.27068044, 0.57727143]), 'ndcg': array([0.47209216, 0.6715475 ]), 'auc': array([0.])}
2024-05-31 16:58:11,447 - root - INFO - EPOCH[40/100] all_loss: 0.454 | time cost---Sampling: 0.61s--| 
2024-05-31 16:58:22,876 - root - INFO - [testing at epoch-40]
2024-05-31 16:58:22,876 - root - INFO - {'precision': array([0.31096854, 0.15763079]), 'recall': array([0.27087709, 0.57774582]), 'ndcg': array([0.47219896, 0.67159063]), 'auc': array([0.])}
2024-05-31 16:58:22,877 - root - INFO - EPOCH[41/100] all_loss: 0.453 | time cost---Sampling: 0.61s--| 
2024-05-31 16:58:34,482 - root - INFO - [testing at epoch-41]
2024-05-31 16:58:34,483 - root - INFO - {'precision': array([0.31102649, 0.15768212]), 'recall': array([0.27083813, 0.57779845]), 'ndcg': array([0.47219084, 0.67147909]), 'auc': array([0.])}
2024-05-31 16:58:34,484 - root - INFO - EPOCH[42/100] all_loss: 0.452 | time cost---Sampling: 0.60s--| 
2024-05-31 16:58:46,059 - root - INFO - [testing at epoch-42]
2024-05-31 16:58:46,059 - root - INFO - {'precision': array([0.31087748, 0.15780629]), 'recall': array([0.27095919, 0.57809346]), 'ndcg': array([0.47197211, 0.67146822]), 'auc': array([0.])}
2024-05-31 16:58:46,060 - root - INFO - EPOCH[43/100] all_loss: 0.452 | time cost---Sampling: 0.60s--| 
2024-05-31 16:58:57,272 - root - INFO - [testing at epoch-43]
2024-05-31 16:58:57,272 - root - INFO - {'precision': array([0.31081954, 0.15786755]), 'recall': array([0.27103502, 0.5780331 ]), 'ndcg': array([0.47209347, 0.67162959]), 'auc': array([0.])}
2024-05-31 16:58:57,272 - root - INFO - EPOCH[44/100] all_loss: 0.451 | time cost---Sampling: 0.61s--| 
2024-05-31 16:59:08,930 - root - INFO - [testing at epoch-44]
2024-05-31 16:59:08,931 - root - INFO - {'precision': array([0.31111755, 0.15797517]), 'recall': array([0.27092319, 0.57830093]), 'ndcg': array([0.47232839, 0.67181242]), 'auc': array([0.])}
2024-05-31 16:59:08,932 - root - INFO - EPOCH[45/100] all_loss: 0.451 | time cost---Sampling: 0.38s--| 
2024-05-31 16:59:20,425 - root - INFO - [testing at epoch-45]
2024-05-31 16:59:20,425 - root - INFO - {'precision': array([0.31111755, 0.15793874]), 'recall': array([0.27095093, 0.57824005]), 'ndcg': array([0.47220598, 0.67174528]), 'auc': array([0.])}
2024-05-31 16:59:20,426 - root - INFO - EPOCH[46/100] all_loss: 0.450 | time cost---Sampling: 0.60s--| 
2024-05-31 16:59:31,574 - root - INFO - [testing at epoch-46]
2024-05-31 16:59:31,574 - root - INFO - {'precision': array([0.31146523, 0.15803477]), 'recall': array([0.27133257, 0.57837332]), 'ndcg': array([0.47253533, 0.67176653]), 'auc': array([0.])}
2024-05-31 16:59:31,575 - root - INFO - EPOCH[47/100] all_loss: 0.449 | time cost---Sampling: 0.42s--| 
2024-05-31 16:59:31,575 - root - INFO - Summary at recall = 0.27133256963969155
2024-05-31 16:59:43,391 - root - INFO - [testing at epoch-47]
2024-05-31 16:59:43,391 - root - INFO - {'precision': array([0.3117053 , 0.15814901]), 'recall': array([0.27167402, 0.57893875]), 'ndcg': array([0.4724236, 0.6716374]), 'auc': array([0.])}
2024-05-31 16:59:43,392 - root - INFO - EPOCH[48/100] all_loss: 0.449 | time cost---Sampling: 0.36s--| 
2024-05-31 16:59:43,393 - root - INFO - Summary at recall = 0.27167402313838296
2024-05-31 16:59:55,433 - root - INFO - [testing at epoch-48]
2024-05-31 16:59:55,433 - root - INFO - {'precision': array([0.3124255 , 0.15815894]), 'recall': array([0.27233992, 0.57922508]), 'ndcg': array([0.47321108, 0.67188316]), 'auc': array([0.])}
2024-05-31 16:59:55,434 - root - INFO - EPOCH[49/100] all_loss: 0.448 | time cost---Sampling: 0.60s--| 
2024-05-31 16:59:55,434 - root - INFO - Summary at recall = 0.272339924152594
2024-05-31 17:00:07,543 - root - INFO - [testing at epoch-49]
2024-05-31 17:00:07,543 - root - INFO - {'precision': array([0.31199503, 0.15809272]), 'recall': array([0.27208797, 0.57916122]), 'ndcg': array([0.47287712, 0.67185941]), 'auc': array([0.])}
2024-05-31 17:00:07,544 - root - INFO - EPOCH[50/100] all_loss: 0.448 | time cost---Sampling: 0.60s--| 
2024-05-31 17:00:19,504 - root - INFO - [testing at epoch-50]
2024-05-31 17:00:19,505 - root - INFO - {'precision': array([0.31197848, 0.15809768]), 'recall': array([0.27205085, 0.57895191]), 'ndcg': array([0.47260893, 0.67149071]), 'auc': array([0.])}
2024-05-31 17:00:19,505 - root - INFO - EPOCH[51/100] all_loss: 0.448 | time cost---Sampling: 0.59s--| 
2024-05-31 17:00:31,470 - root - INFO - [testing at epoch-51]
2024-05-31 17:00:31,470 - root - INFO - {'precision': array([0.31201159, 0.15814238]), 'recall': array([0.27225277, 0.57920029]), 'ndcg': array([0.47295301, 0.67184111]), 'auc': array([0.])}
2024-05-31 17:00:31,471 - root - INFO - EPOCH[52/100] all_loss: 0.447 | time cost---Sampling: 0.42s--| 
2024-05-31 17:00:41,289 - root - INFO - [testing at epoch-52]
2024-05-31 17:00:41,290 - root - INFO - {'precision': array([0.31239238, 0.15839073]), 'recall': array([0.27238432, 0.57993498]), 'ndcg': array([0.47258798, 0.67148252]), 'auc': array([0.])}
2024-05-31 17:00:41,291 - root - INFO - EPOCH[53/100] all_loss: 0.447 | time cost---Sampling: 0.59s--| 
2024-05-31 17:00:41,291 - root - INFO - Summary at recall = 0.2723843178156702
2024-05-31 17:00:51,339 - root - INFO - [testing at epoch-53]
2024-05-31 17:00:51,339 - root - INFO - {'precision': array([0.31219371, 0.15833113]), 'recall': array([0.27224862, 0.57976625]), 'ndcg': array([0.47253831, 0.67156217]), 'auc': array([0.])}
2024-05-31 17:00:51,340 - root - INFO - EPOCH[54/100] all_loss: 0.446 | time cost---Sampling: 0.61s--| 
2024-05-31 17:01:01,264 - root - INFO - [testing at epoch-54]
2024-05-31 17:01:01,264 - root - INFO - {'precision': array([0.31208609, 0.15829305]), 'recall': array([0.27225403, 0.57978979]), 'ndcg': array([0.47262131, 0.67170713]), 'auc': array([0.])}
2024-05-31 17:01:01,265 - root - INFO - EPOCH[55/100] all_loss: 0.446 | time cost---Sampling: 0.61s--| 
2024-05-31 17:01:10,224 - root - INFO - [testing at epoch-55]
2024-05-31 17:01:10,225 - root - INFO - {'precision': array([0.31217715, 0.15838079]), 'recall': array([0.27213634, 0.58004983]), 'ndcg': array([0.47266234, 0.67180379]), 'auc': array([0.])}
2024-05-31 17:01:10,225 - root - INFO - EPOCH[56/100] all_loss: 0.445 | time cost---Sampling: 0.60s--| 
2024-05-31 17:01:19,875 - root - INFO - [testing at epoch-56]
2024-05-31 17:01:19,876 - root - INFO - {'precision': array([0.31191225, 0.15845199]), 'recall': array([0.27224871, 0.58020732]), 'ndcg': array([0.47255252, 0.67190309]), 'auc': array([0.])}
2024-05-31 17:01:19,876 - root - INFO - EPOCH[57/100] all_loss: 0.445 | time cost---Sampling: 0.39s--| 
2024-05-31 17:01:29,593 - root - INFO - [testing at epoch-57]
2024-05-31 17:01:29,594 - root - INFO - {'precision': array([0.31232616, 0.15832285]), 'recall': array([0.27241015, 0.57984794]), 'ndcg': array([0.47332359, 0.67234317]), 'auc': array([0.])}
2024-05-31 17:01:29,595 - root - INFO - EPOCH[58/100] all_loss: 0.445 | time cost---Sampling: 0.41s--| 
2024-05-31 17:01:29,595 - root - INFO - Summary at recall = 0.2724101460185163
2024-05-31 17:01:39,588 - root - INFO - [testing at epoch-58]
2024-05-31 17:01:39,588 - root - INFO - {'precision': array([0.31214404, 0.1583543 ]), 'recall': array([0.27255546, 0.58000804]), 'ndcg': array([0.47257613, 0.6716166 ]), 'auc': array([0.])}
2024-05-31 17:01:39,589 - root - INFO - EPOCH[59/100] all_loss: 0.444 | time cost---Sampling: 0.60s--| 
2024-05-31 17:01:39,589 - root - INFO - Summary at recall = 0.272555463841612
2024-05-31 17:01:49,492 - root - INFO - [testing at epoch-59]
2024-05-31 17:01:49,493 - root - INFO - {'precision': array([0.31231788, 0.1583245 ]), 'recall': array([0.27272015, 0.58003122]), 'ndcg': array([0.47236036, 0.67129524]), 'auc': array([0.])}
2024-05-31 17:01:49,494 - root - INFO - EPOCH[60/100] all_loss: 0.444 | time cost---Sampling: 0.60s--| 
2024-05-31 17:01:49,494 - root - INFO - Summary at recall = 0.27272014678652634
2024-05-31 17:01:59,517 - root - INFO - [testing at epoch-60]
2024-05-31 17:01:59,517 - root - INFO - {'precision': array([0.31233444, 0.15837086]), 'recall': array([0.27267493, 0.57999201]), 'ndcg': array([0.47296837, 0.67190439]), 'auc': array([0.])}
2024-05-31 17:01:59,518 - root - INFO - EPOCH[61/100] all_loss: 0.444 | time cost---Sampling: 0.50s--| 
2024-05-31 17:02:09,400 - root - INFO - [testing at epoch-61]
2024-05-31 17:02:09,401 - root - INFO - {'precision': array([0.31240894, 0.15831126]), 'recall': array([0.27298027, 0.57973409]), 'ndcg': array([0.47300927, 0.67171173]), 'auc': array([0.])}
2024-05-31 17:02:09,402 - root - INFO - EPOCH[62/100] all_loss: 0.443 | time cost---Sampling: 0.60s--| 
2024-05-31 17:02:09,402 - root - INFO - Summary at recall = 0.27298027010710185
2024-05-31 17:02:19,336 - root - INFO - [testing at epoch-62]
2024-05-31 17:02:19,336 - root - INFO - {'precision': array([0.31222682, 0.15815728]), 'recall': array([0.27262951, 0.57953284]), 'ndcg': array([0.47288771, 0.67172113]), 'auc': array([0.])}
2024-05-31 17:02:19,337 - root - INFO - EPOCH[63/100] all_loss: 0.443 | time cost---Sampling: 0.61s--| 
2024-05-31 17:02:29,247 - root - INFO - [testing at epoch-63]
2024-05-31 17:02:29,248 - root - INFO - {'precision': array([0.31230132, 0.15820033]), 'recall': array([0.27276641, 0.57974075]), 'ndcg': array([0.47316407, 0.67208331]), 'auc': array([0.])}
2024-05-31 17:02:29,249 - root - INFO - EPOCH[64/100] all_loss: 0.442 | time cost---Sampling: 0.61s--| 
2024-05-31 17:02:39,272 - root - INFO - [testing at epoch-64]
2024-05-31 17:02:39,272 - root - INFO - {'precision': array([0.31194536, 0.15831954]), 'recall': array([0.27256984, 0.57996516]), 'ndcg': array([0.47304185, 0.67215732]), 'auc': array([0.])}
2024-05-31 17:02:39,273 - root - INFO - EPOCH[65/100] all_loss: 0.443 | time cost---Sampling: 0.61s--| 
2024-05-31 17:02:49,393 - root - INFO - [testing at epoch-65]
2024-05-31 17:02:49,394 - root - INFO - {'precision': array([0.3119702 , 0.15841225]), 'recall': array([0.27241459, 0.58018735]), 'ndcg': array([0.47293382, 0.67219802]), 'auc': array([0.])}
2024-05-31 17:02:49,395 - root - INFO - EPOCH[66/100] all_loss: 0.442 | time cost---Sampling: 0.60s--| 
2024-05-31 17:02:59,302 - root - INFO - [testing at epoch-66]
2024-05-31 17:02:59,302 - root - INFO - {'precision': array([0.3118543 , 0.15838079]), 'recall': array([0.27242581, 0.58010424]), 'ndcg': array([0.47284662, 0.67220744]), 'auc': array([0.])}
2024-05-31 17:02:59,303 - root - INFO - EPOCH[67/100] all_loss: 0.442 | time cost---Sampling: 0.60s--| 
2024-05-31 17:03:09,577 - root - INFO - [testing at epoch-67]
2024-05-31 17:03:09,577 - root - INFO - {'precision': array([0.31192053, 0.1584404 ]), 'recall': array([0.2724009 , 0.58027873]), 'ndcg': array([0.472097 , 0.6715187]), 'auc': array([0.])}
2024-05-31 17:03:09,578 - root - INFO - EPOCH[68/100] all_loss: 0.442 | time cost---Sampling: 0.65s--| 
2024-05-31 17:03:19,706 - root - INFO - [testing at epoch-68]
2024-05-31 17:03:19,706 - root - INFO - {'precision': array([0.3122351 , 0.15845695]), 'recall': array([0.27271108, 0.58041605]), 'ndcg': array([0.47251477, 0.67173425]), 'auc': array([0.])}
2024-05-31 17:03:19,707 - root - INFO - EPOCH[69/100] all_loss: 0.441 | time cost---Sampling: 0.60s--| 
2024-05-31 17:03:29,499 - root - INFO - [testing at epoch-69]
2024-05-31 17:03:29,499 - root - INFO - {'precision': array([0.31171358, 0.15840397]), 'recall': array([0.27216016, 0.58025123]), 'ndcg': array([0.47203843, 0.67156822]), 'auc': array([0.])}
2024-05-31 17:03:29,500 - root - INFO - EPOCH[70/100] all_loss: 0.440 | time cost---Sampling: 0.60s--| 
2024-05-31 17:03:39,643 - root - INFO - [testing at epoch-70]
2024-05-31 17:03:39,643 - root - INFO - {'precision': array([0.31208609, 0.15834934]), 'recall': array([0.27284082, 0.58001825]), 'ndcg': array([0.47250277, 0.67158138]), 'auc': array([0.])}
2024-05-31 17:03:39,644 - root - INFO - EPOCH[71/100] all_loss: 0.441 | time cost---Sampling: 0.61s--| 
2024-05-31 17:03:49,708 - root - INFO - [testing at epoch-71]
2024-05-31 17:03:49,709 - root - INFO - {'precision': array([0.31225166, 0.15840232]), 'recall': array([0.27298545, 0.58003768]), 'ndcg': array([0.47240303, 0.67135598]), 'auc': array([0.])}
2024-05-31 17:03:49,710 - root - INFO - EPOCH[72/100] all_loss: 0.441 | time cost---Sampling: 0.60s--| 
2024-05-31 17:03:49,710 - root - INFO - Summary at recall = 0.2729854510885634
2024-05-31 17:03:59,722 - root - INFO - [testing at epoch-72]
2024-05-31 17:03:59,723 - root - INFO - {'precision': array([0.31270695, 0.15823013]), 'recall': array([0.27324129, 0.57972217]), 'ndcg': array([0.47242323, 0.67107465]), 'auc': array([0.])}
2024-05-31 17:03:59,724 - root - INFO - EPOCH[73/100] all_loss: 0.440 | time cost---Sampling: 0.60s--| 
2024-05-31 17:03:59,724 - root - INFO - Summary at recall = 0.2732412907805986
2024-05-31 17:04:09,966 - root - INFO - [testing at epoch-73]
2024-05-31 17:04:09,966 - root - INFO - {'precision': array([0.3125    , 0.15840232]), 'recall': array([0.27314759, 0.58029511]), 'ndcg': array([0.47221697, 0.67114754]), 'auc': array([0.])}
2024-05-31 17:04:09,967 - root - INFO - EPOCH[74/100] all_loss: 0.440 | time cost---Sampling: 0.61s--| 
2024-05-31 17:04:19,901 - root - INFO - [testing at epoch-74]
2024-05-31 17:04:19,901 - root - INFO - {'precision': array([0.3120447 , 0.15839901]), 'recall': array([0.27260025, 0.5801265 ]), 'ndcg': array([0.47194302, 0.67124778]), 'auc': array([0.])}
2024-05-31 17:04:19,902 - root - INFO - EPOCH[75/100] all_loss: 0.439 | time cost---Sampling: 0.60s--| 
2024-05-31 17:04:29,553 - root - INFO - [testing at epoch-75]
2024-05-31 17:04:29,554 - root - INFO - {'precision': array([0.31187086, 0.15838742]), 'recall': array([0.2727439 , 0.57962102]), 'ndcg': array([0.47262116, 0.67175182]), 'auc': array([0.])}
2024-05-31 17:04:29,555 - root - INFO - EPOCH[76/100] all_loss: 0.440 | time cost---Sampling: 0.60s--| 
2024-05-31 17:04:39,261 - root - INFO - [testing at epoch-76]
2024-05-31 17:04:39,261 - root - INFO - {'precision': array([0.31167219, 0.15843874]), 'recall': array([0.27309587, 0.57980551]), 'ndcg': array([0.47246308, 0.67152216]), 'auc': array([0.])}
2024-05-31 17:04:39,261 - root - INFO - EPOCH[77/100] all_loss: 0.439 | time cost---Sampling: 0.59s--| 
2024-05-31 17:04:48,861 - root - INFO - [testing at epoch-77]
2024-05-31 17:04:48,861 - root - INFO - {'precision': array([0.31168046, 0.15840397]), 'recall': array([0.2728885 , 0.57971437]), 'ndcg': array([0.4724111, 0.6715441]), 'auc': array([0.])}
2024-05-31 17:04:48,862 - root - INFO - EPOCH[78/100] all_loss: 0.439 | time cost---Sampling: 0.37s--| 
2024-05-31 17:04:58,913 - root - INFO - [testing at epoch-78]
2024-05-31 17:04:58,913 - root - INFO - {'precision': array([0.31168046, 0.15838079]), 'recall': array([0.27249584, 0.579539  ]), 'ndcg': array([0.47221668, 0.67150274]), 'auc': array([0.])}
2024-05-31 17:04:58,914 - root - INFO - EPOCH[79/100] all_loss: 0.439 | time cost---Sampling: 0.60s--| 
2024-05-31 17:05:09,056 - root - INFO - [testing at epoch-79]
2024-05-31 17:05:09,056 - root - INFO - {'precision': array([0.31182947, 0.15840232]), 'recall': array([0.27266563, 0.57967691]), 'ndcg': array([0.47228585, 0.6713767 ]), 'auc': array([0.])}
2024-05-31 17:05:09,058 - root - INFO - EPOCH[80/100] all_loss: 0.439 | time cost---Sampling: 0.59s--| 
2024-05-31 17:05:18,914 - root - INFO - [testing at epoch-80]
2024-05-31 17:05:18,914 - root - INFO - {'precision': array([0.31177152, 0.15845861]), 'recall': array([0.27258917, 0.58000086]), 'ndcg': array([0.47204291, 0.6712649 ]), 'auc': array([0.])}
2024-05-31 17:05:18,915 - root - INFO - EPOCH[81/100] all_loss: 0.439 | time cost---Sampling: 0.60s--| 
2024-05-31 17:05:28,598 - root - INFO - [testing at epoch-81]
2024-05-31 17:05:28,598 - root - INFO - {'precision': array([0.31153974, 0.15830795]), 'recall': array([0.27260958, 0.57956264]), 'ndcg': array([0.47197492, 0.67123158]), 'auc': array([0.])}
2024-05-31 17:05:28,599 - root - INFO - EPOCH[82/100] all_loss: 0.439 | time cost---Sampling: 0.61s--| 
2024-05-31 17:05:37,886 - root - INFO - [testing at epoch-82]
2024-05-31 17:05:37,886 - root - INFO - {'precision': array([0.3117053 , 0.15828808]), 'recall': array([0.27272562, 0.57924256]), 'ndcg': array([0.47177362, 0.67088727]), 'auc': array([0.])}
2024-05-31 17:05:37,887 - root - INFO - EPOCH[83/100] all_loss: 0.438 | time cost---Sampling: 0.60s--| 
2024-05-31 17:05:47,056 - root - INFO - [testing at epoch-83]
2024-05-31 17:05:47,056 - root - INFO - {'precision': array([0.31144868, 0.15841391]), 'recall': array([0.27231047, 0.57977739]), 'ndcg': array([0.47140511, 0.67086628]), 'auc': array([0.])}
2024-05-31 17:05:47,057 - root - INFO - EPOCH[84/100] all_loss: 0.438 | time cost---Sampling: 0.60s--| 
2024-05-31 17:05:56,915 - root - INFO - [testing at epoch-84]
2024-05-31 17:05:56,916 - root - INFO - {'precision': array([0.31130795, 0.15838907]), 'recall': array([0.2721794 , 0.57978698]), 'ndcg': array([0.47146247, 0.67114231]), 'auc': array([0.])}
2024-05-31 17:05:56,917 - root - INFO - EPOCH[85/100] all_loss: 0.438 | time cost---Sampling: 0.61s--| 
2024-05-31 17:06:05,505 - root - INFO - [testing at epoch-85]
2024-05-31 17:06:05,505 - root - INFO - {'precision': array([0.31150662, 0.15829967]), 'recall': array([0.27219957, 0.57957128]), 'ndcg': array([0.47161342, 0.67105312]), 'auc': array([0.])}
2024-05-31 17:06:05,506 - root - INFO - EPOCH[86/100] all_loss: 0.438 | time cost---Sampling: 0.60s--| 
2024-05-31 17:06:13,238 - root - INFO - [testing at epoch-86]
2024-05-31 17:06:13,238 - root - INFO - {'precision': array([0.31139073, 0.15825993]), 'recall': array([0.27223602, 0.57949306]), 'ndcg': array([0.47169544, 0.67118555]), 'auc': array([0.])}
2024-05-31 17:06:13,239 - root - INFO - EPOCH[87/100] all_loss: 0.438 | time cost---Sampling: 0.41s--| 
2024-05-31 17:06:22,806 - root - INFO - [testing at epoch-87]
2024-05-31 17:06:22,806 - root - INFO - {'precision': array([0.31139901, 0.15832616]), 'recall': array([0.27240073, 0.57960003]), 'ndcg': array([0.47203248, 0.67140332]), 'auc': array([0.])}
2024-05-31 17:06:22,807 - root - INFO - EPOCH[88/100] all_loss: 0.438 | time cost---Sampling: 0.37s--| 
2024-05-31 17:06:32,503 - root - INFO - [testing at epoch-88]
2024-05-31 17:06:32,503 - root - INFO - {'precision': array([0.31134106, 0.15830298]), 'recall': array([0.27224125, 0.57955842]), 'ndcg': array([0.47176852, 0.67125252]), 'auc': array([0.])}
2024-05-31 17:06:32,504 - root - INFO - EPOCH[89/100] all_loss: 0.438 | time cost---Sampling: 0.60s--| 
2024-05-31 17:06:42,158 - root - INFO - [testing at epoch-89]
2024-05-31 17:06:42,158 - root - INFO - {'precision': array([0.31078642, 0.15837748]), 'recall': array([0.27165337, 0.57979442]), 'ndcg': array([0.47123084, 0.67124386]), 'auc': array([0.])}
2024-05-31 17:06:42,159 - root - INFO - EPOCH[90/100] all_loss: 0.437 | time cost---Sampling: 0.60s--| 
2024-05-31 17:06:51,873 - root - INFO - [testing at epoch-90]
2024-05-31 17:06:51,873 - root - INFO - {'precision': array([0.31125828, 0.15836921]), 'recall': array([0.27173183, 0.57970956]), 'ndcg': array([0.47166502, 0.67131826]), 'auc': array([0.])}
2024-05-31 17:06:51,874 - root - INFO - EPOCH[91/100] all_loss: 0.437 | time cost---Sampling: 0.61s--| 
2024-05-31 17:07:01,722 - root - INFO - [testing at epoch-91]
2024-05-31 17:07:01,723 - root - INFO - {'precision': array([0.31092715, 0.15838079]), 'recall': array([0.27173452, 0.57982192]), 'ndcg': array([0.47127525, 0.6711764 ]), 'auc': array([0.])}
2024-05-31 17:07:01,724 - root - INFO - EPOCH[92/100] all_loss: 0.437 | time cost---Sampling: 0.60s--| 
2024-05-31 17:07:11,200 - root - INFO - [testing at epoch-92]
2024-05-31 17:07:11,201 - root - INFO - {'precision': array([0.31142384, 0.1583245 ]), 'recall': array([0.27216519, 0.57957745]), 'ndcg': array([0.4718778 , 0.67133052]), 'auc': array([0.])}
2024-05-31 17:07:11,202 - root - INFO - EPOCH[93/100] all_loss: 0.436 | time cost---Sampling: 0.60s--| 
2024-05-31 17:07:20,950 - root - INFO - [testing at epoch-93]
2024-05-31 17:07:20,950 - root - INFO - {'precision': array([0.31156457, 0.15826656]), 'recall': array([0.27231086, 0.57950724]), 'ndcg': array([0.47215276, 0.67148617]), 'auc': array([0.])}
2024-05-31 17:07:20,951 - root - INFO - EPOCH[94/100] all_loss: 0.437 | time cost---Sampling: 0.61s--| 
2024-05-31 17:07:30,617 - root - INFO - [testing at epoch-94]
2024-05-31 17:07:30,617 - root - INFO - {'precision': array([0.31157285, 0.1581904 ]), 'recall': array([0.27247687, 0.57938626]), 'ndcg': array([0.47218595, 0.67145012]), 'auc': array([0.])}
2024-05-31 17:07:30,618 - root - INFO - EPOCH[95/100] all_loss: 0.437 | time cost---Sampling: 0.40s--| 
2024-05-31 17:07:40,408 - root - INFO - [testing at epoch-95]
2024-05-31 17:07:40,408 - root - INFO - {'precision': array([0.31164735, 0.15833444]), 'recall': array([0.27232792, 0.57958429]), 'ndcg': array([0.47168809, 0.67095008]), 'auc': array([0.])}
2024-05-31 17:07:40,409 - root - INFO - EPOCH[96/100] all_loss: 0.437 | time cost---Sampling: 0.60s--| 
2024-05-31 17:07:50,538 - root - INFO - [testing at epoch-96]
2024-05-31 17:07:50,538 - root - INFO - {'precision': array([0.31158113, 0.15828642]), 'recall': array([0.27244429, 0.579209  ]), 'ndcg': array([0.47198122, 0.67108206]), 'auc': array([0.])}
2024-05-31 17:07:50,539 - root - INFO - EPOCH[97/100] all_loss: 0.436 | time cost---Sampling: 0.61s--| 
2024-05-31 17:08:00,634 - root - INFO - [testing at epoch-97]
2024-05-31 17:08:00,634 - root - INFO - {'precision': array([0.31138245, 0.15836921]), 'recall': array([0.27241664, 0.57953899]), 'ndcg': array([0.47129328, 0.67058337]), 'auc': array([0.])}
2024-05-31 17:08:00,635 - root - INFO - EPOCH[98/100] all_loss: 0.436 | time cost---Sampling: 0.60s--| 
2024-05-31 17:08:10,649 - root - INFO - [testing at epoch-98]
2024-05-31 17:08:10,649 - root - INFO - {'precision': array([0.31136589, 0.15820861]), 'recall': array([0.27235636, 0.57887396]), 'ndcg': array([0.4714556 , 0.67067825]), 'auc': array([0.])}
2024-05-31 17:08:10,650 - root - INFO - EPOCH[99/100] all_loss: 0.436 | time cost---Sampling: 0.60s--| 
2024-05-31 17:08:20,839 - root - INFO - [testing at epoch-99]
2024-05-31 17:08:20,840 - root - INFO - {'precision': array([0.31135762, 0.15828808]), 'recall': array([0.27188976, 0.5792652 ]), 'ndcg': array([0.47156345, 0.67104103]), 'auc': array([0.])}
2024-05-31 17:08:20,841 - root - INFO - EPOCH[100/100] all_loss: 0.436 | time cost---Sampling: 0.61s--| 
