2024-05-23 00:05:54,144 - root - INFO - Namespace(R=100, bpr_neg_num=4, compute_rank=1, dataset='pinterest', dim=256, epoch=100, eps=1e-20, layers=2, lmd2=0.1, lr=0.0005, model='bgr', neg_ratio=8, norm_a=1.0, save_embed=1, seed=2021, tensorboard=True, test_batch=100, test_file='test.txt', topks=[20, 100], train_batch=2048, train_file='train.txt', weight=0.0001)
2024-05-23 00:07:20,850 - root - INFO - [testing at epoch-0]
2024-05-23 00:07:20,851 - root - INFO - {'precision': array([0.02753416, 0.01613271]), 'recall': array([0.09601171, 0.28134463]), 'ndcg': array([0.11329279, 0.21958784]), 'auc': array([0.])}
2024-05-23 00:07:20,851 - root - INFO - EPOCH[1/100] all_loss: 1.514 | time cost---Sampling: 0.76s--| 
2024-05-23 00:07:20,851 - root - INFO - Summary at recall = 0.09601170656167438
2024-05-23 00:08:56,455 - root - INFO - [testing at epoch-1]
2024-05-23 00:08:56,455 - root - INFO - {'precision': array([0.03019969, 0.01757765]), 'recall': array([0.10551846, 0.3068627 ]), 'ndcg': array([0.12396683, 0.23780449]), 'auc': array([0.])}
2024-05-23 00:08:56,456 - root - INFO - EPOCH[2/100] all_loss: 1.285 | time cost---Sampling: 0.75s--| 
2024-05-23 00:08:56,456 - root - INFO - Summary at recall = 0.10551845902737007
2024-05-23 00:10:32,210 - root - INFO - [testing at epoch-2]
2024-05-23 00:10:32,210 - root - INFO - {'precision': array([0.0324865, 0.0188401]), 'recall': array([0.11387616, 0.32983962]), 'ndcg': array([0.13213508, 0.25213344]), 'auc': array([0.])}
2024-05-23 00:10:32,211 - root - INFO - EPOCH[3/100] all_loss: 1.210 | time cost---Sampling: 0.76s--| 
2024-05-23 00:10:32,211 - root - INFO - Summary at recall = 0.11387615596269055
2024-05-23 00:12:06,957 - root - INFO - [testing at epoch-3]
2024-05-23 00:12:06,957 - root - INFO - {'precision': array([0.03507502, 0.02000054]), 'recall': array([0.12319983, 0.35071973]), 'ndcg': array([0.14033143, 0.2639986 ]), 'auc': array([0.])}
2024-05-23 00:12:06,958 - root - INFO - EPOCH[4/100] all_loss: 1.160 | time cost---Sampling: 0.76s--| 
2024-05-23 00:12:06,958 - root - INFO - Summary at recall = 0.12319982723721662
2024-05-23 00:13:39,455 - root - INFO - [testing at epoch-4]
2024-05-23 00:13:39,455 - root - INFO - {'precision': array([0.03659986, 0.0207395 ]), 'recall': array([0.12868276, 0.36400011]), 'ndcg': array([0.14518465, 0.27138621]), 'auc': array([0.])}
2024-05-23 00:13:39,456 - root - INFO - EPOCH[5/100] all_loss: 1.124 | time cost---Sampling: 0.75s--| 
2024-05-23 00:13:39,456 - root - INFO - Summary at recall = 0.12868275679251057
2024-05-23 00:15:12,661 - root - INFO - [testing at epoch-5]
2024-05-23 00:15:12,661 - root - INFO - {'precision': array([0.0375077 , 0.02119124]), 'recall': array([0.13200939, 0.37207727]), 'ndcg': array([0.14765202, 0.27526733]), 'auc': array([0.])}
2024-05-23 00:15:12,662 - root - INFO - EPOCH[6/100] all_loss: 1.095 | time cost---Sampling: 0.75s--| 
2024-05-23 00:15:12,662 - root - INFO - Summary at recall = 0.1320093935220936
2024-05-23 00:16:42,032 - root - INFO - [testing at epoch-6]
2024-05-23 00:16:42,032 - root - INFO - {'precision': array([0.03836118, 0.02155257]), 'recall': array([0.13518872, 0.37858007]), 'ndcg': array([0.14976888, 0.27823071]), 'auc': array([0.])}
2024-05-23 00:16:42,033 - root - INFO - EPOCH[7/100] all_loss: 1.074 | time cost---Sampling: 0.76s--| 
2024-05-23 00:16:42,033 - root - INFO - Summary at recall = 0.13518872125633555
2024-05-23 00:18:15,152 - root - INFO - [testing at epoch-7]
2024-05-23 00:18:15,152 - root - INFO - {'precision': array([0.03899993, 0.02182184]), 'recall': array([0.1375216 , 0.38353509]), 'ndcg': array([0.15149598, 0.28054836]), 'auc': array([0.])}
2024-05-23 00:18:15,153 - root - INFO - EPOCH[8/100] all_loss: 1.056 | time cost---Sampling: 0.76s--| 
2024-05-23 00:18:15,153 - root - INFO - Summary at recall = 0.13752159731087682
2024-05-23 00:19:47,347 - root - INFO - [testing at epoch-8]
2024-05-23 00:19:47,347 - root - INFO - {'precision': array([0.03954173, 0.02208604]), 'recall': array([0.13963711, 0.38831889]), 'ndcg': array([0.15288326, 0.28268325]), 'auc': array([0.])}
2024-05-23 00:19:47,348 - root - INFO - EPOCH[9/100] all_loss: 1.039 | time cost---Sampling: 0.76s--| 
2024-05-23 00:19:47,348 - root - INFO - Summary at recall = 0.13963710948306085
2024-05-23 00:21:19,861 - root - INFO - [testing at epoch-9]
2024-05-23 00:21:19,861 - root - INFO - {'precision': array([0.04005454, 0.02230294]), 'recall': array([0.14151146, 0.39228919]), 'ndcg': array([0.15411292, 0.28443835]), 'auc': array([0.])}
2024-05-23 00:21:19,862 - root - INFO - EPOCH[10/100] all_loss: 1.023 | time cost---Sampling: 0.76s--| 
2024-05-23 00:21:19,862 - root - INFO - Summary at recall = 0.1415114622430551
2024-05-23 00:22:54,730 - root - INFO - [testing at epoch-10]
2024-05-23 00:22:54,730 - root - INFO - {'precision': array([0.04053202, 0.02248614]), 'recall': array([0.14331107, 0.39565972]), 'ndcg': array([0.15558812, 0.28624704]), 'auc': array([0.])}
2024-05-23 00:22:54,731 - root - INFO - EPOCH[11/100] all_loss: 1.008 | time cost---Sampling: 0.76s--| 
2024-05-23 00:22:54,731 - root - INFO - Summary at recall = 0.14331107220959127
2024-05-23 00:24:31,703 - root - INFO - [testing at epoch-11]
2024-05-23 00:24:31,703 - root - INFO - {'precision': array([0.04103215, 0.02267858]), 'recall': array([0.145139  , 0.39915322]), 'ndcg': array([0.15675916, 0.28791349]), 'auc': array([0.])}
2024-05-23 00:24:31,704 - root - INFO - EPOCH[12/100] all_loss: 0.992 | time cost---Sampling: 0.76s--| 
2024-05-23 00:24:31,704 - root - INFO - Summary at recall = 0.14513900176101407
2024-05-23 00:26:05,964 - root - INFO - [testing at epoch-12]
2024-05-23 00:26:05,964 - root - INFO - {'precision': array([0.0414462 , 0.02286504]), 'recall': array([0.14671327, 0.40251958]), 'ndcg': array([0.15802356, 0.28974103]), 'auc': array([0.])}
2024-05-23 00:26:05,965 - root - INFO - EPOCH[13/100] all_loss: 0.975 | time cost---Sampling: 0.75s--| 
2024-05-23 00:26:05,965 - root - INFO - Summary at recall = 0.14671327067595807
2024-05-23 00:27:41,404 - root - INFO - [testing at epoch-13]
2024-05-23 00:27:41,405 - root - INFO - {'precision': array([0.04191915, 0.02302305]), 'recall': array([0.14848733, 0.40529841]), 'ndcg': array([0.15934985, 0.29133811]), 'auc': array([0.])}
2024-05-23 00:27:41,405 - root - INFO - EPOCH[14/100] all_loss: 0.957 | time cost---Sampling: 0.76s--| 
2024-05-23 00:27:41,405 - root - INFO - Summary at recall = 0.14848733051320437
2024-05-23 00:29:12,420 - root - INFO - [testing at epoch-14]
2024-05-23 00:29:12,420 - root - INFO - {'precision': array([0.04228427, 0.02317508]), 'recall': array([0.14991758, 0.40803303]), 'ndcg': array([0.16050623, 0.29278531]), 'auc': array([0.])}
2024-05-23 00:29:12,421 - root - INFO - EPOCH[15/100] all_loss: 0.941 | time cost---Sampling: 0.76s--| 
2024-05-23 00:29:12,421 - root - INFO - Summary at recall = 0.14991757698023533
2024-05-23 00:30:45,366 - root - INFO - [testing at epoch-15]
2024-05-23 00:30:45,366 - root - INFO - {'precision': array([0.04262494, 0.02329721]), 'recall': array([0.15115406, 0.41020709]), 'ndcg': array([0.16164115, 0.29417891]), 'auc': array([0.])}
2024-05-23 00:30:45,367 - root - INFO - EPOCH[16/100] all_loss: 0.926 | time cost---Sampling: 0.75s--| 
2024-05-23 00:30:45,367 - root - INFO - Summary at recall = 0.15115406352730792
2024-05-23 00:32:21,051 - root - INFO - [testing at epoch-16]
2024-05-23 00:32:21,052 - root - INFO - {'precision': array([0.04304171, 0.0234304 ]), 'recall': array([0.15258944, 0.41258841]), 'ndcg': array([0.16271388, 0.29540344]), 'auc': array([0.])}
2024-05-23 00:32:21,052 - root - INFO - EPOCH[17/100] all_loss: 0.908 | time cost---Sampling: 0.75s--| 
2024-05-23 00:32:21,052 - root - INFO - Summary at recall = 0.15258943667946612
2024-05-23 00:33:49,730 - root - INFO - [testing at epoch-17]
2024-05-23 00:33:49,730 - root - INFO - {'precision': array([0.04336788, 0.02354891]), 'recall': array([0.15374059, 0.41464292]), 'ndcg': array([0.16366802, 0.29655522]), 'auc': array([0.])}
2024-05-23 00:33:49,731 - root - INFO - EPOCH[18/100] all_loss: 0.892 | time cost---Sampling: 0.76s--| 
2024-05-23 00:33:49,731 - root - INFO - Summary at recall = 0.1537405922431992
2024-05-23 00:35:23,857 - root - INFO - [testing at epoch-18]
2024-05-23 00:35:23,857 - root - INFO - {'precision': array([0.04359439, 0.02363915]), 'recall': array([0.15456958, 0.41621014]), 'ndcg': array([0.16437776, 0.29749041]), 'auc': array([0.])}
2024-05-23 00:35:23,858 - root - INFO - EPOCH[19/100] all_loss: 0.874 | time cost---Sampling: 0.76s--| 
2024-05-23 00:35:23,858 - root - INFO - Summary at recall = 0.15456957559650933
2024-05-23 00:36:53,682 - root - INFO - [testing at epoch-19]
2024-05-23 00:36:53,682 - root - INFO - {'precision': array([0.04386167, 0.0237457 ]), 'recall': array([0.15553288, 0.41815171]), 'ndcg': array([0.16499191, 0.29835149]), 'auc': array([0.])}
2024-05-23 00:36:53,683 - root - INFO - EPOCH[20/100] all_loss: 0.858 | time cost---Sampling: 0.77s--| 
2024-05-23 00:36:53,683 - root - INFO - Summary at recall = 0.15553287580214456
2024-05-23 00:38:29,700 - root - INFO - [testing at epoch-20]
2024-05-23 00:38:29,700 - root - INFO - {'precision': array([0.04414163, 0.02381945]), 'recall': array([0.15657199, 0.41936251]), 'ndcg': array([0.16584025, 0.29915864]), 'auc': array([0.])}
2024-05-23 00:38:29,701 - root - INFO - EPOCH[21/100] all_loss: 0.841 | time cost---Sampling: 0.77s--| 
2024-05-23 00:38:29,701 - root - INFO - Summary at recall = 0.15657199082666678
2024-05-23 00:40:03,799 - root - INFO - [testing at epoch-21]
2024-05-23 00:40:03,800 - root - INFO - {'precision': array([0.04432646, 0.02390208]), 'recall': array([0.15720399, 0.4207813 ]), 'ndcg': array([0.16647051, 0.30000105]), 'auc': array([0.])}
2024-05-23 00:40:03,800 - root - INFO - EPOCH[22/100] all_loss: 0.823 | time cost---Sampling: 0.76s--| 
2024-05-23 00:40:03,800 - root - INFO - Summary at recall = 0.15720398800375707
2024-05-23 00:41:38,202 - root - INFO - [testing at epoch-22]
2024-05-23 00:41:38,202 - root - INFO - {'precision': array([0.04456021, 0.02396586]), 'recall': array([0.15804019, 0.42185432]), 'ndcg': array([0.16731349, 0.30081489]), 'auc': array([0.])}
2024-05-23 00:41:38,203 - root - INFO - EPOCH[23/100] all_loss: 0.806 | time cost---Sampling: 0.77s--| 
2024-05-23 00:41:38,203 - root - INFO - Summary at recall = 0.15804018966877065
2024-05-23 00:43:06,647 - root - INFO - [testing at epoch-23]
2024-05-23 00:43:06,647 - root - INFO - {'precision': array([0.04477766, 0.02403961]), 'recall': array([0.15877103, 0.42311866]), 'ndcg': array([0.16771292, 0.30136202]), 'auc': array([0.])}
2024-05-23 00:43:06,648 - root - INFO - EPOCH[24/100] all_loss: 0.787 | time cost---Sampling: 0.76s--| 
2024-05-23 00:43:06,648 - root - INFO - Summary at recall = 0.15877103035106963
2024-05-23 00:44:40,100 - root - INFO - [testing at epoch-24]
2024-05-23 00:44:40,101 - root - INFO - {'precision': array([0.04494437, 0.02409868]), 'recall': array([0.15937715, 0.42413445]), 'ndcg': array([0.16828482, 0.30200473]), 'auc': array([0.])}
2024-05-23 00:44:40,101 - root - INFO - EPOCH[25/100] all_loss: 0.770 | time cost---Sampling: 0.76s--| 
2024-05-23 00:44:40,101 - root - INFO - Summary at recall = 0.15937715429554036
2024-05-23 00:46:13,210 - root - INFO - [testing at epoch-25]
2024-05-23 00:46:13,211 - root - INFO - {'precision': array([0.04511198, 0.02414997]), 'recall': array([0.15994338, 0.42498845]), 'ndcg': array([0.1688701 , 0.30260043]), 'auc': array([0.])}
2024-05-23 00:46:13,211 - root - INFO - EPOCH[26/100] all_loss: 0.754 | time cost---Sampling: 0.76s--| 
2024-05-23 00:46:13,211 - root - INFO - Summary at recall = 0.15994337866218497
2024-05-23 00:47:45,748 - root - INFO - [testing at epoch-26]
2024-05-23 00:47:45,748 - root - INFO - {'precision': array([0.04527235, 0.02420831]), 'recall': array([0.16051613, 0.42598562]), 'ndcg': array([0.16929296, 0.30302618]), 'auc': array([0.])}
2024-05-23 00:47:45,749 - root - INFO - EPOCH[27/100] all_loss: 0.736 | time cost---Sampling: 0.76s--| 
2024-05-23 00:47:45,749 - root - INFO - Summary at recall = 0.1605161252105867
2024-05-23 00:49:20,272 - root - INFO - [testing at epoch-27]
2024-05-23 00:49:20,272 - root - INFO - {'precision': array([0.04550882, 0.02421864]), 'recall': array([0.16132867, 0.42618238]), 'ndcg': array([0.17016893, 0.30369673]), 'auc': array([0.])}
2024-05-23 00:49:20,274 - root - INFO - EPOCH[28/100] all_loss: 0.718 | time cost---Sampling: 0.76s--| 
2024-05-23 00:49:20,274 - root - INFO - Summary at recall = 0.16132866569442056
2024-05-23 00:50:51,157 - root - INFO - [testing at epoch-28]
2024-05-23 00:50:51,157 - root - INFO - {'precision': array([0.04556862, 0.02425343]), 'recall': array([0.16152956, 0.42673985]), 'ndcg': array([0.17010549, 0.30362296]), 'auc': array([0.])}
2024-05-23 00:50:51,158 - root - INFO - EPOCH[29/100] all_loss: 0.700 | time cost---Sampling: 0.76s--| 
2024-05-23 00:50:51,158 - root - INFO - Summary at recall = 0.1615295615189801
2024-05-23 00:52:26,950 - root - INFO - [testing at epoch-29]
2024-05-23 00:52:26,950 - root - INFO - {'precision': array([0.04566013, 0.02428678]), 'recall': array([0.16186953, 0.42730214]), 'ndcg': array([0.17036411, 0.30388663]), 'auc': array([0.])}
2024-05-23 00:52:26,951 - root - INFO - EPOCH[30/100] all_loss: 0.682 | time cost---Sampling: 0.76s--| 
2024-05-23 00:52:26,951 - root - INFO - Summary at recall = 0.16186953020848496
2024-05-23 00:54:03,159 - root - INFO - [testing at epoch-30]
2024-05-23 00:54:03,159 - root - INFO - {'precision': array([0.04582322, 0.02431287]), 'recall': array([0.16244999, 0.42773722]), 'ndcg': array([0.17081216, 0.30402184]), 'auc': array([0.])}
2024-05-23 00:54:03,160 - root - INFO - EPOCH[31/100] all_loss: 0.666 | time cost---Sampling: 0.76s--| 
2024-05-23 00:54:03,160 - root - INFO - Summary at recall = 0.16244998718753018
2024-05-23 00:55:36,921 - root - INFO - [testing at epoch-31]
2024-05-23 00:55:36,921 - root - INFO - {'precision': array([0.04586671, 0.0243203 ]), 'recall': array([0.16257701, 0.42777659]), 'ndcg': array([0.17098462, 0.30414519]), 'auc': array([0.])}
2024-05-23 00:55:36,922 - root - INFO - EPOCH[32/100] all_loss: 0.649 | time cost---Sampling: 0.76s--| 
2024-05-23 00:55:36,922 - root - INFO - Summary at recall = 0.16257701297303503
2024-05-23 00:57:09,348 - root - INFO - [testing at epoch-32]
2024-05-23 00:57:09,349 - root - INFO - {'precision': array([0.04591563, 0.02433407]), 'recall': array([0.16273808, 0.42799253]), 'ndcg': array([0.17107328, 0.30419372]), 'auc': array([0.])}
2024-05-23 00:57:09,349 - root - INFO - EPOCH[33/100] all_loss: 0.631 | time cost---Sampling: 0.76s--| 
2024-05-23 00:57:09,349 - root - INFO - Summary at recall = 0.1627380764502024
2024-05-23 00:58:41,580 - root - INFO - [testing at epoch-33]
2024-05-23 00:58:41,580 - root - INFO - {'precision': array([0.04599627, 0.02433353]), 'recall': array([0.16296016, 0.42796558]), 'ndcg': array([0.17114721, 0.30417409]), 'auc': array([0.])}
2024-05-23 00:58:41,581 - root - INFO - EPOCH[34/100] all_loss: 0.615 | time cost---Sampling: 0.77s--| 
2024-05-23 00:58:41,581 - root - INFO - Summary at recall = 0.16296016158691565
2024-05-23 01:00:10,544 - root - INFO - [testing at epoch-34]
2024-05-23 01:00:10,544 - root - INFO - {'precision': array([0.04595006, 0.02433443]), 'recall': array([0.16279478, 0.42795397]), 'ndcg': array([0.17105304, 0.30411283]), 'auc': array([0.])}
2024-05-23 01:00:10,545 - root - INFO - EPOCH[35/100] all_loss: 0.599 | time cost---Sampling: 0.76s--| 
2024-05-23 01:01:42,992 - root - INFO - [testing at epoch-35]
2024-05-23 01:01:42,992 - root - INFO - {'precision': array([0.04611133, 0.02433371]), 'recall': array([0.16335479, 0.42788568]), 'ndcg': array([0.1712227 , 0.30394097]), 'auc': array([0.])}
2024-05-23 01:01:42,993 - root - INFO - EPOCH[36/100] all_loss: 0.583 | time cost---Sampling: 0.76s--| 
2024-05-23 01:01:42,993 - root - INFO - Summary at recall = 0.16335479211373533
2024-05-23 01:03:15,401 - root - INFO - [testing at epoch-36]
2024-05-23 01:03:15,401 - root - INFO - {'precision': array([0.04615482, 0.02433099]), 'recall': array([0.16356625, 0.42776817]), 'ndcg': array([0.17151241, 0.30405305]), 'auc': array([0.])}
2024-05-23 01:03:15,402 - root - INFO - EPOCH[37/100] all_loss: 0.568 | time cost---Sampling: 0.78s--| 
2024-05-23 01:03:15,402 - root - INFO - Summary at recall = 0.16356625375155542
2024-05-23 01:05:12,621 - root - INFO - [testing at epoch-37]
2024-05-23 01:05:12,621 - root - INFO - {'precision': array([0.04609865, 0.02431831]), 'recall': array([0.16333355, 0.42749111]), 'ndcg': array([0.17108986, 0.30356983]), 'auc': array([0.])}
2024-05-23 01:05:12,622 - root - INFO - EPOCH[38/100] all_loss: 0.552 | time cost---Sampling: 0.75s--| 
2024-05-23 01:07:09,060 - root - INFO - [testing at epoch-38]
2024-05-23 01:07:09,060 - root - INFO - {'precision': array([0.04614214, 0.02430544]), 'recall': array([0.16346434, 0.42724061]), 'ndcg': array([0.1710241, 0.3034015]), 'auc': array([0.])}
2024-05-23 01:07:09,061 - root - INFO - EPOCH[39/100] all_loss: 0.536 | time cost---Sampling: 0.76s--| 
2024-05-23 01:09:07,885 - root - INFO - [testing at epoch-39]
2024-05-23 01:09:07,885 - root - INFO - {'precision': array([0.04610861, 0.02427753]), 'recall': array([0.16334857, 0.42671292]), 'ndcg': array([0.17094543, 0.303211  ]), 'auc': array([0.])}
2024-05-23 01:09:07,886 - root - INFO - EPOCH[40/100] all_loss: 0.522 | time cost---Sampling: 0.76s--| 
2024-05-23 01:11:06,923 - root - INFO - [testing at epoch-40]
2024-05-23 01:11:06,923 - root - INFO - {'precision': array([0.04614395, 0.0242547 ]), 'recall': array([0.16349144, 0.42622438]), 'ndcg': array([0.17100191, 0.30310181]), 'auc': array([0.])}
2024-05-23 01:11:06,924 - root - INFO - EPOCH[41/100] all_loss: 0.508 | time cost---Sampling: 0.76s--| 
2024-05-23 01:13:04,430 - root - INFO - [testing at epoch-41]
2024-05-23 01:13:04,430 - root - INFO - {'precision': array([0.04608778, 0.02422027]), 'recall': array([0.1632754 , 0.42553358]), 'ndcg': array([0.17082186, 0.3027607 ]), 'auc': array([0.])}
2024-05-23 01:13:04,431 - root - INFO - EPOCH[42/100] all_loss: 0.494 | time cost---Sampling: 0.76s--| 
2024-05-23 01:15:00,182 - root - INFO - [testing at epoch-42]
2024-05-23 01:15:00,183 - root - INFO - {'precision': array([0.0460461 , 0.02418693]), 'recall': array([0.16311923, 0.42488187]), 'ndcg': array([0.17059338, 0.30228689]), 'auc': array([0.])}
2024-05-23 01:15:00,183 - root - INFO - EPOCH[43/100] all_loss: 0.479 | time cost---Sampling: 0.77s--| 
2024-05-23 01:16:56,892 - root - INFO - [testing at epoch-43]
2024-05-23 01:16:56,892 - root - INFO - {'precision': array([0.04592016, 0.02414091]), 'recall': array([0.16265927, 0.42401724]), 'ndcg': array([0.17019691, 0.30177219]), 'auc': array([0.])}
2024-05-23 01:16:56,893 - root - INFO - EPOCH[44/100] all_loss: 0.466 | time cost---Sampling: 0.76s--| 
2024-05-23 01:18:53,462 - root - INFO - [testing at epoch-44]
2024-05-23 01:18:53,462 - root - INFO - {'precision': array([0.0458658 , 0.02411862]), 'recall': array([0.16243854, 0.42354037]), 'ndcg': array([0.16993647, 0.30140164]), 'auc': array([0.])}
2024-05-23 01:18:53,463 - root - INFO - EPOCH[45/100] all_loss: 0.452 | time cost---Sampling: 0.76s--| 
2024-05-23 01:20:48,704 - root - INFO - [testing at epoch-45]
2024-05-23 01:20:48,704 - root - INFO - {'precision': array([0.04572718, 0.02407422]), 'recall': array([0.16184356, 0.42276185]), 'ndcg': array([0.16937574, 0.30081368]), 'auc': array([0.])}
2024-05-23 01:20:48,705 - root - INFO - EPOCH[46/100] all_loss: 0.440 | time cost---Sampling: 0.76s--| 
2024-05-23 01:22:45,987 - root - INFO - [testing at epoch-46]
2024-05-23 01:22:45,988 - root - INFO - {'precision': array([0.04575073, 0.02402584]), 'recall': array([0.16190731, 0.42186285]), 'ndcg': array([0.16938427, 0.30039213]), 'auc': array([0.])}
2024-05-23 01:22:45,988 - root - INFO - EPOCH[47/100] all_loss: 0.427 | time cost---Sampling: 0.76s--| 
2024-05-23 01:24:35,427 - root - INFO - [testing at epoch-47]
2024-05-23 01:24:35,427 - root - INFO - {'precision': array([0.04560305, 0.02397691]), 'recall': array([0.16136502, 0.42102336]), 'ndcg': array([0.16875869, 0.29979098]), 'auc': array([0.])}
2024-05-23 01:24:35,428 - root - INFO - EPOCH[48/100] all_loss: 0.416 | time cost---Sampling: 0.75s--| 
2024-05-23 01:26:31,534 - root - INFO - [testing at epoch-48]
2024-05-23 01:26:31,534 - root - INFO - {'precision': array([0.04556319, 0.02393034]), 'recall': array([0.16122004, 0.42015376]), 'ndcg': array([0.16866987, 0.29936678]), 'auc': array([0.])}
2024-05-23 01:26:31,535 - root - INFO - EPOCH[49/100] all_loss: 0.404 | time cost---Sampling: 0.77s--| 
2024-05-23 01:28:23,666 - root - INFO - [testing at epoch-49]
2024-05-23 01:28:23,666 - root - INFO - {'precision': array([0.04549523, 0.02388704]), 'recall': array([0.16097643, 0.41932507]), 'ndcg': array([0.16819795, 0.29872417]), 'auc': array([0.])}
2024-05-23 01:28:23,667 - root - INFO - EPOCH[50/100] all_loss: 0.393 | time cost---Sampling: 0.76s--| 
2024-05-23 01:30:22,345 - root - INFO - [testing at epoch-50]
2024-05-23 01:30:22,345 - root - INFO - {'precision': array([0.04534212, 0.02384772]), 'recall': array([0.16050475, 0.41857048]), 'ndcg': array([0.16772845, 0.29828276]), 'auc': array([0.])}
2024-05-23 01:30:22,346 - root - INFO - EPOCH[51/100] all_loss: 0.382 | time cost---Sampling: 0.76s--| 
2024-05-23 01:32:20,164 - root - INFO - [testing at epoch-51]
2024-05-23 01:32:20,164 - root - INFO - {'precision': array([0.0452941, 0.0237948]), 'recall': array([0.16025334, 0.41761799]), 'ndcg': array([0.16754593, 0.29776027]), 'auc': array([0.])}
2024-05-23 01:32:20,165 - root - INFO - EPOCH[52/100] all_loss: 0.371 | time cost---Sampling: 0.76s--| 
2024-05-23 01:34:16,876 - root - INFO - [testing at epoch-52]
2024-05-23 01:34:16,876 - root - INFO - {'precision': array([0.04522886, 0.02374606]), 'recall': array([0.15996631, 0.41671565]), 'ndcg': array([0.16716065, 0.2972084 ]), 'auc': array([0.])}
2024-05-23 01:34:16,877 - root - INFO - EPOCH[53/100] all_loss: 0.361 | time cost---Sampling: 0.76s--| 
2024-05-23 01:36:14,019 - root - INFO - [testing at epoch-53]
2024-05-23 01:36:14,019 - root - INFO - {'precision': array([0.04513373, 0.02369315]), 'recall': array([0.15961291, 0.41576075]), 'ndcg': array([0.16673785, 0.29644697]), 'auc': array([0.])}
2024-05-23 01:36:14,020 - root - INFO - EPOCH[54/100] all_loss: 0.351 | time cost---Sampling: 0.79s--| 
2024-05-23 01:38:11,011 - root - INFO - [testing at epoch-54]
2024-05-23 01:38:11,011 - root - INFO - {'precision': array([0.04499148, 0.02362773]), 'recall': array([0.15905677, 0.4145863 ]), 'ndcg': array([0.16610998, 0.29568202]), 'auc': array([0.])}
2024-05-23 01:38:11,012 - root - INFO - EPOCH[55/100] all_loss: 0.342 | time cost---Sampling: 0.76s--| 
2024-05-23 01:40:02,990 - root - INFO - [testing at epoch-55]
2024-05-23 01:40:02,991 - root - INFO - {'precision': array([0.04488095, 0.02357591]), 'recall': array([0.15864793, 0.41360254]), 'ndcg': array([0.16592767, 0.29525645]), 'auc': array([0.])}
2024-05-23 01:40:02,991 - root - INFO - EPOCH[56/100] all_loss: 0.332 | time cost---Sampling: 0.76s--| 
2024-05-23 01:41:59,504 - root - INFO - [testing at epoch-56]
2024-05-23 01:41:59,504 - root - INFO - {'precision': array([0.04477041, 0.0235268 ]), 'recall': array([0.15819298, 0.4127118 ]), 'ndcg': array([0.16534474, 0.29450943]), 'auc': array([0.])}
2024-05-23 01:41:59,505 - root - INFO - EPOCH[57/100] all_loss: 0.323 | time cost---Sampling: 0.76s--| 
2024-05-23 01:43:56,721 - root - INFO - [testing at epoch-57]
2024-05-23 01:43:56,721 - root - INFO - {'precision': array([0.04460733, 0.02347081]), 'recall': array([0.15760574, 0.41171256]), 'ndcg': array([0.16497155, 0.29395416]), 'auc': array([0.])}
2024-05-23 01:43:56,722 - root - INFO - EPOCH[58/100] all_loss: 0.315 | time cost---Sampling: 0.76s--| 
2024-05-23 01:45:50,516 - root - INFO - [testing at epoch-58]
2024-05-23 01:45:50,516 - root - INFO - {'precision': array([0.04446327, 0.02341463]), 'recall': array([0.15715343, 0.41070216]), 'ndcg': array([0.16455497, 0.29339287]), 'auc': array([0.])}
2024-05-23 01:45:50,517 - root - INFO - EPOCH[59/100] all_loss: 0.306 | time cost---Sampling: 0.78s--| 
2024-05-23 01:47:48,140 - root - INFO - [testing at epoch-59]
2024-05-23 01:47:48,140 - root - INFO - {'precision': array([0.04439351, 0.02335139]), 'recall': array([0.15683985, 0.4095099 ]), 'ndcg': array([0.16426213, 0.29285677]), 'auc': array([0.])}
2024-05-23 01:47:48,141 - root - INFO - EPOCH[60/100] all_loss: 0.298 | time cost---Sampling: 0.76s--| 
2024-05-23 01:49:35,815 - root - INFO - [testing at epoch-60]
2024-05-23 01:49:35,815 - root - INFO - {'precision': array([0.044273  , 0.02327782]), 'recall': array([0.15640018, 0.40820996]), 'ndcg': array([0.16392366, 0.29217884]), 'auc': array([0.])}
2024-05-23 01:49:35,816 - root - INFO - EPOCH[61/100] all_loss: 0.290 | time cost---Sampling: 0.76s--| 
2024-05-23 01:51:33,128 - root - INFO - [testing at epoch-61]
2024-05-23 01:51:33,128 - root - INFO - {'precision': array([0.04419056, 0.02322292]), 'recall': array([0.15609257, 0.40719423]), 'ndcg': array([0.16361269, 0.29159521]), 'auc': array([0.])}
2024-05-23 01:51:33,129 - root - INFO - EPOCH[62/100] all_loss: 0.282 | time cost---Sampling: 0.76s--| 
2024-05-23 01:53:26,822 - root - INFO - [testing at epoch-62]
2024-05-23 01:53:26,822 - root - INFO - {'precision': array([0.04402747, 0.02316167]), 'recall': array([0.15551247, 0.40605153]), 'ndcg': array([0.16304823, 0.29089758]), 'auc': array([0.])}
2024-05-23 01:53:26,823 - root - INFO - EPOCH[63/100] all_loss: 0.275 | time cost---Sampling: 0.76s--| 
2024-05-23 01:55:25,000 - root - INFO - [testing at epoch-63]
2024-05-23 01:55:25,000 - root - INFO - {'precision': array([0.04383902, 0.02311021]), 'recall': array([0.15488003, 0.40510657]), 'ndcg': array([0.16238127, 0.29011284]), 'auc': array([0.])}
2024-05-23 01:55:25,001 - root - INFO - EPOCH[64/100] all_loss: 0.267 | time cost---Sampling: 0.76s--| 
2024-05-23 01:57:20,630 - root - INFO - [testing at epoch-64]
2024-05-23 01:57:20,630 - root - INFO - {'precision': array([0.04379281, 0.02305277]), 'recall': array([0.15475124, 0.40407697]), 'ndcg': array([0.16204033, 0.28945367]), 'auc': array([0.])}
2024-05-23 01:57:20,631 - root - INFO - EPOCH[65/100] all_loss: 0.260 | time cost---Sampling: 0.76s--| 
2024-05-23 01:59:15,482 - root - INFO - [testing at epoch-65]
2024-05-23 01:59:15,483 - root - INFO - {'precision': array([0.04362157, 0.02299243]), 'recall': array([0.15409361, 0.40299243]), 'ndcg': array([0.16142245, 0.28865743]), 'auc': array([0.])}
2024-05-23 01:59:15,483 - root - INFO - EPOCH[66/100] all_loss: 0.254 | time cost---Sampling: 0.77s--| 
2024-05-23 02:01:12,353 - root - INFO - [testing at epoch-66]
2024-05-23 02:01:12,353 - root - INFO - {'precision': array([0.04350288, 0.02292864]), 'recall': array([0.15362519, 0.40186659]), 'ndcg': array([0.16088553, 0.28790802]), 'auc': array([0.])}
2024-05-23 02:01:12,354 - root - INFO - EPOCH[67/100] all_loss: 0.248 | time cost---Sampling: 0.76s--| 
2024-05-23 02:03:07,731 - root - INFO - [testing at epoch-67]
2024-05-23 02:03:07,732 - root - INFO - {'precision': array([0.04337513, 0.02287464]), 'recall': array([0.15318123, 0.40087492]), 'ndcg': array([0.1605231 , 0.28733746]), 'auc': array([0.])}
2024-05-23 02:03:07,732 - root - INFO - EPOCH[68/100] all_loss: 0.241 | time cost---Sampling: 0.76s--| 
2024-05-23 02:05:03,021 - root - INFO - [testing at epoch-68]
2024-05-23 02:05:03,021 - root - INFO - {'precision': array([0.04323289, 0.02280017]), 'recall': array([0.15267556, 0.39958696]), 'ndcg': array([0.15992179, 0.28650649]), 'auc': array([0.])}
2024-05-23 02:05:03,022 - root - INFO - EPOCH[69/100] all_loss: 0.236 | time cost---Sampling: 0.76s--| 
2024-05-23 02:06:57,669 - root - INFO - [testing at epoch-69]
2024-05-23 02:06:57,669 - root - INFO - {'precision': array([0.04307795, 0.02274417]), 'recall': array([0.15209476, 0.39850569]), 'ndcg': array([0.15944032, 0.28591455]), 'auc': array([0.])}
2024-05-23 02:06:57,670 - root - INFO - EPOCH[70/100] all_loss: 0.230 | time cost---Sampling: 0.76s--| 
2024-05-23 02:08:51,077 - root - INFO - [testing at epoch-70]
2024-05-23 02:08:51,077 - root - INFO - {'precision': array([0.04293027, 0.02268238]), 'recall': array([0.15161654, 0.3973833 ]), 'ndcg': array([0.15894444, 0.28514784]), 'auc': array([0.])}
2024-05-23 02:08:51,078 - root - INFO - EPOCH[71/100] all_loss: 0.224 | time cost---Sampling: 0.76s--| 
2024-05-23 02:10:46,764 - root - INFO - [testing at epoch-71]
2024-05-23 02:10:46,764 - root - INFO - {'precision': array([0.04281068, 0.02261425]), 'recall': array([0.15113801, 0.39616547]), 'ndcg': array([0.15865621, 0.28463153]), 'auc': array([0.])}
2024-05-23 02:10:46,765 - root - INFO - EPOCH[72/100] all_loss: 0.219 | time cost---Sampling: 0.76s--| 
2024-05-23 02:12:43,472 - root - INFO - [testing at epoch-72]
2024-05-23 02:12:43,472 - root - INFO - {'precision': array([0.04265122, 0.02255101]), 'recall': array([0.15054647, 0.39502548]), 'ndcg': array([0.1579495 , 0.28381506]), 'auc': array([0.])}
2024-05-23 02:12:43,473 - root - INFO - EPOCH[73/100] all_loss: 0.214 | time cost---Sampling: 0.76s--| 
2024-05-23 02:14:40,867 - root - INFO - [testing at epoch-73]
2024-05-23 02:14:40,867 - root - INFO - {'precision': array([0.04249991, 0.02247871]), 'recall': array([0.14999246, 0.39369055]), 'ndcg': array([0.15741752, 0.28308458]), 'auc': array([0.])}
2024-05-23 02:14:40,868 - root - INFO - EPOCH[74/100] all_loss: 0.208 | time cost---Sampling: 0.76s--| 
2024-05-23 02:16:39,426 - root - INFO - [testing at epoch-74]
2024-05-23 02:16:39,427 - root - INFO - {'precision': array([0.0423631 , 0.02240659]), 'recall': array([0.14955327, 0.39236197]), 'ndcg': array([0.15720999, 0.28256227]), 'auc': array([0.])}
2024-05-23 02:16:39,427 - root - INFO - EPOCH[75/100] all_loss: 0.204 | time cost---Sampling: 0.76s--| 
2024-05-23 02:18:37,801 - root - INFO - [testing at epoch-75]
2024-05-23 02:18:37,801 - root - INFO - {'precision': array([0.04217646, 0.02233211]), 'recall': array([0.14886288, 0.39105759]), 'ndcg': array([0.15667162, 0.28189249]), 'auc': array([0.])}
2024-05-23 02:18:37,802 - root - INFO - EPOCH[76/100] all_loss: 0.199 | time cost---Sampling: 0.76s--| 
2024-05-23 02:20:33,731 - root - INFO - [testing at epoch-76]
2024-05-23 02:20:33,731 - root - INFO - {'precision': array([0.04202606, 0.02227775]), 'recall': array([0.14832837, 0.39007232]), 'ndcg': array([0.15609038, 0.28114293]), 'auc': array([0.])}
2024-05-23 02:20:33,732 - root - INFO - EPOCH[77/100] all_loss: 0.194 | time cost---Sampling: 0.76s--| 
2024-05-23 02:22:29,661 - root - INFO - [testing at epoch-77]
2024-05-23 02:22:29,661 - root - INFO - {'precision': array([0.04185935, 0.02220835]), 'recall': array([0.14768399, 0.38879545]), 'ndcg': array([0.15555196, 0.28044211]), 'auc': array([0.])}
2024-05-23 02:22:29,662 - root - INFO - EPOCH[78/100] all_loss: 0.190 | time cost---Sampling: 0.76s--| 
2024-05-23 02:24:25,401 - root - INFO - [testing at epoch-78]
2024-05-23 02:24:25,401 - root - INFO - {'precision': array([0.0417171 , 0.02215272]), 'recall': array([0.1472249 , 0.38776098]), 'ndcg': array([0.15500802, 0.279644  ]), 'auc': array([0.])}
2024-05-23 02:24:25,402 - root - INFO - EPOCH[79/100] all_loss: 0.186 | time cost---Sampling: 0.76s--| 
2024-05-23 02:26:21,006 - root - INFO - [testing at epoch-79]
2024-05-23 02:26:21,006 - root - INFO - {'precision': array([0.04162741, 0.02208567]), 'recall': array([0.14686653, 0.38651891]), 'ndcg': array([0.15471452, 0.27902989]), 'auc': array([0.])}
2024-05-23 02:26:21,007 - root - INFO - EPOCH[80/100] all_loss: 0.182 | time cost---Sampling: 0.76s--| 
2024-05-23 02:28:19,238 - root - INFO - [testing at epoch-80]
2024-05-23 02:28:19,239 - root - INFO - {'precision': array([0.04147791, 0.02201084]), 'recall': array([0.14634187, 0.38515973]), 'ndcg': array([0.15424364, 0.27831616]), 'auc': array([0.])}
2024-05-23 02:28:19,239 - root - INFO - EPOCH[81/100] all_loss: 0.178 | time cost---Sampling: 0.76s--| 
2024-05-23 02:30:14,052 - root - INFO - [testing at epoch-81]
2024-05-23 02:30:14,052 - root - INFO - {'precision': array([0.04134019, 0.02194959]), 'recall': array([0.14586802, 0.38408177]), 'ndcg': array([0.15372158, 0.27753728]), 'auc': array([0.])}
2024-05-23 02:30:14,053 - root - INFO - EPOCH[82/100] all_loss: 0.174 | time cost---Sampling: 0.76s--| 
2024-05-23 02:32:10,246 - root - INFO - [testing at epoch-82]
2024-05-23 02:32:10,246 - root - INFO - {'precision': array([0.04118255, 0.02187529]), 'recall': array([0.14531457, 0.38274057]), 'ndcg': array([0.15335827, 0.27698782]), 'auc': array([0.])}
2024-05-23 02:32:10,247 - root - INFO - EPOCH[83/100] all_loss: 0.170 | time cost---Sampling: 0.76s--| 
2024-05-23 02:34:03,400 - root - INFO - [testing at epoch-83]
2024-05-23 02:34:03,401 - root - INFO - {'precision': array([0.04099772, 0.02180734]), 'recall': array([0.1446208 , 0.38146552]), 'ndcg': array([0.1527211 , 0.27613701]), 'auc': array([0.])}
2024-05-23 02:34:03,401 - root - INFO - EPOCH[84/100] all_loss: 0.167 | time cost---Sampling: 0.76s--| 
2024-05-23 02:36:00,706 - root - INFO - [testing at epoch-84]
2024-05-23 02:36:00,706 - root - INFO - {'precision': array([0.04082648, 0.02173848]), 'recall': array([0.14402264, 0.3802198 ]), 'ndcg': array([0.15219005, 0.27544304]), 'auc': array([0.])}
2024-05-23 02:36:00,707 - root - INFO - EPOCH[85/100] all_loss: 0.163 | time cost---Sampling: 0.75s--| 
2024-05-23 02:37:56,635 - root - INFO - [testing at epoch-85]
2024-05-23 02:37:56,635 - root - INFO - {'precision': array([0.04063259, 0.02167289]), 'recall': array([0.14331568, 0.37903903]), 'ndcg': array([0.15160619, 0.27469492]), 'auc': array([0.])}
2024-05-23 02:37:56,636 - root - INFO - EPOCH[86/100] all_loss: 0.160 | time cost---Sampling: 0.76s--| 
2024-05-23 02:39:53,991 - root - INFO - [testing at epoch-86]
2024-05-23 02:39:53,991 - root - INFO - {'precision': array([0.04053655, 0.02162034]), 'recall': array([0.14293762, 0.37809748]), 'ndcg': array([0.15123014, 0.27417186]), 'auc': array([0.])}
2024-05-23 02:39:53,992 - root - INFO - EPOCH[87/100] all_loss: 0.156 | time cost---Sampling: 0.76s--| 
2024-05-23 02:41:43,924 - root - INFO - [testing at epoch-87]
2024-05-23 02:41:43,924 - root - INFO - {'precision': array([0.04039158, 0.02155583]), 'recall': array([0.14239315, 0.37689747]), 'ndcg': array([0.15059902, 0.27332982]), 'auc': array([0.])}
2024-05-23 02:41:43,925 - root - INFO - EPOCH[88/100] all_loss: 0.154 | time cost---Sampling: 0.76s--| 
2024-05-23 02:43:19,399 - root - INFO - [testing at epoch-88]
2024-05-23 02:43:19,399 - root - INFO - {'precision': array([0.04040699, 0.02149585]), 'recall': array([0.14239884, 0.37583567]), 'ndcg': array([0.15047083, 0.27277926]), 'auc': array([0.])}
2024-05-23 02:43:19,399 - root - INFO - EPOCH[89/100] all_loss: 0.151 | time cost---Sampling: 0.76s--| 
2024-05-23 02:44:50,362 - root - INFO - [testing at epoch-89]
2024-05-23 02:44:50,362 - root - INFO - {'precision': array([0.04020223, 0.02142953]), 'recall': array([0.14168111, 0.37460143]), 'ndcg': array([0.14985752, 0.27201063]), 'auc': array([0.])}
2024-05-23 02:44:50,363 - root - INFO - EPOCH[90/100] all_loss: 0.147 | time cost---Sampling: 0.76s--| 
2024-05-23 02:46:21,169 - root - INFO - [testing at epoch-90]
2024-05-23 02:46:21,170 - root - INFO - {'precision': array([0.04009713, 0.02135868]), 'recall': array([0.14128753, 0.37335242]), 'ndcg': array([0.14951047, 0.27133238]), 'auc': array([0.])}
2024-05-23 02:46:21,170 - root - INFO - EPOCH[91/100] all_loss: 0.145 | time cost---Sampling: 0.76s--| 
2024-05-23 02:47:55,492 - root - INFO - [testing at epoch-91]
2024-05-23 02:47:55,493 - root - INFO - {'precision': array([0.03987696, 0.02129109]), 'recall': array([0.14048399, 0.37209465]), 'ndcg': array([0.14878329, 0.2705671 ]), 'auc': array([0.])}
2024-05-23 02:47:55,493 - root - INFO - EPOCH[92/100] all_loss: 0.142 | time cost---Sampling: 0.75s--| 
2024-05-23 02:49:23,997 - root - INFO - [testing at epoch-92]
2024-05-23 02:49:23,997 - root - INFO - {'precision': array([0.03981716, 0.02122205]), 'recall': array([0.14023228, 0.37082091]), 'ndcg': array([0.14864806, 0.27000054]), 'auc': array([0.])}
2024-05-23 02:49:23,998 - root - INFO - EPOCH[93/100] all_loss: 0.139 | time cost---Sampling: 0.77s--| 
2024-05-23 02:50:58,081 - root - INFO - [testing at epoch-93]
2024-05-23 02:50:58,081 - root - INFO - {'precision': array([0.03966042, 0.02116769]), 'recall': array([0.13965263, 0.36983762]), 'ndcg': array([0.1481526 , 0.26935879]), 'auc': array([0.])}
2024-05-23 02:50:58,082 - root - INFO - EPOCH[94/100] all_loss: 0.137 | time cost---Sampling: 0.75s--| 
2024-05-23 02:52:25,846 - root - INFO - [testing at epoch-94]
2024-05-23 02:52:25,846 - root - INFO - {'precision': array([0.03956438, 0.02110046]), 'recall': array([0.13928821, 0.36860448]), 'ndcg': array([0.14787836, 0.26871781]), 'auc': array([0.])}
2024-05-23 02:52:25,847 - root - INFO - EPOCH[95/100] all_loss: 0.134 | time cost---Sampling: 0.76s--| 
2024-05-23 02:54:01,342 - root - INFO - [testing at epoch-95]
2024-05-23 02:54:01,342 - root - INFO - {'precision': array([0.03942032, 0.0210432 ]), 'recall': array([0.13879942, 0.36753827]), 'ndcg': array([0.14747889, 0.26820207]), 'auc': array([0.])}
2024-05-23 02:54:01,343 - root - INFO - EPOCH[96/100] all_loss: 0.132 | time cost---Sampling: 0.76s--| 
2024-05-23 02:55:35,009 - root - INFO - [testing at epoch-96]
2024-05-23 02:55:35,009 - root - INFO - {'precision': array([0.03930345, 0.0209805 ]), 'recall': array([0.13837816, 0.36645009]), 'ndcg': array([0.14691094, 0.26733713]), 'auc': array([0.])}
2024-05-23 02:55:35,010 - root - INFO - EPOCH[97/100] all_loss: 0.129 | time cost---Sampling: 0.76s--| 
2024-05-23 02:57:08,600 - root - INFO - [testing at epoch-97]
2024-05-23 02:57:08,600 - root - INFO - {'precision': array([0.03914217, 0.02089715]), 'recall': array([0.1377506, 0.3649314]), 'ndcg': array([0.14640052, 0.26653155]), 'auc': array([0.])}
2024-05-23 02:57:08,601 - root - INFO - EPOCH[98/100] all_loss: 0.127 | time cost---Sampling: 0.76s--| 
2024-05-23 02:58:36,048 - root - INFO - [testing at epoch-98]
2024-05-23 02:58:36,048 - root - INFO - {'precision': array([0.03898815, 0.02084424]), 'recall': array([0.13722624, 0.36389796]), 'ndcg': array([0.14605403, 0.26604564]), 'auc': array([0.])}
2024-05-23 02:58:36,049 - root - INFO - EPOCH[99/100] all_loss: 0.125 | time cost---Sampling: 0.76s--| 
2024-05-23 03:00:08,655 - root - INFO - [testing at epoch-99]
2024-05-23 03:00:08,655 - root - INFO - {'precision': array([0.03886131, 0.02078462]), 'recall': array([0.13673992, 0.36278103]), 'ndcg': array([0.14533732, 0.26518784]), 'auc': array([0.])}
2024-05-23 03:00:08,656 - root - INFO - EPOCH[100/100] all_loss: 0.123 | time cost---Sampling: 0.76s--| 
