2024-05-23 19:35:52,826 - root - INFO - Namespace(R=100, bpr_neg_num=4, compute_rank=1, dataset='yelp', dim=256, epoch=50, eps=1e-20, layers=2, lmd2=0.1, lr=0.0005, model='bgr', neg_ratio=48, norm_a=1.0, save_embed=1, seed=2021, tensorboard=True, test_batch=100, test_file='test.txt', topks=[20, 100], train_batch=2048, train_file='train.txt', weight=0.0001)
2024-05-23 19:36:42,373 - root - INFO - [testing at epoch-0]
2024-05-23 19:36:42,373 - root - INFO - {'precision': array([0.01437255, 0.00882405]), 'recall': array([0.02892157, 0.08697856]), 'ndcg': array([0.06248068, 0.12297559]), 'auc': array([0.])}
2024-05-23 19:36:42,374 - root - INFO - EPOCH[1/50] all_loss: 1.617 | time cost---Sampling: 5.54s--| 
2024-05-23 19:36:42,374 - root - INFO - Summary at recall = 0.028921573069427987
2024-05-23 19:37:33,179 - root - INFO - [testing at epoch-1]
2024-05-23 19:37:33,180 - root - INFO - {'precision': array([0.02057598, 0.01298819]), 'recall': array([0.04405835, 0.13547022]), 'ndcg': array([0.08621414, 0.17430943]), 'auc': array([0.])}
2024-05-23 19:37:33,181 - root - INFO - EPOCH[2/50] all_loss: 1.590 | time cost---Sampling: 5.51s--| 
2024-05-23 19:37:33,181 - root - INFO - Summary at recall = 0.04405834743804097
2024-05-23 19:38:24,154 - root - INFO - [testing at epoch-2]
2024-05-23 19:38:24,154 - root - INFO - {'precision': array([0.02316534, 0.01478464]), 'recall': array([0.04987421, 0.15636569]), 'ndcg': array([0.0943915 , 0.19269804]), 'auc': array([0.])}
2024-05-23 19:38:24,155 - root - INFO - EPOCH[3/50] all_loss: 1.564 | time cost---Sampling: 6.07s--| 
2024-05-23 19:38:24,155 - root - INFO - Summary at recall = 0.049874208869074003
2024-05-23 19:39:15,233 - root - INFO - [testing at epoch-3]
2024-05-23 19:39:15,234 - root - INFO - {'precision': array([0.02496526, 0.01594385]), 'recall': array([0.05426015, 0.16975681]), 'ndcg': array([0.10074943, 0.20443895]), 'auc': array([0.])}
2024-05-23 19:39:15,234 - root - INFO - EPOCH[4/50] all_loss: 1.536 | time cost---Sampling: 5.64s--| 
2024-05-23 19:39:15,234 - root - INFO - Summary at recall = 0.05426015003090136
2024-05-23 19:40:05,929 - root - INFO - [testing at epoch-4]
2024-05-23 19:40:05,929 - root - INFO - {'precision': array([0.02622995, 0.01674877]), 'recall': array([0.05752392, 0.1793453 ]), 'ndcg': array([0.10472246, 0.21236238]), 'auc': array([0.])}
2024-05-23 19:40:05,930 - root - INFO - EPOCH[5/50] all_loss: 1.505 | time cost---Sampling: 6.16s--| 
2024-05-23 19:40:05,930 - root - INFO - Summary at recall = 0.057523917831810316
2024-05-23 19:40:55,715 - root - INFO - [testing at epoch-5]
2024-05-23 19:40:55,715 - root - INFO - {'precision': array([0.02718359, 0.01730138]), 'recall': array([0.05991082, 0.18573872]), 'ndcg': array([0.10804206, 0.21781894]), 'auc': array([0.])}
2024-05-23 19:40:55,716 - root - INFO - EPOCH[6/50] all_loss: 1.470 | time cost---Sampling: 5.57s--| 
2024-05-23 19:40:55,716 - root - INFO - Summary at recall = 0.05991082337654815
2024-05-23 19:41:45,473 - root - INFO - [testing at epoch-6]
2024-05-23 19:41:45,473 - root - INFO - {'precision': array([0.02794619, 0.01775799]), 'recall': array([0.06185107, 0.19112184]), 'ndcg': array([0.11074216, 0.22240623]), 'auc': array([0.])}
2024-05-23 19:41:45,474 - root - INFO - EPOCH[7/50] all_loss: 1.434 | time cost---Sampling: 5.54s--| 
2024-05-23 19:41:45,474 - root - INFO - Summary at recall = 0.06185106644461915
2024-05-23 19:42:35,240 - root - INFO - [testing at epoch-7]
2024-05-23 19:42:35,241 - root - INFO - {'precision': array([0.02868827, 0.01808892]), 'recall': array([0.06355925, 0.19514821]), 'ndcg': array([0.11309462, 0.22589413]), 'auc': array([0.])}
2024-05-23 19:42:35,241 - root - INFO - EPOCH[8/50] all_loss: 1.398 | time cost---Sampling: 5.51s--| 
2024-05-23 19:42:35,241 - root - INFO - Summary at recall = 0.06355924516208415
2024-05-23 19:43:25,109 - root - INFO - [testing at epoch-8]
2024-05-23 19:43:25,109 - root - INFO - {'precision': array([0.02919824, 0.01835891]), 'recall': array([0.0649743 , 0.19820118]), 'ndcg': array([0.1147599 , 0.22841237]), 'auc': array([0.])}
2024-05-23 19:43:25,110 - root - INFO - EPOCH[9/50] all_loss: 1.361 | time cost---Sampling: 5.59s--| 
2024-05-23 19:43:25,110 - root - INFO - Summary at recall = 0.06497429534927954
2024-05-23 19:44:14,810 - root - INFO - [testing at epoch-9]
2024-05-23 19:44:14,810 - root - INFO - {'precision': array([0.02970822, 0.01857617]), 'recall': array([0.06624624, 0.20057548]), 'ndcg': array([0.11647799, 0.23054777]), 'auc': array([0.])}
2024-05-23 19:44:14,811 - root - INFO - EPOCH[10/50] all_loss: 1.322 | time cost---Sampling: 5.56s--| 
2024-05-23 19:44:14,811 - root - INFO - Summary at recall = 0.06624623845746147
2024-05-23 19:45:04,570 - root - INFO - [testing at epoch-10]
2024-05-23 19:45:04,571 - root - INFO - {'precision': array([0.03013136, 0.01876184]), 'recall': array([0.06714238, 0.20285311]), 'ndcg': array([0.11765335, 0.23239607]), 'auc': array([0.])}
2024-05-23 19:45:04,571 - root - INFO - EPOCH[11/50] all_loss: 1.284 | time cost---Sampling: 5.55s--| 
2024-05-23 19:45:04,571 - root - INFO - Summary at recall = 0.06714237745115581
2024-05-23 19:45:54,353 - root - INFO - [testing at epoch-11]
2024-05-23 19:45:54,353 - root - INFO - {'precision': array([0.03050714, 0.01891057]), 'recall': array([0.06785957, 0.20464336]), 'ndcg': array([0.11856781, 0.23364371]), 'auc': array([0.])}
2024-05-23 19:45:54,354 - root - INFO - EPOCH[12/50] all_loss: 1.245 | time cost---Sampling: 5.55s--| 
2024-05-23 19:45:54,354 - root - INFO - Summary at recall = 0.06785957132927639
2024-05-23 19:46:44,104 - root - INFO - [testing at epoch-12]
2024-05-23 19:46:44,104 - root - INFO - {'precision': array([0.03077239, 0.01898573]), 'recall': array([0.06851417, 0.20541165]), 'ndcg': array([0.11952852, 0.23480201]), 'auc': array([0.])}
2024-05-23 19:46:44,105 - root - INFO - EPOCH[13/50] all_loss: 1.206 | time cost---Sampling: 5.56s--| 
2024-05-23 19:46:44,105 - root - INFO - Summary at recall = 0.06851417331174116
2024-05-23 19:47:33,923 - root - INFO - [testing at epoch-13]
2024-05-23 19:47:33,924 - root - INFO - {'precision': array([0.03102975, 0.01908709]), 'recall': array([0.0690199 , 0.20636212]), 'ndcg': array([0.12030935, 0.23560645]), 'auc': array([0.])}
2024-05-23 19:47:33,924 - root - INFO - EPOCH[14/50] all_loss: 1.168 | time cost---Sampling: 5.55s--| 
2024-05-23 19:47:33,924 - root - INFO - Summary at recall = 0.06901989777806276
2024-05-23 19:48:24,159 - root - INFO - [testing at epoch-14]
2024-05-23 19:48:24,159 - root - INFO - {'precision': array([0.03111816, 0.0191373 ]), 'recall': array([0.06924756, 0.20679095]), 'ndcg': array([0.12087878, 0.23624805]), 'auc': array([0.])}
2024-05-23 19:48:24,161 - root - INFO - EPOCH[15/50] all_loss: 1.130 | time cost---Sampling: 5.61s--| 
2024-05-23 19:48:24,161 - root - INFO - Summary at recall = 0.06924755668851655
2024-05-23 19:49:14,012 - root - INFO - [testing at epoch-15]
2024-05-23 19:49:14,012 - root - INFO - {'precision': array([0.03121448, 0.01918151]), 'recall': array([0.06941713, 0.2071692 ]), 'ndcg': array([0.12110292, 0.23667173]), 'auc': array([0.])}
2024-05-23 19:49:14,013 - root - INFO - EPOCH[16/50] all_loss: 1.093 | time cost---Sampling: 5.55s--| 
2024-05-23 19:49:14,013 - root - INFO - Summary at recall = 0.06941712714825087
2024-05-23 19:50:04,022 - root - INFO - [testing at epoch-16]
2024-05-23 19:50:04,023 - root - INFO - {'precision': array([0.03133921, 0.0192153 ]), 'recall': array([0.06970359, 0.20748983]), 'ndcg': array([0.12175098, 0.23730075]), 'auc': array([0.])}
2024-05-23 19:50:04,023 - root - INFO - EPOCH[17/50] all_loss: 1.055 | time cost---Sampling: 5.54s--| 
2024-05-23 19:50:04,023 - root - INFO - Summary at recall = 0.06970359166101991
2024-05-23 19:50:53,821 - root - INFO - [testing at epoch-17]
2024-05-23 19:50:53,822 - root - INFO - {'precision': array([0.03145289, 0.01920866]), 'recall': array([0.06993677, 0.20736403]), 'ndcg': array([0.12229583, 0.23753017]), 'auc': array([0.])}
2024-05-23 19:50:53,822 - root - INFO - EPOCH[18/50] all_loss: 1.019 | time cost---Sampling: 5.54s--| 
2024-05-23 19:50:53,823 - root - INFO - Summary at recall = 0.06993676759473759
2024-05-23 19:51:43,735 - root - INFO - [testing at epoch-18]
2024-05-23 19:51:43,736 - root - INFO - {'precision': array([0.03159341, 0.01917867]), 'recall': array([0.07016123, 0.20679257]), 'ndcg': array([0.12267094, 0.23738282]), 'auc': array([0.])}
2024-05-23 19:51:43,736 - root - INFO - EPOCH[19/50] all_loss: 0.985 | time cost---Sampling: 5.55s--| 
2024-05-23 19:51:43,736 - root - INFO - Summary at recall = 0.07016123445773711
2024-05-23 19:52:33,409 - root - INFO - [testing at epoch-19]
2024-05-23 19:52:33,409 - root - INFO - {'precision': array([0.03161393, 0.01913098]), 'recall': array([0.07023113, 0.20597806]), 'ndcg': array([0.12301493, 0.23728898]), 'auc': array([0.])}
2024-05-23 19:52:33,410 - root - INFO - EPOCH[20/50] all_loss: 0.950 | time cost---Sampling: 5.53s--| 
2024-05-23 19:52:33,410 - root - INFO - Summary at recall = 0.07023113203974336
2024-05-23 19:53:23,216 - root - INFO - [testing at epoch-20]
2024-05-23 19:53:23,216 - root - INFO - {'precision': array([0.03167709, 0.01910477]), 'recall': array([0.07026988, 0.20540733]), 'ndcg': array([0.12314929, 0.23697719]), 'auc': array([0.])}
2024-05-23 19:53:23,217 - root - INFO - EPOCH[21/50] all_loss: 0.917 | time cost---Sampling: 5.55s--| 
2024-05-23 19:53:23,217 - root - INFO - Summary at recall = 0.07026987592693412
2024-05-23 19:54:14,627 - root - INFO - [testing at epoch-21]
2024-05-23 19:54:14,627 - root - INFO - {'precision': array([0.0316313 , 0.01906372]), 'recall': array([0.070222 , 0.2047527]), 'ndcg': array([0.12334391, 0.2370039 ]), 'auc': array([0.])}
2024-05-23 19:54:14,628 - root - INFO - EPOCH[22/50] all_loss: 0.885 | time cost---Sampling: 5.77s--| 
2024-05-23 19:55:05,446 - root - INFO - [testing at epoch-22]
2024-05-23 19:55:05,446 - root - INFO - {'precision': array([0.03162972, 0.01900088]), 'recall': array([0.07020236, 0.20394112]), 'ndcg': array([0.12340192, 0.23657451]), 'auc': array([0.])}
2024-05-23 19:55:05,447 - root - INFO - EPOCH[23/50] all_loss: 0.854 | time cost---Sampling: 6.23s--| 
2024-05-23 19:55:56,563 - root - INFO - [testing at epoch-23]
2024-05-23 19:55:56,564 - root - INFO - {'precision': array([0.0316013 , 0.01894847]), 'recall': array([0.07008326, 0.20297423]), 'ndcg': array([0.12350636, 0.23617679]), 'auc': array([0.])}
2024-05-23 19:55:56,565 - root - INFO - EPOCH[24/50] all_loss: 0.825 | time cost---Sampling: 6.21s--| 
2024-05-23 19:56:46,415 - root - INFO - [testing at epoch-24]
2024-05-23 19:56:46,415 - root - INFO - {'precision': array([0.03150973, 0.01888499]), 'recall': array([0.06974029, 0.20170839]), 'ndcg': array([0.12350373, 0.23575284]), 'auc': array([0.])}
2024-05-23 19:56:46,416 - root - INFO - EPOCH[25/50] all_loss: 0.796 | time cost---Sampling: 6.15s--| 
2024-05-23 19:57:35,662 - root - INFO - [testing at epoch-25]
2024-05-23 19:57:35,663 - root - INFO - {'precision': array([0.03152394, 0.018795  ]), 'recall': array([0.06962229, 0.20047459]), 'ndcg': array([0.12343948, 0.23500909]), 'auc': array([0.])}
2024-05-23 19:57:35,663 - root - INFO - EPOCH[26/50] all_loss: 0.769 | time cost---Sampling: 5.56s--| 
2024-05-23 19:58:24,878 - root - INFO - [testing at epoch-26]
2024-05-23 19:58:24,878 - root - INFO - {'precision': array([0.03142447, 0.01871921]), 'recall': array([0.06935367, 0.19925798]), 'ndcg': array([0.12333055, 0.23440414]), 'auc': array([0.])}
2024-05-23 19:58:24,879 - root - INFO - EPOCH[27/50] all_loss: 0.744 | time cost---Sampling: 5.53s--| 
2024-05-23 19:59:14,150 - root - INFO - [testing at epoch-27]
2024-05-23 19:59:14,150 - root - INFO - {'precision': array([0.03130921, 0.01865164]), 'recall': array([0.06903528, 0.19822696]), 'ndcg': array([0.12302541, 0.23383123]), 'auc': array([0.])}
2024-05-23 19:59:14,151 - root - INFO - EPOCH[28/50] all_loss: 0.718 | time cost---Sampling: 5.55s--| 
2024-05-23 20:00:03,446 - root - INFO - [testing at epoch-28]
2024-05-23 20:00:03,446 - root - INFO - {'precision': array([0.03122553, 0.0185749 ]), 'recall': array([0.06878855, 0.19682839]), 'ndcg': array([0.12295334, 0.23301748]), 'auc': array([0.])}
2024-05-23 20:00:03,447 - root - INFO - EPOCH[29/50] all_loss: 0.695 | time cost---Sampling: 5.54s--| 
2024-05-23 20:00:52,696 - root - INFO - [testing at epoch-29]
2024-05-23 20:00:52,696 - root - INFO - {'precision': array([0.03115448, 0.01849533]), 'recall': array([0.06853781, 0.195667  ]), 'ndcg': array([0.12290459, 0.23248154]), 'auc': array([0.])}
2024-05-23 20:00:52,697 - root - INFO - EPOCH[30/50] all_loss: 0.672 | time cost---Sampling: 5.54s--| 
2024-05-23 20:01:41,866 - root - INFO - [testing at epoch-30]
2024-05-23 20:01:41,866 - root - INFO - {'precision': array([0.03100764, 0.01840059]), 'recall': array([0.06807001, 0.19431174]), 'ndcg': array([0.12235626, 0.23166942]), 'auc': array([0.])}
2024-05-23 20:01:41,867 - root - INFO - EPOCH[31/50] all_loss: 0.649 | time cost---Sampling: 5.51s--| 
2024-05-23 20:02:31,034 - root - INFO - [testing at epoch-31]
2024-05-23 20:02:31,034 - root - INFO - {'precision': array([0.03090344, 0.01828849]), 'recall': array([0.06774739, 0.19278843]), 'ndcg': array([0.12215102, 0.23074482]), 'auc': array([0.])}
2024-05-23 20:02:31,035 - root - INFO - EPOCH[32/50] all_loss: 0.630 | time cost---Sampling: 5.50s--| 
2024-05-23 20:03:20,287 - root - INFO - [testing at epoch-32]
2024-05-23 20:03:20,288 - root - INFO - {'precision': array([0.03074555, 0.01819787]), 'recall': array([0.06731131, 0.19125769]), 'ndcg': array([0.1217246 , 0.22981308]), 'auc': array([0.])}
2024-05-23 20:03:20,288 - root - INFO - EPOCH[33/50] all_loss: 0.609 | time cost---Sampling: 5.55s--| 
2024-05-23 20:04:09,583 - root - INFO - [testing at epoch-33]
2024-05-23 20:04:09,583 - root - INFO - {'precision': array([0.03065239, 0.01810282]), 'recall': array([0.06688239, 0.18972104]), 'ndcg': array([0.12156268, 0.22889729]), 'auc': array([0.])}
2024-05-23 20:04:09,584 - root - INFO - EPOCH[34/50] all_loss: 0.591 | time cost---Sampling: 5.55s--| 
2024-05-23 20:04:58,807 - root - INFO - [testing at epoch-34]
2024-05-23 20:04:58,808 - root - INFO - {'precision': array([0.03055608, 0.01798535]), 'recall': array([0.06658928, 0.18810671]), 'ndcg': array([0.12119703, 0.2277889 ]), 'auc': array([0.])}
2024-05-23 20:04:58,808 - root - INFO - EPOCH[35/50] all_loss: 0.573 | time cost---Sampling: 5.54s--| 
2024-05-23 20:05:48,140 - root - INFO - [testing at epoch-35]
2024-05-23 20:05:48,140 - root - INFO - {'precision': array([0.03041082, 0.01787798]), 'recall': array([0.06618073, 0.18664465]), 'ndcg': array([0.1207581, 0.2267334]), 'auc': array([0.])}
2024-05-23 20:05:48,141 - root - INFO - EPOCH[36/50] all_loss: 0.556 | time cost---Sampling: 5.59s--| 
2024-05-23 20:06:37,305 - root - INFO - [testing at epoch-36]
2024-05-23 20:06:37,305 - root - INFO - {'precision': array([0.03029083, 0.01776304]), 'recall': array([0.06579745, 0.18501754]), 'ndcg': array([0.12051588, 0.22592533]), 'auc': array([0.])}
2024-05-23 20:06:37,306 - root - INFO - EPOCH[37/50] all_loss: 0.540 | time cost---Sampling: 5.53s--| 
2024-05-23 20:07:26,574 - root - INFO - [testing at epoch-37]
2024-05-23 20:07:26,574 - root - INFO - {'precision': array([0.03014557, 0.0176541 ]), 'recall': array([0.06546334, 0.18344068]), 'ndcg': array([0.12024813, 0.22496713]), 'auc': array([0.])}
2024-05-23 20:07:26,575 - root - INFO - EPOCH[38/50] all_loss: 0.523 | time cost---Sampling: 5.53s--| 
2024-05-23 20:08:15,708 - root - INFO - [testing at epoch-38]
2024-05-23 20:08:15,708 - root - INFO - {'precision': array([0.03003821, 0.01754895]), 'recall': array([0.06505784, 0.18189953]), 'ndcg': array([0.1199965 , 0.22409602]), 'auc': array([0.])}
2024-05-23 20:08:15,709 - root - INFO - EPOCH[39/50] all_loss: 0.509 | time cost---Sampling: 5.55s--| 
2024-05-23 20:09:04,975 - root - INFO - [testing at epoch-39]
2024-05-23 20:09:04,976 - root - INFO - {'precision': array([0.02988822, 0.01742611]), 'recall': array([0.06465365, 0.18022868]), 'ndcg': array([0.11963436, 0.22302743]), 'auc': array([0.])}
2024-05-23 20:09:04,977 - root - INFO - EPOCH[40/50] all_loss: 0.495 | time cost---Sampling: 5.56s--| 
2024-05-23 20:09:54,179 - root - INFO - [testing at epoch-40]
2024-05-23 20:09:54,179 - root - INFO - {'precision': array([0.02975243, 0.01734022]), 'recall': array([0.0642096 , 0.17889757]), 'ndcg': array([0.11916803, 0.22202048]), 'auc': array([0.])}
2024-05-23 20:09:54,180 - root - INFO - EPOCH[41/50] all_loss: 0.481 | time cost---Sampling: 5.61s--| 
2024-05-23 20:10:45,225 - root - INFO - [testing at epoch-41]
2024-05-23 20:10:45,225 - root - INFO - {'precision': array([0.02964033, 0.01723791]), 'recall': array([0.06378548, 0.17753312]), 'ndcg': array([0.11902221, 0.22119203]), 'auc': array([0.])}
2024-05-23 20:10:45,226 - root - INFO - EPOCH[42/50] all_loss: 0.468 | time cost---Sampling: 5.87s--| 
2024-05-23 20:11:36,346 - root - INFO - [testing at epoch-42]
2024-05-23 20:11:36,346 - root - INFO - {'precision': array([0.02943192, 0.01714886]), 'recall': array([0.0633328 , 0.17610248]), 'ndcg': array([0.11851526, 0.22024556]), 'auc': array([0.])}
2024-05-23 20:11:36,347 - root - INFO - EPOCH[43/50] all_loss: 0.456 | time cost---Sampling: 6.43s--| 
2024-05-23 20:12:28,058 - root - INFO - [testing at epoch-43]
2024-05-23 20:12:28,059 - root - INFO - {'precision': array([0.02931192, 0.01704686]), 'recall': array([0.06290517, 0.17473382]), 'ndcg': array([0.11829011, 0.21935392]), 'auc': array([0.])}
2024-05-23 20:12:28,060 - root - INFO - EPOCH[44/50] all_loss: 0.444 | time cost---Sampling: 6.46s--| 
2024-05-23 20:13:17,561 - root - INFO - [testing at epoch-44]
2024-05-23 20:13:17,562 - root - INFO - {'precision': array([0.02910667, 0.01694108]), 'recall': array([0.0624438 , 0.17318359]), 'ndcg': array([0.11786813, 0.21847071]), 'auc': array([0.])}
2024-05-23 20:13:17,563 - root - INFO - EPOCH[45/50] all_loss: 0.433 | time cost---Sampling: 5.79s--| 
2024-05-23 20:14:06,956 - root - INFO - [testing at epoch-45]
2024-05-23 20:14:06,956 - root - INFO - {'precision': array([0.02896615, 0.01682961]), 'recall': array([0.06202758, 0.17159025]), 'ndcg': array([0.11741069, 0.21736852]), 'auc': array([0.])}
2024-05-23 20:14:06,957 - root - INFO - EPOCH[46/50] all_loss: 0.421 | time cost---Sampling: 5.55s--| 
2024-05-23 20:14:56,359 - root - INFO - [testing at epoch-46]
2024-05-23 20:14:56,360 - root - INFO - {'precision': array([0.02875932, 0.01672224]), 'recall': array([0.06149064, 0.17017135]), 'ndcg': array([0.1169422, 0.216454 ]), 'auc': array([0.])}
2024-05-23 20:14:56,361 - root - INFO - EPOCH[47/50] all_loss: 0.412 | time cost---Sampling: 5.55s--| 
2024-05-23 20:15:45,628 - root - INFO - [testing at epoch-47]
2024-05-23 20:15:45,628 - root - INFO - {'precision': array([0.02867248, 0.01662435]), 'recall': array([0.06116911, 0.16893979]), 'ndcg': array([0.11665582, 0.21548421]), 'auc': array([0.])}
2024-05-23 20:15:45,629 - root - INFO - EPOCH[48/50] all_loss: 0.401 | time cost---Sampling: 5.56s--| 
2024-05-23 20:16:34,871 - root - INFO - [testing at epoch-48]
2024-05-23 20:16:34,871 - root - INFO - {'precision': array([0.02848933, 0.01652046]), 'recall': array([0.06067293, 0.16742834]), 'ndcg': array([0.11614485, 0.21457876]), 'auc': array([0.])}
2024-05-23 20:16:34,872 - root - INFO - EPOCH[49/50] all_loss: 0.392 | time cost---Sampling: 5.55s--| 
2024-05-23 20:17:24,097 - root - INFO - [testing at epoch-49]
2024-05-23 20:17:24,097 - root - INFO - {'precision': array([0.02833775, 0.01642699]), 'recall': array([0.06019517, 0.1661559 ]), 'ndcg': array([0.11581013, 0.21364457]), 'auc': array([0.])}
2024-05-23 20:17:24,098 - root - INFO - EPOCH[50/50] all_loss: 0.382 | time cost---Sampling: 5.53s--| 
