2024-05-20 11:51:54,853 - root - INFO - Namespace(R=100, bpr_neg_num=8, compute_rank=1, dataset='movie', dim=256, epoch=40, eps=1e-20, layers=2, lmd2=0.1, lr=0.001, model='bgr', neg_ratio=8, norm_a=1.0, save_embed=1, seed=2021, tensorboard=True, test_batch=100, test_file='test.txt', topks=[20, 100], train_batch=2048, train_file='train.txt', weight=0.0001)
2024-05-20 11:52:28,065 - root - INFO - [testing at epoch-0]
2024-05-20 11:52:28,065 - root - INFO - {'precision': array([0.17916391, 0.1024404 ]), 'recall': array([0.13631993, 0.35985588]), 'ndcg': array([0.31525004, 0.5245507 ]), 'auc': array([0.])}
2024-05-20 11:52:28,065 - root - INFO - EPOCH[1/40] all_loss: 2.192 | time cost---Sampling: 2.05s--| 
2024-05-20 11:52:28,065 - root - INFO - Summary at recall = 0.13631993268314632
2024-05-20 11:53:05,488 - root - INFO - [testing at epoch-1]
2024-05-20 11:53:05,488 - root - INFO - {'precision': array([0.22319536, 0.12183278]), 'recall': array([0.17761893, 0.43291589]), 'ndcg': array([0.37274331, 0.58143864]), 'auc': array([0.])}
2024-05-20 11:53:05,489 - root - INFO - EPOCH[2/40] all_loss: 2.098 | time cost---Sampling: 2.05s--| 
2024-05-20 11:53:05,489 - root - INFO - Summary at recall = 0.17761892823313297
2024-05-20 11:53:41,719 - root - INFO - [testing at epoch-2]
2024-05-20 11:53:41,719 - root - INFO - {'precision': array([0.25416391, 0.1339106 ]), 'recall': array([0.20959472, 0.48280612]), 'ndcg': array([0.40830449, 0.61424593]), 'auc': array([0.])}
2024-05-20 11:53:41,720 - root - INFO - EPOCH[3/40] all_loss: 1.990 | time cost---Sampling: 2.04s--| 
2024-05-20 11:53:41,720 - root - INFO - Summary at recall = 0.2095947216604622
2024-05-20 11:54:18,426 - root - INFO - [testing at epoch-3]
2024-05-20 11:54:18,426 - root - INFO - {'precision': array([0.27134934, 0.14086424]), 'recall': array([0.22852896, 0.51096669]), 'ndcg': array([0.42923481, 0.63311718]), 'auc': array([0.])}
2024-05-20 11:54:18,427 - root - INFO - EPOCH[4/40] all_loss: 1.912 | time cost---Sampling: 2.04s--| 
2024-05-20 11:54:18,427 - root - INFO - Summary at recall = 0.22852895836343531
2024-05-20 11:54:55,777 - root - INFO - [testing at epoch-4]
2024-05-20 11:54:55,777 - root - INFO - {'precision': array([0.28260762, 0.14519868]), 'recall': array([0.24131249, 0.52841406]), 'ndcg': array([0.44422418, 0.64605544]), 'auc': array([0.])}
2024-05-20 11:54:55,777 - root - INFO - EPOCH[5/40] all_loss: 1.849 | time cost---Sampling: 2.06s--| 
2024-05-20 11:54:55,777 - root - INFO - Summary at recall = 0.24131248603563335
2024-05-20 11:55:30,217 - root - INFO - [testing at epoch-5]
2024-05-20 11:55:30,217 - root - INFO - {'precision': array([0.29020695, 0.14787252]), 'recall': array([0.24954182, 0.53990346]), 'ndcg': array([0.45340964, 0.65412952]), 'auc': array([0.])}
2024-05-20 11:55:30,217 - root - INFO - EPOCH[6/40] all_loss: 1.793 | time cost---Sampling: 2.04s--| 
2024-05-20 11:55:30,217 - root - INFO - Summary at recall = 0.24954182329993974
2024-05-20 11:56:07,405 - root - INFO - [testing at epoch-6]
2024-05-20 11:56:07,405 - root - INFO - {'precision': array([0.29596854, 0.15013245]), 'recall': array([0.25560919, 0.54884355]), 'ndcg': array([0.45935989, 0.65911307]), 'auc': array([0.])}
2024-05-20 11:56:07,406 - root - INFO - EPOCH[7/40] all_loss: 1.745 | time cost---Sampling: 2.06s--| 
2024-05-20 11:56:07,406 - root - INFO - Summary at recall = 0.25560919074954275
2024-05-20 11:56:43,351 - root - INFO - [testing at epoch-7]
2024-05-20 11:56:43,351 - root - INFO - {'precision': array([0.30004139, 0.15172185]), 'recall': array([0.26022787, 0.55496713]), 'ndcg': array([0.46482851, 0.6637018 ]), 'auc': array([0.])}
2024-05-20 11:56:43,352 - root - INFO - EPOCH[8/40] all_loss: 1.699 | time cost---Sampling: 2.09s--| 
2024-05-20 11:56:43,352 - root - INFO - Summary at recall = 0.26022786598989806
2024-05-20 11:57:18,815 - root - INFO - [testing at epoch-8]
2024-05-20 11:57:18,816 - root - INFO - {'precision': array([0.30349338, 0.1529851 ]), 'recall': array([0.26355145, 0.55968418]), 'ndcg': array([0.46830462, 0.66662204]), 'auc': array([0.])}
2024-05-20 11:57:18,816 - root - INFO - EPOCH[9/40] all_loss: 1.655 | time cost---Sampling: 2.07s--| 
2024-05-20 11:57:18,816 - root - INFO - Summary at recall = 0.2635514467112696
2024-05-20 11:57:56,149 - root - INFO - [testing at epoch-9]
2024-05-20 11:57:56,149 - root - INFO - {'precision': array([0.30605132, 0.15405132]), 'recall': array([0.26615904, 0.56357934]), 'ndcg': array([0.47085906, 0.66865472]), 'auc': array([0.])}
2024-05-20 11:57:56,150 - root - INFO - EPOCH[10/40] all_loss: 1.613 | time cost---Sampling: 2.06s--| 
2024-05-20 11:57:56,150 - root - INFO - Summary at recall = 0.26615904481270675
2024-05-20 11:58:31,887 - root - INFO - [testing at epoch-10]
2024-05-20 11:58:31,888 - root - INFO - {'precision': array([0.30819536, 0.15510762]), 'recall': array([0.26781409, 0.56708436]), 'ndcg': array([0.47261091, 0.67002081]), 'auc': array([0.])}
2024-05-20 11:58:31,888 - root - INFO - EPOCH[11/40] all_loss: 1.573 | time cost---Sampling: 2.06s--| 
2024-05-20 11:58:31,888 - root - INFO - Summary at recall = 0.2678140902477436
2024-05-20 11:59:09,740 - root - INFO - [testing at epoch-11]
2024-05-20 11:59:09,740 - root - INFO - {'precision': array([0.30961921, 0.15569536]), 'recall': array([0.26858729, 0.56869282]), 'ndcg': array([0.47317414, 0.67041037]), 'auc': array([0.])}
2024-05-20 11:59:09,740 - root - INFO - EPOCH[12/40] all_loss: 1.533 | time cost---Sampling: 2.05s--| 
2024-05-20 11:59:09,741 - root - INFO - Summary at recall = 0.26858728897913925
2024-05-20 11:59:44,785 - root - INFO - [testing at epoch-12]
2024-05-20 11:59:44,785 - root - INFO - {'precision': array([0.31038907, 0.15620364]), 'recall': array([0.26865141, 0.56962462]), 'ndcg': array([0.47328495, 0.67050707]), 'auc': array([0.])}
2024-05-20 11:59:44,786 - root - INFO - EPOCH[13/40] all_loss: 1.497 | time cost---Sampling: 2.05s--| 
2024-05-20 11:59:44,786 - root - INFO - Summary at recall = 0.26865140756052613
2024-05-20 12:00:21,235 - root - INFO - [testing at epoch-13]
2024-05-20 12:00:21,235 - root - INFO - {'precision': array([0.31097682, 0.15660099]), 'recall': array([0.26886772, 0.56982986]), 'ndcg': array([0.4730589 , 0.67003361]), 'auc': array([0.])}
2024-05-20 12:00:21,236 - root - INFO - EPOCH[14/40] all_loss: 1.461 | time cost---Sampling: 2.05s--| 
2024-05-20 12:00:21,236 - root - INFO - Summary at recall = 0.26886771618652
2024-05-20 12:00:58,707 - root - INFO - [testing at epoch-14]
2024-05-20 12:00:58,707 - root - INFO - {'precision': array([0.31038079, 0.15696854]), 'recall': array([0.2678168 , 0.57001165]), 'ndcg': array([0.47168986, 0.66927544]), 'auc': array([0.])}
2024-05-20 12:00:58,708 - root - INFO - EPOCH[15/40] all_loss: 1.428 | time cost---Sampling: 2.07s--| 
2024-05-20 12:01:34,560 - root - INFO - [testing at epoch-15]
2024-05-20 12:01:34,560 - root - INFO - {'precision': array([0.3107202 , 0.15710099]), 'recall': array([0.26730672, 0.56890225]), 'ndcg': array([0.47133586, 0.66854047]), 'auc': array([0.])}
2024-05-20 12:01:34,561 - root - INFO - EPOCH[16/40] all_loss: 1.395 | time cost---Sampling: 2.06s--| 
2024-05-20 12:02:12,449 - root - INFO - [testing at epoch-16]
2024-05-20 12:02:12,449 - root - INFO - {'precision': array([0.31020695, 0.15724172]), 'recall': array([0.26601969, 0.56867965]), 'ndcg': array([0.46985068, 0.6675831 ]), 'auc': array([0.])}
2024-05-20 12:02:12,450 - root - INFO - EPOCH[17/40] all_loss: 1.364 | time cost---Sampling: 2.06s--| 
2024-05-20 12:02:44,056 - root - INFO - [testing at epoch-17]
2024-05-20 12:02:44,057 - root - INFO - {'precision': array([0.30909768, 0.15710099]), 'recall': array([0.26422464, 0.5670551 ]), 'ndcg': array([0.46751623, 0.66573202]), 'auc': array([0.])}
2024-05-20 12:02:44,057 - root - INFO - EPOCH[18/40] all_loss: 1.335 | time cost---Sampling: 2.08s--| 
2024-05-20 12:03:09,740 - root - INFO - [testing at epoch-18]
2024-05-20 12:03:09,741 - root - INFO - {'precision': array([0.30849338, 0.15721026]), 'recall': array([0.26249191, 0.566138  ]), 'ndcg': array([0.46551424, 0.66403928]), 'auc': array([0.])}
2024-05-20 12:03:09,741 - root - INFO - EPOCH[19/40] all_loss: 1.306 | time cost---Sampling: 2.05s--| 
2024-05-20 12:03:36,615 - root - INFO - [testing at epoch-19]
2024-05-20 12:03:36,616 - root - INFO - {'precision': array([0.30718543, 0.15700828]), 'recall': array([0.26087145, 0.56416156]), 'ndcg': array([0.46336537, 0.66223836]), 'auc': array([0.])}
2024-05-20 12:03:36,616 - root - INFO - EPOCH[20/40] all_loss: 1.279 | time cost---Sampling: 2.05s--| 
2024-05-20 12:04:01,860 - root - INFO - [testing at epoch-20]
2024-05-20 12:04:01,861 - root - INFO - {'precision': array([0.30543874, 0.15679305]), 'recall': array([0.25866632, 0.5621283 ]), 'ndcg': array([0.46108268, 0.66066221]), 'auc': array([0.])}
2024-05-20 12:04:01,861 - root - INFO - EPOCH[21/40] all_loss: 1.253 | time cost---Sampling: 2.05s--| 
2024-05-20 12:04:29,032 - root - INFO - [testing at epoch-21]
2024-05-20 12:04:29,032 - root - INFO - {'precision': array([0.30474338, 0.15647185]), 'recall': array([0.25739184, 0.55957148]), 'ndcg': array([0.45968741, 0.65888834]), 'auc': array([0.])}
2024-05-20 12:04:29,032 - root - INFO - EPOCH[22/40] all_loss: 1.228 | time cost---Sampling: 2.07s--| 
2024-05-20 12:04:55,518 - root - INFO - [testing at epoch-22]
2024-05-20 12:04:55,519 - root - INFO - {'precision': array([0.30298013, 0.15625993]), 'recall': array([0.25485309, 0.55708945]), 'ndcg': array([0.45725718, 0.65709265]), 'auc': array([0.])}
2024-05-20 12:04:55,519 - root - INFO - EPOCH[23/40] all_loss: 1.204 | time cost---Sampling: 2.07s--| 
2024-05-20 12:05:19,795 - root - INFO - [testing at epoch-23]
2024-05-20 12:05:19,795 - root - INFO - {'precision': array([0.30160596, 0.15593874]), 'recall': array([0.25222922, 0.55531397]), 'ndcg': array([0.45378481, 0.65428611]), 'auc': array([0.])}
2024-05-20 12:05:19,796 - root - INFO - EPOCH[24/40] all_loss: 1.181 | time cost---Sampling: 2.07s--| 
2024-05-20 12:05:47,676 - root - INFO - [testing at epoch-24]
2024-05-20 12:05:47,676 - root - INFO - {'precision': array([0.29980132, 0.15553974]), 'recall': array([0.24993833, 0.55211147]), 'ndcg': array([0.45122257, 0.65196753]), 'auc': array([0.])}
2024-05-20 12:05:47,676 - root - INFO - EPOCH[25/40] all_loss: 1.160 | time cost---Sampling: 2.08s--| 
2024-05-20 12:06:11,561 - root - INFO - [testing at epoch-25]
2024-05-20 12:06:11,561 - root - INFO - {'precision': array([0.29877483, 0.15531788]), 'recall': array([0.24827187, 0.54972576]), 'ndcg': array([0.44959837, 0.65017398]), 'auc': array([0.])}
2024-05-20 12:06:11,562 - root - INFO - EPOCH[26/40] all_loss: 1.140 | time cost---Sampling: 2.10s--| 
2024-05-20 12:06:30,985 - root - INFO - [testing at epoch-26]
2024-05-20 12:06:30,985 - root - INFO - {'precision': array([0.29671358, 0.15469868]), 'recall': array([0.24559888, 0.54574356]), 'ndcg': array([0.44660052, 0.64763969]), 'auc': array([0.])}
2024-05-20 12:06:30,986 - root - INFO - EPOCH[27/40] all_loss: 1.118 | time cost---Sampling: 2.05s--| 
2024-05-20 12:06:48,847 - root - INFO - [testing at epoch-27]
2024-05-20 12:06:48,847 - root - INFO - {'precision': array([0.29542219, 0.15436589]), 'recall': array([0.24330565, 0.54310365]), 'ndcg': array([0.44337953, 0.6445167 ]), 'auc': array([0.])}
2024-05-20 12:06:48,848 - root - INFO - EPOCH[28/40] all_loss: 1.098 | time cost---Sampling: 2.06s--| 
2024-05-20 12:07:06,216 - root - INFO - [testing at epoch-28]
2024-05-20 12:07:06,216 - root - INFO - {'precision': array([0.29355132, 0.15386258]), 'recall': array([0.24095759, 0.5398481 ]), 'ndcg': array([0.4407766 , 0.64242357]), 'auc': array([0.])}
2024-05-20 12:07:06,217 - root - INFO - EPOCH[29/40] all_loss: 1.080 | time cost---Sampling: 2.06s--| 
2024-05-20 12:07:25,738 - root - INFO - [testing at epoch-29]
2024-05-20 12:07:25,739 - root - INFO - {'precision': array([0.2917798 , 0.15333278]), 'recall': array([0.2388377 , 0.53622777]), 'ndcg': array([0.43829975, 0.63993094]), 'auc': array([0.])}
2024-05-20 12:07:25,739 - root - INFO - EPOCH[30/40] all_loss: 1.062 | time cost---Sampling: 2.07s--| 
2024-05-20 12:07:41,960 - root - INFO - [testing at epoch-30]
2024-05-20 12:07:41,961 - root - INFO - {'precision': array([0.28924669, 0.15264238]), 'recall': array([0.23583334, 0.53222692]), 'ndcg': array([0.43500899, 0.63748037]), 'auc': array([0.])}
2024-05-20 12:07:41,961 - root - INFO - EPOCH[31/40] all_loss: 1.045 | time cost---Sampling: 2.07s--| 
2024-05-20 12:08:01,324 - root - INFO - [testing at epoch-31]
2024-05-20 12:08:01,324 - root - INFO - {'precision': array([0.28772351, 0.15200497]), 'recall': array([0.23405411, 0.52824415]), 'ndcg': array([0.43266177, 0.63476239]), 'auc': array([0.])}
2024-05-20 12:08:01,325 - root - INFO - EPOCH[32/40] all_loss: 1.028 | time cost---Sampling: 2.05s--| 
2024-05-20 12:08:18,771 - root - INFO - [testing at epoch-32]
2024-05-20 12:08:18,771 - root - INFO - {'precision': array([0.28552152, 0.15147185]), 'recall': array([0.23154888, 0.52512568]), 'ndcg': array([0.42978107, 0.63231711]), 'auc': array([0.])}
2024-05-20 12:08:18,771 - root - INFO - EPOCH[33/40] all_loss: 1.014 | time cost---Sampling: 2.06s--| 
2024-05-20 12:08:36,634 - root - INFO - [testing at epoch-33]
2024-05-20 12:08:36,634 - root - INFO - {'precision': array([0.28398179, 0.15115728]), 'recall': array([0.22922087, 0.52233328]), 'ndcg': array([0.42737743, 0.63006378]), 'auc': array([0.])}
2024-05-20 12:08:36,635 - root - INFO - EPOCH[34/40] all_loss: 0.997 | time cost---Sampling: 2.07s--| 
2024-05-20 12:08:56,187 - root - INFO - [testing at epoch-34]
2024-05-20 12:08:56,187 - root - INFO - {'precision': array([0.28220199, 0.15047351]), 'recall': array([0.22693035, 0.51866156]), 'ndcg': array([0.42400232, 0.62684615]), 'auc': array([0.])}
2024-05-20 12:08:56,188 - root - INFO - EPOCH[35/40] all_loss: 0.983 | time cost---Sampling: 2.08s--| 
2024-05-20 12:09:15,047 - root - INFO - [testing at epoch-35]
2024-05-20 12:09:15,048 - root - INFO - {'precision': array([0.28024007, 0.14984106]), 'recall': array([0.22461983, 0.5151392 ]), 'ndcg': array([0.42215223, 0.62526259]), 'auc': array([0.])}
2024-05-20 12:09:15,048 - root - INFO - EPOCH[36/40] all_loss: 0.966 | time cost---Sampling: 2.08s--| 
2024-05-20 12:09:41,732 - root - INFO - [testing at epoch-36]
2024-05-20 12:09:41,732 - root - INFO - {'precision': array([0.27849338, 0.14927483]), 'recall': array([0.22277246, 0.51178973]), 'ndcg': array([0.41960593, 0.62264753]), 'auc': array([0.])}
2024-05-20 12:09:41,732 - root - INFO - EPOCH[37/40] all_loss: 0.952 | time cost---Sampling: 2.06s--| 
2024-05-20 12:10:05,862 - root - INFO - [testing at epoch-37]
2024-05-20 12:10:05,863 - root - INFO - {'precision': array([0.2759106 , 0.14882947]), 'recall': array([0.22034915, 0.50818646]), 'ndcg': array([0.41649827, 0.62010463]), 'auc': array([0.])}
2024-05-20 12:10:05,863 - root - INFO - EPOCH[38/40] all_loss: 0.939 | time cost---Sampling: 2.05s--| 
2024-05-20 12:10:27,308 - root - INFO - [testing at epoch-38]
2024-05-20 12:10:27,308 - root - INFO - {'precision': array([0.27463576, 0.14808278]), 'recall': array([0.21833325, 0.50480349]), 'ndcg': array([0.41404392, 0.61743461]), 'auc': array([0.])}
2024-05-20 12:10:27,308 - root - INFO - EPOCH[39/40] all_loss: 0.927 | time cost---Sampling: 2.06s--| 
2024-05-20 12:10:54,104 - root - INFO - [testing at epoch-39]
2024-05-20 12:10:54,104 - root - INFO - {'precision': array([0.27307119, 0.14756457]), 'recall': array([0.21606739, 0.50134092]), 'ndcg': array([0.4110101 , 0.61433164]), 'auc': array([0.])}
2024-05-20 12:10:54,105 - root - INFO - EPOCH[40/40] all_loss: 0.914 | time cost---Sampling: 2.05s--| 
