2024-06-23 14:26:49,923 - root - INFO - Namespace(N=25, R=100, alpha=0.5, bpr_neg_num=4, compute_rank=1, dataset='yelp', dim=256, epoch=50, eps=1e-20, layers=2, lmd2=0.1, lr=0.0005, model='bgr', neg_ratio=48, norm_a=1.0, save_embed=1, seed=2021, tensorboard=True, test_batch=100, test_file='test.txt', topks=[20, 100], train_batch=2048, train_file='train.txt', weight=0.0001)
2024-06-23 14:29:08,370 - root - INFO - [testing at epoch-0]
2024-06-23 14:29:08,370 - root - INFO - {'precision': array([0.01474359, 0.00908235]), 'recall': array([0.0295077 , 0.08916206]), 'ndcg': array([0.06371478, 0.12611895]), 'auc': array([0.])}
2024-06-23 14:29:08,371 - root - INFO - EPOCH[1/50] all_loss: 1.622 | time cost---Sampling: 5.62s--| 
2024-06-23 14:29:08,371 - root - INFO - Summary at recall = 0.02950769885496989
2024-06-23 14:34:08,278 - root - INFO - [testing at epoch-1]
2024-06-23 14:34:08,278 - root - INFO - {'precision': array([0.02056808, 0.01294777]), 'recall': array([0.04400837, 0.13569989]), 'ndcg': array([0.08599977, 0.17412203]), 'auc': array([0.])}
2024-06-23 14:34:08,279 - root - INFO - EPOCH[2/50] all_loss: 1.594 | time cost---Sampling: 5.57s--| 
2024-06-23 14:34:08,279 - root - INFO - Summary at recall = 0.044008372696888357
2024-06-23 14:39:16,771 - root - INFO - [testing at epoch-2]
2024-06-23 14:39:16,771 - root - INFO - {'precision': array([0.02279272, 0.01456739]), 'recall': array([0.04908155, 0.15419576]), 'ndcg': array([0.09357598, 0.19086012]), 'auc': array([0.])}
2024-06-23 14:39:16,772 - root - INFO - EPOCH[3/50] all_loss: 1.567 | time cost---Sampling: 5.51s--| 
2024-06-23 14:39:16,772 - root - INFO - Summary at recall = 0.049081548199012205
2024-06-23 14:44:12,585 - root - INFO - [testing at epoch-3]
2024-06-23 14:44:12,585 - root - INFO - {'precision': array([0.02455002, 0.01568966]), 'recall': array([0.05325076, 0.16710001]), 'ndcg': array([0.09921513, 0.20183391]), 'auc': array([0.])}
2024-06-23 14:44:12,586 - root - INFO - EPOCH[4/50] all_loss: 1.540 | time cost---Sampling: 5.73s--| 
2024-06-23 14:44:12,586 - root - INFO - Summary at recall = 0.053250758078032305
2024-06-23 14:49:21,439 - root - INFO - [testing at epoch-4]
2024-06-23 14:49:21,439 - root - INFO - {'precision': array([0.02588102, 0.01653941]), 'recall': array([0.05655219, 0.17702749]), 'ndcg': array([0.10356556, 0.21028732]), 'auc': array([0.])}
2024-06-23 14:49:21,440 - root - INFO - EPOCH[5/50] all_loss: 1.511 | time cost---Sampling: 5.66s--| 
2024-06-23 14:49:21,440 - root - INFO - Summary at recall = 0.05655218709864876
2024-06-23 14:54:13,247 - root - INFO - [testing at epoch-5]
2024-06-23 14:54:13,248 - root - INFO - {'precision': array([0.02672572, 0.01709391]), 'recall': array([0.05882303, 0.1835547 ]), 'ndcg': array([0.1066772 , 0.21580788]), 'auc': array([0.])}
2024-06-23 14:54:13,248 - root - INFO - EPOCH[6/50] all_loss: 1.479 | time cost---Sampling: 5.66s--| 
2024-06-23 14:54:13,248 - root - INFO - Summary at recall = 0.058823026874811404
2024-06-23 14:59:26,659 - root - INFO - [testing at epoch-6]
2024-06-23 14:59:26,659 - root - INFO - {'precision': array([0.02751042, 0.01755779]), 'recall': array([0.06086751, 0.18908396]), 'ndcg': array([0.10939022, 0.22058292]), 'auc': array([0.])}
2024-06-23 14:59:26,660 - root - INFO - EPOCH[7/50] all_loss: 1.447 | time cost---Sampling: 5.51s--| 
2024-06-23 14:59:26,660 - root - INFO - Summary at recall = 0.06086751137604802
2024-06-23 15:04:48,485 - root - INFO - [testing at epoch-7]
2024-06-23 15:04:48,485 - root - INFO - {'precision': array([0.02824302, 0.01792693]), 'recall': array([0.06262498, 0.19332233]), 'ndcg': array([0.11224607, 0.22464683]), 'auc': array([0.])}
2024-06-23 15:04:48,486 - root - INFO - EPOCH[8/50] all_loss: 1.414 | time cost---Sampling: 5.51s--| 
2024-06-23 15:04:48,486 - root - INFO - Summary at recall = 0.06262498064149759
2024-06-23 15:09:42,166 - root - INFO - [testing at epoch-8]
2024-06-23 15:09:42,166 - root - INFO - {'precision': array([0.02884931, 0.01815997]), 'recall': array([0.06420124, 0.19623786]), 'ndcg': array([0.11413127, 0.22714411]), 'auc': array([0.])}
2024-06-23 15:09:42,167 - root - INFO - EPOCH[9/50] all_loss: 1.381 | time cost---Sampling: 5.56s--| 
2024-06-23 15:09:42,167 - root - INFO - Summary at recall = 0.06420124028363647
2024-06-23 15:15:01,935 - root - INFO - [testing at epoch-9]
2024-06-23 15:15:01,935 - root - INFO - {'precision': array([0.02925035, 0.01840912]), 'recall': array([0.06514644, 0.19903715]), 'ndcg': array([0.11513382, 0.22922481]), 'auc': array([0.])}
2024-06-23 15:15:01,936 - root - INFO - EPOCH[10/50] all_loss: 1.346 | time cost---Sampling: 5.68s--| 
2024-06-23 15:15:01,936 - root - INFO - Summary at recall = 0.06514643953445555
2024-06-23 15:20:25,535 - root - INFO - [testing at epoch-10]
2024-06-23 15:20:25,535 - root - INFO - {'precision': array([0.02980138, 0.01860237]), 'recall': array([0.06645065, 0.20135655]), 'ndcg': array([0.11692339, 0.2311625 ]), 'auc': array([0.])}
2024-06-23 15:20:25,536 - root - INFO - EPOCH[11/50] all_loss: 1.313 | time cost---Sampling: 5.77s--| 
2024-06-23 15:20:25,536 - root - INFO - Summary at recall = 0.06645064900455179
2024-06-23 15:25:56,242 - root - INFO - [testing at epoch-11]
2024-06-23 15:25:56,242 - root - INFO - {'precision': array([0.03015505, 0.01878237]), 'recall': array([0.06725636, 0.20353224]), 'ndcg': array([0.11790404, 0.23289491]), 'auc': array([0.])}
2024-06-23 15:25:56,243 - root - INFO - EPOCH[12/50] all_loss: 1.278 | time cost---Sampling: 5.72s--| 
2024-06-23 15:25:56,243 - root - INFO - Summary at recall = 0.06725635530424917
2024-06-23 15:31:29,958 - root - INFO - [testing at epoch-12]
2024-06-23 15:31:29,958 - root - INFO - {'precision': array([0.03046924, 0.01891215]), 'recall': array([0.06804781, 0.20514361]), 'ndcg': array([0.1189821, 0.2343392]), 'auc': array([0.])}
2024-06-23 15:31:29,959 - root - INFO - EPOCH[13/50] all_loss: 1.244 | time cost---Sampling: 5.57s--| 
2024-06-23 15:31:29,959 - root - INFO - Summary at recall = 0.06804781286907441
2024-06-23 15:37:03,861 - root - INFO - [testing at epoch-13]
2024-06-23 15:37:03,862 - root - INFO - {'precision': array([0.03074555, 0.01903751]), 'recall': array([0.06870796, 0.20664846]), 'ndcg': array([0.11975276, 0.23548262]), 'auc': array([0.])}
2024-06-23 15:37:03,862 - root - INFO - EPOCH[14/50] all_loss: 1.209 | time cost---Sampling: 5.61s--| 
2024-06-23 15:37:03,863 - root - INFO - Summary at recall = 0.06870795686100599
2024-06-23 15:42:36,165 - root - INFO - [testing at epoch-14]
2024-06-23 15:42:36,165 - root - INFO - {'precision': array([0.0310108 , 0.01913919]), 'recall': array([0.06928818, 0.20779907]), 'ndcg': array([0.12067506, 0.23660258]), 'auc': array([0.])}
2024-06-23 15:42:36,166 - root - INFO - EPOCH[15/50] all_loss: 1.175 | time cost---Sampling: 5.92s--| 
2024-06-23 15:42:36,166 - root - INFO - Summary at recall = 0.06928817890303642
2024-06-23 15:48:00,741 - root - INFO - [testing at epoch-15]
2024-06-23 15:48:00,742 - root - INFO - {'precision': array([0.03121921, 0.01919003]), 'recall': array([0.06978869, 0.20820241]), 'ndcg': array([0.12115392, 0.23699636]), 'auc': array([0.])}
2024-06-23 15:48:00,742 - root - INFO - EPOCH[16/50] all_loss: 1.140 | time cost---Sampling: 5.46s--| 
2024-06-23 15:48:00,742 - root - INFO - Summary at recall = 0.06978869215602104
2024-06-23 15:53:26,001 - root - INFO - [testing at epoch-16]
2024-06-23 15:53:26,001 - root - INFO - {'precision': array([0.03135973, 0.01923898]), 'recall': array([0.06999809, 0.20864793]), 'ndcg': array([0.12151388, 0.23734807]), 'auc': array([0.])}
2024-06-23 15:53:26,002 - root - INFO - EPOCH[17/50] all_loss: 1.106 | time cost---Sampling: 5.49s--| 
2024-06-23 15:53:26,003 - root - INFO - Summary at recall = 0.06999809243277856
2024-06-23 15:58:56,930 - root - INFO - [testing at epoch-17]
2024-06-23 15:58:56,930 - root - INFO - {'precision': array([0.03147025, 0.01927403]), 'recall': array([0.07013821, 0.20897878]), 'ndcg': array([0.12189665, 0.23780689]), 'auc': array([0.])}
2024-06-23 15:58:56,931 - root - INFO - EPOCH[18/50] all_loss: 1.072 | time cost---Sampling: 6.03s--| 
2024-06-23 15:58:56,931 - root - INFO - Summary at recall = 0.0701382063899149
2024-06-23 16:04:28,110 - root - INFO - [testing at epoch-18]
2024-06-23 16:04:28,110 - root - INFO - {'precision': array([0.03163288, 0.01929992]), 'recall': array([0.07051909, 0.20916748]), 'ndcg': array([0.12259657, 0.23828126]), 'auc': array([0.])}
2024-06-23 16:04:28,111 - root - INFO - EPOCH[19/50] all_loss: 1.040 | time cost---Sampling: 5.85s--| 
2024-06-23 16:04:28,111 - root - INFO - Summary at recall = 0.07051908846785124
2024-06-23 16:10:01,012 - root - INFO - [testing at epoch-19]
2024-06-23 16:10:01,012 - root - INFO - {'precision': array([0.03167867, 0.01930624]), 'recall': array([0.07066694, 0.20910025]), 'ndcg': array([0.12300092, 0.23870845]), 'auc': array([0.])}
2024-06-23 16:10:01,013 - root - INFO - EPOCH[20/50] all_loss: 1.007 | time cost---Sampling: 5.48s--| 
2024-06-23 16:10:01,013 - root - INFO - Summary at recall = 0.07066694426731913
2024-06-23 16:15:35,267 - root - INFO - [testing at epoch-20]
2024-06-23 16:15:35,267 - root - INFO - {'precision': array([0.03177182, 0.01929803]), 'recall': array([0.07090059, 0.20874713]), 'ndcg': array([0.12329786, 0.2387378 ]), 'auc': array([0.])}
2024-06-23 16:15:35,267 - root - INFO - EPOCH[21/50] all_loss: 0.976 | time cost---Sampling: 5.78s--| 
2024-06-23 16:15:35,268 - root - INFO - Summary at recall = 0.07090059458704466
2024-06-23 16:21:06,541 - root - INFO - [testing at epoch-21]
2024-06-23 16:21:06,541 - root - INFO - {'precision': array([0.03179235, 0.01929108]), 'recall': array([0.07091951, 0.20854642]), 'ndcg': array([0.12336629, 0.23878078]), 'auc': array([0.])}
2024-06-23 16:21:06,542 - root - INFO - EPOCH[22/50] all_loss: 0.945 | time cost---Sampling: 5.50s--| 
2024-06-23 16:21:06,542 - root - INFO - Summary at recall = 0.07091950655659249
2024-06-23 16:26:33,043 - root - INFO - [testing at epoch-22]
2024-06-23 16:26:33,043 - root - INFO - {'precision': array([0.03187287, 0.01925414]), 'recall': array([0.07104576, 0.20785557]), 'ndcg': array([0.12380985, 0.23877222]), 'auc': array([0.])}
2024-06-23 16:26:33,044 - root - INFO - EPOCH[23/50] all_loss: 0.915 | time cost---Sampling: 5.49s--| 
2024-06-23 16:26:33,044 - root - INFO - Summary at recall = 0.07104575737522831
2024-06-23 16:31:56,888 - root - INFO - [testing at epoch-23]
2024-06-23 16:31:56,888 - root - INFO - {'precision': array([0.03185392, 0.01922635]), 'recall': array([0.07105091, 0.20746629]), 'ndcg': array([0.1238569 , 0.23861965]), 'auc': array([0.])}
2024-06-23 16:31:56,889 - root - INFO - EPOCH[24/50] all_loss: 0.887 | time cost---Sampling: 5.72s--| 
2024-06-23 16:31:56,889 - root - INFO - Summary at recall = 0.07105090596226389
2024-06-23 16:35:30,762 - root - INFO - [testing at epoch-24]
2024-06-23 16:35:30,762 - root - INFO - {'precision': array([0.03181445, 0.01922035]), 'recall': array([0.07093637, 0.20724103]), 'ndcg': array([0.1236425 , 0.23842796]), 'auc': array([0.])}
2024-06-23 16:35:30,763 - root - INFO - EPOCH[25/50] all_loss: 0.859 | time cost---Sampling: 5.71s--| 
2024-06-23 16:37:08,496 - root - INFO - [testing at epoch-25]
2024-06-23 16:37:08,496 - root - INFO - {'precision': array([0.03181129, 0.01917803]), 'recall': array([0.07079569, 0.20656919]), 'ndcg': array([0.1237313 , 0.23827203]), 'auc': array([0.])}
2024-06-23 16:37:08,497 - root - INFO - EPOCH[26/50] all_loss: 0.832 | time cost---Sampling: 5.48s--| 
2024-06-23 16:38:47,063 - root - INFO - [testing at epoch-26]
2024-06-23 16:38:47,063 - root - INFO - {'precision': array([0.03181919, 0.01914172]), 'recall': array([0.07069448, 0.20592503]), 'ndcg': array([0.12361255, 0.23790435]), 'auc': array([0.])}
2024-06-23 16:38:47,064 - root - INFO - EPOCH[27/50] all_loss: 0.807 | time cost---Sampling: 5.69s--| 
2024-06-23 16:40:25,338 - root - INFO - [testing at epoch-27]
2024-06-23 16:40:25,338 - root - INFO - {'precision': array([0.03179235, 0.01908835]), 'recall': array([0.07057077, 0.20512471]), 'ndcg': array([0.12372463, 0.23758746]), 'auc': array([0.])}
2024-06-23 16:40:25,339 - root - INFO - EPOCH[28/50] all_loss: 0.781 | time cost---Sampling: 5.49s--| 
2024-06-23 16:42:03,230 - root - INFO - [testing at epoch-28]
2024-06-23 16:42:03,230 - root - INFO - {'precision': array([0.03165656, 0.01905836]), 'recall': array([0.07014774, 0.20440141]), 'ndcg': array([0.12347104, 0.23726251]), 'auc': array([0.])}
2024-06-23 16:42:03,231 - root - INFO - EPOCH[29/50] all_loss: 0.758 | time cost---Sampling: 5.47s--| 
2024-06-23 16:43:41,595 - root - INFO - [testing at epoch-29]
2024-06-23 16:43:41,595 - root - INFO - {'precision': array([0.03160446, 0.01900215]), 'recall': array([0.06996166, 0.20361725]), 'ndcg': array([0.12327827, 0.23678867]), 'auc': array([0.])}
2024-06-23 16:43:41,596 - root - INFO - EPOCH[30/50] all_loss: 0.735 | time cost---Sampling: 5.46s--| 
2024-06-23 16:45:17,459 - root - INFO - [testing at epoch-30]
2024-06-23 16:45:17,459 - root - INFO - {'precision': array([0.03156972, 0.01896299]), 'recall': array([0.06987991, 0.20295277]), 'ndcg': array([0.12333256, 0.23647961]), 'auc': array([0.])}
2024-06-23 16:45:17,460 - root - INFO - EPOCH[31/50] all_loss: 0.711 | time cost---Sampling: 5.47s--| 
2024-06-23 16:46:56,089 - root - INFO - [testing at epoch-31]
2024-06-23 16:46:56,090 - root - INFO - {'precision': array([0.0314671, 0.0188992]), 'recall': array([0.06950739, 0.20193151]), 'ndcg': array([0.12310545, 0.23589988]), 'auc': array([0.])}
2024-06-23 16:46:56,090 - root - INFO - EPOCH[32/50] all_loss: 0.691 | time cost---Sampling: 5.44s--| 
2024-06-23 16:48:31,396 - root - INFO - [testing at epoch-32]
2024-06-23 16:48:31,397 - root - INFO - {'precision': array([0.03137078, 0.01885594]), 'recall': array([0.06924394, 0.20115681]), 'ndcg': array([0.12288963, 0.23547349]), 'auc': array([0.])}
2024-06-23 16:48:31,397 - root - INFO - EPOCH[33/50] all_loss: 0.671 | time cost---Sampling: 5.45s--| 
2024-06-23 16:50:09,887 - root - INFO - [testing at epoch-33]
2024-06-23 16:50:09,887 - root - INFO - {'precision': array([0.03135342, 0.018819  ]), 'recall': array([0.06910799, 0.20050032]), 'ndcg': array([0.12289307, 0.23513397]), 'auc': array([0.])}
2024-06-23 16:50:09,887 - root - INFO - EPOCH[34/50] all_loss: 0.652 | time cost---Sampling: 5.45s--| 
2024-06-23 16:51:47,698 - root - INFO - [testing at epoch-34]
2024-06-23 16:51:47,699 - root - INFO - {'precision': array([0.03124921, 0.01875142]), 'recall': array([0.06880559, 0.19947287]), 'ndcg': array([0.12253778, 0.23446247]), 'auc': array([0.])}
2024-06-23 16:51:47,699 - root - INFO - EPOCH[35/50] all_loss: 0.633 | time cost---Sampling: 5.44s--| 
