2024-05-31 16:36:43,823 - root - INFO - Namespace(R=100, alpha=2.0, bpr_neg_num=1, compute_rank=1, dataset='movie', dim=256, epoch=100, eps=1e-20, layers=2, lmd2=0.1, lr=0.001, model='bgr', neg_ratio=8, norm_a=1.0, save_embed=1, seed=2021, tensorboard=True, test_batch=100, test_file='test.txt', topks=[20, 100], train_batch=2048, train_file='train.txt', weight=0.0001)
2024-05-31 16:36:53,811 - root - INFO - [testing at epoch-0]
2024-05-31 16:36:53,812 - root - INFO - {'precision': array([0.16902318, 0.09717219]), 'recall': array([0.12764412, 0.34147237]), 'ndcg': array([0.29804032, 0.50588954]), 'auc': array([0.])}
2024-05-31 16:36:53,813 - root - INFO - EPOCH[1/100] all_loss: 0.693 | time cost---Sampling: 0.47s--| 
2024-05-31 16:36:53,813 - root - INFO - Summary at recall = 0.12764411550622262
2024-05-31 16:37:03,566 - root - INFO - [testing at epoch-1]
2024-05-31 16:37:03,566 - root - INFO - {'precision': array([0.20149834, 0.11233444]), 'recall': array([0.15640299, 0.3954999 ]), 'ndcg': array([0.34710526, 0.55502141]), 'auc': array([0.])}
2024-05-31 16:37:03,567 - root - INFO - EPOCH[2/100] all_loss: 0.664 | time cost---Sampling: 0.61s--| 
2024-05-31 16:37:03,568 - root - INFO - Summary at recall = 0.15640298915704506
2024-05-31 16:37:13,617 - root - INFO - [testing at epoch-2]
2024-05-31 16:37:13,617 - root - INFO - {'precision': array([0.2264404, 0.1233543]), 'recall': array([0.18045015, 0.43905241]), 'ndcg': array([0.37777235, 0.58665628]), 'auc': array([0.])}
2024-05-31 16:37:13,619 - root - INFO - EPOCH[3/100] all_loss: 0.622 | time cost---Sampling: 0.60s--| 
2024-05-31 16:37:13,619 - root - INFO - Summary at recall = 0.18045015165569517
2024-05-31 16:37:23,873 - root - INFO - [testing at epoch-3]
2024-05-31 16:37:23,873 - root - INFO - {'precision': array([0.24524834, 0.13104636]), 'recall': array([0.19947001, 0.47079883]), 'ndcg': array([0.39893095, 0.60694191]), 'auc': array([0.])}
2024-05-31 16:37:23,874 - root - INFO - EPOCH[4/100] all_loss: 0.593 | time cost---Sampling: 0.59s--| 
2024-05-31 16:37:23,874 - root - INFO - Summary at recall = 0.1994700130099103
2024-05-31 16:37:34,091 - root - INFO - [testing at epoch-4]
2024-05-31 16:37:34,091 - root - INFO - {'precision': array([0.25793874, 0.13603477]), 'recall': array([0.21335202, 0.49066904]), 'ndcg': array([0.41264378, 0.61904124]), 'auc': array([0.])}
2024-05-31 16:37:34,093 - root - INFO - EPOCH[5/100] all_loss: 0.572 | time cost---Sampling: 0.61s--| 
2024-05-31 16:37:34,093 - root - INFO - Summary at recall = 0.21335201904261503
2024-05-31 16:37:44,167 - root - INFO - [testing at epoch-5]
2024-05-31 16:37:44,168 - root - INFO - {'precision': array([0.26793874, 0.13976656]), 'recall': array([0.22384536, 0.50637054]), 'ndcg': array([0.42423924, 0.62907003]), 'auc': array([0.])}
2024-05-31 16:37:44,169 - root - INFO - EPOCH[6/100] all_loss: 0.554 | time cost---Sampling: 0.60s--| 
2024-05-31 16:37:44,169 - root - INFO - Summary at recall = 0.223845364313042
2024-05-31 16:37:54,234 - root - INFO - [testing at epoch-6]
2024-05-31 16:37:54,234 - root - INFO - {'precision': array([0.27533113, 0.14264404]), 'recall': array([0.23179222, 0.51805473]), 'ndcg': array([0.43245025, 0.63619762]), 'auc': array([0.])}
2024-05-31 16:37:54,235 - root - INFO - EPOCH[7/100] all_loss: 0.541 | time cost---Sampling: 0.60s--| 
2024-05-31 16:37:54,235 - root - INFO - Summary at recall = 0.2317922213128786
2024-05-31 16:38:04,414 - root - INFO - [testing at epoch-7]
2024-05-31 16:38:04,414 - root - INFO - {'precision': array([0.28057119, 0.14488079]), 'recall': array([0.23830025, 0.52686423]), 'ndcg': array([0.43921709, 0.64218086]), 'auc': array([0.])}
2024-05-31 16:38:04,416 - root - INFO - EPOCH[8/100] all_loss: 0.529 | time cost---Sampling: 0.62s--| 
2024-05-31 16:38:04,416 - root - INFO - Summary at recall = 0.2383002500538847
2024-05-31 16:38:14,684 - root - INFO - [testing at epoch-8]
2024-05-31 16:38:14,684 - root - INFO - {'precision': array([0.28456954, 0.14668709]), 'recall': array([0.2425691 , 0.53375787]), 'ndcg': array([0.44401363, 0.64670435]), 'auc': array([0.])}
2024-05-31 16:38:14,685 - root - INFO - EPOCH[9/100] all_loss: 0.519 | time cost---Sampling: 0.60s--| 
2024-05-31 16:38:14,686 - root - INFO - Summary at recall = 0.2425691003341129
2024-05-31 16:38:24,713 - root - INFO - [testing at epoch-9]
2024-05-31 16:38:24,713 - root - INFO - {'precision': array([0.2879553, 0.1480894]), 'recall': array([0.24652028, 0.53967384]), 'ndcg': array([0.44799386, 0.65034201]), 'auc': array([0.])}
2024-05-31 16:38:24,714 - root - INFO - EPOCH[10/100] all_loss: 0.510 | time cost---Sampling: 0.60s--| 
2024-05-31 16:38:24,714 - root - INFO - Summary at recall = 0.2465202804454045
2024-05-31 16:38:34,667 - root - INFO - [testing at epoch-10]
2024-05-31 16:38:34,668 - root - INFO - {'precision': array([0.29154801, 0.14932119]), 'recall': array([0.25080063, 0.54452751]), 'ndcg': array([0.45250881, 0.65386115]), 'auc': array([0.])}
2024-05-31 16:38:34,669 - root - INFO - EPOCH[11/100] all_loss: 0.503 | time cost---Sampling: 0.61s--| 
2024-05-31 16:38:34,669 - root - INFO - Summary at recall = 0.2508006293656026
2024-05-31 16:38:46,218 - root - INFO - [testing at epoch-11]
2024-05-31 16:38:46,218 - root - INFO - {'precision': array([0.2942798 , 0.15027318]), 'recall': array([0.25349656, 0.54853673]), 'ndcg': array([0.45528525, 0.65629013]), 'auc': array([0.])}
2024-05-31 16:38:46,219 - root - INFO - EPOCH[12/100] all_loss: 0.495 | time cost---Sampling: 0.61s--| 
2024-05-31 16:38:46,219 - root - INFO - Summary at recall = 0.2534965622636531
2024-05-31 16:38:57,808 - root - INFO - [testing at epoch-12]
2024-05-31 16:38:57,808 - root - INFO - {'precision': array([0.29705298, 0.15140728]), 'recall': array([0.25683031, 0.55275923]), 'ndcg': array([0.45864194, 0.65884231]), 'auc': array([0.])}
2024-05-31 16:38:57,809 - root - INFO - EPOCH[13/100] all_loss: 0.489 | time cost---Sampling: 0.60s--| 
2024-05-31 16:38:57,809 - root - INFO - Summary at recall = 0.25683030812577334
2024-05-31 16:39:09,469 - root - INFO - [testing at epoch-13]
2024-05-31 16:39:09,469 - root - INFO - {'precision': array([0.29849338, 0.15204305]), 'recall': array([0.2583345 , 0.55560063]), 'ndcg': array([0.46013583, 0.66052144]), 'auc': array([0.])}
2024-05-31 16:39:09,471 - root - INFO - EPOCH[14/100] all_loss: 0.482 | time cost---Sampling: 0.62s--| 
2024-05-31 16:39:09,471 - root - INFO - Summary at recall = 0.25833449548496396
2024-05-31 16:39:20,708 - root - INFO - [testing at epoch-14]
2024-05-31 16:39:20,708 - root - INFO - {'precision': array([0.30028974, 0.15281291]), 'recall': array([0.26012873, 0.55858256]), 'ndcg': array([0.46268293, 0.66278633]), 'auc': array([0.])}
2024-05-31 16:39:20,709 - root - INFO - EPOCH[15/100] all_loss: 0.477 | time cost---Sampling: 0.59s--| 
2024-05-31 16:39:20,709 - root - INFO - Summary at recall = 0.26012873475985804
2024-05-31 16:39:32,259 - root - INFO - [testing at epoch-15]
2024-05-31 16:39:32,259 - root - INFO - {'precision': array([0.30168046, 0.15365232]), 'recall': array([0.26141182, 0.56168207]), 'ndcg': array([0.46390666, 0.66417612]), 'auc': array([0.])}
2024-05-31 16:39:32,260 - root - INFO - EPOCH[16/100] all_loss: 0.472 | time cost---Sampling: 0.60s--| 
2024-05-31 16:39:32,260 - root - INFO - Summary at recall = 0.261411817600595
2024-05-31 16:39:43,866 - root - INFO - [testing at epoch-16]
2024-05-31 16:39:43,866 - root - INFO - {'precision': array([0.3028394 , 0.15421026]), 'recall': array([0.26261706, 0.56357683]), 'ndcg': array([0.46530659, 0.66549212]), 'auc': array([0.])}
2024-05-31 16:39:43,867 - root - INFO - EPOCH[17/100] all_loss: 0.467 | time cost---Sampling: 0.62s--| 
2024-05-31 16:39:43,868 - root - INFO - Summary at recall = 0.2626170646369495
2024-05-31 16:39:55,293 - root - INFO - [testing at epoch-17]
2024-05-31 16:39:55,293 - root - INFO - {'precision': array([0.30451987, 0.15463742]), 'recall': array([0.2638949 , 0.56540821]), 'ndcg': array([0.46630121, 0.66620782]), 'auc': array([0.])}
2024-05-31 16:39:55,294 - root - INFO - EPOCH[18/100] all_loss: 0.463 | time cost---Sampling: 0.60s--| 
2024-05-31 16:39:55,294 - root - INFO - Summary at recall = 0.26389490223940293
2024-05-31 16:40:06,824 - root - INFO - [testing at epoch-18]
2024-05-31 16:40:06,824 - root - INFO - {'precision': array([0.30543874, 0.15510265]), 'recall': array([0.26472104, 0.56744224]), 'ndcg': array([0.46706255, 0.66707692]), 'auc': array([0.])}
2024-05-31 16:40:06,825 - root - INFO - EPOCH[19/100] all_loss: 0.458 | time cost---Sampling: 0.60s--| 
2024-05-31 16:40:06,825 - root - INFO - Summary at recall = 0.2647210354287492
2024-05-31 16:40:18,275 - root - INFO - [testing at epoch-19]
2024-05-31 16:40:18,275 - root - INFO - {'precision': array([0.30594371, 0.15553477]), 'recall': array([0.26534765, 0.56842444]), 'ndcg': array([0.46829772, 0.66851025]), 'auc': array([0.])}
2024-05-31 16:40:18,276 - root - INFO - EPOCH[20/100] all_loss: 0.454 | time cost---Sampling: 0.61s--| 
2024-05-31 16:40:18,276 - root - INFO - Summary at recall = 0.26534765033102065
2024-05-31 16:40:29,719 - root - INFO - [testing at epoch-20]
2024-05-31 16:40:29,719 - root - INFO - {'precision': array([0.30678808, 0.15576987]), 'recall': array([0.26614306, 0.56920174]), 'ndcg': array([0.46913153, 0.66900949]), 'auc': array([0.])}
2024-05-31 16:40:29,720 - root - INFO - EPOCH[21/100] all_loss: 0.450 | time cost---Sampling: 0.61s--| 
2024-05-31 16:40:29,720 - root - INFO - Summary at recall = 0.26614305871043475
2024-05-31 16:40:41,164 - root - INFO - [testing at epoch-21]
2024-05-31 16:40:41,164 - root - INFO - {'precision': array([0.3076904 , 0.15622517]), 'recall': array([0.26710364, 0.57108951]), 'ndcg': array([0.46969316, 0.66946443]), 'auc': array([0.])}
2024-05-31 16:40:41,165 - root - INFO - EPOCH[22/100] all_loss: 0.447 | time cost---Sampling: 0.60s--| 
2024-05-31 16:40:41,165 - root - INFO - Summary at recall = 0.2671036440467267
2024-05-31 16:40:52,692 - root - INFO - [testing at epoch-22]
2024-05-31 16:40:52,692 - root - INFO - {'precision': array([0.30823675, 0.15648179]), 'recall': array([0.26742498, 0.57269452]), 'ndcg': array([0.47001124, 0.6700058 ]), 'auc': array([0.])}
2024-05-31 16:40:52,693 - root - INFO - EPOCH[23/100] all_loss: 0.444 | time cost---Sampling: 0.61s--| 
2024-05-31 16:40:52,693 - root - INFO - Summary at recall = 0.26742498330253467
2024-05-31 16:41:04,242 - root - INFO - [testing at epoch-23]
2024-05-31 16:41:04,242 - root - INFO - {'precision': array([0.3090149 , 0.15680132]), 'recall': array([0.26773983, 0.57336645]), 'ndcg': array([0.47076621, 0.67056046]), 'auc': array([0.])}
2024-05-31 16:41:04,243 - root - INFO - EPOCH[24/100] all_loss: 0.441 | time cost---Sampling: 0.59s--| 
2024-05-31 16:41:04,244 - root - INFO - Summary at recall = 0.2677398328529293
2024-05-31 16:41:15,807 - root - INFO - [testing at epoch-24]
2024-05-31 16:41:15,807 - root - INFO - {'precision': array([0.30995861, 0.15705795]), 'recall': array([0.26899155, 0.57434015]), 'ndcg': array([0.47211268, 0.67129888]), 'auc': array([0.])}
2024-05-31 16:41:15,808 - root - INFO - EPOCH[25/100] all_loss: 0.438 | time cost---Sampling: 0.60s--| 
2024-05-31 16:41:15,808 - root - INFO - Summary at recall = 0.2689915544707578
2024-05-31 16:41:27,525 - root - INFO - [testing at epoch-25]
2024-05-31 16:41:27,525 - root - INFO - {'precision': array([0.31009934, 0.15730298]), 'recall': array([0.268897  , 0.57502868]), 'ndcg': array([0.47254277, 0.671994  ]), 'auc': array([0.])}
2024-05-31 16:41:27,526 - root - INFO - EPOCH[26/100] all_loss: 0.436 | time cost---Sampling: 0.62s--| 
2024-05-31 16:41:39,062 - root - INFO - [testing at epoch-26]
2024-05-31 16:41:39,063 - root - INFO - {'precision': array([0.31039735, 0.15759768]), 'recall': array([0.26970319, 0.57589712]), 'ndcg': array([0.47308902, 0.67257231]), 'auc': array([0.])}
2024-05-31 16:41:39,064 - root - INFO - EPOCH[27/100] all_loss: 0.434 | time cost---Sampling: 0.61s--| 
2024-05-31 16:41:39,064 - root - INFO - Summary at recall = 0.2697031875669017
2024-05-31 16:41:50,732 - root - INFO - [testing at epoch-27]
2024-05-31 16:41:50,732 - root - INFO - {'precision': array([0.31096026, 0.1577053 ]), 'recall': array([0.27003124, 0.57594598]), 'ndcg': array([0.47377835, 0.67298552]), 'auc': array([0.])}
2024-05-31 16:41:50,733 - root - INFO - EPOCH[28/100] all_loss: 0.431 | time cost---Sampling: 0.61s--| 
2024-05-31 16:41:50,733 - root - INFO - Summary at recall = 0.2700312360280869
2024-05-31 16:42:01,999 - root - INFO - [testing at epoch-28]
2024-05-31 16:42:01,999 - root - INFO - {'precision': array([0.31203642, 0.15798013]), 'recall': array([0.27109416, 0.57678203]), 'ndcg': array([0.47442932, 0.67294749]), 'auc': array([0.])}
2024-05-31 16:42:02,000 - root - INFO - EPOCH[29/100] all_loss: 0.429 | time cost---Sampling: 0.60s--| 
2024-05-31 16:42:02,000 - root - INFO - Summary at recall = 0.27109415618808735
2024-05-31 16:42:13,513 - root - INFO - [testing at epoch-29]
2024-05-31 16:42:13,513 - root - INFO - {'precision': array([0.31221026, 0.15818377]), 'recall': array([0.27126601, 0.57736352]), 'ndcg': array([0.47487841, 0.67330963]), 'auc': array([0.])}
2024-05-31 16:42:13,514 - root - INFO - EPOCH[30/100] all_loss: 0.427 | time cost---Sampling: 0.60s--| 
2024-05-31 16:42:13,514 - root - INFO - Summary at recall = 0.27126600807118756
2024-05-31 16:42:24,996 - root - INFO - [testing at epoch-30]
2024-05-31 16:42:24,997 - root - INFO - {'precision': array([0.31245033, 0.15846026]), 'recall': array([0.27154375, 0.57797529]), 'ndcg': array([0.47471269, 0.67328697]), 'auc': array([0.])}
2024-05-31 16:42:24,998 - root - INFO - EPOCH[31/100] all_loss: 0.425 | time cost---Sampling: 0.62s--| 
2024-05-31 16:42:24,998 - root - INFO - Summary at recall = 0.2715437507882515
2024-05-31 16:42:36,629 - root - INFO - [testing at epoch-31]
2024-05-31 16:42:36,630 - root - INFO - {'precision': array([0.31297185, 0.1586606 ]), 'recall': array([0.27168265, 0.5786217 ]), 'ndcg': array([0.47495983, 0.67338797]), 'auc': array([0.])}
2024-05-31 16:42:36,631 - root - INFO - EPOCH[32/100] all_loss: 0.424 | time cost---Sampling: 0.60s--| 
2024-05-31 16:42:36,631 - root - INFO - Summary at recall = 0.27168264935350434
2024-05-31 16:42:48,231 - root - INFO - [testing at epoch-32]
2024-05-31 16:42:48,232 - root - INFO - {'precision': array([0.31285596, 0.15875166]), 'recall': array([0.27167664, 0.57894976]), 'ndcg': array([0.47454309, 0.67314097]), 'auc': array([0.])}
2024-05-31 16:42:48,233 - root - INFO - EPOCH[33/100] all_loss: 0.422 | time cost---Sampling: 0.60s--| 
2024-05-31 16:42:59,869 - root - INFO - [testing at epoch-33]
2024-05-31 16:42:59,869 - root - INFO - {'precision': array([0.31322848, 0.15868377]), 'recall': array([0.27172163, 0.57861165]), 'ndcg': array([0.47502281, 0.67327866]), 'auc': array([0.])}
2024-05-31 16:42:59,870 - root - INFO - EPOCH[34/100] all_loss: 0.420 | time cost---Sampling: 0.61s--| 
2024-05-31 16:42:59,870 - root - INFO - Summary at recall = 0.271721628945685
2024-05-31 16:43:11,422 - root - INFO - [testing at epoch-34]
2024-05-31 16:43:11,422 - root - INFO - {'precision': array([0.3131043 , 0.15885596]), 'recall': array([0.27180774, 0.57905201]), 'ndcg': array([0.47473241, 0.67324483]), 'auc': array([0.])}
2024-05-31 16:43:11,423 - root - INFO - EPOCH[35/100] all_loss: 0.419 | time cost---Sampling: 0.60s--| 
2024-05-31 16:43:11,423 - root - INFO - Summary at recall = 0.2718077366433115
2024-05-31 16:43:23,024 - root - INFO - [testing at epoch-35]
2024-05-31 16:43:23,025 - root - INFO - {'precision': array([0.31360099, 0.15877318]), 'recall': array([0.27225222, 0.57944576]), 'ndcg': array([0.47487562, 0.67321081]), 'auc': array([0.])}
2024-05-31 16:43:23,026 - root - INFO - EPOCH[36/100] all_loss: 0.417 | time cost---Sampling: 0.60s--| 
2024-05-31 16:43:23,026 - root - INFO - Summary at recall = 0.27225222394438614
2024-05-31 16:43:34,403 - root - INFO - [testing at epoch-36]
2024-05-31 16:43:34,404 - root - INFO - {'precision': array([0.31402318, 0.1589702 ]), 'recall': array([0.27243811, 0.57950469]), 'ndcg': array([0.47541118, 0.67357199]), 'auc': array([0.])}
2024-05-31 16:43:34,405 - root - INFO - EPOCH[37/100] all_loss: 0.416 | time cost---Sampling: 0.61s--| 
2024-05-31 16:43:34,405 - root - INFO - Summary at recall = 0.2724381118799887
2024-05-31 16:43:46,125 - root - INFO - [testing at epoch-37]
2024-05-31 16:43:46,125 - root - INFO - {'precision': array([0.31372517, 0.15897351]), 'recall': array([0.27224056, 0.57978883]), 'ndcg': array([0.4749963 , 0.67351989]), 'auc': array([0.])}
2024-05-31 16:43:46,126 - root - INFO - EPOCH[38/100] all_loss: 0.415 | time cost---Sampling: 0.60s--| 
2024-05-31 16:43:57,798 - root - INFO - [testing at epoch-38]
2024-05-31 16:43:57,798 - root - INFO - {'precision': array([0.3140149 , 0.15910265]), 'recall': array([0.27254158, 0.57998755]), 'ndcg': array([0.47547683, 0.67366927]), 'auc': array([0.])}
2024-05-31 16:43:57,799 - root - INFO - EPOCH[39/100] all_loss: 0.415 | time cost---Sampling: 0.60s--| 
2024-05-31 16:43:57,799 - root - INFO - Summary at recall = 0.2725415829424291
2024-05-31 16:44:09,568 - root - INFO - [testing at epoch-39]
2024-05-31 16:44:09,568 - root - INFO - {'precision': array([0.31376656, 0.15913742]), 'recall': array([0.27204871, 0.57989672]), 'ndcg': array([0.47543579, 0.67394811]), 'auc': array([0.])}
2024-05-31 16:44:09,569 - root - INFO - EPOCH[40/100] all_loss: 0.413 | time cost---Sampling: 0.60s--| 
2024-05-31 16:44:21,211 - root - INFO - [testing at epoch-40]
2024-05-31 16:44:21,212 - root - INFO - {'precision': array([0.31399007, 0.15909106]), 'recall': array([0.27224336, 0.57991714]), 'ndcg': array([0.47547404, 0.67382578]), 'auc': array([0.])}
2024-05-31 16:44:21,213 - root - INFO - EPOCH[41/100] all_loss: 0.412 | time cost---Sampling: 0.39s--| 
2024-05-31 16:44:33,248 - root - INFO - [testing at epoch-41]
2024-05-31 16:44:33,248 - root - INFO - {'precision': array([0.31404801, 0.1591043 ]), 'recall': array([0.27184408, 0.57996068]), 'ndcg': array([0.47546157, 0.67389554]), 'auc': array([0.])}
2024-05-31 16:44:33,249 - root - INFO - EPOCH[42/100] all_loss: 0.411 | time cost---Sampling: 0.62s--| 
2024-05-31 16:44:45,105 - root - INFO - [testing at epoch-42]
2024-05-31 16:44:45,106 - root - INFO - {'precision': array([0.31408113, 0.15918046]), 'recall': array([0.27215454, 0.58008908]), 'ndcg': array([0.47569652, 0.67400877]), 'auc': array([0.])}
2024-05-31 16:44:45,107 - root - INFO - EPOCH[43/100] all_loss: 0.410 | time cost---Sampling: 0.61s--| 
2024-05-31 16:44:57,094 - root - INFO - [testing at epoch-43]
2024-05-31 16:44:57,095 - root - INFO - {'precision': array([0.31406457, 0.15932616]), 'recall': array([0.27233702, 0.57990647]), 'ndcg': array([0.47569981, 0.67380406]), 'auc': array([0.])}
2024-05-31 16:44:57,096 - root - INFO - EPOCH[44/100] all_loss: 0.409 | time cost---Sampling: 0.60s--| 
2024-05-31 16:45:09,160 - root - INFO - [testing at epoch-44]
2024-05-31 16:45:09,160 - root - INFO - {'precision': array([0.31464404, 0.15934603]), 'recall': array([0.27262381, 0.5799501 ]), 'ndcg': array([0.47568964, 0.67349397]), 'auc': array([0.])}
2024-05-31 16:45:09,162 - root - INFO - EPOCH[45/100] all_loss: 0.409 | time cost---Sampling: 0.62s--| 
2024-05-31 16:45:09,162 - root - INFO - Summary at recall = 0.2726238075712378
2024-05-31 16:45:21,324 - root - INFO - [testing at epoch-45]
2024-05-31 16:45:21,324 - root - INFO - {'precision': array([0.31419702, 0.15934437]), 'recall': array([0.27202922, 0.58010959]), 'ndcg': array([0.47557832, 0.67391782]), 'auc': array([0.])}
2024-05-31 16:45:21,326 - root - INFO - EPOCH[46/100] all_loss: 0.408 | time cost---Sampling: 0.60s--| 
2024-05-31 16:45:33,496 - root - INFO - [testing at epoch-46]
2024-05-31 16:45:33,497 - root - INFO - {'precision': array([0.31449503, 0.15948675]), 'recall': array([0.2721585 , 0.58041342]), 'ndcg': array([0.47588973, 0.67399181]), 'auc': array([0.])}
2024-05-31 16:45:33,498 - root - INFO - EPOCH[47/100] all_loss: 0.407 | time cost---Sampling: 0.60s--| 
2024-05-31 16:45:45,533 - root - INFO - [testing at epoch-47]
2024-05-31 16:45:45,533 - root - INFO - {'precision': array([0.31474338, 0.15953146]), 'recall': array([0.27233757, 0.58015702]), 'ndcg': array([0.47598717, 0.67392997]), 'auc': array([0.])}
2024-05-31 16:45:45,534 - root - INFO - EPOCH[48/100] all_loss: 0.406 | time cost---Sampling: 0.62s--| 
2024-05-31 16:45:57,632 - root - INFO - [testing at epoch-48]
2024-05-31 16:45:57,632 - root - INFO - {'precision': array([0.31477649, 0.15954801]), 'recall': array([0.2727249 , 0.58040471]), 'ndcg': array([0.47615817, 0.67400044]), 'auc': array([0.])}
2024-05-31 16:45:57,633 - root - INFO - EPOCH[49/100] all_loss: 0.406 | time cost---Sampling: 0.60s--| 
2024-05-31 16:45:57,633 - root - INFO - Summary at recall = 0.27272489527317184
2024-05-31 16:46:09,845 - root - INFO - [testing at epoch-49]
2024-05-31 16:46:09,845 - root - INFO - {'precision': array([0.31504139, 0.15951325]), 'recall': array([0.27266625, 0.57999042]), 'ndcg': array([0.47648566, 0.6741194 ]), 'auc': array([0.])}
2024-05-31 16:46:09,846 - root - INFO - EPOCH[50/100] all_loss: 0.405 | time cost---Sampling: 0.60s--| 
2024-05-31 16:46:21,997 - root - INFO - [testing at epoch-50]
2024-05-31 16:46:21,997 - root - INFO - {'precision': array([0.3146606 , 0.15952815]), 'recall': array([0.27234217, 0.58007421]), 'ndcg': array([0.47596045, 0.67395236]), 'auc': array([0.])}
2024-05-31 16:46:21,998 - root - INFO - EPOCH[51/100] all_loss: 0.405 | time cost---Sampling: 0.61s--| 
2024-05-31 16:46:33,690 - root - INFO - [testing at epoch-51]
2024-05-31 16:46:33,690 - root - INFO - {'precision': array([0.31437914, 0.15952483]), 'recall': array([0.27220954, 0.5798495 ]), 'ndcg': array([0.47600876, 0.67402175]), 'auc': array([0.])}
2024-05-31 16:46:33,691 - root - INFO - EPOCH[52/100] all_loss: 0.404 | time cost---Sampling: 0.60s--| 
2024-05-31 16:46:45,811 - root - INFO - [testing at epoch-52]
2024-05-31 16:46:45,811 - root - INFO - {'precision': array([0.31442053, 0.15972682]), 'recall': array([0.27242102, 0.58059943]), 'ndcg': array([0.47575503, 0.6738065 ]), 'auc': array([0.])}
2024-05-31 16:46:45,812 - root - INFO - EPOCH[53/100] all_loss: 0.404 | time cost---Sampling: 0.46s--| 
2024-05-31 16:46:58,204 - root - INFO - [testing at epoch-53]
2024-05-31 16:46:58,204 - root - INFO - {'precision': array([0.31446192, 0.15966556]), 'recall': array([0.27228889, 0.58020961]), 'ndcg': array([0.47566794, 0.67371447]), 'auc': array([0.])}
2024-05-31 16:46:58,205 - root - INFO - EPOCH[54/100] all_loss: 0.403 | time cost---Sampling: 0.62s--| 
2024-05-31 16:47:10,520 - root - INFO - [testing at epoch-54]
2024-05-31 16:47:10,520 - root - INFO - {'precision': array([0.31460265, 0.15971192]), 'recall': array([0.27218063, 0.58029298]), 'ndcg': array([0.47567604, 0.67369321]), 'auc': array([0.])}
2024-05-31 16:47:10,521 - root - INFO - EPOCH[55/100] all_loss: 0.403 | time cost---Sampling: 0.60s--| 
2024-05-31 16:47:22,685 - root - INFO - [testing at epoch-55]
2024-05-31 16:47:22,685 - root - INFO - {'precision': array([0.31445364, 0.1597649 ]), 'recall': array([0.27159568, 0.58058174]), 'ndcg': array([0.47503862, 0.67335138]), 'auc': array([0.])}
2024-05-31 16:47:22,686 - root - INFO - EPOCH[56/100] all_loss: 0.402 | time cost---Sampling: 0.60s--| 
2024-05-31 16:47:34,944 - root - INFO - [testing at epoch-56]
2024-05-31 16:47:34,944 - root - INFO - {'precision': array([0.31456954, 0.15983278]), 'recall': array([0.27195429, 0.58075653]), 'ndcg': array([0.47523583, 0.67345491]), 'auc': array([0.])}
2024-05-31 16:47:34,945 - root - INFO - EPOCH[57/100] all_loss: 0.402 | time cost---Sampling: 0.61s--| 
2024-05-31 16:47:47,089 - root - INFO - [testing at epoch-57]
2024-05-31 16:47:47,089 - root - INFO - {'precision': array([0.31455298, 0.15980298]), 'recall': array([0.27217561, 0.58062751]), 'ndcg': array([0.4752869 , 0.67336835]), 'auc': array([0.])}
2024-05-31 16:47:47,090 - root - INFO - EPOCH[58/100] all_loss: 0.401 | time cost---Sampling: 0.60s--| 
2024-05-31 16:47:59,226 - root - INFO - [testing at epoch-58]
2024-05-31 16:47:59,227 - root - INFO - {'precision': array([0.31459437, 0.15964404]), 'recall': array([0.27215309, 0.58023765]), 'ndcg': array([0.47537072, 0.67333072]), 'auc': array([0.])}
2024-05-31 16:47:59,228 - root - INFO - EPOCH[59/100] all_loss: 0.401 | time cost---Sampling: 0.60s--| 
2024-05-31 16:48:11,233 - root - INFO - [testing at epoch-59]
2024-05-31 16:48:11,233 - root - INFO - {'precision': array([0.31438742, 0.15957119]), 'recall': array([0.27208912, 0.57987431]), 'ndcg': array([0.47552303, 0.67354291]), 'auc': array([0.])}
2024-05-31 16:48:11,234 - root - INFO - EPOCH[60/100] all_loss: 0.401 | time cost---Sampling: 0.56s--| 
2024-05-31 16:48:23,210 - root - INFO - [testing at epoch-60]
2024-05-31 16:48:23,211 - root - INFO - {'precision': array([0.31497517, 0.15954967]), 'recall': array([0.27267741, 0.57975908]), 'ndcg': array([0.4758982 , 0.67331619]), 'auc': array([0.])}
2024-05-31 16:48:23,212 - root - INFO - EPOCH[61/100] all_loss: 0.400 | time cost---Sampling: 0.60s--| 
2024-05-31 16:48:38,948 - root - INFO - [testing at epoch-61]
2024-05-31 16:48:38,948 - root - INFO - {'precision': array([0.31490894, 0.15964238]), 'recall': array([0.2726217 , 0.57989598]), 'ndcg': array([0.47630237, 0.6737305 ]), 'auc': array([0.])}
2024-05-31 16:48:38,950 - root - INFO - EPOCH[62/100] all_loss: 0.400 | time cost---Sampling: 0.60s--| 
2024-05-31 16:48:54,665 - root - INFO - [testing at epoch-62]
2024-05-31 16:48:54,665 - root - INFO - {'precision': array([0.31452815, 0.1595447 ]), 'recall': array([0.27211682, 0.57969245]), 'ndcg': array([0.47574399, 0.67360181]), 'auc': array([0.])}
2024-05-31 16:48:54,666 - root - INFO - EPOCH[63/100] all_loss: 0.399 | time cost---Sampling: 0.62s--| 
2024-05-31 16:49:10,332 - root - INFO - [testing at epoch-63]
2024-05-31 16:49:10,332 - root - INFO - {'precision': array([0.3145447 , 0.15956457]), 'recall': array([0.27236324, 0.57975841]), 'ndcg': array([0.47588562, 0.67365187]), 'auc': array([0.])}
2024-05-31 16:49:10,333 - root - INFO - EPOCH[64/100] all_loss: 0.398 | time cost---Sampling: 0.60s--| 
2024-05-31 16:49:25,968 - root - INFO - [testing at epoch-64]
2024-05-31 16:49:25,968 - root - INFO - {'precision': array([0.31456126, 0.1595745 ]), 'recall': array([0.27236837, 0.57993013]), 'ndcg': array([0.4756511 , 0.67356747]), 'auc': array([0.])}
2024-05-31 16:49:25,969 - root - INFO - EPOCH[65/100] all_loss: 0.399 | time cost---Sampling: 0.60s--| 
2024-05-31 16:49:41,546 - root - INFO - [testing at epoch-65]
2024-05-31 16:49:41,546 - root - INFO - {'precision': array([0.3146606, 0.1596606]), 'recall': array([0.27214924, 0.5800322 ]), 'ndcg': array([0.47521182, 0.67306946]), 'auc': array([0.])}
2024-05-31 16:49:41,547 - root - INFO - EPOCH[66/100] all_loss: 0.398 | time cost---Sampling: 0.61s--| 
2024-05-31 16:49:56,268 - root - INFO - [testing at epoch-66]
2024-05-31 16:49:56,268 - root - INFO - {'precision': array([0.3145447 , 0.15955795]), 'recall': array([0.27224511, 0.57963267]), 'ndcg': array([0.47551694, 0.67332826]), 'auc': array([0.])}
2024-05-31 16:49:56,269 - root - INFO - EPOCH[67/100] all_loss: 0.398 | time cost---Sampling: 0.61s--| 
2024-05-31 16:50:11,259 - root - INFO - [testing at epoch-67]
2024-05-31 16:50:11,259 - root - INFO - {'precision': array([0.31447848, 0.15967384]), 'recall': array([0.27219158, 0.57991263]), 'ndcg': array([0.47515652, 0.67305633]), 'auc': array([0.])}
2024-05-31 16:50:11,260 - root - INFO - EPOCH[68/100] all_loss: 0.398 | time cost---Sampling: 0.42s--| 
2024-05-31 16:50:26,327 - root - INFO - [testing at epoch-68]
2024-05-31 16:50:26,327 - root - INFO - {'precision': array([0.31432119, 0.15959934]), 'recall': array([0.27199243, 0.57995328]), 'ndcg': array([0.47528456, 0.67343219]), 'auc': array([0.])}
2024-05-31 16:50:26,329 - root - INFO - EPOCH[69/100] all_loss: 0.397 | time cost---Sampling: 0.56s--| 
2024-05-31 16:50:41,455 - root - INFO - [testing at epoch-69]
2024-05-31 16:50:41,455 - root - INFO - {'precision': array([0.31445364, 0.15953974]), 'recall': array([0.27264544, 0.57973488]), 'ndcg': array([0.47569608, 0.67344734]), 'auc': array([0.])}
2024-05-31 16:50:41,456 - root - INFO - EPOCH[70/100] all_loss: 0.397 | time cost---Sampling: 0.60s--| 
2024-05-31 16:50:56,482 - root - INFO - [testing at epoch-70]
2024-05-31 16:50:56,483 - root - INFO - {'precision': array([0.31428808, 0.1595894 ]), 'recall': array([0.27258084, 0.57980935]), 'ndcg': array([0.47526967, 0.67316123]), 'auc': array([0.])}
2024-05-31 16:50:56,484 - root - INFO - EPOCH[71/100] all_loss: 0.397 | time cost---Sampling: 0.60s--| 
2024-05-31 16:51:11,382 - root - INFO - [testing at epoch-71]
2024-05-31 16:51:11,383 - root - INFO - {'precision': array([0.31433775, 0.15955298]), 'recall': array([0.27275806, 0.57953475]), 'ndcg': array([0.47538465, 0.67319538]), 'auc': array([0.])}
2024-05-31 16:51:11,384 - root - INFO - EPOCH[72/100] all_loss: 0.397 | time cost---Sampling: 0.61s--| 
2024-05-31 16:51:11,384 - root - INFO - Summary at recall = 0.2727580610060635
2024-05-31 16:51:26,379 - root - INFO - [testing at epoch-72]
2024-05-31 16:51:26,379 - root - INFO - {'precision': array([0.31394868, 0.15949338]), 'recall': array([0.27219729, 0.57904503]), 'ndcg': array([0.47501968, 0.67316529]), 'auc': array([0.])}
2024-05-31 16:51:26,380 - root - INFO - EPOCH[73/100] all_loss: 0.396 | time cost---Sampling: 0.60s--| 
2024-05-31 16:51:41,341 - root - INFO - [testing at epoch-73]
2024-05-31 16:51:41,341 - root - INFO - {'precision': array([0.31426325, 0.15945033]), 'recall': array([0.27248356, 0.57885357]), 'ndcg': array([0.47536532, 0.67320635]), 'auc': array([0.])}
2024-05-31 16:51:41,342 - root - INFO - EPOCH[74/100] all_loss: 0.396 | time cost---Sampling: 0.59s--| 
2024-05-31 16:51:56,508 - root - INFO - [testing at epoch-74]
2024-05-31 16:51:56,508 - root - INFO - {'precision': array([0.31438742, 0.15960265]), 'recall': array([0.27215886, 0.57939604]), 'ndcg': array([0.47536086, 0.67322863]), 'auc': array([0.])}
2024-05-31 16:51:56,509 - root - INFO - EPOCH[75/100] all_loss: 0.396 | time cost---Sampling: 0.60s--| 
2024-05-31 16:52:11,176 - root - INFO - [testing at epoch-75]
2024-05-31 16:52:11,176 - root - INFO - {'precision': array([0.31424669, 0.15964238]), 'recall': array([0.27229137, 0.57937834]), 'ndcg': array([0.47527804, 0.67322845]), 'auc': array([0.])}
2024-05-31 16:52:11,177 - root - INFO - EPOCH[76/100] all_loss: 0.396 | time cost---Sampling: 0.59s--| 
2024-05-31 16:52:25,874 - root - INFO - [testing at epoch-76]
2024-05-31 16:52:25,874 - root - INFO - {'precision': array([0.31415563, 0.15960762]), 'recall': array([0.27236548, 0.57896858]), 'ndcg': array([0.47537475, 0.67319272]), 'auc': array([0.])}
2024-05-31 16:52:25,875 - root - INFO - EPOCH[77/100] all_loss: 0.395 | time cost---Sampling: 0.59s--| 
2024-05-31 16:52:40,468 - root - INFO - [testing at epoch-77]
2024-05-31 16:52:40,468 - root - INFO - {'precision': array([0.31413079, 0.15966722]), 'recall': array([0.27221221, 0.57942365]), 'ndcg': array([0.47521257, 0.67315458]), 'auc': array([0.])}
2024-05-31 16:52:40,469 - root - INFO - EPOCH[78/100] all_loss: 0.395 | time cost---Sampling: 0.62s--| 
2024-05-31 16:52:55,100 - root - INFO - [testing at epoch-78]
2024-05-31 16:52:55,100 - root - INFO - {'precision': array([0.31399007, 0.15971026]), 'recall': array([0.27169395, 0.57956389]), 'ndcg': array([0.47447121, 0.67266344]), 'auc': array([0.])}
2024-05-31 16:52:55,101 - root - INFO - EPOCH[79/100] all_loss: 0.395 | time cost---Sampling: 0.60s--| 
2024-05-31 16:53:09,703 - root - INFO - [testing at epoch-79]
2024-05-31 16:53:09,703 - root - INFO - {'precision': array([0.31389073, 0.15957947]), 'recall': array([0.27127831, 0.57878692]), 'ndcg': array([0.47472876, 0.67292391]), 'auc': array([0.])}
2024-05-31 16:53:09,704 - root - INFO - EPOCH[80/100] all_loss: 0.395 | time cost---Sampling: 0.60s--| 
2024-05-31 16:53:24,296 - root - INFO - [testing at epoch-80]
2024-05-31 16:53:24,296 - root - INFO - {'precision': array([0.31393212, 0.15968377]), 'recall': array([0.27163339, 0.57935199]), 'ndcg': array([0.47428387, 0.67256052]), 'auc': array([0.])}
2024-05-31 16:53:24,297 - root - INFO - EPOCH[81/100] all_loss: 0.395 | time cost---Sampling: 0.61s--| 
2024-05-31 16:53:38,901 - root - INFO - [testing at epoch-81]
2024-05-31 16:53:38,901 - root - INFO - {'precision': array([0.31379139, 0.15968543]), 'recall': array([0.27135659, 0.57959717]), 'ndcg': array([0.47367271, 0.67222332]), 'auc': array([0.])}
2024-05-31 16:53:38,902 - root - INFO - EPOCH[82/100] all_loss: 0.395 | time cost---Sampling: 0.60s--| 
2024-05-31 16:53:53,204 - root - INFO - [testing at epoch-82]
2024-05-31 16:53:53,204 - root - INFO - {'precision': array([0.31424669, 0.15949669]), 'recall': array([0.27165117, 0.57892159]), 'ndcg': array([0.47410056, 0.67203636]), 'auc': array([0.])}
2024-05-31 16:53:53,205 - root - INFO - EPOCH[83/100] all_loss: 0.394 | time cost---Sampling: 0.61s--| 
2024-05-31 16:54:07,185 - root - INFO - [testing at epoch-83]
2024-05-31 16:54:07,185 - root - INFO - {'precision': array([0.31380795, 0.15962748]), 'recall': array([0.27151409, 0.57936202]), 'ndcg': array([0.47421371, 0.67248713]), 'auc': array([0.])}
2024-05-31 16:54:07,186 - root - INFO - EPOCH[84/100] all_loss: 0.394 | time cost---Sampling: 0.39s--| 
2024-05-31 16:54:21,185 - root - INFO - [testing at epoch-84]
2024-05-31 16:54:21,185 - root - INFO - {'precision': array([0.31418046, 0.15962748]), 'recall': array([0.27226088, 0.57930091]), 'ndcg': array([0.47506025, 0.67288444]), 'auc': array([0.])}
2024-05-31 16:54:21,186 - root - INFO - EPOCH[85/100] all_loss: 0.394 | time cost---Sampling: 0.60s--| 
2024-05-31 16:54:35,214 - root - INFO - [testing at epoch-85]
2024-05-31 16:54:35,214 - root - INFO - {'precision': array([0.31407285, 0.15959106]), 'recall': array([0.27185612, 0.57947881]), 'ndcg': array([0.47480213, 0.67281026]), 'auc': array([0.])}
2024-05-31 16:54:35,215 - root - INFO - EPOCH[86/100] all_loss: 0.394 | time cost---Sampling: 0.39s--| 
2024-05-31 16:54:49,483 - root - INFO - [testing at epoch-86]
2024-05-31 16:54:49,483 - root - INFO - {'precision': array([0.31373344, 0.15950828]), 'recall': array([0.27152869, 0.57873662]), 'ndcg': array([0.47483927, 0.67293904]), 'auc': array([0.])}
2024-05-31 16:54:49,484 - root - INFO - EPOCH[87/100] all_loss: 0.394 | time cost---Sampling: 0.62s--| 
2024-05-31 16:55:03,899 - root - INFO - [testing at epoch-87]
2024-05-31 16:55:03,899 - root - INFO - {'precision': array([0.31391556, 0.15959768]), 'recall': array([0.27182605, 0.57919869]), 'ndcg': array([0.47503807, 0.67308944]), 'auc': array([0.])}
2024-05-31 16:55:03,900 - root - INFO - EPOCH[88/100] all_loss: 0.394 | time cost---Sampling: 0.60s--| 
2024-05-31 16:55:18,312 - root - INFO - [testing at epoch-88]
2024-05-31 16:55:18,313 - root - INFO - {'precision': array([0.31390728, 0.15964901]), 'recall': array([0.27143812, 0.57916063]), 'ndcg': array([0.47467369, 0.67284598]), 'auc': array([0.])}
2024-05-31 16:55:18,314 - root - INFO - EPOCH[89/100] all_loss: 0.393 | time cost---Sampling: 0.60s--| 
2024-05-31 16:55:32,771 - root - INFO - [testing at epoch-89]
2024-05-31 16:55:32,771 - root - INFO - {'precision': array([0.31355132, 0.1595447 ]), 'recall': array([0.27151186, 0.57910349]), 'ndcg': array([0.4745026 , 0.67286793]), 'auc': array([0.])}
2024-05-31 16:55:32,772 - root - INFO - EPOCH[90/100] all_loss: 0.393 | time cost---Sampling: 0.61s--| 
2024-05-31 16:55:46,992 - root - INFO - [testing at epoch-90]
2024-05-31 16:55:46,993 - root - INFO - {'precision': array([0.31384934, 0.15972848]), 'recall': array([0.27152776, 0.57907704]), 'ndcg': array([0.47477479, 0.67287657]), 'auc': array([0.])}
2024-05-31 16:55:46,994 - root - INFO - EPOCH[91/100] all_loss: 0.393 | time cost---Sampling: 0.61s--| 
2024-05-31 16:56:01,369 - root - INFO - [testing at epoch-91]
2024-05-31 16:56:01,369 - root - INFO - {'precision': array([0.31373344, 0.15963907]), 'recall': array([0.27161409, 0.5792663 ]), 'ndcg': array([0.4746183 , 0.67276738]), 'auc': array([0.])}
2024-05-31 16:56:01,370 - root - INFO - EPOCH[92/100] all_loss: 0.393 | time cost---Sampling: 0.60s--| 
2024-05-31 16:56:15,818 - root - INFO - [testing at epoch-92]
2024-05-31 16:56:15,818 - root - INFO - {'precision': array([0.31408113, 0.15960265]), 'recall': array([0.27228401, 0.57879304]), 'ndcg': array([0.4749384 , 0.67263489]), 'auc': array([0.])}
2024-05-31 16:56:15,820 - root - INFO - EPOCH[93/100] all_loss: 0.392 | time cost---Sampling: 0.61s--| 
2024-05-31 16:56:30,783 - root - INFO - [testing at epoch-93]
2024-05-31 16:56:30,783 - root - INFO - {'precision': array([0.31461921, 0.15960762]), 'recall': array([0.27245326, 0.57897215]), 'ndcg': array([0.47534213, 0.67272639]), 'auc': array([0.])}
2024-05-31 16:56:30,784 - root - INFO - EPOCH[94/100] all_loss: 0.392 | time cost---Sampling: 0.61s--| 
2024-05-31 16:56:45,588 - root - INFO - [testing at epoch-94]
2024-05-31 16:56:45,588 - root - INFO - {'precision': array([0.3140894 , 0.15956623]), 'recall': array([0.27198906, 0.57905451]), 'ndcg': array([0.47482397, 0.67266834]), 'auc': array([0.])}
2024-05-31 16:56:45,589 - root - INFO - EPOCH[95/100] all_loss: 0.392 | time cost---Sampling: 0.60s--| 
2024-05-31 16:57:00,595 - root - INFO - [testing at epoch-95]
2024-05-31 16:57:00,595 - root - INFO - {'precision': array([0.31430464, 0.15959437]), 'recall': array([0.27210354, 0.57915626]), 'ndcg': array([0.47451537, 0.67218698]), 'auc': array([0.])}
2024-05-31 16:57:00,596 - root - INFO - EPOCH[96/100] all_loss: 0.393 | time cost---Sampling: 0.61s--| 
2024-05-31 16:57:15,622 - root - INFO - [testing at epoch-96]
2024-05-31 16:57:15,622 - root - INFO - {'precision': array([0.31427152, 0.15958278]), 'recall': array([0.27227523, 0.57902601]), 'ndcg': array([0.47467446, 0.67233387]), 'auc': array([0.])}
2024-05-31 16:57:15,623 - root - INFO - EPOCH[97/100] all_loss: 0.392 | time cost---Sampling: 0.60s--| 
2024-05-31 16:57:30,618 - root - INFO - [testing at epoch-97]
2024-05-31 16:57:30,618 - root - INFO - {'precision': array([0.31448675, 0.15952152]), 'recall': array([0.27208853, 0.57883684]), 'ndcg': array([0.47495481, 0.67247041]), 'auc': array([0.])}
2024-05-31 16:57:30,619 - root - INFO - EPOCH[98/100] all_loss: 0.392 | time cost---Sampling: 0.60s--| 
2024-05-31 16:57:45,640 - root - INFO - [testing at epoch-98]
2024-05-31 16:57:45,640 - root - INFO - {'precision': array([0.31417219, 0.15949669]), 'recall': array([0.2718395, 0.5784313]), 'ndcg': array([0.47480846, 0.67248425]), 'auc': array([0.])}
2024-05-31 16:57:45,641 - root - INFO - EPOCH[99/100] all_loss: 0.392 | time cost---Sampling: 0.61s--| 
2024-05-31 16:58:00,671 - root - INFO - [testing at epoch-99]
2024-05-31 16:58:00,671 - root - INFO - {'precision': array([0.31400662, 0.15958444]), 'recall': array([0.27146624, 0.57840794]), 'ndcg': array([0.47505408, 0.67294363]), 'auc': array([0.])}
2024-05-31 16:58:00,672 - root - INFO - EPOCH[100/100] all_loss: 0.392 | time cost---Sampling: 0.61s--| 
