2024-06-14 23:29:36,970 - root - INFO - Namespace(N=50, R=100, alpha=0.5, bpr_neg_num=1, compute_rank=1, dataset='pinterest', dim=256, epoch=100, eps=1e-20, layers=2, lmd2=0.1, lr=0.0005, model='bgr', neg_ratio=16, norm_a=1.0, save_embed=1, seed=2021, tensorboard=True, test_batch=100, test_file='test.txt', topks=[20, 100], train_batch=2048, train_file='train.txt', weight=0.0001)
2024-06-14 23:30:33,519 - root - INFO - [testing at epoch-0]
2024-06-14 23:30:33,519 - root - INFO - {'precision': array([0.04448411, 0.02325554]), 'recall': array([0.15710056, 0.40862345]), 'ndcg': array([0.16869811, 0.29767704]), 'auc': array([0.])}
2024-06-14 23:30:33,520 - root - INFO - EPOCH[1/100] all_loss: 0.593 | bpr_loss:0.44551951406395723 | rd_loss:0.09971034905574318 | time cost---Sampling: 0.47s--| 
rd_loss-0: 0.11724390039749182 | rd_loss-1: 0.09950072903027118 | rd_loss-2: 0.08238640978434754 |  
2024-06-14 23:31:30,767 - root - INFO - [testing at epoch-1]
2024-06-14 23:31:30,767 - root - INFO - {'precision': array([0.04434911, 0.02331135]), 'recall': array([0.15661098, 0.40987466]), 'ndcg': array([0.16840354, 0.2981727 ]), 'auc': array([0.])}
2024-06-14 23:31:30,768 - root - INFO - EPOCH[2/100] all_loss: 0.558 | bpr_loss:0.4292144240718162 | rd_loss:0.08068694919347763 | time cost---Sampling: 0.44s--| 
rd_loss-0: 0.10983389133590936 | rd_loss-1: 0.07882831488945047 | rd_loss-2: 0.053398633503626364 |  
2024-06-14 23:32:28,384 - root - INFO - [testing at epoch-2]
2024-06-14 23:32:28,384 - root - INFO - {'precision': array([0.04448954, 0.02338274]), 'recall': array([0.15712775, 0.41133039]), 'ndcg': array([0.1688244 , 0.29904635]), 'auc': array([0.])}
2024-06-14 23:32:28,385 - root - INFO - EPOCH[3/100] all_loss: 0.543 | bpr_loss:0.42267669773278743 | rd_loss:0.07197994161017086 | time cost---Sampling: 0.45s--| 
rd_loss-0: 0.10532465152760384 | rd_loss-1: 0.0687200997944002 | rd_loss-2: 0.04189506627909549 |  
2024-06-14 23:33:26,469 - root - INFO - [testing at epoch-3]
2024-06-14 23:33:26,469 - root - INFO - {'precision': array([0.04471243, 0.02346139]), 'recall': array([0.15797372, 0.41269547]), 'ndcg': array([0.16957857, 0.29992682]), 'auc': array([0.])}
2024-06-14 23:33:26,470 - root - INFO - EPOCH[4/100] all_loss: 0.532 | bpr_loss:0.416621570186845 | rd_loss:0.06706435357761295 | time cost---Sampling: 0.48s--| 
rd_loss-0: 0.10222357120330347 | rd_loss-1: 0.06280765143363064 | rd_loss-2: 0.03616183110148212 |  
2024-06-14 23:34:25,038 - root - INFO - [testing at epoch-4]
2024-06-14 23:34:25,038 - root - INFO - {'precision': array([0.04496883, 0.02354003]), 'recall': array([0.15893002, 0.41411877]), 'ndcg': array([0.17009314, 0.30050662]), 'auc': array([0.])}
2024-06-14 23:34:25,039 - root - INFO - EPOCH[5/100] all_loss: 0.523 | bpr_loss:0.41164351410901173 | rd_loss:0.06378250970662415 | time cost---Sampling: 0.50s--| 
rd_loss-0: 0.0997908932462694 | rd_loss-1: 0.058818799396890435 | rd_loss-2: 0.0327378292058306 |  
2024-06-14 23:35:24,047 - root - INFO - [testing at epoch-5]
2024-06-14 23:35:24,048 - root - INFO - {'precision': array([0.04511833, 0.02360218]), 'recall': array([0.15941657, 0.41526081]), 'ndcg': array([0.17051477, 0.30124669]), 'auc': array([0.])}
2024-06-14 23:35:24,049 - root - INFO - EPOCH[6/100] all_loss: 0.516 | bpr_loss:0.4073755662051999 | rd_loss:0.06146725073650286 | time cost---Sampling: 0.48s--| 
rd_loss-0: 0.09782990598999282 | rd_loss-1: 0.05596521321912201 | rd_loss-2: 0.030606629036657222 |  
2024-06-14 23:36:21,949 - root - INFO - [testing at epoch-6]
2024-06-14 23:36:21,949 - root - INFO - {'precision': array([0.04528232, 0.0236493 ]), 'recall': array([0.15997488, 0.41603184]), 'ndcg': array([0.17114091, 0.301842  ]), 'auc': array([0.])}
2024-06-14 23:36:21,950 - root - INFO - EPOCH[7/100] all_loss: 0.510 | bpr_loss:0.40291371388647684 | rd_loss:0.05966804536657342 | time cost---Sampling: 0.47s--| 
rd_loss-0: 0.09612722587054646 | rd_loss-1: 0.05376808482165239 | rd_loss-2: 0.02910882180663783 |  
2024-06-14 23:37:20,414 - root - INFO - [testing at epoch-7]
2024-06-14 23:37:20,415 - root - INFO - {'precision': array([0.04539648, 0.02370438]), 'recall': array([0.16042063, 0.41701268]), 'ndcg': array([0.17146821, 0.30232443]), 'auc': array([0.])}
2024-06-14 23:37:20,415 - root - INFO - EPOCH[8/100] all_loss: 0.504 | bpr_loss:0.39862270777654557 | rd_loss:0.0581979972823542 | time cost---Sampling: 0.46s--| 
rd_loss-0: 0.09460382832556355 | rd_loss-1: 0.0519977686840329 | rd_loss-2: 0.02799239165472741 |  
2024-06-14 23:38:17,948 - root - INFO - [testing at epoch-8]
2024-06-14 23:38:17,948 - root - INFO - {'precision': array([0.04552604, 0.02378484]), 'recall': array([0.16085178, 0.4184665 ]), 'ndcg': array([0.17152754, 0.30265481]), 'auc': array([0.])}
2024-06-14 23:38:17,949 - root - INFO - EPOCH[9/100] all_loss: 0.499 | bpr_loss:0.39507134941601796 | rd_loss:0.05698677258832114 | time cost---Sampling: 0.46s--| 
rd_loss-0: 0.09320968960399752 | rd_loss-1: 0.05057156600182486 | rd_loss-2: 0.02717905803989612 |  
2024-06-14 23:39:17,222 - root - INFO - [testing at epoch-9]
2024-06-14 23:39:17,223 - root - INFO - {'precision': array([0.04567916, 0.02381256]), 'recall': array([0.16140017, 0.41893485]), 'ndcg': array([0.17206397, 0.3030094 ]), 'auc': array([0.])}
2024-06-14 23:39:17,224 - root - INFO - EPOCH[10/100] all_loss: 0.493 | bpr_loss:0.3907649504895113 | rd_loss:0.055902422884399686 | time cost---Sampling: 0.47s--| 
rd_loss-0: 0.09187473805970296 | rd_loss-1: 0.04933317485291352 | rd_loss-2: 0.026499352281384433 |  
2024-06-14 23:40:12,379 - root - INFO - [testing at epoch-10]
2024-06-14 23:40:12,380 - root - INFO - {'precision': array([0.04581325, 0.0238276 ]), 'recall': array([0.16184942, 0.41913459]), 'ndcg': array([0.17263294, 0.30342237]), 'auc': array([0.])}
2024-06-14 23:40:12,381 - root - INFO - EPOCH[11/100] all_loss: 0.488 | bpr_loss:0.38679276752339226 | rd_loss:0.05485104931197052 | time cost---Sampling: 0.46s--| 
rd_loss-0: 0.09052291346613683 | rd_loss-1: 0.04815297445251238 | rd_loss-2: 0.025877256495860822 |  
2024-06-14 23:40:47,430 - root - INFO - [testing at epoch-11]
2024-06-14 23:40:47,430 - root - INFO - {'precision': array([0.04585855, 0.0238546 ]), 'recall': array([0.16200826, 0.41958371]), 'ndcg': array([0.17281613, 0.30389065]), 'auc': array([0.])}
2024-06-14 23:40:47,431 - root - INFO - EPOCH[12/100] all_loss: 0.483 | bpr_loss:0.3831363398865114 | rd_loss:0.053991108531467547 | time cost---Sampling: 0.47s--| 
rd_loss-0: 0.08935110568170866 | rd_loss-1: 0.04721126416508032 | rd_loss-2: 0.02541095226422533 |  
2024-06-14 23:41:23,041 - root - INFO - [testing at epoch-12]
2024-06-14 23:41:23,041 - root - INFO - {'precision': array([0.04601167, 0.02388722]), 'recall': array([0.16257158, 0.42019431]), 'ndcg': array([0.17313152, 0.30407869]), 'auc': array([0.])}
2024-06-14 23:41:23,041 - root - INFO - EPOCH[13/100] all_loss: 0.479 | bpr_loss:0.3796173817925639 | rd_loss:0.0531942563300783 | time cost---Sampling: 0.46s--| 
rd_loss-0: 0.08820596367728953 | rd_loss-1: 0.046340708629485625 | rd_loss-2: 0.025036093504176734 |  
2024-06-14 23:41:58,918 - root - INFO - [testing at epoch-13]
2024-06-14 23:41:58,918 - root - INFO - {'precision': array([0.04611043, 0.0239202 ]), 'recall': array([0.16288674, 0.42067625]), 'ndcg': array([0.17341814, 0.30427793]), 'auc': array([0.])}
2024-06-14 23:41:58,919 - root - INFO - EPOCH[14/100] all_loss: 0.474 | bpr_loss:0.37567962631444984 | rd_loss:0.05239279812861904 | time cost---Sampling: 0.48s--| 
rd_loss-0: 0.08702339353610059 | rd_loss-1: 0.04550927173145848 | rd_loss-2: 0.024645725199486195 |  
2024-06-14 23:42:34,074 - root - INFO - [testing at epoch-14]
2024-06-14 23:42:34,074 - root - INFO - {'precision': array([0.046182  , 0.02395155]), 'recall': array([0.16316495, 0.42124557]), 'ndcg': array([0.17381643, 0.30483619]), 'auc': array([0.])}
2024-06-14 23:42:34,075 - root - INFO - EPOCH[15/100] all_loss: 0.471 | bpr_loss:0.3727857269802872 | rd_loss:0.05163457833493132 | time cost---Sampling: 0.47s--| 
rd_loss-0: 0.08592056031019214 | rd_loss-1: 0.04471289953959895 | rd_loss-2: 0.02427027132258455 |  
2024-06-14 23:43:10,035 - root - INFO - [testing at epoch-15]
2024-06-14 23:43:10,035 - root - INFO - {'precision': array([0.046317  , 0.02396387]), 'recall': array([0.16365477, 0.42144786]), 'ndcg': array([0.17398479, 0.30477769]), 'auc': array([0.])}
2024-06-14 23:43:10,036 - root - INFO - EPOCH[16/100] all_loss: 0.466 | bpr_loss:0.36880193277502327 | rd_loss:0.050961176351625094 | time cost---Sampling: 0.46s--| 
rd_loss-0: 0.084846963176369 | rd_loss-1: 0.04402724412962767 | rd_loss-2: 0.024009317802420795 |  
2024-06-14 23:43:45,909 - root - INFO - [testing at epoch-16]
2024-06-14 23:43:45,910 - root - INFO - {'precision': array([0.04641848, 0.02396568]), 'recall': array([0.1640118 , 0.42144906]), 'ndcg': array([0.17425381, 0.30482558]), 'auc': array([0.])}
2024-06-14 23:43:45,910 - root - INFO - EPOCH[17/100] all_loss: 0.462 | bpr_loss:0.36541490757177847 | rd_loss:0.05027075488541918 | time cost---Sampling: 0.49s--| 
rd_loss-0: 0.08377404072786748 | rd_loss-1: 0.043357041465716374 | rd_loss-2: 0.02368117880304249 |  
2024-06-14 23:44:20,360 - root - INFO - [testing at epoch-17]
2024-06-14 23:44:20,360 - root - INFO - {'precision': array([0.0464366 , 0.02397565]), 'recall': array([0.1640901 , 0.42159119]), 'ndcg': array([0.17464687, 0.30527289]), 'auc': array([0.])}
2024-06-14 23:44:20,361 - root - INFO - EPOCH[18/100] all_loss: 0.457 | bpr_loss:0.36091923663921394 | rd_loss:0.049580945127085545 | time cost---Sampling: 0.47s--| 
rd_loss-0: 0.08269408045264033 | rd_loss-1: 0.042681063219545505 | rd_loss-2: 0.023367688128921673 |  
2024-06-14 23:44:55,307 - root - INFO - [testing at epoch-18]
2024-06-14 23:44:55,307 - root - INFO - {'precision': array([0.04650636, 0.02400518]), 'recall': array([0.16421284, 0.42205378]), 'ndcg': array([0.17475277, 0.30548643]), 'auc': array([0.])}
2024-06-14 23:44:55,308 - root - INFO - EPOCH[19/100] all_loss: 0.453 | bpr_loss:0.35756481208031604 | rd_loss:0.04894691469330956 | time cost---Sampling: 0.46s--| 
rd_loss-0: 0.08165271495899154 | rd_loss-1: 0.04206835047958733 | rd_loss-2: 0.023119675133771268 |  
2024-06-14 23:45:30,561 - root - INFO - [testing at epoch-19]
2024-06-14 23:45:30,562 - root - INFO - {'precision': array([0.04654441, 0.0240079 ]), 'recall': array([0.16445212, 0.42226842]), 'ndcg': array([0.17542522, 0.30606453]), 'auc': array([0.])}
2024-06-14 23:45:30,563 - root - INFO - EPOCH[20/100] all_loss: 0.450 | bpr_loss:0.3549172061604339 | rd_loss:0.04841275402588393 | time cost---Sampling: 0.45s--| 
rd_loss-0: 0.0806867114245781 | rd_loss-1: 0.041566699618864146 | rd_loss-2: 0.022984847927497137 |  
2024-06-14 23:46:05,183 - root - INFO - [testing at epoch-20]
2024-06-14 23:46:05,183 - root - INFO - {'precision': array([0.04657612, 0.02400518]), 'recall': array([0.16453687, 0.42220549]), 'ndcg': array([0.17551495, 0.30607769]), 'auc': array([0.])}
2024-06-14 23:46:05,184 - root - INFO - EPOCH[21/100] all_loss: 0.446 | bpr_loss:0.3513148667529253 | rd_loss:0.04783127609647271 | time cost---Sampling: 0.78s--| 
rd_loss-0: 0.07971009581672903 | rd_loss-1: 0.041023614945957965 | rd_loss-2: 0.022760114102090445 |  
2024-06-14 23:46:40,998 - root - INFO - [testing at epoch-21]
2024-06-14 23:46:40,998 - root - INFO - {'precision': array([0.04661508, 0.02400971]), 'recall': array([0.1646496 , 0.42216273]), 'ndcg': array([0.17541614, 0.30591946]), 'auc': array([0.])}
2024-06-14 23:46:40,999 - root - INFO - EPOCH[22/100] all_loss: 0.442 | bpr_loss:0.34802873103649584 | rd_loss:0.04728086392269064 | time cost---Sampling: 0.46s--| 
rd_loss-0: 0.07875563558156504 | rd_loss-1: 0.04052941796260995 | rd_loss-2: 0.022557534491695147 |  
2024-06-14 23:47:16,823 - root - INFO - [testing at epoch-22]
2024-06-14 23:47:16,823 - root - INFO - {'precision': array([0.04662686, 0.02403254]), 'recall': array([0.1646263 , 0.42265165]), 'ndcg': array([0.1754295 , 0.30626893]), 'auc': array([0.])}
2024-06-14 23:47:16,824 - root - INFO - EPOCH[23/100] all_loss: 0.438 | bpr_loss:0.34462659799101625 | rd_loss:0.04671658734498971 | time cost---Sampling: 0.47s--| 
rd_loss-0: 0.07776733460198527 | rd_loss-1: 0.04003953978640471 | rd_loss-2: 0.02234288449148632 |  
2024-06-14 23:47:52,886 - root - INFO - [testing at epoch-23]
2024-06-14 23:47:52,887 - root - INFO - {'precision': array([0.04674193, 0.02404469]), 'recall': array([0.16498548, 0.42283241]), 'ndcg': array([0.17563082, 0.30635739]), 'auc': array([0.])}
2024-06-14 23:47:52,887 - root - INFO - EPOCH[24/100] all_loss: 0.435 | bpr_loss:0.3414050676274167 | rd_loss:0.046195899290145 | time cost---Sampling: 0.49s--| 
rd_loss-0: 0.07683870946929716 | rd_loss-1: 0.039589423133347165 | rd_loss-2: 0.0221595615286774 |  
2024-06-14 23:48:29,228 - root - INFO - [testing at epoch-24]
2024-06-14 23:48:29,229 - root - INFO - {'precision': array([0.04676639, 0.02403707]), 'recall': array([0.1650881 , 0.42262914]), 'ndcg': array([0.17542015, 0.30584523]), 'auc': array([0.])}
2024-06-14 23:48:29,229 - root - INFO - EPOCH[25/100] all_loss: 0.431 | bpr_loss:0.33847146419072194 | rd_loss:0.04573799359416918 | time cost---Sampling: 0.51s--| 
rd_loss-0: 0.07601833513528385 | rd_loss-1: 0.03918445451748393 | rd_loss-2: 0.022011187045052234 |  
2024-06-14 23:49:04,904 - root - INFO - [testing at epoch-25]
2024-06-14 23:49:04,905 - root - INFO - {'precision': array([0.04671837, 0.02402838]), 'recall': array([0.16489701, 0.42240554]), 'ndcg': array([0.17551152, 0.30600615]), 'auc': array([0.])}
2024-06-14 23:49:04,905 - root - INFO - EPOCH[26/100] all_loss: 0.428 | bpr_loss:0.33501557787406866 | rd_loss:0.045227297700955384 | time cost---Sampling: 0.50s--| 
rd_loss-0: 0.0751175695066107 | rd_loss-1: 0.03875210944818876 | rd_loss-2: 0.021812210522992932 |  
2024-06-14 23:49:40,361 - root - INFO - [testing at epoch-26]
2024-06-14 23:49:40,361 - root - INFO - {'precision': array([0.0467827 , 0.02402312]), 'recall': array([0.16509926, 0.42236254]), 'ndcg': array([0.17564319, 0.30610123]), 'auc': array([0.])}
2024-06-14 23:49:40,362 - root - INFO - EPOCH[27/100] all_loss: 0.424 | bpr_loss:0.33189516225639654 | rd_loss:0.04475642038519617 | time cost---Sampling: 0.48s--| 
rd_loss-0: 0.07423479736183039 | rd_loss-1: 0.03835110154853018 | rd_loss-2: 0.021683358685813277 |  
2024-06-14 23:50:15,865 - root - INFO - [testing at epoch-27]
2024-06-14 23:50:15,865 - root - INFO - {'precision': array([0.04680807, 0.02402983]), 'recall': array([0.16527006, 0.42242895]), 'ndcg': array([0.17569342, 0.30603451]), 'auc': array([0.])}
2024-06-14 23:50:15,866 - root - INFO - EPOCH[28/100] all_loss: 0.421 | bpr_loss:0.3292564348851595 | rd_loss:0.04431784209658794 | time cost---Sampling: 0.48s--| 
rd_loss-0: 0.07341068189639549 | rd_loss-1: 0.037972226192922454 | rd_loss-2: 0.021570614488978554 |  
2024-06-14 23:50:51,439 - root - INFO - [testing at epoch-28]
2024-06-14 23:50:51,439 - root - INFO - {'precision': array([0.0468135 , 0.02405755]), 'recall': array([0.16523145, 0.42297146]), 'ndcg': array([0.17562279, 0.30609245]), 'auc': array([0.])}
2024-06-14 23:50:51,440 - root - INFO - EPOCH[29/100] all_loss: 0.417 | bpr_loss:0.32554500532061803 | rd_loss:0.043881066848484175 | time cost---Sampling: 0.48s--| 
rd_loss-0: 0.07259469092279286 | rd_loss-1: 0.03761471754047114 | rd_loss-2: 0.021433788792321766 |  
2024-06-14 23:51:26,562 - root - INFO - [testing at epoch-29]
2024-06-14 23:51:26,562 - root - INFO - {'precision': array([0.04687511, 0.02405538]), 'recall': array([0.16548934, 0.42294564]), 'ndcg': array([0.1759357 , 0.30635608]), 'auc': array([0.])}
2024-06-14 23:51:26,563 - root - INFO - EPOCH[30/100] all_loss: 0.415 | bpr_loss:0.3236291590449098 | rd_loss:0.04348334809678826 | time cost---Sampling: 0.46s--| 
rd_loss-0: 0.07182947673414988 | rd_loss-1: 0.037291465261484566 | rd_loss-2: 0.02132909904287675 |  
2024-06-14 23:52:02,632 - root - INFO - [testing at epoch-30]
2024-06-14 23:52:02,632 - root - INFO - {'precision': array([0.04688236, 0.02402983]), 'recall': array([0.16551087, 0.42235578]), 'ndcg': array([0.17612869, 0.30632701]), 'auc': array([0.])}
2024-06-14 23:52:02,633 - root - INFO - EPOCH[31/100] all_loss: 0.412 | bpr_loss:0.3208018723799258 | rd_loss:0.04303784669827884 | time cost---Sampling: 0.47s--| 
rd_loss-0: 0.07099753200786675 | rd_loss-1: 0.03692823293893589 | rd_loss-2: 0.021187771450389515 |  
2024-06-14 23:52:38,154 - root - INFO - [testing at epoch-31]
2024-06-14 23:52:38,154 - root - INFO - {'precision': array([0.04684703, 0.02402421]), 'recall': array([0.16533506, 0.42233434]), 'ndcg': array([0.17569227, 0.3058883 ]), 'auc': array([0.])}
2024-06-14 23:52:38,155 - root - INFO - EPOCH[32/100] all_loss: 0.409 | bpr_loss:0.317896227005019 | rd_loss:0.0426702861620566 | time cost---Sampling: 0.48s--| 
rd_loss-0: 0.07027238236951032 | rd_loss-1: 0.03663510666790389 | rd_loss-2: 0.02110336568199637 |  
2024-06-14 23:53:14,307 - root - INFO - [testing at epoch-32]
2024-06-14 23:53:14,307 - root - INFO - {'precision': array([0.04693854, 0.02404088]), 'recall': array([0.16570616, 0.4225931 ]), 'ndcg': array([0.17609073, 0.30616237]), 'auc': array([0.])}
2024-06-14 23:53:14,308 - root - INFO - EPOCH[33/100] all_loss: 0.406 | bpr_loss:0.31470686495857025 | rd_loss:0.042227668255733423 | time cost---Sampling: 0.47s--| 
rd_loss-0: 0.06946318646364176 | rd_loss-1: 0.03628706961096107 | rd_loss-2: 0.020932745406186427 |  
2024-06-14 23:53:49,759 - root - INFO - [testing at epoch-33]
2024-06-14 23:53:49,759 - root - INFO - {'precision': array([0.04688508, 0.02404414]), 'recall': array([0.165462  , 0.42256572]), 'ndcg': array([0.17585034, 0.30604922]), 'auc': array([0.])}
2024-06-14 23:53:49,760 - root - INFO - EPOCH[34/100] all_loss: 0.403 | bpr_loss:0.3119984431700273 | rd_loss:0.041850783082903645 | time cost---Sampling: 0.48s--| 
rd_loss-0: 0.0687402937568185 | rd_loss-1: 0.03598065482856834 | rd_loss-2: 0.020831396827450048 |  
2024-06-14 23:54:25,522 - root - INFO - [testing at epoch-34]
2024-06-14 23:54:25,522 - root - INFO - {'precision': array([0.04687058, 0.02402475]), 'recall': array([0.16541449, 0.42235796]), 'ndcg': array([0.17572006, 0.30576599]), 'auc': array([0.])}
2024-06-14 23:54:25,523 - root - INFO - EPOCH[35/100] all_loss: 0.400 | bpr_loss:0.30875772353890657 | rd_loss:0.041440035346100634 | time cost---Sampling: 0.54s--| 
rd_loss-0: 0.06797758607342425 | rd_loss-1: 0.03565785258400197 | rd_loss-2: 0.020684663710877273 |  
2024-06-14 23:55:01,584 - root - INFO - [testing at epoch-35]
2024-06-14 23:55:01,584 - root - INFO - {'precision': array([0.04684431, 0.02403109]), 'recall': array([0.16532835, 0.42236236]), 'ndcg': array([0.17568132, 0.30597404]), 'auc': array([0.])}
2024-06-14 23:55:01,585 - root - INFO - EPOCH[36/100] all_loss: 0.397 | bpr_loss:0.30636520459833305 | rd_loss:0.04106437208231172 | time cost---Sampling: 0.46s--| 
rd_loss-0: 0.06725544367738912 | rd_loss-1: 0.035364070267922806 | rd_loss-2: 0.020573598901172736 |  
2024-06-14 23:55:36,783 - root - INFO - [testing at epoch-36]
2024-06-14 23:55:36,783 - root - INFO - {'precision': array([0.04684974, 0.02401624]), 'recall': array([0.16540095, 0.4220851 ]), 'ndcg': array([0.17580987, 0.30600814]), 'auc': array([0.])}
2024-06-14 23:55:36,784 - root - INFO - EPOCH[37/100] all_loss: 0.394 | bpr_loss:0.30379242827365927 | rd_loss:0.04072716018679191 | time cost---Sampling: 0.48s--| 
rd_loss-0: 0.06659356915220922 | rd_loss-1: 0.035106176963155475 | rd_loss-2: 0.02048173076464537 |  
2024-06-14 23:56:12,178 - root - INFO - [testing at epoch-37]
2024-06-14 23:56:12,178 - root - INFO - {'precision': array([0.0469177, 0.0239925]), 'recall': array([0.16559769, 0.42168379]), 'ndcg': array([0.17613048, 0.3060175 ]), 'auc': array([0.])}
2024-06-14 23:56:12,179 - root - INFO - EPOCH[38/100] all_loss: 0.391 | bpr_loss:0.30093246742613017 | rd_loss:0.040367179448286106 | time cost---Sampling: 0.49s--| 
rd_loss-0: 0.06590955520605112 | rd_loss-1: 0.03482413676900855 | rd_loss-2: 0.02036784272744616 |  
2024-06-14 23:56:48,397 - root - INFO - [testing at epoch-38]
2024-06-14 23:56:48,398 - root - INFO - {'precision': array([0.0469032 , 0.02398144]), 'recall': array([0.16553887, 0.42140721]), 'ndcg': array([0.17585974, 0.30564726]), 'auc': array([0.])}
2024-06-14 23:56:48,398 - root - INFO - EPOCH[39/100] all_loss: 0.389 | bpr_loss:0.29818422774436965 | rd_loss:0.04003676135569866 | time cost---Sampling: 0.47s--| 
rd_loss-0: 0.06525543227045345 | rd_loss-1: 0.034578629225105434 | rd_loss-2: 0.02027621886698125 |  
2024-06-14 23:57:24,541 - root - INFO - [testing at epoch-39]
2024-06-14 23:57:24,542 - root - INFO - {'precision': array([0.04681532, 0.02399612]), 'recall': array([0.16516688, 0.42169972]), 'ndcg': array([0.17563713, 0.30567416]), 'auc': array([0.])}
2024-06-14 23:57:24,542 - root - INFO - EPOCH[40/100] all_loss: 0.386 | bpr_loss:0.29595115283203477 | rd_loss:0.03969527286147363 | time cost---Sampling: 0.49s--| 
rd_loss-0: 0.0645823992636739 | rd_loss-1: 0.03432763514414789 | rd_loss-2: 0.020175780841807708 |  
2024-06-14 23:58:00,247 - root - INFO - [testing at epoch-40]
2024-06-14 23:58:00,247 - root - INFO - {'precision': array([0.04686152, 0.02396604]), 'recall': array([0.16534719, 0.42122748]), 'ndcg': array([0.17594703, 0.30571013]), 'auc': array([0.])}
2024-06-14 23:58:00,248 - root - INFO - EPOCH[41/100] all_loss: 0.384 | bpr_loss:0.293746084085422 | rd_loss:0.03935895322481644 | time cost---Sampling: 0.47s--| 
rd_loss-0: 0.06392543921195289 | rd_loss-1: 0.03407202542851055 | rd_loss-2: 0.02007939150221715 |  
2024-06-14 23:58:36,411 - root - INFO - [testing at epoch-41]
2024-06-14 23:58:36,411 - root - INFO - {'precision': array([0.04675642, 0.02397583]), 'recall': array([0.16498282, 0.42136725]), 'ndcg': array([0.17570235, 0.30575866]), 'auc': array([0.])}
2024-06-14 23:58:36,412 - root - INFO - EPOCH[42/100] all_loss: 0.382 | bpr_loss:0.29146541729707665 | rd_loss:0.03908123334451598 | time cost---Sampling: 0.51s--| 
rd_loss-0: 0.06333471729605007 | rd_loss-1: 0.03389730647980393 | rd_loss-2: 0.020011672539315108 |  
2024-06-14 23:59:12,268 - root - INFO - [testing at epoch-42]
2024-06-14 23:59:12,268 - root - INFO - {'precision': array([0.04677364, 0.02395118]), 'recall': array([0.16505163, 0.42088389]), 'ndcg': array([0.17563133, 0.30555191]), 'auc': array([0.])}
2024-06-14 23:59:12,269 - root - INFO - EPOCH[43/100] all_loss: 0.379 | bpr_loss:0.28891023462690096 | rd_loss:0.038777908127139805 | time cost---Sampling: 0.50s--| 
rd_loss-0: 0.0627353681192659 | rd_loss-1: 0.033667439232011896 | rd_loss-2: 0.019930913356687452 |  
2024-06-14 23:59:49,781 - root - INFO - [testing at epoch-43]
2024-06-14 23:59:49,781 - root - INFO - {'precision': array([0.04676367, 0.02396477]), 'recall': array([0.16500619, 0.42113499]), 'ndcg': array([0.17549661, 0.30543821]), 'auc': array([0.])}
2024-06-14 23:59:49,782 - root - INFO - EPOCH[44/100] all_loss: 0.377 | bpr_loss:0.2870546763482917 | rd_loss:0.03854751512270027 | time cost---Sampling: 0.48s--| 
rd_loss-0: 0.062189230049143035 | rd_loss-1: 0.033516615062454416 | rd_loss-2: 0.019936696448275244 |  
2024-06-15 00:00:26,860 - root - INFO - [testing at epoch-44]
2024-06-15 00:00:26,861 - root - INFO - {'precision': array([0.04674646, 0.02393995]), 'recall': array([0.16497083, 0.42060387]), 'ndcg': array([0.17528566, 0.30522111]), 'auc': array([0.])}
2024-06-15 00:00:26,861 - root - INFO - EPOCH[45/100] all_loss: 0.374 | bpr_loss:0.28439876791055213 | rd_loss:0.03820331590958562 | time cost---Sampling: 0.53s--| 
rd_loss-0: 0.0615469329059124 | rd_loss-1: 0.03326078225791122 | rd_loss-2: 0.019802228718691944 |  
2024-06-15 00:01:03,014 - root - INFO - [testing at epoch-45]
2024-06-15 00:01:03,014 - root - INFO - {'precision': array([0.04684159, 0.02394575]), 'recall': array([0.16527335, 0.42083264]), 'ndcg': array([0.17561866, 0.30535673]), 'auc': array([0.])}
2024-06-15 00:01:03,015 - root - INFO - EPOCH[46/100] all_loss: 0.372 | bpr_loss:0.28241501966964777 | rd_loss:0.03792779223651302 | time cost---Sampling: 0.51s--| 
rd_loss-0: 0.061024228957566345 | rd_loss-1: 0.033054135954059344 | rd_loss-2: 0.019705007989685257 |  
2024-06-15 00:01:39,203 - root - INFO - [testing at epoch-46]
2024-06-15 00:01:39,203 - root - INFO - {'precision': array([0.04687693, 0.02394629]), 'recall': array([0.16533233, 0.42075568]), 'ndcg': array([0.17583703, 0.30547366]), 'auc': array([0.])}
2024-06-15 00:01:39,204 - root - INFO - EPOCH[47/100] all_loss: 0.370 | bpr_loss:0.27998248909311524 | rd_loss:0.037647560501474615 | time cost---Sampling: 0.57s--| 
rd_loss-0: 0.06043055050890609 | rd_loss-1: 0.032870004198933794 | rd_loss-2: 0.019642123289005435 |  
2024-06-15 00:02:16,771 - root - INFO - [testing at epoch-47]
2024-06-15 00:02:16,771 - root - INFO - {'precision': array([0.04687964, 0.02389863]), 'recall': array([0.16531197, 0.41991358]), 'ndcg': array([0.17576338, 0.30495476]), 'auc': array([0.])}
2024-06-15 00:02:16,772 - root - INFO - EPOCH[48/100] all_loss: 0.367 | bpr_loss:0.2773418176594382 | rd_loss:0.03739053366882018 | time cost---Sampling: 0.50s--| 
rd_loss-0: 0.05993801643570854 | rd_loss-1: 0.03266345001135111 | rd_loss-2: 0.01957013094815009 |  
2024-06-15 00:02:52,827 - root - INFO - [testing at epoch-48]
2024-06-15 00:02:52,827 - root - INFO - {'precision': array([0.04682347, 0.02393904]), 'recall': array([0.1651192 , 0.42062154]), 'ndcg': array([0.17541405, 0.30495687]), 'auc': array([0.])}
2024-06-15 00:02:52,828 - root - INFO - EPOCH[49/100] all_loss: 0.365 | bpr_loss:0.2753589967739162 | rd_loss:0.03705636589530448 | time cost---Sampling: 0.49s--| 
rd_loss-0: 0.05932277142448637 | rd_loss-1: 0.0324163062840092 | rd_loss-2: 0.019430016338521122 |  
2024-06-15 00:03:34,613 - root - INFO - [testing at epoch-49]
2024-06-15 00:03:34,614 - root - INFO - {'precision': array([0.04689052, 0.02392908]), 'recall': array([0.16535483, 0.4204077 ]), 'ndcg': array([0.17558155, 0.30499137]), 'auc': array([0.])}
2024-06-15 00:03:34,614 - root - INFO - EPOCH[50/100] all_loss: 0.363 | bpr_loss:0.2731549234469879 | rd_loss:0.03677988320533774 | time cost---Sampling: 0.54s--| 
rd_loss-0: 0.05879424538649964 | rd_loss-1: 0.032214308250868254 | rd_loss-2: 0.01933109210130235 |  
2024-06-15 00:04:25,580 - root - INFO - [testing at epoch-50]
2024-06-15 00:04:25,580 - root - INFO - {'precision': array([0.04685609, 0.02389265]), 'recall': array([0.16529218, 0.41974121]), 'ndcg': array([0.17598035, 0.30498582]), 'auc': array([0.])}
2024-06-15 00:04:25,581 - root - INFO - EPOCH[51/100] all_loss: 0.361 | bpr_loss:0.2711581587791443 | rd_loss:0.03653692373235283 | time cost---Sampling: 0.47s--| 
rd_loss-0: 0.058292612578574717 | rd_loss-1: 0.03204964884731345 | rd_loss-2: 0.019268506201388442 |  
2024-06-15 00:05:16,316 - root - INFO - [testing at epoch-51]
2024-06-15 00:05:16,316 - root - INFO - {'precision': array([0.04678179, 0.02388994]), 'recall': array([0.16500865, 0.41969317]), 'ndcg': array([0.17558798, 0.30483553]), 'auc': array([0.])}
2024-06-15 00:05:16,317 - root - INFO - EPOCH[52/100] all_loss: 0.358 | bpr_loss:0.26882854883657537 | rd_loss:0.03628877097661287 | time cost---Sampling: 0.55s--| 
rd_loss-0: 0.0577956698420207 | rd_loss-1: 0.031879275104165744 | rd_loss-2: 0.019191364133955155 |  
2024-06-15 00:06:07,960 - root - INFO - [testing at epoch-52]
2024-06-15 00:06:07,960 - root - INFO - {'precision': array([0.04674012, 0.02389139]), 'recall': array([0.16486345, 0.41970119]), 'ndcg': array([0.17555568, 0.30484055]), 'auc': array([0.])}
2024-06-15 00:06:07,961 - root - INFO - EPOCH[53/100] all_loss: 0.357 | bpr_loss:0.2673596216431354 | rd_loss:0.03607531422006177 | time cost---Sampling: 0.56s--| 
rd_loss-0: 0.05734597320680494 | rd_loss-1: 0.03173842995059512 | rd_loss-2: 0.019141535494124073 |  
2024-06-15 00:06:58,157 - root - INFO - [testing at epoch-53]
2024-06-15 00:06:58,157 - root - INFO - {'precision': array([0.04663592, 0.02385605]), 'recall': array([0.1644903 , 0.41906436]), 'ndcg': array([0.17500589, 0.30432575]), 'auc': array([0.])}
2024-06-15 00:06:58,158 - root - INFO - EPOCH[54/100] all_loss: 0.355 | bpr_loss:0.26546143274581496 | rd_loss:0.0358564569744418 | time cost---Sampling: 0.53s--| 
rd_loss-0: 0.05686384541758359 | rd_loss-1: 0.0315867302721584 | rd_loss-2: 0.019118791535939046 |  
2024-06-15 00:07:49,466 - root - INFO - [testing at epoch-54]
2024-06-15 00:07:49,466 - root - INFO - {'precision': array([0.04665132, 0.0238459 ]), 'recall': array([0.16449485, 0.41890836]), 'ndcg': array([0.17511747, 0.30439043]), 'auc': array([0.])}
2024-06-15 00:07:49,467 - root - INFO - EPOCH[55/100] all_loss: 0.352 | bpr_loss:0.26309704788872396 | rd_loss:0.03563730238983494 | time cost---Sampling: 0.55s--| 
rd_loss-0: 0.056409145053994456 | rd_loss-1: 0.0314319615627264 | rd_loss-2: 0.01907079727328443 |  
2024-06-15 00:08:39,967 - root - INFO - [testing at epoch-55]
2024-06-15 00:08:39,967 - root - INFO - {'precision': array([0.04667216, 0.02382869]), 'recall': array([0.16454102, 0.41864558]), 'ndcg': array([0.1756071 , 0.30466515]), 'auc': array([0.])}
2024-06-15 00:08:39,968 - root - INFO - EPOCH[56/100] all_loss: 0.351 | bpr_loss:0.2616585824562579 | rd_loss:0.03538555866850329 | time cost---Sampling: 0.74s--| 
rd_loss-0: 0.05594865094476374 | rd_loss-1: 0.031243576120467707 | rd_loss-2: 0.018964445166607734 |  
2024-06-15 00:09:30,894 - root - INFO - [testing at epoch-56]
2024-06-15 00:09:30,894 - root - INFO - {'precision': array([0.04668575, 0.02383811]), 'recall': array([0.16469408, 0.41883216]), 'ndcg': array([0.17527567, 0.30424868]), 'auc': array([0.])}
2024-06-15 00:09:30,895 - root - INFO - EPOCH[57/100] all_loss: 0.349 | bpr_loss:0.26016044757693507 | rd_loss:0.03516144210089116 | time cost---Sampling: 0.51s--| 
rd_loss-0: 0.05548990226190033 | rd_loss-1: 0.031092203189385624 | rd_loss-2: 0.018902217136464446 |  
2024-06-15 00:10:23,214 - root - INFO - [testing at epoch-57]
2024-06-15 00:10:23,214 - root - INFO - {'precision': array([0.04671565, 0.02381908]), 'recall': array([0.16468239, 0.41843568]), 'ndcg': array([0.17552986, 0.30447919]), 'auc': array([0.])}
2024-06-15 00:10:23,215 - root - INFO - EPOCH[58/100] all_loss: 0.347 | bpr_loss:0.25813736494264267 | rd_loss:0.0349486550672156 | time cost---Sampling: 0.49s--| 
rd_loss-0: 0.05507735413860301 | rd_loss-1: 0.03094723788202362 | rd_loss-2: 0.01882136931750018 |  
2024-06-15 00:11:16,237 - root - INFO - [testing at epoch-58]
2024-06-15 00:11:16,237 - root - INFO - {'precision': array([0.04675189, 0.02380984]), 'recall': array([0.164826  , 0.41842893]), 'ndcg': array([0.17552053, 0.30432813]), 'auc': array([0.])}
2024-06-15 00:11:16,239 - root - INFO - EPOCH[59/100] all_loss: 0.346 | bpr_loss:0.2570411934481039 | rd_loss:0.034783213017491106 | time cost---Sampling: 0.55s--| 
rd_loss-0: 0.0547252467838643 | rd_loss-1: 0.030829113999689222 | rd_loss-2: 0.018795274453780205 |  
2024-06-15 00:12:08,325 - root - INFO - [testing at epoch-59]
2024-06-15 00:12:08,326 - root - INFO - {'precision': array([0.04671112, 0.02379353]), 'recall': array([0.16463754, 0.41792841]), 'ndcg': array([0.17525401, 0.30398284]), 'auc': array([0.])}
2024-06-15 00:12:08,326 - root - INFO - EPOCH[60/100] all_loss: 0.344 | bpr_loss:0.25442507196777603 | rd_loss:0.03459628989336 | time cost---Sampling: 0.53s--| 
rd_loss-0: 0.054288197488477366 | rd_loss-1: 0.030710572805359323 | rd_loss-2: 0.018790095757713787 |  
2024-06-15 00:13:02,131 - root - INFO - [testing at epoch-60]
2024-06-15 00:13:02,132 - root - INFO - {'precision': array([0.04660602, 0.02377958]), 'recall': array([0.16423682, 0.41766883]), 'ndcg': array([0.17530513, 0.30414351]), 'auc': array([0.])}
2024-06-15 00:13:02,133 - root - INFO - EPOCH[61/100] all_loss: 0.343 | bpr_loss:0.2532794597474011 | rd_loss:0.034366401295991465 | time cost---Sampling: 0.45s--| 
rd_loss-0: 0.05384617599491064 | rd_loss-1: 0.03053870623333445 | rd_loss-2: 0.01871431787223564 |  
2024-06-15 00:13:55,524 - root - INFO - [testing at epoch-61]
2024-06-15 00:13:55,524 - root - INFO - {'precision': array([0.04667669, 0.02378447]), 'recall': array([0.16446318, 0.41778745]), 'ndcg': array([0.17545533, 0.30417639]), 'auc': array([0.])}
2024-06-15 00:13:55,525 - root - INFO - EPOCH[62/100] all_loss: 0.341 | bpr_loss:0.2514201005944958 | rd_loss:0.034193368673545756 | time cost---Sampling: 0.74s--| 
rd_loss-0: 0.05346100120105416 | rd_loss-1: 0.03043056935666333 | rd_loss-2: 0.018688532107393904 |  
2024-06-15 00:14:48,692 - root - INFO - [testing at epoch-62]
2024-06-15 00:14:48,693 - root - INFO - {'precision': array([0.04661418, 0.02373609]), 'recall': array([0.1644655 , 0.41699725]), 'ndcg': array([0.17525405, 0.30370271]), 'auc': array([0.])}
2024-06-15 00:14:48,693 - root - INFO - EPOCH[63/100] all_loss: 0.338 | bpr_loss:0.24925646409807045 | rd_loss:0.03396376855464061 | time cost---Sampling: 0.52s--| 
rd_loss-0: 0.05304054392014452 | rd_loss-1: 0.030271724754588503 | rd_loss-2: 0.01857903337102653 |  
2024-06-15 00:15:41,921 - root - INFO - [testing at epoch-63]
2024-06-15 00:15:41,921 - root - INFO - {'precision': array([0.04656616, 0.02375367]), 'recall': array([0.16420546, 0.4172101 ]), 'ndcg': array([0.17494542, 0.30373694]), 'auc': array([0.])}
2024-06-15 00:15:41,922 - root - INFO - EPOCH[64/100] all_loss: 0.338 | bpr_loss:0.24836484822470536 | rd_loss:0.03379098505666393 | time cost---Sampling: 0.51s--| 
rd_loss-0: 0.05268351134458809 | rd_loss-1: 0.030155731213031983 | rd_loss-2: 0.01853370886980271 |  
2024-06-15 00:16:35,574 - root - INFO - [testing at epoch-64]
2024-06-15 00:16:35,574 - root - INFO - {'precision': array([0.04657069, 0.02373736]), 'recall': array([0.1642822 , 0.41695976]), 'ndcg': array([0.17510045, 0.30362873]), 'auc': array([0.])}
2024-06-15 00:16:35,575 - root - INFO - EPOCH[65/100] all_loss: 0.336 | bpr_loss:0.24665467919356748 | rd_loss:0.033610234289310856 | time cost---Sampling: 0.53s--| 
rd_loss-0: 0.05231310013882083 | rd_loss-1: 0.030021868597764474 | rd_loss-2: 0.01849573020216817 |  
2024-06-15 00:17:29,122 - root - INFO - [testing at epoch-65]
2024-06-15 00:17:29,123 - root - INFO - {'precision': array([0.04651633, 0.02373066]), 'recall': array([0.16395754, 0.41689395]), 'ndcg': array([0.17481857, 0.3034475 ]), 'auc': array([0.])}
2024-06-15 00:17:29,123 - root - INFO - EPOCH[66/100] all_loss: 0.334 | bpr_loss:0.24466136905169442 | rd_loss:0.033398762518101144 | time cost---Sampling: 0.55s--| 
rd_loss-0: 0.05191548624126058 | rd_loss-1: 0.02987102211447837 | rd_loss-2: 0.018409775207182028 |  
2024-06-15 00:18:22,980 - root - INFO - [testing at epoch-66]
2024-06-15 00:18:22,980 - root - INFO - {'precision': array([0.04649911, 0.02371942]), 'recall': array([0.16391258, 0.41667953]), 'ndcg': array([0.17467887, 0.3032819 ]), 'auc': array([0.])}
2024-06-15 00:18:22,981 - root - INFO - EPOCH[67/100] all_loss: 0.333 | bpr_loss:0.2435954280874946 | rd_loss:0.03321088719179988 | time cost---Sampling: 0.51s--| 
rd_loss-0: 0.05155353707733092 | rd_loss-1: 0.029740425082466156 | rd_loss-2: 0.018338695261800222 |  
2024-06-15 00:19:17,790 - root - INFO - [testing at epoch-67]
2024-06-15 00:19:17,790 - root - INFO - {'precision': array([0.0464828 , 0.02367919]), 'recall': array([0.16387234, 0.41602113]), 'ndcg': array([0.17484991, 0.30329055]), 'auc': array([0.])}
2024-06-15 00:19:17,791 - root - INFO - EPOCH[68/100] all_loss: 0.330 | bpr_loss:0.2414118468429693 | rd_loss:0.03302088663921949 | time cost---Sampling: 0.58s--| 
rd_loss-0: 0.051204750552801125 | rd_loss-1: 0.02959629768550617 | rd_loss-2: 0.01826160813030374 |  
2024-06-15 00:20:12,984 - root - INFO - [testing at epoch-68]
2024-06-15 00:20:12,984 - root - INFO - {'precision': array([0.04637408, 0.02367865]), 'recall': array([0.16349133, 0.41588674]), 'ndcg': array([0.1742516 , 0.30277129]), 'auc': array([0.])}
2024-06-15 00:20:12,985 - root - INFO - EPOCH[69/100] all_loss: 0.330 | bpr_loss:0.24055363013925712 | rd_loss:0.0328625588295964 | time cost---Sampling: 0.53s--| 
rd_loss-0: 0.050881514958138814 | rd_loss-1: 0.029495999576430596 | rd_loss-2: 0.018210158384437906 |  
2024-06-15 00:21:07,928 - root - INFO - [testing at epoch-69]
2024-06-15 00:21:07,928 - root - INFO - {'precision': array([0.04641757, 0.02367412]), 'recall': array([0.16374477, 0.41582208]), 'ndcg': array([0.17424498, 0.30260801]), 'auc': array([0.])}
2024-06-15 00:21:07,929 - root - INFO - EPOCH[70/100] all_loss: 0.328 | bpr_loss:0.2394034525790772 | rd_loss:0.03271025475218256 | time cost---Sampling: 0.72s--| 
rd_loss-0: 0.050564597594052386 | rd_loss-1: 0.029393857009777997 | rd_loss-2: 0.018172306013820565 |  
2024-06-15 00:22:02,839 - root - INFO - [testing at epoch-70]
2024-06-15 00:22:02,840 - root - INFO - {'precision': array([0.04627804, 0.02366089]), 'recall': array([0.16317607, 0.41555965]), 'ndcg': array([0.17408239, 0.30283223]), 'auc': array([0.])}
2024-06-15 00:22:02,840 - root - INFO - EPOCH[71/100] all_loss: 0.327 | bpr_loss:0.23769992515306526 | rd_loss:0.032563964855306 | time cost---Sampling: 0.53s--| 
rd_loss-0: 0.0502674546168775 | rd_loss-1: 0.02928182073559522 | rd_loss-2: 0.01814261560219449 |  
