2024-05-23 14:53:49,159 - root - INFO - Namespace(R=100, bpr_neg_num=4, compute_rank=1, dataset='gowalla', dim=256, epoch=20, eps=1e-20, layers=2, lmd2=0.1, lr=0.001, model='bgr', neg_ratio=36, norm_a=1.0, save_embed=1, seed=2021, tensorboard=True, test_batch=100, test_file='test.txt', topks=[20, 100], train_batch=2048, train_file='train.txt', weight=5e-05)
2024-05-23 14:54:17,607 - root - INFO - [testing at epoch-0]
2024-05-23 14:54:17,607 - root - INFO - {'precision': array([0.0407395 , 0.01839574]), 'recall': array([0.13202632, 0.29150833]), 'ndcg': array([0.19974039, 0.28978194]), 'auc': array([0.])}
2024-05-23 14:54:17,607 - root - INFO - EPOCH[1/20] all_loss: 1.554 | time cost---Sampling: 2.37s--| 
2024-05-23 14:54:17,608 - root - INFO - Summary at recall = 0.13202631863133577
2024-05-23 14:54:46,396 - root - INFO - [testing at epoch-1]
2024-05-23 14:54:46,396 - root - INFO - {'precision': array([0.04555563, 0.02025789]), 'recall': array([0.14815919, 0.32077694]), 'ndcg': array([0.21594222, 0.31047185]), 'auc': array([0.])}
2024-05-23 14:54:46,397 - root - INFO - EPOCH[2/20] all_loss: 1.341 | time cost---Sampling: 2.35s--| 
2024-05-23 14:54:46,397 - root - INFO - Summary at recall = 0.14815919336741712
2024-05-23 14:55:15,236 - root - INFO - [testing at epoch-2]
2024-05-23 14:55:15,236 - root - INFO - {'precision': array([0.04886965, 0.02146828]), 'recall': array([0.15943194, 0.34006767]), 'ndcg': array([0.22639889, 0.32352533]), 'auc': array([0.])}
2024-05-23 14:55:15,237 - root - INFO - EPOCH[3/20] all_loss: 1.203 | time cost---Sampling: 2.37s--| 
2024-05-23 14:55:15,237 - root - INFO - Summary at recall = 0.159431944609002
2024-05-23 14:55:43,968 - root - INFO - [testing at epoch-3]
2024-05-23 14:55:43,968 - root - INFO - {'precision': array([0.05118394, 0.02235984]), 'recall': array([0.16716826, 0.35444803]), 'ndcg': array([0.2334859 , 0.33280659]), 'auc': array([0.])}
2024-05-23 14:55:43,969 - root - INFO - EPOCH[4/20] all_loss: 1.098 | time cost---Sampling: 2.39s--| 
2024-05-23 14:55:43,969 - root - INFO - Summary at recall = 0.16716826461595866
2024-05-23 14:56:12,832 - root - INFO - [testing at epoch-4]
2024-05-23 14:56:12,833 - root - INFO - {'precision': array([0.0528602 , 0.02302097]), 'recall': array([0.17301006, 0.36460572]), 'ndcg': array([0.23830855, 0.33890488]), 'auc': array([0.])}
2024-05-23 14:56:12,833 - root - INFO - EPOCH[5/20] all_loss: 1.003 | time cost---Sampling: 2.39s--| 
2024-05-23 14:56:12,833 - root - INFO - Summary at recall = 0.17301006201803107
2024-05-23 14:56:41,579 - root - INFO - [testing at epoch-5]
2024-05-23 14:56:41,580 - root - INFO - {'precision': array([0.05427691, 0.02350559]), 'recall': array([0.17763479, 0.37201658]), 'ndcg': array([0.24192926, 0.3432791 ]), 'auc': array([0.])}
2024-05-23 14:56:41,580 - root - INFO - EPOCH[6/20] all_loss: 0.917 | time cost---Sampling: 2.38s--| 
2024-05-23 14:56:41,581 - root - INFO - Summary at recall = 0.1776347901668833
2024-05-23 14:57:10,346 - root - INFO - [testing at epoch-6]
2024-05-23 14:57:10,346 - root - INFO - {'precision': array([0.05505895, 0.02386463]), 'recall': array([0.18033477, 0.37728492]), 'ndcg': array([0.24383675, 0.34635227]), 'auc': array([0.])}
2024-05-23 14:57:10,347 - root - INFO - EPOCH[7/20] all_loss: 0.838 | time cost---Sampling: 2.37s--| 
2024-05-23 14:57:10,347 - root - INFO - Summary at recall = 0.18033477013812674
2024-05-23 14:57:40,226 - root - INFO - [testing at epoch-7]
2024-05-23 14:57:40,227 - root - INFO - {'precision': array([0.05587112, 0.02411682]), 'recall': array([0.18281583, 0.38128517]), 'ndcg': array([0.2456326 , 0.34852312]), 'auc': array([0.])}
2024-05-23 14:57:40,228 - root - INFO - EPOCH[8/20] all_loss: 0.769 | time cost---Sampling: 2.65s--| 
2024-05-23 14:57:40,228 - root - INFO - Summary at recall = 0.18281583456882308
2024-05-23 14:58:10,286 - root - INFO - [testing at epoch-8]
2024-05-23 14:58:10,286 - root - INFO - {'precision': array([0.05634838, 0.02425883]), 'recall': array([0.18463004, 0.3828786 ]), 'ndcg': array([0.24676604, 0.34971986]), 'auc': array([0.])}
2024-05-23 14:58:10,287 - root - INFO - EPOCH[9/20] all_loss: 0.703 | time cost---Sampling: 2.69s--| 
2024-05-23 14:58:10,287 - root - INFO - Summary at recall = 0.18463003855672053
2024-05-23 14:58:39,466 - root - INFO - [testing at epoch-9]
2024-05-23 14:58:39,466 - root - INFO - {'precision': array([0.0567955 , 0.02437605]), 'recall': array([0.18579981, 0.38409156]), 'ndcg': array([0.24767914, 0.35064093]), 'auc': array([0.])}
2024-05-23 14:58:39,467 - root - INFO - EPOCH[10/20] all_loss: 0.647 | time cost---Sampling: 2.67s--| 
2024-05-23 14:58:39,467 - root - INFO - Summary at recall = 0.18579981464948125
2024-05-23 14:59:09,184 - root - INFO - [testing at epoch-10]
2024-05-23 14:59:09,184 - root - INFO - {'precision': array([0.05708018, 0.02441724]), 'recall': array([0.18649614, 0.38423582]), 'ndcg': array([0.24809354, 0.35086741]), 'auc': array([0.])}
2024-05-23 14:59:09,185 - root - INFO - EPOCH[11/20] all_loss: 0.597 | time cost---Sampling: 2.55s--| 
2024-05-23 14:59:09,185 - root - INFO - Summary at recall = 0.18649613742121188
2024-05-23 14:59:39,241 - root - INFO - [testing at epoch-11]
2024-05-23 14:59:39,241 - root - INFO - {'precision': array([0.05735146, 0.02445341]), 'recall': array([0.18685987, 0.38399126]), 'ndcg': array([0.2486731 , 0.35117887]), 'auc': array([0.])}
2024-05-23 14:59:39,242 - root - INFO - EPOCH[12/20] all_loss: 0.552 | time cost---Sampling: 2.70s--| 
2024-05-23 14:59:39,242 - root - INFO - Summary at recall = 0.18685987118868638
2024-05-23 15:00:08,531 - root - INFO - [testing at epoch-12]
2024-05-23 15:00:08,531 - root - INFO - {'precision': array([0.05762107, 0.0244658 ]), 'recall': array([0.18750308, 0.383668  ]), 'ndcg': array([0.24891959, 0.35097287]), 'auc': array([0.])}
2024-05-23 15:00:08,532 - root - INFO - EPOCH[13/20] all_loss: 0.513 | time cost---Sampling: 2.75s--| 
2024-05-23 15:00:08,532 - root - INFO - Summary at recall = 0.1875030812662089
2024-05-23 15:00:37,295 - root - INFO - [testing at epoch-13]
2024-05-23 15:00:37,295 - root - INFO - {'precision': array([0.0575993 , 0.02445576]), 'recall': array([0.18730655, 0.38289885]), 'ndcg': array([0.24821436, 0.35023835]), 'auc': array([0.])}
2024-05-23 15:00:37,296 - root - INFO - EPOCH[14/20] all_loss: 0.477 | time cost---Sampling: 2.38s--| 
2024-05-23 15:01:05,739 - root - INFO - [testing at epoch-14]
2024-05-23 15:01:05,739 - root - INFO - {'precision': array([0.05750553, 0.02442227]), 'recall': array([0.18671368, 0.38175295]), 'ndcg': array([0.2474802 , 0.34947582]), 'auc': array([0.])}
2024-05-23 15:01:05,740 - root - INFO - EPOCH[15/20] all_loss: 0.445 | time cost---Sampling: 2.37s--| 
2024-05-23 15:01:34,004 - root - INFO - [testing at epoch-15]
2024-05-23 15:01:34,004 - root - INFO - {'precision': array([0.05751557, 0.0243881 ]), 'recall': array([0.18665606, 0.38026747]), 'ndcg': array([0.24721079, 0.34869571]), 'auc': array([0.])}
2024-05-23 15:01:34,005 - root - INFO - EPOCH[16/20] all_loss: 0.417 | time cost---Sampling: 2.37s--| 
2024-05-23 15:02:02,130 - root - INFO - [testing at epoch-16]
2024-05-23 15:02:02,130 - root - INFO - {'precision': array([0.05738663, 0.02436231]), 'recall': array([0.18607108, 0.37941145]), 'ndcg': array([0.24671532, 0.34825149]), 'auc': array([0.])}
2024-05-23 15:02:02,131 - root - INFO - EPOCH[17/20] all_loss: 0.390 | time cost---Sampling: 2.36s--| 
2024-05-23 15:02:30,329 - root - INFO - [testing at epoch-17]
2024-05-23 15:02:30,330 - root - INFO - {'precision': array([0.05727276, 0.02425313]), 'recall': array([0.18508373, 0.37728078]), 'ndcg': array([0.24567871, 0.3469141 ]), 'auc': array([0.])}
2024-05-23 15:02:30,330 - root - INFO - EPOCH[18/20] all_loss: 0.367 | time cost---Sampling: 2.36s--| 
2024-05-23 15:02:58,512 - root - INFO - [testing at epoch-18]
2024-05-23 15:02:58,512 - root - INFO - {'precision': array([0.05712874, 0.02415634]), 'recall': array([0.18413565, 0.37521785]), 'ndcg': array([0.24473146, 0.34552803]), 'auc': array([0.])}
2024-05-23 15:02:58,513 - root - INFO - EPOCH[19/20] all_loss: 0.346 | time cost---Sampling: 2.36s--| 
2024-05-23 15:03:26,649 - root - INFO - [testing at epoch-19]
2024-05-23 15:03:26,650 - root - INFO - {'precision': array([0.05700147, 0.02407864]), 'recall': array([0.18356532, 0.37349423]), 'ndcg': array([0.24393319, 0.34439334]), 'auc': array([0.])}
2024-05-23 15:03:26,650 - root - INFO - EPOCH[20/20] all_loss: 0.326 | time cost---Sampling: 2.36s--| 
