2024-05-19 16:34:17,737 - root - INFO - Namespace(R=100, compute_rank=1, dataset='movie', dim=256, epoch=100, eps=1e-20, layers=2, lmd2=0.1, lr=0.001, model='bgr', neg_ratio=16, norm_a=1.0, save_embed=1, seed=2021, tensorboard=True, test_batch=100, test_file='test.txt', topks=[20, 100], train_batch=2048, train_file='train.txt', weight=0.0001)
2024-05-19 16:34:24,437 - root - INFO - [testing at epoch-0]
2024-05-19 16:34:24,437 - root - INFO - {'precision': array([0.10192881, 0.05209106]), 'recall': array([0.09028749, 0.21390863]), 'ndcg': array([0.25305205, 0.41915336]), 'auc': array([0.])}
2024-05-19 16:34:24,438 - root - INFO - EPOCH[1/100] all_loss: 0.698 | time cost---Sampling: 0.56s--| 
2024-05-19 16:34:24,438 - root - INFO - Summary at recall = 0.09028748568868504
2024-05-19 16:34:30,967 - root - INFO - [testing at epoch-1]
2024-05-19 16:34:30,967 - root - INFO - {'precision': array([0.21990894, 0.11625828]), 'recall': array([0.1851322 , 0.44101685]), 'ndcg': array([0.36820688, 0.58135623]), 'auc': array([0.])}
2024-05-19 16:34:30,968 - root - INFO - EPOCH[2/100] all_loss: 0.689 | time cost---Sampling: 0.56s--| 
2024-05-19 16:34:30,968 - root - INFO - Summary at recall = 0.1851321994093786
2024-05-19 16:34:37,671 - root - INFO - [testing at epoch-2]
2024-05-19 16:34:37,671 - root - INFO - {'precision': array([0.24535596, 0.12956954]), 'recall': array([0.20568604, 0.48101643]), 'ndcg': array([0.39660442, 0.60775347]), 'auc': array([0.])}
2024-05-19 16:34:37,672 - root - INFO - EPOCH[3/100] all_loss: 0.673 | time cost---Sampling: 0.56s--| 
2024-05-19 16:34:37,672 - root - INFO - Summary at recall = 0.20568603557189144
2024-05-19 16:34:44,350 - root - INFO - [testing at epoch-3]
2024-05-19 16:34:44,350 - root - INFO - {'precision': array([0.26062086, 0.13571523]), 'recall': array([0.22012121, 0.50383094]), 'ndcg': array([0.4140138 , 0.62325177]), 'auc': array([0.])}
2024-05-19 16:34:44,350 - root - INFO - EPOCH[4/100] all_loss: 0.651 | time cost---Sampling: 0.56s--| 
2024-05-19 16:34:44,350 - root - INFO - Summary at recall = 0.22012120694670814
2024-05-19 16:34:50,995 - root - INFO - [testing at epoch-4]
2024-05-19 16:34:50,995 - root - INFO - {'precision': array([0.2729553 , 0.13978146]), 'recall': array([0.23294506, 0.51892321]), 'ndcg': array([0.42968769, 0.63522827]), 'auc': array([0.])}
2024-05-19 16:34:50,995 - root - INFO - EPOCH[5/100] all_loss: 0.630 | time cost---Sampling: 0.56s--| 
2024-05-19 16:34:50,995 - root - INFO - Summary at recall = 0.23294505834977178
2024-05-19 16:34:57,654 - root - INFO - [testing at epoch-5]
2024-05-19 16:34:57,654 - root - INFO - {'precision': array([0.28115894, 0.14302152]), 'recall': array([0.24204046, 0.53153889]), 'ndcg': array([0.44025831, 0.64426703]), 'auc': array([0.])}
2024-05-19 16:34:57,654 - root - INFO - EPOCH[6/100] all_loss: 0.611 | time cost---Sampling: 0.56s--| 
2024-05-19 16:34:57,654 - root - INFO - Summary at recall = 0.24204045864626156
2024-05-19 16:35:04,326 - root - INFO - [testing at epoch-6]
2024-05-19 16:35:04,327 - root - INFO - {'precision': array([0.28804636, 0.14541887]), 'recall': array([0.24879827, 0.5399753 ]), 'ndcg': array([0.44907621, 0.65121073]), 'auc': array([0.])}
2024-05-19 16:35:04,327 - root - INFO - EPOCH[7/100] all_loss: 0.595 | time cost---Sampling: 0.57s--| 
2024-05-19 16:35:04,327 - root - INFO - Summary at recall = 0.2487982664456554
2024-05-19 16:35:11,009 - root - INFO - [testing at epoch-7]
2024-05-19 16:35:11,009 - root - INFO - {'precision': array([0.29240066, 0.14738907]), 'recall': array([0.25343393, 0.54628852]), 'ndcg': array([0.45445685, 0.65602303]), 'auc': array([0.])}
2024-05-19 16:35:11,010 - root - INFO - EPOCH[8/100] all_loss: 0.579 | time cost---Sampling: 0.58s--| 
2024-05-19 16:35:11,010 - root - INFO - Summary at recall = 0.25343393209325993
2024-05-19 16:35:17,704 - root - INFO - [testing at epoch-8]
2024-05-19 16:35:17,704 - root - INFO - {'precision': array([0.29615894, 0.14843046]), 'recall': array([0.25734081, 0.55029648]), 'ndcg': array([0.4590951 , 0.65942854]), 'auc': array([0.])}
2024-05-19 16:35:17,705 - root - INFO - EPOCH[9/100] all_loss: 0.564 | time cost---Sampling: 0.57s--| 
2024-05-19 16:35:17,705 - root - INFO - Summary at recall = 0.25734080546604854
2024-05-19 16:35:24,349 - root - INFO - [testing at epoch-9]
2024-05-19 16:35:24,349 - root - INFO - {'precision': array([0.29956126, 0.14955464]), 'recall': array([0.26060699, 0.5534473 ]), 'ndcg': array([0.46341951, 0.66237913]), 'auc': array([0.])}
2024-05-19 16:35:24,350 - root - INFO - EPOCH[10/100] all_loss: 0.550 | time cost---Sampling: 0.58s--| 
2024-05-19 16:35:24,350 - root - INFO - Summary at recall = 0.2606069913116888
2024-05-19 16:35:30,770 - root - INFO - [testing at epoch-10]
2024-05-19 16:35:30,770 - root - INFO - {'precision': array([0.30149834, 0.15050993]), 'recall': array([0.2619797 , 0.55610726]), 'ndcg': array([0.46593436, 0.66469169]), 'auc': array([0.])}
2024-05-19 16:35:30,771 - root - INFO - EPOCH[11/100] all_loss: 0.537 | time cost---Sampling: 0.56s--| 
2024-05-19 16:35:30,771 - root - INFO - Summary at recall = 0.26197970259198056
2024-05-19 16:35:37,429 - root - INFO - [testing at epoch-11]
2024-05-19 16:35:37,429 - root - INFO - {'precision': array([0.30350993, 0.1512351 ]), 'recall': array([0.26395843, 0.55749171]), 'ndcg': array([0.46738005, 0.66530934]), 'auc': array([0.])}
2024-05-19 16:35:37,430 - root - INFO - EPOCH[12/100] all_loss: 0.525 | time cost---Sampling: 0.56s--| 
2024-05-19 16:35:37,430 - root - INFO - Summary at recall = 0.26395842550569243
2024-05-19 16:35:44,083 - root - INFO - [testing at epoch-12]
2024-05-19 16:35:44,084 - root - INFO - {'precision': array([0.30451159, 0.15155795]), 'recall': array([0.26447196, 0.55793286]), 'ndcg': array([0.46811746, 0.66555811]), 'auc': array([0.])}
2024-05-19 16:35:44,084 - root - INFO - EPOCH[13/100] all_loss: 0.513 | time cost---Sampling: 0.56s--| 
2024-05-19 16:35:44,084 - root - INFO - Summary at recall = 0.2644719584663545
2024-05-19 16:35:50,597 - root - INFO - [testing at epoch-13]
2024-05-19 16:35:50,597 - root - INFO - {'precision': array([0.30502483, 0.1515894 ]), 'recall': array([0.26458897, 0.55775881]), 'ndcg': array([0.46825076, 0.66536113]), 'auc': array([0.])}
2024-05-19 16:35:50,597 - root - INFO - EPOCH[14/100] all_loss: 0.501 | time cost---Sampling: 0.56s--| 
2024-05-19 16:35:50,597 - root - INFO - Summary at recall = 0.26458896503993745
2024-05-19 16:35:57,279 - root - INFO - [testing at epoch-14]
2024-05-19 16:35:57,279 - root - INFO - {'precision': array([0.30505795, 0.15184934]), 'recall': array([0.26409819, 0.55775381]), 'ndcg': array([0.46723635, 0.66477711]), 'auc': array([0.])}
2024-05-19 16:35:57,280 - root - INFO - EPOCH[15/100] all_loss: 0.491 | time cost---Sampling: 0.56s--| 
2024-05-19 16:36:03,730 - root - INFO - [testing at epoch-15]
2024-05-19 16:36:03,730 - root - INFO - {'precision': array([0.30588576, 0.1521904 ]), 'recall': array([0.26479535, 0.55752187]), 'ndcg': array([0.46705733, 0.66384494]), 'auc': array([0.])}
2024-05-19 16:36:03,731 - root - INFO - EPOCH[16/100] all_loss: 0.480 | time cost---Sampling: 0.56s--| 
2024-05-19 16:36:03,731 - root - INFO - Summary at recall = 0.26479534706217933
2024-05-19 16:36:10,432 - root - INFO - [testing at epoch-16]
2024-05-19 16:36:10,432 - root - INFO - {'precision': array([0.30499172, 0.15215066]), 'recall': array([0.26347523, 0.55624872]), 'ndcg': array([0.46670981, 0.66385602]), 'auc': array([0.])}
2024-05-19 16:36:10,432 - root - INFO - EPOCH[17/100] all_loss: 0.470 | time cost---Sampling: 0.57s--| 
2024-05-19 16:36:17,077 - root - INFO - [testing at epoch-17]
2024-05-19 16:36:17,077 - root - INFO - {'precision': array([0.30470199, 0.15195199]), 'recall': array([0.26265876, 0.55443854]), 'ndcg': array([0.46624805, 0.66317509]), 'auc': array([0.])}
2024-05-19 16:36:17,078 - root - INFO - EPOCH[18/100] all_loss: 0.460 | time cost---Sampling: 0.57s--| 
2024-05-19 16:36:23,607 - root - INFO - [testing at epoch-18]
2024-05-19 16:36:23,607 - root - INFO - {'precision': array([0.30413079, 0.15189404]), 'recall': array([0.26181652, 0.55325395]), 'ndcg': array([0.46508499, 0.66203516]), 'auc': array([0.])}
2024-05-19 16:36:23,608 - root - INFO - EPOCH[19/100] all_loss: 0.452 | time cost---Sampling: 0.57s--| 
2024-05-19 16:36:30,286 - root - INFO - [testing at epoch-19]
2024-05-19 16:36:30,287 - root - INFO - {'precision': array([0.30274007, 0.15162086]), 'recall': array([0.25971208, 0.55138887]), 'ndcg': array([0.46311973, 0.66073902]), 'auc': array([0.])}
2024-05-19 16:36:30,287 - root - INFO - EPOCH[20/100] all_loss: 0.443 | time cost---Sampling: 0.56s--| 
2024-05-19 16:36:36,921 - root - INFO - [testing at epoch-20]
2024-05-19 16:36:36,921 - root - INFO - {'precision': array([0.30184603, 0.15153808]), 'recall': array([0.25781479, 0.54927332]), 'ndcg': array([0.46141198, 0.65930285]), 'auc': array([0.])}
2024-05-19 16:36:36,922 - root - INFO - EPOCH[21/100] all_loss: 0.435 | time cost---Sampling: 0.57s--| 
2024-05-19 16:36:43,445 - root - INFO - [testing at epoch-21]
2024-05-19 16:36:43,445 - root - INFO - {'precision': array([0.30012417, 0.15138576]), 'recall': array([0.25536242, 0.54727017]), 'ndcg': array([0.45927998, 0.65809993]), 'auc': array([0.])}
2024-05-19 16:36:43,446 - root - INFO - EPOCH[22/100] all_loss: 0.427 | time cost---Sampling: 0.56s--| 
2024-05-19 16:36:49,942 - root - INFO - [testing at epoch-22]
2024-05-19 16:36:49,942 - root - INFO - {'precision': array([0.29907285, 0.15097351]), 'recall': array([0.25417679, 0.54466361]), 'ndcg': array([0.45856996, 0.65701807]), 'auc': array([0.])}
2024-05-19 16:36:49,943 - root - INFO - EPOCH[23/100] all_loss: 0.419 | time cost---Sampling: 0.56s--| 
2024-05-19 16:36:56,606 - root - INFO - [testing at epoch-23]
2024-05-19 16:36:56,606 - root - INFO - {'precision': array([0.29712748, 0.15065563]), 'recall': array([0.251605 , 0.5423899]), 'ndcg': array([0.45621015, 0.65555563]), 'auc': array([0.])}
2024-05-19 16:36:56,607 - root - INFO - EPOCH[24/100] all_loss: 0.412 | time cost---Sampling: 0.56s--| 
2024-05-19 16:37:03,128 - root - INFO - [testing at epoch-24]
2024-05-19 16:37:03,128 - root - INFO - {'precision': array([0.29602649, 0.15050662]), 'recall': array([0.24976241, 0.53983401]), 'ndcg': array([0.45421749, 0.65352507]), 'auc': array([0.])}
2024-05-19 16:37:03,129 - root - INFO - EPOCH[25/100] all_loss: 0.405 | time cost---Sampling: 0.57s--| 
2024-05-19 16:37:09,789 - root - INFO - [testing at epoch-25]
2024-05-19 16:37:09,789 - root - INFO - {'precision': array([0.29484272, 0.1498543 ]), 'recall': array([0.24842631, 0.53701932]), 'ndcg': array([0.45320445, 0.6522545 ]), 'auc': array([0.])}
2024-05-19 16:37:09,790 - root - INFO - EPOCH[26/100] all_loss: 0.398 | time cost---Sampling: 0.57s--| 
2024-05-19 16:37:16,440 - root - INFO - [testing at epoch-26]
2024-05-19 16:37:16,440 - root - INFO - {'precision': array([0.29419702, 0.14963245]), 'recall': array([0.24703612, 0.53424   ]), 'ndcg': array([0.45174615, 0.65005993]), 'auc': array([0.])}
2024-05-19 16:37:16,441 - root - INFO - EPOCH[27/100] all_loss: 0.392 | time cost---Sampling: 0.56s--| 
2024-05-19 16:37:23,103 - root - INFO - [testing at epoch-27]
2024-05-19 16:37:23,103 - root - INFO - {'precision': array([0.29297185, 0.14922517]), 'recall': array([0.24507949, 0.53117999]), 'ndcg': array([0.44943276, 0.64790858]), 'auc': array([0.])}
2024-05-19 16:37:23,104 - root - INFO - EPOCH[28/100] all_loss: 0.385 | time cost---Sampling: 0.57s--| 
2024-05-19 16:37:29,746 - root - INFO - [testing at epoch-28]
2024-05-19 16:37:29,746 - root - INFO - {'precision': array([0.29086921, 0.14867715]), 'recall': array([0.24246309, 0.52821807]), 'ndcg': array([0.44707291, 0.64626778]), 'auc': array([0.])}
2024-05-19 16:37:29,747 - root - INFO - EPOCH[29/100] all_loss: 0.380 | time cost---Sampling: 0.56s--| 
2024-05-19 16:37:36,387 - root - INFO - [testing at epoch-29]
2024-05-19 16:37:36,387 - root - INFO - {'precision': array([0.28983444, 0.14853477]), 'recall': array([0.24078558, 0.52612727]), 'ndcg': array([0.4460106 , 0.64540918]), 'auc': array([0.])}
2024-05-19 16:37:36,388 - root - INFO - EPOCH[30/100] all_loss: 0.373 | time cost---Sampling: 0.56s--| 
2024-05-19 16:37:43,035 - root - INFO - [testing at epoch-30]
2024-05-19 16:37:43,035 - root - INFO - {'precision': array([0.28858444, 0.14795033]), 'recall': array([0.2391    , 0.52262824]), 'ndcg': array([0.44440577, 0.64336164]), 'auc': array([0.])}
2024-05-19 16:37:43,036 - root - INFO - EPOCH[31/100] all_loss: 0.368 | time cost---Sampling: 0.56s--| 
2024-05-19 16:37:49,674 - root - INFO - [testing at epoch-31]
2024-05-19 16:37:49,674 - root - INFO - {'precision': array([0.28706126, 0.14740728]), 'recall': array([0.23720392, 0.51890718]), 'ndcg': array([0.44296539, 0.64175537]), 'auc': array([0.])}
2024-05-19 16:37:49,675 - root - INFO - EPOCH[32/100] all_loss: 0.363 | time cost---Sampling: 0.56s--| 
2024-05-19 16:37:56,324 - root - INFO - [testing at epoch-32]
2024-05-19 16:37:56,324 - root - INFO - {'precision': array([0.28634934, 0.14715397]), 'recall': array([0.23555404, 0.51582271]), 'ndcg': array([0.44184127, 0.64015705]), 'auc': array([0.])}
2024-05-19 16:37:56,324 - root - INFO - EPOCH[33/100] all_loss: 0.357 | time cost---Sampling: 0.56s--| 
2024-05-19 16:38:02,984 - root - INFO - [testing at epoch-33]
2024-05-19 16:38:02,984 - root - INFO - {'precision': array([0.28486755, 0.14666391]), 'recall': array([0.23420161, 0.51285574]), 'ndcg': array([0.44042924, 0.6383834 ]), 'auc': array([0.])}
2024-05-19 16:38:02,984 - root - INFO - EPOCH[34/100] all_loss: 0.352 | time cost---Sampling: 0.56s--| 
2024-05-19 16:38:09,634 - root - INFO - [testing at epoch-34]
2024-05-19 16:38:09,634 - root - INFO - {'precision': array([0.28261589, 0.14617715]), 'recall': array([0.2313113 , 0.50967544]), 'ndcg': array([0.43718962, 0.63602142]), 'auc': array([0.])}
2024-05-19 16:38:09,634 - root - INFO - EPOCH[35/100] all_loss: 0.348 | time cost---Sampling: 0.57s--| 
2024-05-19 16:38:16,280 - root - INFO - [testing at epoch-35]
2024-05-19 16:38:16,280 - root - INFO - {'precision': array([0.28155629, 0.1456606 ]), 'recall': array([0.22971967, 0.50630178]), 'ndcg': array([0.43579002, 0.63414743]), 'auc': array([0.])}
2024-05-19 16:38:16,281 - root - INFO - EPOCH[36/100] all_loss: 0.343 | time cost---Sampling: 0.56s--| 
2024-05-19 16:38:22,784 - root - INFO - [testing at epoch-36]
2024-05-19 16:38:22,784 - root - INFO - {'precision': array([0.28054636, 0.14504801]), 'recall': array([0.22801463, 0.5027193 ]), 'ndcg': array([0.43492876, 0.6328852 ]), 'auc': array([0.])}
2024-05-19 16:38:22,785 - root - INFO - EPOCH[37/100] all_loss: 0.338 | time cost---Sampling: 0.56s--| 
2024-05-19 16:38:29,453 - root - INFO - [testing at epoch-37]
2024-05-19 16:38:29,453 - root - INFO - {'precision': array([0.27890728, 0.14461755]), 'recall': array([0.22599008, 0.49921345]), 'ndcg': array([0.43266227, 0.63057619]), 'auc': array([0.])}
2024-05-19 16:38:29,453 - root - INFO - EPOCH[38/100] all_loss: 0.334 | time cost---Sampling: 0.57s--| 
2024-05-19 16:38:36,138 - root - INFO - [testing at epoch-38]
2024-05-19 16:38:36,138 - root - INFO - {'precision': array([0.27759106, 0.1441755 ]), 'recall': array([0.22401316, 0.49584449]), 'ndcg': array([0.43084426, 0.62867801]), 'auc': array([0.])}
2024-05-19 16:38:36,139 - root - INFO - EPOCH[39/100] all_loss: 0.330 | time cost---Sampling: 0.56s--| 
2024-05-19 16:38:42,684 - root - INFO - [testing at epoch-39]
2024-05-19 16:38:42,684 - root - INFO - {'precision': array([0.2760596, 0.1440149]), 'recall': array([0.22208575, 0.49315886]), 'ndcg': array([0.42878672, 0.62664664]), 'auc': array([0.])}
2024-05-19 16:38:42,685 - root - INFO - EPOCH[40/100] all_loss: 0.325 | time cost---Sampling: 0.56s--| 
2024-05-19 16:38:49,383 - root - INFO - [testing at epoch-40]
2024-05-19 16:38:49,383 - root - INFO - {'precision': array([0.27394868, 0.14340232]), 'recall': array([0.21951128, 0.48956235]), 'ndcg': array([0.42554988, 0.62378526]), 'auc': array([0.])}
2024-05-19 16:38:49,384 - root - INFO - EPOCH[41/100] all_loss: 0.321 | time cost---Sampling: 0.56s--| 
2024-05-19 16:38:56,100 - root - INFO - [testing at epoch-41]
2024-05-19 16:38:56,100 - root - INFO - {'precision': array([0.27318709, 0.14312417]), 'recall': array([0.21799859, 0.48587811]), 'ndcg': array([0.42498791, 0.62243245]), 'auc': array([0.])}
2024-05-19 16:38:56,100 - root - INFO - EPOCH[42/100] all_loss: 0.318 | time cost---Sampling: 0.56s--| 
2024-05-19 16:39:02,761 - root - INFO - [testing at epoch-42]
2024-05-19 16:39:02,761 - root - INFO - {'precision': array([0.27161424, 0.14253808]), 'recall': array([0.21576719, 0.48265443]), 'ndcg': array([0.42160791, 0.61928162]), 'auc': array([0.])}
2024-05-19 16:39:02,762 - root - INFO - EPOCH[43/100] all_loss: 0.314 | time cost---Sampling: 0.56s--| 
2024-05-19 16:39:09,280 - root - INFO - [testing at epoch-43]
2024-05-19 16:39:09,280 - root - INFO - {'precision': array([0.2701904, 0.1418957]), 'recall': array([0.21357689, 0.47955003]), 'ndcg': array([0.41957571, 0.61741438]), 'auc': array([0.])}
2024-05-19 16:39:09,280 - root - INFO - EPOCH[44/100] all_loss: 0.310 | time cost---Sampling: 0.56s--| 
2024-05-19 16:39:15,890 - root - INFO - [testing at epoch-44]
2024-05-19 16:39:15,890 - root - INFO - {'precision': array([0.26921358, 0.14177649]), 'recall': array([0.21188329, 0.47764189]), 'ndcg': array([0.41841278, 0.61641503]), 'auc': array([0.])}
2024-05-19 16:39:15,890 - root - INFO - EPOCH[45/100] all_loss: 0.307 | time cost---Sampling: 0.56s--| 
2024-05-19 16:39:22,534 - root - INFO - [testing at epoch-45]
2024-05-19 16:39:22,534 - root - INFO - {'precision': array([0.26798013, 0.14124834]), 'recall': array([0.21044336, 0.47448826]), 'ndcg': array([0.41649586, 0.61384636]), 'auc': array([0.])}
2024-05-19 16:39:22,534 - root - INFO - EPOCH[46/100] all_loss: 0.303 | time cost---Sampling: 0.56s--| 
2024-05-19 16:39:29,188 - root - INFO - [testing at epoch-46]
2024-05-19 16:39:29,188 - root - INFO - {'precision': array([0.26562914, 0.14046358]), 'recall': array([0.20789058, 0.47064369]), 'ndcg': array([0.41375622, 0.61171624]), 'auc': array([0.])}
2024-05-19 16:39:29,188 - root - INFO - EPOCH[47/100] all_loss: 0.300 | time cost---Sampling: 0.56s--| 
2024-05-19 16:39:35,739 - root - INFO - [testing at epoch-47]
2024-05-19 16:39:35,739 - root - INFO - {'precision': array([0.2646606 , 0.14037748]), 'recall': array([0.20623468, 0.46835534]), 'ndcg': array([0.41187124, 0.60977914]), 'auc': array([0.])}
2024-05-19 16:39:35,739 - root - INFO - EPOCH[48/100] all_loss: 0.296 | time cost---Sampling: 0.59s--| 
2024-05-19 16:39:42,381 - root - INFO - [testing at epoch-48]
2024-05-19 16:39:42,381 - root - INFO - {'precision': array([0.26343543, 0.13967384]), 'recall': array([0.20468049, 0.4645377 ]), 'ndcg': array([0.41072436, 0.60802931]), 'auc': array([0.])}
2024-05-19 16:39:42,382 - root - INFO - EPOCH[49/100] all_loss: 0.294 | time cost---Sampling: 0.56s--| 
2024-05-19 16:39:49,032 - root - INFO - [testing at epoch-49]
2024-05-19 16:39:49,032 - root - INFO - {'precision': array([0.2622351 , 0.13899834]), 'recall': array([0.20248389, 0.46140421]), 'ndcg': array([0.40871676, 0.60610965]), 'auc': array([0.])}
2024-05-19 16:39:49,032 - root - INFO - EPOCH[50/100] all_loss: 0.290 | time cost---Sampling: 0.56s--| 
2024-05-19 16:39:55,637 - root - INFO - [testing at epoch-50]
2024-05-19 16:39:55,638 - root - INFO - {'precision': array([0.26069536, 0.13869536]), 'recall': array([0.20088655, 0.45845575]), 'ndcg': array([0.40596841, 0.60342341]), 'auc': array([0.])}
2024-05-19 16:39:55,638 - root - INFO - EPOCH[51/100] all_loss: 0.287 | time cost---Sampling: 0.56s--| 
2024-05-19 16:40:02,192 - root - INFO - [testing at epoch-51]
2024-05-19 16:40:02,192 - root - INFO - {'precision': array([0.25978477, 0.13850166]), 'recall': array([0.1990733 , 0.45648885]), 'ndcg': array([0.40399551, 0.60149277]), 'auc': array([0.])}
2024-05-19 16:40:02,193 - root - INFO - EPOCH[52/100] all_loss: 0.284 | time cost---Sampling: 0.57s--| 
2024-05-19 16:40:08,790 - root - INFO - [testing at epoch-52]
2024-05-19 16:40:08,790 - root - INFO - {'precision': array([0.25807947, 0.13808775]), 'recall': array([0.19716631, 0.45325678]), 'ndcg': array([0.4018028 , 0.59937859]), 'auc': array([0.])}
2024-05-19 16:40:08,791 - root - INFO - EPOCH[53/100] all_loss: 0.281 | time cost---Sampling: 0.57s--| 
2024-05-19 16:40:15,425 - root - INFO - [testing at epoch-53]
2024-05-19 16:40:15,425 - root - INFO - {'precision': array([0.25645695, 0.13721854]), 'recall': array([0.19530252, 0.44949436]), 'ndcg': array([0.39980677, 0.59728076]), 'auc': array([0.])}
2024-05-19 16:40:15,425 - root - INFO - EPOCH[54/100] all_loss: 0.279 | time cost---Sampling: 0.56s--| 
2024-05-19 16:40:21,853 - root - INFO - [testing at epoch-54]
2024-05-19 16:40:21,853 - root - INFO - {'precision': array([0.25521523, 0.13703974]), 'recall': array([0.19323249, 0.44695959]), 'ndcg': array([0.39764846, 0.59543094]), 'auc': array([0.])}
2024-05-19 16:40:21,853 - root - INFO - EPOCH[55/100] all_loss: 0.276 | time cost---Sampling: 0.56s--| 
2024-05-19 16:40:28,272 - root - INFO - [testing at epoch-55]
2024-05-19 16:40:28,272 - root - INFO - {'precision': array([0.2539404 , 0.13654801]), 'recall': array([0.19161636, 0.44377352]), 'ndcg': array([0.39517077, 0.59248233]), 'auc': array([0.])}
2024-05-19 16:40:28,272 - root - INFO - EPOCH[56/100] all_loss: 0.273 | time cost---Sampling: 0.56s--| 
2024-05-19 16:40:34,905 - root - INFO - [testing at epoch-56]
2024-05-19 16:40:34,905 - root - INFO - {'precision': array([0.2521606 , 0.13583444]), 'recall': array([0.18961548, 0.44041206]), 'ndcg': array([0.39282037, 0.59019305]), 'auc': array([0.])}
2024-05-19 16:40:34,905 - root - INFO - EPOCH[57/100] all_loss: 0.271 | time cost---Sampling: 0.56s--| 
2024-05-19 16:40:41,477 - root - INFO - [testing at epoch-57]
2024-05-19 16:40:41,478 - root - INFO - {'precision': array([0.2503394 , 0.13524172]), 'recall': array([0.18768772, 0.43687811]), 'ndcg': array([0.3903476 , 0.58792472]), 'auc': array([0.])}
2024-05-19 16:40:41,478 - root - INFO - EPOCH[58/100] all_loss: 0.269 | time cost---Sampling: 0.56s--| 
2024-05-19 16:40:48,130 - root - INFO - [testing at epoch-58]
2024-05-19 16:40:48,130 - root - INFO - {'precision': array([0.24947848, 0.13508775]), 'recall': array([0.18638196, 0.43443026]), 'ndcg': array([0.38908714, 0.58632326]), 'auc': array([0.])}
2024-05-19 16:40:48,131 - root - INFO - EPOCH[59/100] all_loss: 0.266 | time cost---Sampling: 0.56s--| 
2024-05-19 16:40:54,737 - root - INFO - [testing at epoch-59]
2024-05-19 16:40:54,737 - root - INFO - {'precision': array([0.24824503, 0.13442881]), 'recall': array([0.1847655 , 0.43142034]), 'ndcg': array([0.38709601, 0.58428822]), 'auc': array([0.])}
2024-05-19 16:40:54,738 - root - INFO - EPOCH[60/100] all_loss: 0.264 | time cost---Sampling: 0.68s--| 
2024-05-19 16:41:01,218 - root - INFO - [testing at epoch-60]
2024-05-19 16:41:01,218 - root - INFO - {'precision': array([0.24649834, 0.13393046]), 'recall': array([0.18221217, 0.42810617]), 'ndcg': array([0.38431926, 0.58179404]), 'auc': array([0.])}
2024-05-19 16:41:01,219 - root - INFO - EPOCH[61/100] all_loss: 0.262 | time cost---Sampling: 0.56s--| 
2024-05-19 16:41:07,650 - root - INFO - [testing at epoch-61]
2024-05-19 16:41:07,650 - root - INFO - {'precision': array([0.2446606 , 0.13334603]), 'recall': array([0.18046045, 0.42478464]), 'ndcg': array([0.38153322, 0.57921955]), 'auc': array([0.])}
2024-05-19 16:41:07,651 - root - INFO - EPOCH[62/100] all_loss: 0.259 | time cost---Sampling: 0.56s--| 
2024-05-19 16:41:14,102 - root - INFO - [testing at epoch-62]
2024-05-19 16:41:14,102 - root - INFO - {'precision': array([0.24381623, 0.13290066]), 'recall': array([0.17891002, 0.42214805]), 'ndcg': array([0.37964116, 0.57717137]), 'auc': array([0.])}
2024-05-19 16:41:14,103 - root - INFO - EPOCH[63/100] all_loss: 0.257 | time cost---Sampling: 0.56s--| 
2024-05-19 16:41:20,743 - root - INFO - [testing at epoch-63]
2024-05-19 16:41:20,743 - root - INFO - {'precision': array([0.24163907, 0.13234603]), 'recall': array([0.17702319, 0.41926705]), 'ndcg': array([0.3773048 , 0.57516409]), 'auc': array([0.])}
2024-05-19 16:41:20,744 - root - INFO - EPOCH[64/100] all_loss: 0.255 | time cost---Sampling: 0.56s--| 
2024-05-19 16:41:27,314 - root - INFO - [testing at epoch-64]
2024-05-19 16:41:27,314 - root - INFO - {'precision': array([0.24080298, 0.13194868]), 'recall': array([0.17551429, 0.41673012]), 'ndcg': array([0.37595036, 0.57378581]), 'auc': array([0.])}
2024-05-19 16:41:27,315 - root - INFO - EPOCH[65/100] all_loss: 0.252 | time cost---Sampling: 0.56s--| 
2024-05-19 16:41:33,903 - root - INFO - [testing at epoch-65]
2024-05-19 16:41:33,903 - root - INFO - {'precision': array([0.24024834, 0.13163742]), 'recall': array([0.17445959, 0.41413543]), 'ndcg': array([0.37492944, 0.57209328]), 'auc': array([0.])}
2024-05-19 16:41:33,903 - root - INFO - EPOCH[66/100] all_loss: 0.251 | time cost---Sampling: 0.57s--| 
2024-05-19 16:41:40,407 - root - INFO - [testing at epoch-66]
2024-05-19 16:41:40,407 - root - INFO - {'precision': array([0.23907285, 0.13140066]), 'recall': array([0.17299137, 0.41171917]), 'ndcg': array([0.37340996, 0.57041599]), 'auc': array([0.])}
2024-05-19 16:41:40,408 - root - INFO - EPOCH[67/100] all_loss: 0.249 | time cost---Sampling: 0.56s--| 
2024-05-19 16:41:47,054 - root - INFO - [testing at epoch-67]
2024-05-19 16:41:47,054 - root - INFO - {'precision': array([0.23745033, 0.13058609]), 'recall': array([0.17130269, 0.40792949]), 'ndcg': array([0.37117956, 0.56804771]), 'auc': array([0.])}
2024-05-19 16:41:47,054 - root - INFO - EPOCH[68/100] all_loss: 0.247 | time cost---Sampling: 0.56s--| 
2024-05-19 16:41:53,491 - root - INFO - [testing at epoch-68]
2024-05-19 16:41:53,491 - root - INFO - {'precision': array([0.23665563, 0.13051656]), 'recall': array([0.16973194, 0.40618839]), 'ndcg': array([0.36926007, 0.56612334]), 'auc': array([0.])}
2024-05-19 16:41:53,492 - root - INFO - EPOCH[69/100] all_loss: 0.244 | time cost---Sampling: 0.56s--| 
2024-05-19 16:41:59,949 - root - INFO - [testing at epoch-69]
2024-05-19 16:41:59,950 - root - INFO - {'precision': array([0.23493377, 0.12989735]), 'recall': array([0.16815943, 0.40296154]), 'ndcg': array([0.36737309, 0.56406772]), 'auc': array([0.])}
2024-05-19 16:41:59,950 - root - INFO - EPOCH[70/100] all_loss: 0.243 | time cost---Sampling: 0.57s--| 
2024-05-19 16:42:06,360 - root - INFO - [testing at epoch-70]
2024-05-19 16:42:06,361 - root - INFO - {'precision': array([0.2334106 , 0.12949834]), 'recall': array([0.16630696, 0.40067581]), 'ndcg': array([0.3655558 , 0.56247827]), 'auc': array([0.])}
2024-05-19 16:42:06,361 - root - INFO - EPOCH[71/100] all_loss: 0.241 | time cost---Sampling: 0.56s--| 
2024-05-19 16:42:12,762 - root - INFO - [testing at epoch-71]
2024-05-19 16:42:12,762 - root - INFO - {'precision': array([0.23277318, 0.12924834]), 'recall': array([0.16475672, 0.39828335]), 'ndcg': array([0.36489677, 0.56167341]), 'auc': array([0.])}
2024-05-19 16:42:12,763 - root - INFO - EPOCH[72/100] all_loss: 0.239 | time cost---Sampling: 0.56s--| 
2024-05-19 16:42:19,173 - root - INFO - [testing at epoch-72]
2024-05-19 16:42:19,174 - root - INFO - {'precision': array([0.23157285, 0.12866722]), 'recall': array([0.16333458, 0.39570248]), 'ndcg': array([0.36213971, 0.55896275]), 'auc': array([0.])}
2024-05-19 16:42:19,174 - root - INFO - EPOCH[73/100] all_loss: 0.237 | time cost---Sampling: 0.56s--| 
2024-05-19 16:42:25,578 - root - INFO - [testing at epoch-73]
2024-05-19 16:42:25,578 - root - INFO - {'precision': array([0.22934603, 0.12797517]), 'recall': array([0.16132158, 0.39294174]), 'ndcg': array([0.35914265, 0.55639821]), 'auc': array([0.])}
2024-05-19 16:42:25,578 - root - INFO - EPOCH[74/100] all_loss: 0.236 | time cost---Sampling: 0.56s--| 
2024-05-19 16:42:31,990 - root - INFO - [testing at epoch-74]
2024-05-19 16:42:31,990 - root - INFO - {'precision': array([0.22847682, 0.12763576]), 'recall': array([0.16017933, 0.39058449]), 'ndcg': array([0.35735465, 0.55439373]), 'auc': array([0.])}
2024-05-19 16:42:31,991 - root - INFO - EPOCH[75/100] all_loss: 0.234 | time cost---Sampling: 0.56s--| 
2024-05-19 16:42:38,397 - root - INFO - [testing at epoch-75]
2024-05-19 16:42:38,397 - root - INFO - {'precision': array([0.2274255, 0.1273543]), 'recall': array([0.15887001, 0.38859564]), 'ndcg': array([0.35611252, 0.55339072]), 'auc': array([0.])}
2024-05-19 16:42:38,397 - root - INFO - EPOCH[76/100] all_loss: 0.232 | time cost---Sampling: 0.56s--| 
2024-05-19 16:42:44,797 - root - INFO - [testing at epoch-76]
2024-05-19 16:42:44,797 - root - INFO - {'precision': array([0.22673841, 0.12716556]), 'recall': array([0.1577597 , 0.38647454]), 'ndcg': array([0.35522404, 0.55199225]), 'auc': array([0.])}
2024-05-19 16:42:44,798 - root - INFO - EPOCH[77/100] all_loss: 0.230 | time cost---Sampling: 0.56s--| 
2024-05-19 16:42:51,195 - root - INFO - [testing at epoch-77]
2024-05-19 16:42:51,195 - root - INFO - {'precision': array([0.22573675, 0.12659934]), 'recall': array([0.15645977, 0.38375285]), 'ndcg': array([0.35355355, 0.5499986 ]), 'auc': array([0.])}
2024-05-19 16:42:51,196 - root - INFO - EPOCH[78/100] all_loss: 0.230 | time cost---Sampling: 0.56s--| 
2024-05-19 16:42:57,593 - root - INFO - [testing at epoch-78]
2024-05-19 16:42:57,593 - root - INFO - {'precision': array([0.22443709, 0.1261904 ]), 'recall': array([0.1556234 , 0.38139834]), 'ndcg': array([0.35207457, 0.5482037 ]), 'auc': array([0.])}
2024-05-19 16:42:57,594 - root - INFO - EPOCH[79/100] all_loss: 0.228 | time cost---Sampling: 0.56s--| 
2024-05-19 16:43:04,014 - root - INFO - [testing at epoch-79]
2024-05-19 16:43:04,014 - root - INFO - {'precision': array([0.22394868, 0.1258543 ]), 'recall': array([0.15473344, 0.37899627]), 'ndcg': array([0.35138799, 0.54684516]), 'auc': array([0.])}
2024-05-19 16:43:04,015 - root - INFO - EPOCH[80/100] all_loss: 0.226 | time cost---Sampling: 0.56s--| 
2024-05-19 16:43:10,655 - root - INFO - [testing at epoch-80]
2024-05-19 16:43:10,655 - root - INFO - {'precision': array([0.22267384, 0.12561093]), 'recall': array([0.15300645, 0.37701457]), 'ndcg': array([0.34822141, 0.54402275]), 'auc': array([0.])}
2024-05-19 16:43:10,656 - root - INFO - EPOCH[81/100] all_loss: 0.224 | time cost---Sampling: 0.56s--| 
2024-05-19 16:43:17,292 - root - INFO - [testing at epoch-81]
2024-05-19 16:43:17,292 - root - INFO - {'precision': array([0.22155629, 0.12496026]), 'recall': array([0.15205127, 0.37442823]), 'ndcg': array([0.34711816, 0.54250347]), 'auc': array([0.])}
2024-05-19 16:43:17,293 - root - INFO - EPOCH[82/100] all_loss: 0.223 | time cost---Sampling: 0.56s--| 
2024-05-19 16:43:23,941 - root - INFO - [testing at epoch-82]
2024-05-19 16:43:23,941 - root - INFO - {'precision': array([0.21965232, 0.12428146]), 'recall': array([0.150166  , 0.37149269]), 'ndcg': array([0.34467937, 0.54045761]), 'auc': array([0.])}
2024-05-19 16:43:23,942 - root - INFO - EPOCH[83/100] all_loss: 0.222 | time cost---Sampling: 0.56s--| 
2024-05-19 16:43:30,590 - root - INFO - [testing at epoch-83]
2024-05-19 16:43:30,590 - root - INFO - {'precision': array([0.21917219, 0.12420695]), 'recall': array([0.14924578, 0.37032344]), 'ndcg': array([0.34321443, 0.53877881]), 'auc': array([0.])}
2024-05-19 16:43:30,591 - root - INFO - EPOCH[84/100] all_loss: 0.220 | time cost---Sampling: 0.56s--| 
2024-05-19 16:43:37,211 - root - INFO - [testing at epoch-84]
2024-05-19 16:43:37,211 - root - INFO - {'precision': array([0.21745861, 0.12338411]), 'recall': array([0.14759032, 0.36740311]), 'ndcg': array([0.34098544, 0.53658857]), 'auc': array([0.])}
2024-05-19 16:43:37,212 - root - INFO - EPOCH[85/100] all_loss: 0.219 | time cost---Sampling: 0.56s--| 
2024-05-19 16:43:43,874 - root - INFO - [testing at epoch-85]
2024-05-19 16:43:43,874 - root - INFO - {'precision': array([0.2172351 , 0.12344205]), 'recall': array([0.14714951, 0.36614089]), 'ndcg': array([0.34078789, 0.535989  ]), 'auc': array([0.])}
2024-05-19 16:43:43,875 - root - INFO - EPOCH[86/100] all_loss: 0.218 | time cost---Sampling: 0.56s--| 
2024-05-19 16:43:50,477 - root - INFO - [testing at epoch-86]
2024-05-19 16:43:50,477 - root - INFO - {'precision': array([0.21678808, 0.12317384]), 'recall': array([0.14613204, 0.36437707]), 'ndcg': array([0.3395927 , 0.53456782]), 'auc': array([0.])}
2024-05-19 16:43:50,477 - root - INFO - EPOCH[87/100] all_loss: 0.216 | time cost---Sampling: 0.56s--| 
2024-05-19 16:43:57,159 - root - INFO - [testing at epoch-87]
2024-05-19 16:43:57,159 - root - INFO - {'precision': array([0.21568709, 0.12284768]), 'recall': array([0.14540536, 0.36272725]), 'ndcg': array([0.33803225, 0.53291014]), 'auc': array([0.])}
2024-05-19 16:43:57,160 - root - INFO - EPOCH[88/100] all_loss: 0.215 | time cost---Sampling: 0.57s--| 
2024-05-19 16:44:03,823 - root - INFO - [testing at epoch-88]
2024-05-19 16:44:03,823 - root - INFO - {'precision': array([0.21518212, 0.12261424]), 'recall': array([0.14404883, 0.36092023]), 'ndcg': array([0.33663027, 0.53129321]), 'auc': array([0.])}
2024-05-19 16:44:03,824 - root - INFO - EPOCH[89/100] all_loss: 0.213 | time cost---Sampling: 0.56s--| 
2024-05-19 16:44:10,490 - root - INFO - [testing at epoch-89]
2024-05-19 16:44:10,490 - root - INFO - {'precision': array([0.21431291, 0.1222947 ]), 'recall': array([0.14305524, 0.35873925]), 'ndcg': array([0.33519548, 0.52951314]), 'auc': array([0.])}
2024-05-19 16:44:10,490 - root - INFO - EPOCH[90/100] all_loss: 0.212 | time cost---Sampling: 0.56s--| 
2024-05-19 16:44:17,120 - root - INFO - [testing at epoch-90]
2024-05-19 16:44:17,121 - root - INFO - {'precision': array([0.21296358, 0.12184934]), 'recall': array([0.14133607, 0.35667986]), 'ndcg': array([0.33386176, 0.52831707]), 'auc': array([0.])}
2024-05-19 16:44:17,121 - root - INFO - EPOCH[91/100] all_loss: 0.211 | time cost---Sampling: 0.56s--| 
2024-05-19 16:44:23,747 - root - INFO - [testing at epoch-91]
2024-05-19 16:44:23,748 - root - INFO - {'precision': array([0.21163079, 0.12137252]), 'recall': array([0.14031559, 0.35456881]), 'ndcg': array([0.33260483, 0.52701867]), 'auc': array([0.])}
2024-05-19 16:44:23,748 - root - INFO - EPOCH[92/100] all_loss: 0.210 | time cost---Sampling: 0.56s--| 
2024-05-19 16:44:30,187 - root - INFO - [testing at epoch-92]
2024-05-19 16:44:30,188 - root - INFO - {'precision': array([0.2101904 , 0.12107616]), 'recall': array([0.13887995, 0.35311999]), 'ndcg': array([0.33049174, 0.5255932 ]), 'auc': array([0.])}
2024-05-19 16:44:30,188 - root - INFO - EPOCH[93/100] all_loss: 0.209 | time cost---Sampling: 0.56s--| 
2024-05-19 16:44:36,818 - root - INFO - [testing at epoch-93]
2024-05-19 16:44:36,818 - root - INFO - {'precision': array([0.20929636, 0.12062914]), 'recall': array([0.13760363, 0.35129996]), 'ndcg': array([0.32861714, 0.52405858]), 'auc': array([0.])}
2024-05-19 16:44:36,818 - root - INFO - EPOCH[94/100] all_loss: 0.208 | time cost---Sampling: 0.57s--| 
2024-05-19 16:44:43,257 - root - INFO - [testing at epoch-94]
2024-05-19 16:44:43,257 - root - INFO - {'precision': array([0.20892384, 0.12035927]), 'recall': array([0.1367886 , 0.34955852]), 'ndcg': array([0.32805759, 0.52297384]), 'auc': array([0.])}
2024-05-19 16:44:43,258 - root - INFO - EPOCH[95/100] all_loss: 0.206 | time cost---Sampling: 0.56s--| 
2024-05-19 16:44:49,672 - root - INFO - [testing at epoch-95]
2024-05-19 16:44:49,672 - root - INFO - {'precision': array([0.20825331, 0.1199702 ]), 'recall': array([0.13571306, 0.34803599]), 'ndcg': array([0.32657555, 0.52123022]), 'auc': array([0.])}
2024-05-19 16:44:49,673 - root - INFO - EPOCH[96/100] all_loss: 0.205 | time cost---Sampling: 0.56s--| 
2024-05-19 16:44:56,334 - root - INFO - [testing at epoch-96]
2024-05-19 16:44:56,334 - root - INFO - {'precision': array([0.20679636, 0.11938245]), 'recall': array([0.13445652, 0.34571923]), 'ndcg': array([0.32436254, 0.51942689]), 'auc': array([0.])}
2024-05-19 16:44:56,335 - root - INFO - EPOCH[97/100] all_loss: 0.204 | time cost---Sampling: 0.57s--| 
2024-05-19 16:45:02,776 - root - INFO - [testing at epoch-97]
2024-05-19 16:45:02,776 - root - INFO - {'precision': array([0.2065894 , 0.11915563]), 'recall': array([0.13396226, 0.34406171]), 'ndcg': array([0.32375601, 0.51816824]), 'auc': array([0.])}
2024-05-19 16:45:02,777 - root - INFO - EPOCH[98/100] all_loss: 0.203 | time cost---Sampling: 0.56s--| 
2024-05-19 16:45:09,190 - root - INFO - [testing at epoch-98]
2024-05-19 16:45:09,190 - root - INFO - {'precision': array([0.20511589, 0.11857119]), 'recall': array([0.13272881, 0.34142161]), 'ndcg': array([0.32194475, 0.5160761 ]), 'auc': array([0.])}
2024-05-19 16:45:09,191 - root - INFO - EPOCH[99/100] all_loss: 0.202 | time cost---Sampling: 0.56s--| 
2024-05-19 16:45:15,910 - root - INFO - [testing at epoch-99]
2024-05-19 16:45:15,910 - root - INFO - {'precision': array([0.20482616, 0.11828642]), 'recall': array([0.13207632, 0.33990648]), 'ndcg': array([0.32154189, 0.51523923]), 'auc': array([0.])}
2024-05-19 16:45:15,911 - root - INFO - EPOCH[100/100] all_loss: 0.201 | time cost---Sampling: 0.61s--| 
