2024-05-16 10:44:51,313 - root - INFO - Namespace(R=100, compute_rank=1, dataset='movie', dim=256, epoch=100, eps=1e-20, layers=2, lmd2=0.1, lr=0.001, model='bgr', neg_ratio=1, norm_a=1.0, save_embed=1, seed=2021, tensorboard=True, test_batch=100, test_file='test.txt', topks=[20, 100], train_batch=2048, train_file='train.txt', weight=0.0001)
2024-05-16 10:44:56,401 - root - INFO - [testing at epoch-0]
2024-05-16 10:44:56,402 - root - INFO - {'precision': array([0.1543543 , 0.08828808]), 'recall': array([0.11426499, 0.3025068 ]), 'ndcg': array([0.27643637, 0.4753178 ]), 'auc': array([0.])}
2024-05-16 10:44:56,402 - root - INFO - EPOCH[1/100] all_loss: 0.429 | time cost---Sampling: 0.08s--| 
2024-05-16 10:44:56,402 - root - INFO - Summary at recall = 0.11426499154943943
2024-05-16 10:45:01,330 - root - INFO - [testing at epoch-1]
2024-05-16 10:45:01,331 - root - INFO - {'precision': array([0.15479305, 0.08911921]), 'recall': array([0.11604058, 0.31274493]), 'ndcg': array([0.27607591, 0.47965116]), 'auc': array([0.])}
2024-05-16 10:45:01,331 - root - INFO - EPOCH[2/100] all_loss: 0.326 | time cost---Sampling: 0.08s--| 
2024-05-16 10:45:01,331 - root - INFO - Summary at recall = 0.11604057884625527
2024-05-16 10:45:06,259 - root - INFO - [testing at epoch-2]
2024-05-16 10:45:06,259 - root - INFO - {'precision': array([0.17296358, 0.10128642]), 'recall': array([0.13232572, 0.35832221]), 'ndcg': array([0.29691494, 0.50954964]), 'auc': array([0.])}
2024-05-16 10:45:06,260 - root - INFO - EPOCH[3/100] all_loss: 0.289 | time cost---Sampling: 0.08s--| 
2024-05-16 10:45:06,260 - root - INFO - Summary at recall = 0.13232571626282455
2024-05-16 10:45:11,197 - root - INFO - [testing at epoch-3]
2024-05-16 10:45:11,197 - root - INFO - {'precision': array([0.19550497, 0.11189238]), 'recall': array([0.15243242, 0.39689731]), 'ndcg': array([0.33131381, 0.54491328]), 'auc': array([0.])}
2024-05-16 10:45:11,198 - root - INFO - EPOCH[4/100] all_loss: 0.244 | time cost---Sampling: 0.08s--| 
2024-05-16 10:45:11,198 - root - INFO - Summary at recall = 0.15243241539771202
2024-05-16 10:45:16,133 - root - INFO - [testing at epoch-4]
2024-05-16 10:45:16,133 - root - INFO - {'precision': array([0.21010762, 0.11862252]), 'recall': array([0.16724395, 0.42280753]), 'ndcg': array([0.35021413, 0.56377877]), 'auc': array([0.])}
2024-05-16 10:45:16,133 - root - INFO - EPOCH[5/100] all_loss: 0.218 | time cost---Sampling: 0.08s--| 
2024-05-16 10:45:16,133 - root - INFO - Summary at recall = 0.16724394643605103
2024-05-16 10:45:21,065 - root - INFO - [testing at epoch-5]
2024-05-16 10:45:21,065 - root - INFO - {'precision': array([0.22193709, 0.12350993]), 'recall': array([0.1797303, 0.4431292]), 'ndcg': array([0.36480801, 0.57775082]), 'auc': array([0.])}
2024-05-16 10:45:21,066 - root - INFO - EPOCH[6/100] all_loss: 0.199 | time cost---Sampling: 0.08s--| 
2024-05-16 10:45:21,066 - root - INFO - Summary at recall = 0.17973030329613798
2024-05-16 10:45:26,004 - root - INFO - [testing at epoch-6]
2024-05-16 10:45:26,004 - root - INFO - {'precision': array([0.23128311, 0.12762086]), 'recall': array([0.18918286, 0.4599978 ]), 'ndcg': array([0.3754601 , 0.58865826]), 'auc': array([0.])}
2024-05-16 10:45:26,004 - root - INFO - EPOCH[7/100] all_loss: 0.186 | time cost---Sampling: 0.08s--| 
2024-05-16 10:45:26,004 - root - INFO - Summary at recall = 0.18918286095123737
2024-05-16 10:45:30,942 - root - INFO - [testing at epoch-7]
2024-05-16 10:45:30,942 - root - INFO - {'precision': array([0.23979305, 0.13127815]), 'recall': array([0.19774907, 0.47481718]), 'ndcg': array([0.38492526, 0.59779973]), 'auc': array([0.])}
2024-05-16 10:45:30,943 - root - INFO - EPOCH[8/100] all_loss: 0.174 | time cost---Sampling: 0.08s--| 
2024-05-16 10:45:30,943 - root - INFO - Summary at recall = 0.19774906534847908
2024-05-16 10:45:35,889 - root - INFO - [testing at epoch-8]
2024-05-16 10:45:35,889 - root - INFO - {'precision': array([0.24713576, 0.13412583]), 'recall': array([0.20581079, 0.48615779]), 'ndcg': array([0.39365101, 0.60528001]), 'auc': array([0.])}
2024-05-16 10:45:35,889 - root - INFO - EPOCH[9/100] all_loss: 0.165 | time cost---Sampling: 0.09s--| 
2024-05-16 10:45:35,890 - root - INFO - Summary at recall = 0.2058107876152046
2024-05-16 10:45:40,825 - root - INFO - [testing at epoch-9]
2024-05-16 10:45:40,826 - root - INFO - {'precision': array([0.25313742, 0.13644371]), 'recall': array([0.21146487, 0.49583067]), 'ndcg': array([0.40043756, 0.6115268 ]), 'auc': array([0.])}
2024-05-16 10:45:40,826 - root - INFO - EPOCH[10/100] all_loss: 0.156 | time cost---Sampling: 0.08s--| 
2024-05-16 10:45:40,826 - root - INFO - Summary at recall = 0.21146486544584328
2024-05-16 10:45:45,765 - root - INFO - [testing at epoch-10]
2024-05-16 10:45:45,765 - root - INFO - {'precision': array([0.25801325, 0.13858113]), 'recall': array([0.21595109, 0.50450722]), 'ndcg': array([0.40688854, 0.61772302]), 'auc': array([0.])}
2024-05-16 10:45:45,766 - root - INFO - EPOCH[11/100] all_loss: 0.150 | time cost---Sampling: 0.08s--| 
2024-05-16 10:45:45,766 - root - INFO - Summary at recall = 0.21595109259425088
2024-05-16 10:45:50,708 - root - INFO - [testing at epoch-11]
2024-05-16 10:45:50,708 - root - INFO - {'precision': array([0.26216887, 0.1402947 ]), 'recall': array([0.22003064, 0.51076902]), 'ndcg': array([0.41105274, 0.62162181]), 'auc': array([0.])}
2024-05-16 10:45:50,709 - root - INFO - EPOCH[12/100] all_loss: 0.142 | time cost---Sampling: 0.08s--| 
2024-05-16 10:45:50,709 - root - INFO - Summary at recall = 0.2200306438051675
2024-05-16 10:45:55,778 - root - INFO - [testing at epoch-12]
2024-05-16 10:45:55,778 - root - INFO - {'precision': array([0.26692053, 0.14203974]), 'recall': array([0.22461986, 0.51729975]), 'ndcg': array([0.41701268, 0.62660773]), 'auc': array([0.])}
2024-05-16 10:45:55,779 - root - INFO - EPOCH[13/100] all_loss: 0.138 | time cost---Sampling: 0.08s--| 
2024-05-16 10:45:55,779 - root - INFO - Summary at recall = 0.22461985651596444
2024-05-16 10:46:00,734 - root - INFO - [testing at epoch-13]
2024-05-16 10:46:00,734 - root - INFO - {'precision': array([0.27003311, 0.14354139]), 'recall': array([0.22791619, 0.52284565]), 'ndcg': array([0.42079587, 0.63027809]), 'auc': array([0.])}
2024-05-16 10:46:00,735 - root - INFO - EPOCH[14/100] all_loss: 0.131 | time cost---Sampling: 0.08s--| 
2024-05-16 10:46:00,735 - root - INFO - Summary at recall = 0.22791619142340477
2024-05-16 10:46:05,695 - root - INFO - [testing at epoch-14]
2024-05-16 10:46:05,695 - root - INFO - {'precision': array([0.27308775, 0.14473013]), 'recall': array([0.23100721, 0.52698851]), 'ndcg': array([0.42504267, 0.63383812]), 'auc': array([0.])}
2024-05-16 10:46:05,696 - root - INFO - EPOCH[15/100] all_loss: 0.127 | time cost---Sampling: 0.08s--| 
2024-05-16 10:46:05,696 - root - INFO - Summary at recall = 0.23100720738254418
2024-05-16 10:46:10,646 - root - INFO - [testing at epoch-15]
2024-05-16 10:46:10,646 - root - INFO - {'precision': array([0.27623344, 0.14598675]), 'recall': array([0.23409465, 0.5307233 ]), 'ndcg': array([0.4286637 , 0.63637854]), 'auc': array([0.])}
2024-05-16 10:46:10,647 - root - INFO - EPOCH[16/100] all_loss: 0.124 | time cost---Sampling: 0.08s--| 
2024-05-16 10:46:10,647 - root - INFO - Summary at recall = 0.23409464583254122
2024-05-16 10:46:15,620 - root - INFO - [testing at epoch-16]
2024-05-16 10:46:15,620 - root - INFO - {'precision': array([0.2782202 , 0.14691391]), 'recall': array([0.23635081, 0.53425215]), 'ndcg': array([0.43152465, 0.63897926]), 'auc': array([0.])}
2024-05-16 10:46:15,620 - root - INFO - EPOCH[17/100] all_loss: 0.120 | time cost---Sampling: 0.08s--| 
2024-05-16 10:46:15,620 - root - INFO - Summary at recall = 0.23635080891805688
2024-05-16 10:46:20,575 - root - INFO - [testing at epoch-17]
2024-05-16 10:46:20,576 - root - INFO - {'precision': array([0.28076159, 0.14781954]), 'recall': array([0.23906234, 0.53715932]), 'ndcg': array([0.43459808, 0.6411117 ]), 'auc': array([0.])}
2024-05-16 10:46:20,576 - root - INFO - EPOCH[18/100] all_loss: 0.117 | time cost---Sampling: 0.08s--| 
2024-05-16 10:46:20,576 - root - INFO - Summary at recall = 0.23906234001452248
2024-05-16 10:46:25,537 - root - INFO - [testing at epoch-18]
2024-05-16 10:46:25,537 - root - INFO - {'precision': array([0.28255795, 0.14862417]), 'recall': array([0.24018162, 0.5404863 ]), 'ndcg': array([0.43614486, 0.64277266]), 'auc': array([0.])}
2024-05-16 10:46:25,538 - root - INFO - EPOCH[19/100] all_loss: 0.113 | time cost---Sampling: 0.08s--| 
2024-05-16 10:46:25,538 - root - INFO - Summary at recall = 0.24018161997820692
2024-05-16 10:46:30,488 - root - INFO - [testing at epoch-19]
2024-05-16 10:46:30,488 - root - INFO - {'precision': array([0.28380795, 0.14932947]), 'recall': array([0.24174364, 0.54310719]), 'ndcg': array([0.43698765, 0.64370374]), 'auc': array([0.])}
2024-05-16 10:46:30,489 - root - INFO - EPOCH[20/100] all_loss: 0.111 | time cost---Sampling: 0.08s--| 
2024-05-16 10:46:30,489 - root - INFO - Summary at recall = 0.24174364339729543
2024-05-16 10:46:35,442 - root - INFO - [testing at epoch-20]
2024-05-16 10:46:35,442 - root - INFO - {'precision': array([0.28572848, 0.15005795]), 'recall': array([0.2435051 , 0.54521406]), 'ndcg': array([0.43930491, 0.64542519]), 'auc': array([0.])}
2024-05-16 10:46:35,442 - root - INFO - EPOCH[21/100] all_loss: 0.109 | time cost---Sampling: 0.08s--| 
2024-05-16 10:46:35,442 - root - INFO - Summary at recall = 0.24350509526107267
2024-05-16 10:46:40,399 - root - INFO - [testing at epoch-21]
2024-05-16 10:46:40,399 - root - INFO - {'precision': array([0.2869702 , 0.15071689]), 'recall': array([0.24458093, 0.54742855]), 'ndcg': array([0.44008793, 0.64609031]), 'auc': array([0.])}
2024-05-16 10:46:40,400 - root - INFO - EPOCH[22/100] all_loss: 0.106 | time cost---Sampling: 0.08s--| 
2024-05-16 10:46:40,400 - root - INFO - Summary at recall = 0.24458093463082176
2024-05-16 10:46:45,356 - root - INFO - [testing at epoch-22]
2024-05-16 10:46:45,356 - root - INFO - {'precision': array([0.28889073, 0.15129636]), 'recall': array([0.24607944, 0.54928832]), 'ndcg': array([0.44150833, 0.64681363]), 'auc': array([0.])}
2024-05-16 10:46:45,357 - root - INFO - EPOCH[23/100] all_loss: 0.104 | time cost---Sampling: 0.08s--| 
2024-05-16 10:46:45,357 - root - INFO - Summary at recall = 0.24607944183608974
2024-05-16 10:46:50,307 - root - INFO - [testing at epoch-23]
2024-05-16 10:46:50,307 - root - INFO - {'precision': array([0.28989238, 0.15176987]), 'recall': array([0.24724429, 0.55073029]), 'ndcg': array([0.44312533, 0.64823701]), 'auc': array([0.])}
2024-05-16 10:46:50,308 - root - INFO - EPOCH[24/100] all_loss: 0.102 | time cost---Sampling: 0.08s--| 
2024-05-16 10:46:50,308 - root - INFO - Summary at recall = 0.24724428524479317
2024-05-16 10:46:55,262 - root - INFO - [testing at epoch-24]
2024-05-16 10:46:55,262 - root - INFO - {'precision': array([0.29096026, 0.15219536]), 'recall': array([0.2479261 , 0.55243357]), 'ndcg': array([0.44479948, 0.64980943]), 'auc': array([0.])}
2024-05-16 10:46:55,262 - root - INFO - EPOCH[25/100] all_loss: 0.100 | time cost---Sampling: 0.08s--| 
2024-05-16 10:46:55,262 - root - INFO - Summary at recall = 0.24792610141449903
2024-05-16 10:47:00,219 - root - INFO - [testing at epoch-25]
2024-05-16 10:47:00,219 - root - INFO - {'precision': array([0.29196192, 0.15281291]), 'recall': array([0.24914645, 0.55468529]), 'ndcg': array([0.44551582, 0.65045292]), 'auc': array([0.])}
2024-05-16 10:47:00,220 - root - INFO - EPOCH[26/100] all_loss: 0.098 | time cost---Sampling: 0.08s--| 
2024-05-16 10:47:00,220 - root - INFO - Summary at recall = 0.2491464521235001
2024-05-16 10:47:05,179 - root - INFO - [testing at epoch-26]
2024-05-16 10:47:05,179 - root - INFO - {'precision': array([0.29271523, 0.15308444]), 'recall': array([0.24961165, 0.55575508]), 'ndcg': array([0.44605297, 0.65091066]), 'auc': array([0.])}
2024-05-16 10:47:05,180 - root - INFO - EPOCH[27/100] all_loss: 0.097 | time cost---Sampling: 0.08s--| 
2024-05-16 10:47:05,180 - root - INFO - Summary at recall = 0.24961165090248172
2024-05-16 10:47:10,133 - root - INFO - [testing at epoch-27]
2024-05-16 10:47:10,133 - root - INFO - {'precision': array([0.29380795, 0.15339735]), 'recall': array([0.25084226, 0.55710517]), 'ndcg': array([0.44748063, 0.65199229]), 'auc': array([0.])}
2024-05-16 10:47:10,133 - root - INFO - EPOCH[28/100] all_loss: 0.096 | time cost---Sampling: 0.08s--| 
2024-05-16 10:47:10,133 - root - INFO - Summary at recall = 0.2508422631604369
2024-05-16 10:47:15,097 - root - INFO - [testing at epoch-28]
2024-05-16 10:47:15,097 - root - INFO - {'precision': array([0.29512417, 0.15385596]), 'recall': array([0.25182095, 0.55815733]), 'ndcg': array([0.44857728, 0.65259908]), 'auc': array([0.])}
2024-05-16 10:47:15,098 - root - INFO - EPOCH[29/100] all_loss: 0.093 | time cost---Sampling: 0.08s--| 
2024-05-16 10:47:15,098 - root - INFO - Summary at recall = 0.2518209467727489
2024-05-16 10:47:20,056 - root - INFO - [testing at epoch-29]
2024-05-16 10:47:20,056 - root - INFO - {'precision': array([0.29584437, 0.15418377]), 'recall': array([0.25245433, 0.55900584]), 'ndcg': array([0.44915821, 0.65301073]), 'auc': array([0.])}
2024-05-16 10:47:20,057 - root - INFO - EPOCH[30/100] all_loss: 0.091 | time cost---Sampling: 0.08s--| 
2024-05-16 10:47:20,057 - root - INFO - Summary at recall = 0.25245433140453555
2024-05-16 10:47:25,024 - root - INFO - [testing at epoch-30]
2024-05-16 10:47:25,024 - root - INFO - {'precision': array([0.29691225, 0.15461424]), 'recall': array([0.25332389, 0.56037953]), 'ndcg': array([0.45035162, 0.65392061]), 'auc': array([0.])}
2024-05-16 10:47:25,024 - root - INFO - EPOCH[31/100] all_loss: 0.090 | time cost---Sampling: 0.08s--| 
2024-05-16 10:47:25,025 - root - INFO - Summary at recall = 0.25332388938113115
2024-05-16 10:47:29,979 - root - INFO - [testing at epoch-31]
2024-05-16 10:47:29,979 - root - INFO - {'precision': array([0.29740066, 0.15495861]), 'recall': array([0.2535043 , 0.56136419]), 'ndcg': array([0.45081843, 0.65444092]), 'auc': array([0.])}
2024-05-16 10:47:29,980 - root - INFO - EPOCH[32/100] all_loss: 0.089 | time cost---Sampling: 0.08s--| 
2024-05-16 10:47:29,980 - root - INFO - Summary at recall = 0.25350430310643257
2024-05-16 10:47:34,941 - root - INFO - [testing at epoch-32]
2024-05-16 10:47:34,941 - root - INFO - {'precision': array([0.29784768, 0.15516887]), 'recall': array([0.25409653, 0.5622948 ]), 'ndcg': array([0.45172674, 0.65532597]), 'auc': array([0.])}
2024-05-16 10:47:34,942 - root - INFO - EPOCH[33/100] all_loss: 0.087 | time cost---Sampling: 0.08s--| 
2024-05-16 10:47:34,942 - root - INFO - Summary at recall = 0.2540965317366037
2024-05-16 10:47:39,902 - root - INFO - [testing at epoch-33]
2024-05-16 10:47:39,903 - root - INFO - {'precision': array([0.29865894, 0.15535099]), 'recall': array([0.25501813, 0.56270684]), 'ndcg': array([0.45277351, 0.65584122]), 'auc': array([0.])}
2024-05-16 10:47:39,903 - root - INFO - EPOCH[34/100] all_loss: 0.086 | time cost---Sampling: 0.08s--| 
2024-05-16 10:47:39,903 - root - INFO - Summary at recall = 0.25501813368628357
2024-05-16 10:47:44,854 - root - INFO - [testing at epoch-34]
2024-05-16 10:47:44,854 - root - INFO - {'precision': array([0.29908113, 0.15572517]), 'recall': array([0.25529065, 0.56374806]), 'ndcg': array([0.45298831, 0.65616743]), 'auc': array([0.])}
2024-05-16 10:47:44,854 - root - INFO - EPOCH[35/100] all_loss: 0.085 | time cost---Sampling: 0.08s--| 
2024-05-16 10:47:44,854 - root - INFO - Summary at recall = 0.25529065133540746
2024-05-16 10:47:49,804 - root - INFO - [testing at epoch-35]
2024-05-16 10:47:49,804 - root - INFO - {'precision': array([0.30009106, 0.15594205]), 'recall': array([0.25655322, 0.56435223]), 'ndcg': array([0.45393186, 0.65631511]), 'auc': array([0.])}
2024-05-16 10:47:49,805 - root - INFO - EPOCH[36/100] all_loss: 0.084 | time cost---Sampling: 0.08s--| 
2024-05-16 10:47:49,805 - root - INFO - Summary at recall = 0.25655321920778396
2024-05-16 10:47:54,772 - root - INFO - [testing at epoch-36]
2024-05-16 10:47:54,772 - root - INFO - {'precision': array([0.30039735, 0.15621854]), 'recall': array([0.25664061, 0.56484982]), 'ndcg': array([0.4539796 , 0.65654722]), 'auc': array([0.])}
2024-05-16 10:47:54,773 - root - INFO - EPOCH[37/100] all_loss: 0.083 | time cost---Sampling: 0.08s--| 
2024-05-16 10:47:54,773 - root - INFO - Summary at recall = 0.25664061179262265
2024-05-16 10:47:59,736 - root - INFO - [testing at epoch-37]
2024-05-16 10:47:59,736 - root - INFO - {'precision': array([0.30034768, 0.15649172]), 'recall': array([0.25630719, 0.56605779]), 'ndcg': array([0.45381012, 0.65675852]), 'auc': array([0.])}
2024-05-16 10:47:59,737 - root - INFO - EPOCH[38/100] all_loss: 0.082 | time cost---Sampling: 0.08s--| 
2024-05-16 10:48:04,670 - root - INFO - [testing at epoch-38]
2024-05-16 10:48:04,670 - root - INFO - {'precision': array([0.30087748, 0.1566457 ]), 'recall': array([0.25679249, 0.56650346]), 'ndcg': array([0.45376994, 0.65655126]), 'auc': array([0.])}
2024-05-16 10:48:04,671 - root - INFO - EPOCH[39/100] all_loss: 0.081 | time cost---Sampling: 0.09s--| 
2024-05-16 10:48:04,671 - root - INFO - Summary at recall = 0.2567924927312471
2024-05-16 10:48:09,631 - root - INFO - [testing at epoch-39]
2024-05-16 10:48:09,631 - root - INFO - {'precision': array([0.30090232, 0.15692881]), 'recall': array([0.25692351, 0.56705298]), 'ndcg': array([0.45405997, 0.65702656]), 'auc': array([0.])}
2024-05-16 10:48:09,631 - root - INFO - EPOCH[40/100] all_loss: 0.080 | time cost---Sampling: 0.08s--| 
2024-05-16 10:48:09,631 - root - INFO - Summary at recall = 0.2569235083843991
2024-05-16 10:48:14,566 - root - INFO - [testing at epoch-40]
2024-05-16 10:48:14,566 - root - INFO - {'precision': array([0.30115894, 0.15710099]), 'recall': array([0.25708646, 0.56689618]), 'ndcg': array([0.45491059, 0.6577118 ]), 'auc': array([0.])}
2024-05-16 10:48:14,567 - root - INFO - EPOCH[41/100] all_loss: 0.079 | time cost---Sampling: 0.08s--| 
2024-05-16 10:48:14,567 - root - INFO - Summary at recall = 0.2570864620678717
2024-05-16 10:48:19,508 - root - INFO - [testing at epoch-41]
2024-05-16 10:48:19,508 - root - INFO - {'precision': array([0.3009106 , 0.15719702]), 'recall': array([0.25673749, 0.56709654]), 'ndcg': array([0.45445939, 0.65772505]), 'auc': array([0.])}
2024-05-16 10:48:19,509 - root - INFO - EPOCH[42/100] all_loss: 0.078 | time cost---Sampling: 0.08s--| 
2024-05-16 10:48:24,418 - root - INFO - [testing at epoch-42]
2024-05-16 10:48:24,418 - root - INFO - {'precision': array([0.30182947, 0.1574404 ]), 'recall': array([0.25751897, 0.56752901]), 'ndcg': array([0.45513993, 0.65793811]), 'auc': array([0.])}
2024-05-16 10:48:24,418 - root - INFO - EPOCH[43/100] all_loss: 0.078 | time cost---Sampling: 0.09s--| 
2024-05-16 10:48:24,418 - root - INFO - Summary at recall = 0.2575189695414397
2024-05-16 10:48:29,364 - root - INFO - [testing at epoch-43]
2024-05-16 10:48:29,364 - root - INFO - {'precision': array([0.30214404, 0.15735099]), 'recall': array([0.25791926, 0.56728787]), 'ndcg': array([0.45530184, 0.65780076]), 'auc': array([0.])}
2024-05-16 10:48:29,364 - root - INFO - EPOCH[44/100] all_loss: 0.077 | time cost---Sampling: 0.08s--| 
2024-05-16 10:48:29,364 - root - INFO - Summary at recall = 0.25791925901124363
2024-05-16 10:48:34,319 - root - INFO - [testing at epoch-44]
2024-05-16 10:48:34,319 - root - INFO - {'precision': array([0.30203642, 0.15747185]), 'recall': array([0.25816089, 0.5674076 ]), 'ndcg': array([0.4555861 , 0.65812106]), 'auc': array([0.])}
2024-05-16 10:48:34,320 - root - INFO - EPOCH[45/100] all_loss: 0.076 | time cost---Sampling: 0.08s--| 
2024-05-16 10:48:34,320 - root - INFO - Summary at recall = 0.25816089494797184
2024-05-16 10:48:39,260 - root - INFO - [testing at epoch-45]
2024-05-16 10:48:39,261 - root - INFO - {'precision': array([0.30259934, 0.15758113]), 'recall': array([0.25822494, 0.56831123]), 'ndcg': array([0.455781  , 0.65816722]), 'auc': array([0.])}
2024-05-16 10:48:39,261 - root - INFO - EPOCH[46/100] all_loss: 0.076 | time cost---Sampling: 0.08s--| 
2024-05-16 10:48:39,261 - root - INFO - Summary at recall = 0.25822494333484974
2024-05-16 10:48:44,217 - root - INFO - [testing at epoch-46]
2024-05-16 10:48:44,217 - root - INFO - {'precision': array([0.30247517, 0.15771358]), 'recall': array([0.25821241, 0.56803884]), 'ndcg': array([0.45630609, 0.65866335]), 'auc': array([0.])}
2024-05-16 10:48:44,217 - root - INFO - EPOCH[47/100] all_loss: 0.074 | time cost---Sampling: 0.08s--| 
2024-05-16 10:48:49,140 - root - INFO - [testing at epoch-47]
2024-05-16 10:48:49,140 - root - INFO - {'precision': array([0.3025    , 0.15788079]), 'recall': array([0.25773838, 0.5686722 ]), 'ndcg': array([0.45634305, 0.65912582]), 'auc': array([0.])}
2024-05-16 10:48:49,141 - root - INFO - EPOCH[48/100] all_loss: 0.074 | time cost---Sampling: 0.08s--| 
2024-05-16 10:48:53,995 - root - INFO - [testing at epoch-48]
2024-05-16 10:48:53,995 - root - INFO - {'precision': array([0.30308775, 0.15795033]), 'recall': array([0.25847095, 0.56891659]), 'ndcg': array([0.45672225, 0.65915014]), 'auc': array([0.])}
2024-05-16 10:48:53,996 - root - INFO - EPOCH[49/100] all_loss: 0.073 | time cost---Sampling: 0.08s--| 
2024-05-16 10:48:53,996 - root - INFO - Summary at recall = 0.25847095468431325
2024-05-16 10:48:58,892 - root - INFO - [testing at epoch-49]
2024-05-16 10:48:58,892 - root - INFO - {'precision': array([0.30342715, 0.15809603]), 'recall': array([0.25872922, 0.56978349]), 'ndcg': array([0.45676838, 0.65918644]), 'auc': array([0.])}
2024-05-16 10:48:58,893 - root - INFO - EPOCH[50/100] all_loss: 0.072 | time cost---Sampling: 0.08s--| 
2024-05-16 10:48:58,893 - root - INFO - Summary at recall = 0.2587292231324471
2024-05-16 10:49:03,756 - root - INFO - [testing at epoch-50]
2024-05-16 10:49:03,757 - root - INFO - {'precision': array([0.30379967, 0.15818046]), 'recall': array([0.25895762, 0.56922528]), 'ndcg': array([0.45708252, 0.65929853]), 'auc': array([0.])}
2024-05-16 10:49:03,757 - root - INFO - EPOCH[51/100] all_loss: 0.072 | time cost---Sampling: 0.08s--| 
2024-05-16 10:49:03,757 - root - INFO - Summary at recall = 0.25895761522789557
2024-05-16 10:49:08,618 - root - INFO - [testing at epoch-51]
2024-05-16 10:49:08,619 - root - INFO - {'precision': array([0.30417219, 0.15831291]), 'recall': array([0.25977296, 0.56959818]), 'ndcg': array([0.4578404, 0.6595043]), 'auc': array([0.])}
2024-05-16 10:49:08,619 - root - INFO - EPOCH[52/100] all_loss: 0.071 | time cost---Sampling: 0.08s--| 
2024-05-16 10:49:08,619 - root - INFO - Summary at recall = 0.25977295873156464
2024-05-16 10:49:13,482 - root - INFO - [testing at epoch-52]
2024-05-16 10:49:13,482 - root - INFO - {'precision': array([0.30393212, 0.15825   ]), 'recall': array([0.25967708, 0.56963772]), 'ndcg': array([0.45736188, 0.65940815]), 'auc': array([0.])}
2024-05-16 10:49:13,482 - root - INFO - EPOCH[53/100] all_loss: 0.071 | time cost---Sampling: 0.08s--| 
2024-05-16 10:49:18,318 - root - INFO - [testing at epoch-53]
2024-05-16 10:49:18,318 - root - INFO - {'precision': array([0.30384106, 0.15829967]), 'recall': array([0.25958799, 0.56957594]), 'ndcg': array([0.45775755, 0.6596445 ]), 'auc': array([0.])}
2024-05-16 10:49:18,319 - root - INFO - EPOCH[54/100] all_loss: 0.070 | time cost---Sampling: 0.08s--| 
2024-05-16 10:49:23,151 - root - INFO - [testing at epoch-54]
2024-05-16 10:49:23,151 - root - INFO - {'precision': array([0.30424669, 0.15821192]), 'recall': array([0.25967873, 0.56916565]), 'ndcg': array([0.45830508, 0.65995004]), 'auc': array([0.])}
2024-05-16 10:49:23,152 - root - INFO - EPOCH[55/100] all_loss: 0.069 | time cost---Sampling: 0.08s--| 
2024-05-16 10:49:28,027 - root - INFO - [testing at epoch-55]
2024-05-16 10:49:28,027 - root - INFO - {'precision': array([0.3038245 , 0.15824669]), 'recall': array([0.25910439, 0.56974758]), 'ndcg': array([0.45728607, 0.65953489]), 'auc': array([0.])}
2024-05-16 10:49:28,028 - root - INFO - EPOCH[56/100] all_loss: 0.069 | time cost---Sampling: 0.08s--| 
2024-05-16 10:49:32,960 - root - INFO - [testing at epoch-56]
2024-05-16 10:49:32,961 - root - INFO - {'precision': array([0.30434603, 0.15838079]), 'recall': array([0.25989254, 0.56949785]), 'ndcg': array([0.45802769, 0.65955232]), 'auc': array([0.])}
2024-05-16 10:49:32,961 - root - INFO - EPOCH[57/100] all_loss: 0.068 | time cost---Sampling: 0.08s--| 
2024-05-16 10:49:32,961 - root - INFO - Summary at recall = 0.2598925412334759
2024-05-16 10:49:37,919 - root - INFO - [testing at epoch-57]
2024-05-16 10:49:37,919 - root - INFO - {'precision': array([0.30491722, 0.15836921]), 'recall': array([0.26008983, 0.56947379]), 'ndcg': array([0.45837956, 0.65963428]), 'auc': array([0.])}
2024-05-16 10:49:37,919 - root - INFO - EPOCH[58/100] all_loss: 0.067 | time cost---Sampling: 0.08s--| 
2024-05-16 10:49:37,920 - root - INFO - Summary at recall = 0.2600898322721217
2024-05-16 10:49:42,878 - root - INFO - [testing at epoch-58]
2024-05-16 10:49:42,878 - root - INFO - {'precision': array([0.3046606 , 0.15845364]), 'recall': array([0.2602012 , 0.56987394]), 'ndcg': array([0.45788411, 0.6594155 ]), 'auc': array([0.])}
2024-05-16 10:49:42,879 - root - INFO - EPOCH[59/100] all_loss: 0.067 | time cost---Sampling: 0.08s--| 
2024-05-16 10:49:42,879 - root - INFO - Summary at recall = 0.26020120162261734
2024-05-16 10:49:47,825 - root - INFO - [testing at epoch-59]
2024-05-16 10:49:47,826 - root - INFO - {'precision': array([0.30432119, 0.15841225]), 'recall': array([0.25969083, 0.56990209]), 'ndcg': array([0.45722928, 0.65917983]), 'auc': array([0.])}
2024-05-16 10:49:47,826 - root - INFO - EPOCH[60/100] all_loss: 0.067 | time cost---Sampling: 0.08s--| 
2024-05-16 10:49:52,749 - root - INFO - [testing at epoch-60]
2024-05-16 10:49:52,749 - root - INFO - {'precision': array([0.30446192, 0.15843377]), 'recall': array([0.25992776, 0.56987156]), 'ndcg': array([0.45775802, 0.65965697]), 'auc': array([0.])}
2024-05-16 10:49:52,749 - root - INFO - EPOCH[61/100] all_loss: 0.066 | time cost---Sampling: 0.08s--| 
2024-05-16 10:49:57,672 - root - INFO - [testing at epoch-61]
2024-05-16 10:49:57,672 - root - INFO - {'precision': array([0.30455298, 0.15847351]), 'recall': array([0.25975138, 0.56981335]), 'ndcg': array([0.45829411, 0.66012212]), 'auc': array([0.])}
2024-05-16 10:49:57,672 - root - INFO - EPOCH[62/100] all_loss: 0.066 | time cost---Sampling: 0.08s--| 
2024-05-16 10:50:02,598 - root - INFO - [testing at epoch-62]
2024-05-16 10:50:02,598 - root - INFO - {'precision': array([0.30413079, 0.15846523]), 'recall': array([0.25940113, 0.56989296]), 'ndcg': array([0.45767561, 0.65978472]), 'auc': array([0.])}
2024-05-16 10:50:02,599 - root - INFO - EPOCH[63/100] all_loss: 0.065 | time cost---Sampling: 0.08s--| 
2024-05-16 10:50:07,520 - root - INFO - [testing at epoch-63]
2024-05-16 10:50:07,520 - root - INFO - {'precision': array([0.30409768, 0.15871026]), 'recall': array([0.25929299, 0.57062923]), 'ndcg': array([0.45740514, 0.6597033 ]), 'auc': array([0.])}
2024-05-16 10:50:07,521 - root - INFO - EPOCH[64/100] all_loss: 0.065 | time cost---Sampling: 0.08s--| 
2024-05-16 10:50:12,448 - root - INFO - [testing at epoch-64]
2024-05-16 10:50:12,448 - root - INFO - {'precision': array([0.3044702 , 0.15860265]), 'recall': array([0.25949056, 0.57016484]), 'ndcg': array([0.45779325, 0.65966979]), 'auc': array([0.])}
2024-05-16 10:50:12,448 - root - INFO - EPOCH[65/100] all_loss: 0.064 | time cost---Sampling: 0.08s--| 
2024-05-16 10:50:17,378 - root - INFO - [testing at epoch-65]
2024-05-16 10:50:17,379 - root - INFO - {'precision': array([0.30444536, 0.15872848]), 'recall': array([0.25960883, 0.57009707]), 'ndcg': array([0.45772173, 0.65949924]), 'auc': array([0.])}
2024-05-16 10:50:17,379 - root - INFO - EPOCH[66/100] all_loss: 0.064 | time cost---Sampling: 0.08s--| 
2024-05-16 10:50:22,287 - root - INFO - [testing at epoch-66]
2024-05-16 10:50:22,287 - root - INFO - {'precision': array([0.30437086, 0.15869702]), 'recall': array([0.2593588, 0.5698407]), 'ndcg': array([0.45725784, 0.65916598]), 'auc': array([0.])}
2024-05-16 10:50:22,288 - root - INFO - EPOCH[67/100] all_loss: 0.064 | time cost---Sampling: 0.08s--| 
2024-05-16 10:50:27,207 - root - INFO - [testing at epoch-67]
2024-05-16 10:50:27,207 - root - INFO - {'precision': array([0.3045447 , 0.15868543]), 'recall': array([0.25964044, 0.5697831 ]), 'ndcg': array([0.4577739 , 0.65950996]), 'auc': array([0.])}
2024-05-16 10:50:27,208 - root - INFO - EPOCH[68/100] all_loss: 0.063 | time cost---Sampling: 0.08s--| 
2024-05-16 10:50:32,127 - root - INFO - [testing at epoch-68]
2024-05-16 10:50:32,128 - root - INFO - {'precision': array([0.30430464, 0.15868212]), 'recall': array([0.25958293, 0.5700797 ]), 'ndcg': array([0.45744008, 0.65938988]), 'auc': array([0.])}
2024-05-16 10:50:32,128 - root - INFO - EPOCH[69/100] all_loss: 0.063 | time cost---Sampling: 0.08s--| 
2024-05-16 10:50:37,044 - root - INFO - [testing at epoch-69]
2024-05-16 10:50:37,045 - root - INFO - {'precision': array([0.3049255 , 0.15871358]), 'recall': array([0.26011438, 0.56963525]), 'ndcg': array([0.45867799, 0.65999508]), 'auc': array([0.])}
2024-05-16 10:50:37,045 - root - INFO - EPOCH[70/100] all_loss: 0.063 | time cost---Sampling: 0.08s--| 
2024-05-16 10:50:41,962 - root - INFO - [testing at epoch-70]
2024-05-16 10:50:41,962 - root - INFO - {'precision': array([0.30390728, 0.15861921]), 'recall': array([0.25932198, 0.56965567]), 'ndcg': array([0.45743919, 0.65945726]), 'auc': array([0.])}
2024-05-16 10:50:41,962 - root - INFO - EPOCH[71/100] all_loss: 0.062 | time cost---Sampling: 0.08s--| 
2024-05-16 10:50:46,879 - root - INFO - [testing at epoch-71]
2024-05-16 10:50:46,879 - root - INFO - {'precision': array([0.30399007, 0.15852649]), 'recall': array([0.25972817, 0.56914654]), 'ndcg': array([0.45822304, 0.65989709]), 'auc': array([0.])}
2024-05-16 10:50:46,879 - root - INFO - EPOCH[72/100] all_loss: 0.062 | time cost---Sampling: 0.08s--| 
2024-05-16 10:50:51,795 - root - INFO - [testing at epoch-72]
2024-05-16 10:50:51,795 - root - INFO - {'precision': array([0.30408113, 0.15857119]), 'recall': array([0.25924465, 0.56946856]), 'ndcg': array([0.45793952, 0.6597902 ]), 'auc': array([0.])}
2024-05-16 10:50:51,795 - root - INFO - EPOCH[73/100] all_loss: 0.062 | time cost---Sampling: 0.08s--| 
2024-05-16 10:50:56,706 - root - INFO - [testing at epoch-73]
2024-05-16 10:50:56,706 - root - INFO - {'precision': array([0.3040149 , 0.15863079]), 'recall': array([0.25908248, 0.56973749]), 'ndcg': array([0.45748614, 0.65941002]), 'auc': array([0.])}
2024-05-16 10:50:56,706 - root - INFO - EPOCH[74/100] all_loss: 0.061 | time cost---Sampling: 0.08s--| 
2024-05-16 10:51:01,628 - root - INFO - [testing at epoch-74]
2024-05-16 10:51:01,628 - root - INFO - {'precision': array([0.30370033, 0.1585596 ]), 'recall': array([0.25929937, 0.56961945]), 'ndcg': array([0.45715886, 0.65918899]), 'auc': array([0.])}
2024-05-16 10:51:01,628 - root - INFO - EPOCH[75/100] all_loss: 0.061 | time cost---Sampling: 0.08s--| 
2024-05-16 10:51:06,552 - root - INFO - [testing at epoch-75]
2024-05-16 10:51:06,552 - root - INFO - {'precision': array([0.30365066, 0.15845033]), 'recall': array([0.25912692, 0.56906641]), 'ndcg': array([0.45707256, 0.6590801 ]), 'auc': array([0.])}
2024-05-16 10:51:06,552 - root - INFO - EPOCH[76/100] all_loss: 0.060 | time cost---Sampling: 0.08s--| 
2024-05-16 10:51:11,468 - root - INFO - [testing at epoch-76]
2024-05-16 10:51:11,468 - root - INFO - {'precision': array([0.3032202 , 0.15841225]), 'recall': array([0.25902769, 0.56898389]), 'ndcg': array([0.45707461, 0.65923161]), 'auc': array([0.])}
2024-05-16 10:51:11,469 - root - INFO - EPOCH[77/100] all_loss: 0.060 | time cost---Sampling: 0.08s--| 
2024-05-16 10:51:16,392 - root - INFO - [testing at epoch-77]
2024-05-16 10:51:16,392 - root - INFO - {'precision': array([0.30350166, 0.15838411]), 'recall': array([0.25928147, 0.56873931]), 'ndcg': array([0.45787572, 0.65976239]), 'auc': array([0.])}
2024-05-16 10:51:16,392 - root - INFO - EPOCH[78/100] all_loss: 0.060 | time cost---Sampling: 0.08s--| 
2024-05-16 10:51:21,319 - root - INFO - [testing at epoch-78]
2024-05-16 10:51:21,319 - root - INFO - {'precision': array([0.30274834, 0.1583394 ]), 'recall': array([0.25848856, 0.56847643]), 'ndcg': array([0.45727352, 0.65970461]), 'auc': array([0.])}
2024-05-16 10:51:21,320 - root - INFO - EPOCH[79/100] all_loss: 0.060 | time cost---Sampling: 0.08s--| 
2024-05-16 10:51:26,241 - root - INFO - [testing at epoch-79]
2024-05-16 10:51:26,241 - root - INFO - {'precision': array([0.30239238, 0.1582202 ]), 'recall': array([0.25802858, 0.56800699]), 'ndcg': array([0.45676244, 0.65946294]), 'auc': array([0.])}
2024-05-16 10:51:26,242 - root - INFO - EPOCH[80/100] all_loss: 0.059 | time cost---Sampling: 0.08s--| 
2024-05-16 10:51:31,167 - root - INFO - [testing at epoch-80]
2024-05-16 10:51:31,167 - root - INFO - {'precision': array([0.30291391, 0.15830464]), 'recall': array([0.25842435, 0.56809963]), 'ndcg': array([0.45670841, 0.65905592]), 'auc': array([0.])}
2024-05-16 10:51:31,168 - root - INFO - EPOCH[81/100] all_loss: 0.059 | time cost---Sampling: 0.08s--| 
2024-05-16 10:51:36,093 - root - INFO - [testing at epoch-81]
2024-05-16 10:51:36,093 - root - INFO - {'precision': array([0.30252483, 0.15814073]), 'recall': array([0.25849624, 0.56740958]), 'ndcg': array([0.45675071, 0.65887403]), 'auc': array([0.])}
2024-05-16 10:51:36,093 - root - INFO - EPOCH[82/100] all_loss: 0.059 | time cost---Sampling: 0.08s--| 
2024-05-16 10:51:41,021 - root - INFO - [testing at epoch-82]
2024-05-16 10:51:41,021 - root - INFO - {'precision': array([0.30236755, 0.15810927]), 'recall': array([0.25804789, 0.56708817]), 'ndcg': array([0.45628433, 0.65850383]), 'auc': array([0.])}
2024-05-16 10:51:41,021 - root - INFO - EPOCH[83/100] all_loss: 0.058 | time cost---Sampling: 0.08s--| 
2024-05-16 10:51:45,949 - root - INFO - [testing at epoch-83]
2024-05-16 10:51:45,949 - root - INFO - {'precision': array([0.30258278, 0.15800993]), 'recall': array([0.25800177, 0.56692929]), 'ndcg': array([0.45689633, 0.65896638]), 'auc': array([0.])}
2024-05-16 10:51:45,950 - root - INFO - EPOCH[84/100] all_loss: 0.058 | time cost---Sampling: 0.08s--| 
2024-05-16 10:51:50,876 - root - INFO - [testing at epoch-84]
2024-05-16 10:51:50,876 - root - INFO - {'precision': array([0.30259934, 0.15795695]), 'recall': array([0.25823524, 0.56684943]), 'ndcg': array([0.45649873, 0.65845383]), 'auc': array([0.])}
2024-05-16 10:51:50,877 - root - INFO - EPOCH[85/100] all_loss: 0.058 | time cost---Sampling: 0.09s--| 
2024-05-16 10:51:55,801 - root - INFO - [testing at epoch-85]
2024-05-16 10:51:55,802 - root - INFO - {'precision': array([0.30243377, 0.15802815]), 'recall': array([0.25786061, 0.56690706]), 'ndcg': array([0.45610105, 0.65836326]), 'auc': array([0.])}
2024-05-16 10:51:55,802 - root - INFO - EPOCH[86/100] all_loss: 0.057 | time cost---Sampling: 0.08s--| 
2024-05-16 10:52:00,743 - root - INFO - [testing at epoch-86]
2024-05-16 10:52:00,743 - root - INFO - {'precision': array([0.30193709, 0.15790066]), 'recall': array([0.25752832, 0.56678286]), 'ndcg': array([0.4551381 , 0.65775294]), 'auc': array([0.])}
2024-05-16 10:52:00,743 - root - INFO - EPOCH[87/100] all_loss: 0.057 | time cost---Sampling: 0.08s--| 
2024-05-16 10:52:05,669 - root - INFO - [testing at epoch-87]
2024-05-16 10:52:05,669 - root - INFO - {'precision': array([0.30228477, 0.15806954]), 'recall': array([0.25797806, 0.56678949]), 'ndcg': array([0.45652635, 0.6585957 ]), 'auc': array([0.])}
2024-05-16 10:52:05,670 - root - INFO - EPOCH[88/100] all_loss: 0.057 | time cost---Sampling: 0.08s--| 
2024-05-16 10:52:10,611 - root - INFO - [testing at epoch-88]
2024-05-16 10:52:10,612 - root - INFO - {'precision': array([0.30134934, 0.15778311]), 'recall': array([0.25720687, 0.56624883]), 'ndcg': array([0.45528543, 0.65789231]), 'auc': array([0.])}
2024-05-16 10:52:10,612 - root - INFO - EPOCH[89/100] all_loss: 0.057 | time cost---Sampling: 0.08s--| 
2024-05-16 10:52:15,544 - root - INFO - [testing at epoch-89]
2024-05-16 10:52:15,544 - root - INFO - {'precision': array([0.30169702, 0.15796854]), 'recall': array([0.25722963, 0.56633546]), 'ndcg': array([0.45572667, 0.65830186]), 'auc': array([0.])}
2024-05-16 10:52:15,545 - root - INFO - EPOCH[90/100] all_loss: 0.057 | time cost---Sampling: 0.08s--| 
2024-05-16 10:52:20,477 - root - INFO - [testing at epoch-90]
2024-05-16 10:52:20,477 - root - INFO - {'precision': array([0.30177152, 0.15784106]), 'recall': array([0.25765225, 0.56582929]), 'ndcg': array([0.45595029, 0.65813812]), 'auc': array([0.])}
2024-05-16 10:52:20,478 - root - INFO - EPOCH[91/100] all_loss: 0.057 | time cost---Sampling: 0.08s--| 
2024-05-16 10:52:25,404 - root - INFO - [testing at epoch-91]
2024-05-16 10:52:25,404 - root - INFO - {'precision': array([0.30179636, 0.1578096 ]), 'recall': array([0.25747758, 0.56602305]), 'ndcg': array([0.45555086, 0.65784385]), 'auc': array([0.])}
2024-05-16 10:52:25,405 - root - INFO - EPOCH[92/100] all_loss: 0.056 | time cost---Sampling: 0.08s--| 
2024-05-16 10:52:30,390 - root - INFO - [testing at epoch-92]
2024-05-16 10:52:30,391 - root - INFO - {'precision': array([0.30165563, 0.15769536]), 'recall': array([0.25774189, 0.56599064]), 'ndcg': array([0.45516291, 0.65750312]), 'auc': array([0.])}
2024-05-16 10:52:30,391 - root - INFO - EPOCH[93/100] all_loss: 0.056 | time cost---Sampling: 0.08s--| 
2024-05-16 10:52:35,381 - root - INFO - [testing at epoch-93]
2024-05-16 10:52:35,381 - root - INFO - {'precision': array([0.30198675, 0.15765397]), 'recall': array([0.25758291, 0.56604356]), 'ndcg': array([0.45569228, 0.65784328]), 'auc': array([0.])}
2024-05-16 10:52:35,381 - root - INFO - EPOCH[94/100] all_loss: 0.056 | time cost---Sampling: 0.08s--| 
2024-05-16 10:52:40,334 - root - INFO - [testing at epoch-94]
2024-05-16 10:52:40,334 - root - INFO - {'precision': array([0.30231788, 0.15771523]), 'recall': array([0.25767336, 0.56567597]), 'ndcg': array([0.45681297, 0.65861881]), 'auc': array([0.])}
2024-05-16 10:52:40,335 - root - INFO - EPOCH[95/100] all_loss: 0.055 | time cost---Sampling: 0.08s--| 
2024-05-16 10:52:45,329 - root - INFO - [testing at epoch-95]
2024-05-16 10:52:45,329 - root - INFO - {'precision': array([0.30076987, 0.15751821]), 'recall': array([0.25664656, 0.56519762]), 'ndcg': array([0.45443986, 0.65720495]), 'auc': array([0.])}
2024-05-16 10:52:45,329 - root - INFO - EPOCH[96/100] all_loss: 0.055 | time cost---Sampling: 0.08s--| 
2024-05-16 10:52:50,274 - root - INFO - [testing at epoch-96]
2024-05-16 10:52:50,274 - root - INFO - {'precision': array([0.30097682, 0.15753808]), 'recall': array([0.25682278, 0.56533036]), 'ndcg': array([0.45420064, 0.65681174]), 'auc': array([0.])}
2024-05-16 10:52:50,275 - root - INFO - EPOCH[97/100] all_loss: 0.055 | time cost---Sampling: 0.08s--| 
2024-05-16 10:52:55,221 - root - INFO - [testing at epoch-97]
2024-05-16 10:52:55,221 - root - INFO - {'precision': array([0.30070364, 0.15754967]), 'recall': array([0.25619811, 0.56518455]), 'ndcg': array([0.45401112, 0.65689324]), 'auc': array([0.])}
2024-05-16 10:52:55,222 - root - INFO - EPOCH[98/100] all_loss: 0.055 | time cost---Sampling: 0.08s--| 
2024-05-16 10:53:00,085 - root - INFO - [testing at epoch-98]
2024-05-16 10:53:00,085 - root - INFO - {'precision': array([0.30057947, 0.15744205]), 'recall': array([0.25614742, 0.56494913]), 'ndcg': array([0.45358147, 0.65641297]), 'auc': array([0.])}
2024-05-16 10:53:00,086 - root - INFO - EPOCH[99/100] all_loss: 0.055 | time cost---Sampling: 0.08s--| 
2024-05-16 10:53:05,017 - root - INFO - [testing at epoch-99]
2024-05-16 10:53:05,017 - root - INFO - {'precision': array([0.30038907, 0.15731457]), 'recall': array([0.25608954, 0.56460261]), 'ndcg': array([0.4532167 , 0.65598197]), 'auc': array([0.])}
2024-05-16 10:53:05,017 - root - INFO - EPOCH[100/100] all_loss: 0.055 | time cost---Sampling: 0.08s--| 
