2024-06-15 09:57:38,970 - root - INFO - Namespace(N=25, R=100, alpha=0.5, bpr_neg_num=1, compute_rank=1, dataset='pinterest', dim=256, epoch=60, eps=1e-20, layers=2, lmd2=0.1, lr=0.0005, model='bgr', neg_ratio=16, norm_a=1.0, save_embed=1, seed=2021, tensorboard=True, test_batch=100, test_file='test.txt', topks=[20, 100], train_batch=2048, train_file='train.txt', weight=0.0001)
2024-06-15 09:58:13,453 - root - INFO - [testing at epoch-0]
2024-06-15 09:58:13,453 - root - INFO - {'precision': array([0.04462454, 0.02324122]), 'recall': array([0.15752577, 0.408154  ]), 'ndcg': array([0.16920871, 0.29767502]), 'auc': array([0.])}
2024-06-15 09:58:13,454 - root - INFO - EPOCH[1/60] all_loss: 0.530 | bpr_loss:0.44946124491753514 | rd_loss:0.033048606009424726 | time cost---Sampling: 0.45s--| 
rd_loss-0: 0.035425801935963376 | rd_loss-1: 0.03380751515460479 | rd_loss-2: 0.02991249762364907 |  
2024-06-15 09:58:47,680 - root - INFO - [testing at epoch-1]
2024-06-15 09:58:47,681 - root - INFO - {'precision': array([0.04462092, 0.02331443]), 'recall': array([0.15754286, 0.40957649]), 'ndcg': array([0.16916382, 0.29835942]), 'auc': array([0.])}
2024-06-15 09:58:47,682 - root - INFO - EPOCH[2/60] all_loss: 0.508 | bpr_loss:0.4328456093075103 | rd_loss:0.0281733793339559 | time cost---Sampling: 0.45s--| 
rd_loss-0: 0.03371800476743914 | rd_loss-1: 0.02862672715798601 | rd_loss-2: 0.022175404168872755 |  
2024-06-15 09:59:21,674 - root - INFO - [testing at epoch-2]
2024-06-15 09:59:21,674 - root - INFO - {'precision': array([0.04474595, 0.02341826]), 'recall': array([0.15796403, 0.41160816]), 'ndcg': array([0.16939725, 0.29915983]), 'auc': array([0.])}
2024-06-15 09:59:21,675 - root - INFO - EPOCH[3/60] all_loss: 0.497 | bpr_loss:0.42496799565644344 | rd_loss:0.025750714577112435 | time cost---Sampling: 0.46s--| 
rd_loss-0: 0.03266972446458238 | rd_loss-1: 0.025903980411824137 | rd_loss-2: 0.01867843714433831 |  
2024-06-15 09:59:55,653 - root - INFO - [testing at epoch-3]
2024-06-15 09:59:55,654 - root - INFO - {'precision': array([0.04484199, 0.02347262]), 'recall': array([0.15836345, 0.41272951]), 'ndcg': array([0.1697475 , 0.29970784]), 'auc': array([0.])}
2024-06-15 09:59:55,655 - root - INFO - EPOCH[4/60] all_loss: 0.489 | bpr_loss:0.4181547647615089 | rd_loss:0.024289475442886573 | time cost---Sampling: 0.45s--| 
rd_loss-0: 0.03192953413597728 | rd_loss-1: 0.02420699809969909 | rd_loss-2: 0.016731892378935125 |  
2024-06-15 10:00:29,592 - root - INFO - [testing at epoch-4]
2024-06-15 10:00:29,592 - root - INFO - {'precision': array([0.0450395, 0.0235596]), 'recall': array([0.15908305, 0.41422758]), 'ndcg': array([0.17026636, 0.30049996]), 'auc': array([0.])}
2024-06-15 10:00:29,593 - root - INFO - EPOCH[5/60] all_loss: 0.482 | bpr_loss:0.41287387965561506 | rd_loss:0.023264315483853194 | time cost---Sampling: 0.45s--| 
rd_loss-0: 0.0313392503460064 | rd_loss-1: 0.02298836907326954 | rd_loss-2: 0.015465325133353195 |  
2024-06-15 10:01:03,538 - root - INFO - [testing at epoch-5]
2024-06-15 10:01:03,538 - root - INFO - {'precision': array([0.04516635, 0.02359403]), 'recall': array([0.15950476, 0.41500694]), 'ndcg': array([0.17044912, 0.30076028]), 'auc': array([0.])}
2024-06-15 10:01:03,539 - root - INFO - EPOCH[6/60] all_loss: 0.476 | bpr_loss:0.4082871105984987 | rd_loss:0.0225097607192281 | time cost---Sampling: 0.45s--| 
rd_loss-0: 0.03083911494236156 | rd_loss-1: 0.02208517833590397 | rd_loss-2: 0.01460498711526228 |  
2024-06-15 10:01:37,396 - root - INFO - [testing at epoch-6]
2024-06-15 10:01:37,396 - root - INFO - {'precision': array([0.04530044, 0.02365491]), 'recall': array([0.16000735, 0.41596755]), 'ndcg': array([0.17100165, 0.30148819]), 'auc': array([0.])}
2024-06-15 10:01:37,397 - root - INFO - EPOCH[7/60] all_loss: 0.470 | bpr_loss:0.4037380487224388 | rd_loss:0.021915733758947623 | time cost---Sampling: 0.45s--| 
rd_loss-0: 0.030389563161499645 | rd_loss-1: 0.021373149353133062 | rd_loss-2: 0.013984486861551848 |  
2024-06-15 10:02:11,404 - root - INFO - [testing at epoch-7]
2024-06-15 10:02:11,404 - root - INFO - {'precision': array([0.04533124, 0.02367938]), 'recall': array([0.16018249, 0.41650332]), 'ndcg': array([0.17115636, 0.30177057]), 'auc': array([0.])}
2024-06-15 10:02:11,405 - root - INFO - EPOCH[8/60] all_loss: 0.465 | bpr_loss:0.3994388892168459 | rd_loss:0.021425638123240897 | time cost---Sampling: 0.45s--| 
rd_loss-0: 0.02997347847290738 | rd_loss-1: 0.020792105060644408 | rd_loss-2: 0.013511329035729115 |  
2024-06-15 10:02:45,325 - root - INFO - [testing at epoch-8]
2024-06-15 10:02:45,325 - root - INFO - {'precision': array([0.04550611, 0.02371725]), 'recall': array([0.16075814, 0.41709227]), 'ndcg': array([0.17163464, 0.30222423]), 'auc': array([0.])}
2024-06-15 10:02:45,326 - root - INFO - EPOCH[9/60] all_loss: 0.461 | bpr_loss:0.3959068972790175 | rd_loss:0.021020850667761076 | time cost---Sampling: 0.45s--| 
rd_loss-0: 0.02958948652092402 | rd_loss-1: 0.020309841605888227 | rd_loss-2: 0.013163222077757065 |  
2024-06-15 10:03:19,225 - root - INFO - [testing at epoch-9]
2024-06-15 10:03:19,225 - root - INFO - {'precision': array([0.04555956, 0.02375276]), 'recall': array([0.16096014, 0.41771084]), 'ndcg': array([0.17171162, 0.30239721]), 'auc': array([0.])}
2024-06-15 10:03:19,226 - root - INFO - EPOCH[10/60] all_loss: 0.456 | bpr_loss:0.39171265577119885 | rd_loss:0.020661670365586794 | time cost---Sampling: 0.45s--| 
rd_loss-0: 0.02921717832683964 | rd_loss-1: 0.019888592873577284 | rd_loss-2: 0.01287923781944228 |  
2024-06-15 10:03:53,138 - root - INFO - [testing at epoch-10]
2024-06-15 10:03:53,138 - root - INFO - {'precision': array([0.04566466, 0.02376726]), 'recall': array([0.16128152, 0.41790532]), 'ndcg': array([0.1721513 , 0.30280749]), 'auc': array([0.])}
2024-06-15 10:03:53,139 - root - INFO - EPOCH[11/60] all_loss: 0.451 | bpr_loss:0.38769082666991594 | rd_loss:0.020305550914665543 | time cost---Sampling: 0.45s--| 
rd_loss-0: 0.028822020169672363 | rd_loss-1: 0.019483465466351147 | rd_loss-2: 0.012611165304075588 |  
2024-06-15 10:04:27,027 - root - INFO - [testing at epoch-11]
2024-06-15 10:04:27,028 - root - INFO - {'precision': array([0.04569003, 0.02379571]), 'recall': array([0.16144591, 0.41833331]), 'ndcg': array([0.17245487, 0.30317242]), 'auc': array([0.])}
2024-06-15 10:04:27,029 - root - INFO - EPOCH[12/60] all_loss: 0.448 | bpr_loss:0.3842688870230942 | rd_loss:0.020009843625667365 | time cost---Sampling: 0.45s--| 
rd_loss-0: 0.028469347576429316 | rd_loss-1: 0.019156660566690457 | rd_loss-2: 0.01240352087296504 |  
2024-06-15 10:05:01,078 - root - INFO - [testing at epoch-12]
2024-06-15 10:05:01,078 - root - INFO - {'precision': array([0.04572899, 0.02382035]), 'recall': array([0.16154968, 0.41880491]), 'ndcg': array([0.17239614, 0.30329341]), 'auc': array([0.])}
2024-06-15 10:05:01,079 - root - INFO - EPOCH[13/60] all_loss: 0.444 | bpr_loss:0.38075150049020273 | rd_loss:0.019736937335338132 | time cost---Sampling: 0.45s--| 
rd_loss-0: 0.02811779258755452 | rd_loss-1: 0.018854743436476515 | rd_loss-2: 0.012238274165990734 |  
2024-06-15 10:05:35,167 - root - INFO - [testing at epoch-13]
2024-06-15 10:05:35,168 - root - INFO - {'precision': array([0.0458513 , 0.02385514]), 'recall': array([0.16197933, 0.41935444]), 'ndcg': array([0.17248386, 0.30340547]), 'auc': array([0.])}
2024-06-15 10:05:35,168 - root - INFO - EPOCH[14/60] all_loss: 0.440 | bpr_loss:0.3769100677768021 | rd_loss:0.01945986214451533 | time cost---Sampling: 0.45s--| 
rd_loss-0: 0.027751835636753097 | rd_loss-1: 0.018561805600165657 | rd_loss-2: 0.012065943332254223 |  
2024-06-15 10:06:09,092 - root - INFO - [testing at epoch-14]
2024-06-15 10:06:09,092 - root - INFO - {'precision': array([0.04585493, 0.02386982]), 'recall': array([0.16191356, 0.41965431]), 'ndcg': array([0.17255333, 0.30343156]), 'auc': array([0.])}
2024-06-15 10:06:09,093 - root - INFO - EPOCH[15/60] all_loss: 0.436 | bpr_loss:0.37412328517724497 | rd_loss:0.019195574040287943 | time cost---Sampling: 0.44s--| 
rd_loss-0: 0.02740621972822192 | rd_loss-1: 0.018281543305997284 | rd_loss-2: 0.01189895726892413 |  
2024-06-15 10:06:42,948 - root - INFO - [testing at epoch-15]
2024-06-15 10:06:42,948 - root - INFO - {'precision': array([0.0458966 , 0.02387381]), 'recall': array([0.16218649, 0.419747  ]), 'ndcg': array([0.1727275 , 0.30351911]), 'auc': array([0.])}
2024-06-15 10:06:42,949 - root - INFO - EPOCH[16/60] all_loss: 0.432 | bpr_loss:0.3702709722939139 | rd_loss:0.01895949649857789 | time cost---Sampling: 0.44s--| 
rd_loss-0: 0.027059785430777493 | rd_loss-1: 0.018036984784981315 | rd_loss-2: 0.011781717391411648 |  
2024-06-15 10:07:17,121 - root - INFO - [testing at epoch-16]
2024-06-15 10:07:17,122 - root - INFO - {'precision': array([0.04601076, 0.02386873]), 'recall': array([0.16251687, 0.41961752]), 'ndcg': array([0.17309251, 0.30372273]), 'auc': array([0.])}
2024-06-15 10:07:17,123 - root - INFO - EPOCH[17/60] all_loss: 0.429 | bpr_loss:0.3668973527171395 | rd_loss:0.01871430780565805 | time cost---Sampling: 0.45s--| 
rd_loss-0: 0.026711695259074113 | rd_loss-1: 0.017792068276699487 | rd_loss-2: 0.01163915792697823 |  
2024-06-15 10:07:50,986 - root - INFO - [testing at epoch-17]
2024-06-15 10:07:50,986 - root - INFO - {'precision': array([0.04606966, 0.02386276]), 'recall': array([0.16270719, 0.41951299]), 'ndcg': array([0.17335464, 0.30393237]), 'auc': array([0.])}
2024-06-15 10:07:50,987 - root - INFO - EPOCH[18/60] all_loss: 0.424 | bpr_loss:0.3624792706103847 | rd_loss:0.01846527165849045 | time cost---Sampling: 0.46s--| 
rd_loss-0: 0.026347556315597445 | rd_loss-1: 0.017543136264873124 | rd_loss-2: 0.011505120585919643 |  
2024-06-15 10:08:24,778 - root - INFO - [testing at epoch-18]
2024-06-15 10:08:24,778 - root - INFO - {'precision': array([0.04607419, 0.02388704]), 'recall': array([0.16274478, 0.42006643]), 'ndcg': array([0.17315429, 0.30389153]), 'auc': array([0.])}
2024-06-15 10:08:24,779 - root - INFO - EPOCH[19/60] all_loss: 0.421 | bpr_loss:0.3592806577350744 | rd_loss:0.018242173574187538 | time cost---Sampling: 0.45s--| 
rd_loss-0: 0.025998975504500747 | rd_loss-1: 0.017320270983567927 | rd_loss-2: 0.011407272354570081 |  
2024-06-15 10:08:58,579 - root - INFO - [testing at epoch-19]
2024-06-15 10:08:58,579 - root - INFO - {'precision': array([0.0461666 , 0.02387725]), 'recall': array([0.16312613, 0.41973376]), 'ndcg': array([0.17345205, 0.30377122]), 'auc': array([0.])}
2024-06-15 10:08:58,580 - root - INFO - EPOCH[20/60] all_loss: 0.418 | bpr_loss:0.35662202926867526 | rd_loss:0.018056921439732605 | time cost---Sampling: 0.44s--| 
rd_loss-0: 0.025682528919656115 | rd_loss-1: 0.01713267636376542 | rd_loss-2: 0.011355557211144294 |  
2024-06-15 10:09:32,434 - root - INFO - [testing at epoch-20]
2024-06-15 10:09:32,434 - root - INFO - {'precision': array([0.04616841, 0.02388903]), 'recall': array([0.16299583, 0.41991914]), 'ndcg': array([0.17345638, 0.30402271]), 'auc': array([0.])}
2024-06-15 10:09:32,435 - root - INFO - EPOCH[21/60] all_loss: 0.415 | bpr_loss:0.3530746765282689 | rd_loss:0.017854055413952123 | time cost---Sampling: 0.46s--| 
rd_loss-0: 0.02535484002726861 | rd_loss-1: 0.016939097244797037 | rd_loss-2: 0.011268227290299917 |  
2024-06-15 10:10:06,286 - root - INFO - [testing at epoch-21]
2024-06-15 10:10:06,286 - root - INFO - {'precision': array([0.04618563, 0.02391422]), 'recall': array([0.16308732, 0.42034685]), 'ndcg': array([0.1735461 , 0.30422096]), 'auc': array([0.])}
2024-06-15 10:10:06,287 - root - INFO - EPOCH[22/60] all_loss: 0.411 | bpr_loss:0.34971774669436667 | rd_loss:0.01765798999891653 | time cost---Sampling: 0.46s--| 
rd_loss-0: 0.0250385320591628 | rd_loss-1: 0.016751851803573033 | rd_loss-2: 0.01118358431456538 |  
2024-06-15 10:10:40,285 - root - INFO - [testing at epoch-22]
2024-06-15 10:10:40,286 - root - INFO - {'precision': array([0.04634962, 0.02390606]), 'recall': array([0.16367224, 0.42024762]), 'ndcg': array([0.17395793, 0.30419317]), 'auc': array([0.])}
2024-06-15 10:10:40,286 - root - INFO - EPOCH[23/60] all_loss: 0.408 | bpr_loss:0.3464506251913718 | rd_loss:0.0174510657116909 | time cost---Sampling: 0.45s--| 
rd_loss-0: 0.024698967774137718 | rd_loss-1: 0.0165573209144023 | rd_loss-2: 0.011096906583887527 |  
2024-06-15 10:11:14,261 - root - INFO - [testing at epoch-23]
2024-06-15 10:11:14,262 - root - INFO - {'precision': array([0.04629888, 0.02388124]), 'recall': array([0.16342721, 0.41976344]), 'ndcg': array([0.17396997, 0.30416146]), 'auc': array([0.])}
2024-06-15 10:11:14,263 - root - INFO - EPOCH[24/60] all_loss: 0.405 | bpr_loss:0.3433425121824905 | rd_loss:0.0172631664647408 | time cost---Sampling: 0.45s--| 
rd_loss-0: 0.02437841274355692 | rd_loss-1: 0.016384229692932847 | rd_loss-2: 0.011026855145195752 |  
2024-06-15 10:11:48,039 - root - INFO - [testing at epoch-24]
2024-06-15 10:11:48,039 - root - INFO - {'precision': array([0.04627804, 0.0239028 ]), 'recall': array([0.16339462, 0.42015721]), 'ndcg': array([0.17410884, 0.30437999]), 'auc': array([0.])}
2024-06-15 10:11:48,040 - root - INFO - EPOCH[25/60] all_loss: 0.402 | bpr_loss:0.34042643499949427 | rd_loss:0.017096868472550486 | time cost---Sampling: 0.46s--| 
rd_loss-0: 0.02408269997720705 | rd_loss-1: 0.016230224495224918 | rd_loss-2: 0.01097767909812518 |  
2024-06-15 10:12:21,924 - root - INFO - [testing at epoch-25]
2024-06-15 10:12:21,924 - root - INFO - {'precision': array([0.04628438, 0.02388359]), 'recall': array([0.16344094, 0.4198389 ]), 'ndcg': array([0.17418762, 0.30438625]), 'auc': array([0.])}
2024-06-15 10:12:21,925 - root - INFO - EPOCH[26/60] all_loss: 0.399 | bpr_loss:0.33708138092108253 | rd_loss:0.01691155778054072 | time cost---Sampling: 0.44s--| 
rd_loss-0: 0.023774916209377252 | rd_loss-1: 0.01605687547537303 | rd_loss-2: 0.010902879806321826 |  
2024-06-15 10:12:55,823 - root - INFO - [testing at epoch-26]
2024-06-15 10:12:55,823 - root - INFO - {'precision': array([0.04627985, 0.02391603]), 'recall': array([0.16332119, 0.42027003]), 'ndcg': array([0.17403174, 0.30441517]), 'auc': array([0.])}
2024-06-15 10:12:55,824 - root - INFO - EPOCH[27/60] all_loss: 0.395 | bpr_loss:0.33395785214949625 | rd_loss:0.01673292396987524 | time cost---Sampling: 0.44s--| 
rd_loss-0: 0.02346090765424584 | rd_loss-1: 0.015890530443617275 | rd_loss-2: 0.010847332025143786 |  
2024-06-15 10:13:29,603 - root - INFO - [testing at epoch-27]
2024-06-15 10:13:29,604 - root - INFO - {'precision': array([0.04629344, 0.02389501]), 'recall': array([0.16334847, 0.4199    ]), 'ndcg': array([0.17426841, 0.30446332]), 'auc': array([0.])}
2024-06-15 10:13:29,604 - root - INFO - EPOCH[28/60] all_loss: 0.393 | bpr_loss:0.3312467487601491 | rd_loss:0.016574585903608732 | time cost---Sampling: 0.44s--| 
rd_loss-0: 0.023176340676553837 | rd_loss-1: 0.015749311694920283 | rd_loss-2: 0.010798103592474297 |  
2024-06-15 10:14:03,414 - root - INFO - [testing at epoch-28]
2024-06-15 10:14:03,415 - root - INFO - {'precision': array([0.04627532, 0.02389936]), 'recall': array([0.16327122, 0.41995868]), 'ndcg': array([0.1740926 , 0.30432551]), 'auc': array([0.])}
2024-06-15 10:14:03,415 - root - INFO - EPOCH[29/60] all_loss: 0.389 | bpr_loss:0.3277286315450863 | rd_loss:0.016409754587237157 | time cost---Sampling: 0.44s--| 
rd_loss-0: 0.022888580420104603 | rd_loss-1: 0.015604074232294077 | rd_loss-2: 0.010736607170641312 |  
2024-06-15 10:14:37,218 - root - INFO - [testing at epoch-29]
2024-06-15 10:14:37,218 - root - INFO - {'precision': array([0.04636049, 0.02391114]), 'recall': array([0.16359376, 0.42015273]), 'ndcg': array([0.17466958, 0.30469018]), 'auc': array([0.])}
2024-06-15 10:14:37,219 - root - INFO - EPOCH[30/60] all_loss: 0.387 | bpr_loss:0.32560881419394144 | rd_loss:0.016260111849609907 | time cost---Sampling: 0.44s--| 
rd_loss-0: 0.02260826238826719 | rd_loss-1: 0.01546865960164946 | rd_loss-2: 0.010703411551126744 |  
2024-06-15 10:15:11,023 - root - INFO - [testing at epoch-30]
2024-06-15 10:15:11,024 - root - INFO - {'precision': array([0.0463614 , 0.02391367]), 'recall': array([0.16359461, 0.42027091]), 'ndcg': array([0.17445739, 0.30460177]), 'auc': array([0.])}
2024-06-15 10:15:11,025 - root - INFO - EPOCH[31/60] all_loss: 0.385 | bpr_loss:0.32281510313499395 | rd_loss:0.016099367511902756 | time cost---Sampling: 0.44s--| 
rd_loss-0: 0.022319388021205262 | rd_loss-1: 0.015324208375709287 | rd_loss-2: 0.010654504426473367 |  
2024-06-15 10:15:44,969 - root - INFO - [testing at epoch-31]
2024-06-15 10:15:44,969 - root - INFO - {'precision': array([0.04640942, 0.02387924]), 'recall': array([0.16373888, 0.4196413 ]), 'ndcg': array([0.17468299, 0.30450256]), 'auc': array([0.])}
2024-06-15 10:15:44,970 - root - INFO - EPOCH[32/60] all_loss: 0.382 | bpr_loss:0.31990807806184873 | rd_loss:0.015960754741999237 | time cost---Sampling: 0.45s--| 
rd_loss-0: 0.022050522948599702 | rd_loss-1: 0.015206362685821052 | rd_loss-2: 0.010625376713380964 |  
2024-06-15 10:16:21,812 - root - INFO - [testing at epoch-32]
2024-06-15 10:16:21,812 - root - INFO - {'precision': array([0.04631972, 0.02389374]), 'recall': array([0.16342951, 0.41991521]), 'ndcg': array([0.17410547, 0.30418045]), 'auc': array([0.])}
2024-06-15 10:16:21,813 - root - INFO - EPOCH[33/60] all_loss: 0.379 | bpr_loss:0.31673483260266194 | rd_loss:0.01580254968380165 | time cost---Sampling: 0.44s--| 
rd_loss-0: 0.021771705780240513 | rd_loss-1: 0.015072747156134563 | rd_loss-2: 0.010563194148712455 |  
2024-06-15 10:17:02,103 - root - INFO - [testing at epoch-33]
2024-06-15 10:17:02,103 - root - INFO - {'precision': array([0.04633422, 0.02385406]), 'recall': array([0.16344816, 0.41915307]), 'ndcg': array([0.17421802, 0.30414107]), 'auc': array([0.])}
2024-06-15 10:17:02,104 - root - INFO - EPOCH[34/60] all_loss: 0.376 | bpr_loss:0.3140385923889882 | rd_loss:0.015660831096525094 | time cost---Sampling: 0.44s--| 
rd_loss-0: 0.02150942456039405 | rd_loss-1: 0.014954048155328338 | rd_loss-2: 0.010519018939286747 |  
2024-06-15 10:17:40,950 - root - INFO - [testing at epoch-34]
2024-06-15 10:17:40,950 - root - INFO - {'precision': array([0.04635687, 0.02384862]), 'recall': array([0.16357218, 0.41898561]), 'ndcg': array([0.17460424, 0.30422846]), 'auc': array([0.])}
2024-06-15 10:17:40,951 - root - INFO - EPOCH[35/60] all_loss: 0.373 | bpr_loss:0.31094643694792695 | rd_loss:0.015502998261524154 | time cost---Sampling: 0.44s--| 
rd_loss-0: 0.021222703487150964 | rd_loss-1: 0.01482250464731112 | rd_loss-2: 0.010463785449239893 |  
2024-06-15 10:18:24,783 - root - INFO - [testing at epoch-35]
2024-06-15 10:18:24,783 - root - INFO - {'precision': array([0.04632787, 0.02385206]), 'recall': array([0.16350084, 0.41898754]), 'ndcg': array([0.17436214, 0.30410902]), 'auc': array([0.])}
2024-06-15 10:18:24,784 - root - INFO - EPOCH[36/60] all_loss: 0.371 | bpr_loss:0.3084316259191297 | rd_loss:0.01535551402379166 | time cost---Sampling: 0.44s--| 
rd_loss-0: 0.020960249898329737 | rd_loss-1: 0.014694342360328986 | rd_loss-2: 0.010411948876210069 |  
2024-06-15 10:19:03,305 - root - INFO - [testing at epoch-36]
2024-06-15 10:19:03,305 - root - INFO - {'precision': array([0.04638676, 0.02389664]), 'recall': array([0.16362952, 0.41983293]), 'ndcg': array([0.1740106 , 0.30396278]), 'auc': array([0.])}
2024-06-15 10:19:03,306 - root - INFO - EPOCH[37/60] all_loss: 0.368 | bpr_loss:0.3059349718584864 | rd_loss:0.015227102726379994 | time cost---Sampling: 0.44s--| 
rd_loss-0: 0.020717105933625756 | rd_loss-1: 0.014584949577023346 | rd_loss-2: 0.010379251821833992 |  
2024-06-15 10:19:47,191 - root - INFO - [testing at epoch-37]
2024-06-15 10:19:47,192 - root - INFO - {'precision': array([0.04646106, 0.0238363 ]), 'recall': array([0.16392585, 0.41873578]), 'ndcg': array([0.17457193, 0.30390833]), 'auc': array([0.])}
2024-06-15 10:19:47,192 - root - INFO - EPOCH[38/60] all_loss: 0.366 | bpr_loss:0.30311972981038915 | rd_loss:0.01509871400014976 | time cost---Sampling: 0.45s--| 
rd_loss-0: 0.020476701819719764 | rd_loss-1: 0.014475937708106465 | rd_loss-2: 0.010343501465274142 |  
2024-06-15 10:20:26,556 - root - INFO - [testing at epoch-38]
2024-06-15 10:20:26,556 - root - INFO - {'precision': array([0.04636049, 0.02383304]), 'recall': array([0.16349615, 0.41872696]), 'ndcg': array([0.17427239, 0.3037432 ]), 'auc': array([0.])}
2024-06-15 10:20:26,557 - root - INFO - EPOCH[39/60] all_loss: 0.363 | bpr_loss:0.3003444413417788 | rd_loss:0.014975221285074673 | time cost---Sampling: 0.44s--| 
rd_loss-0: 0.02023333599289848 | rd_loss-1: 0.014369835004086066 | rd_loss-2: 0.010322491935556254 |  
2024-06-15 10:21:09,210 - root - INFO - [testing at epoch-39]
2024-06-15 10:21:09,210 - root - INFO - {'precision': array([0.04642391, 0.02381619]), 'recall': array([0.16375397, 0.41835251]), 'ndcg': array([0.17422843, 0.30351992]), 'auc': array([0.])}
2024-06-15 10:21:09,211 - root - INFO - EPOCH[40/60] all_loss: 0.361 | bpr_loss:0.2981788881523932 | rd_loss:0.014847430054976126 | time cost---Sampling: 0.44s--| 
rd_loss-0: 0.01999307430395943 | rd_loss-1: 0.014258595496236393 | rd_loss-2: 0.01029061947315102 |  
2024-06-15 10:21:48,190 - root - INFO - [testing at epoch-40]
2024-06-15 10:21:48,190 - root - INFO - {'precision': array([0.04633059, 0.0238064 ]), 'recall': array([0.16345131, 0.41809018]), 'ndcg': array([0.17404291, 0.30329204]), 'auc': array([0.])}
2024-06-15 10:21:48,191 - root - INFO - EPOCH[41/60] all_loss: 0.359 | bpr_loss:0.29587695041260165 | rd_loss:0.014722139533118437 | time cost---Sampling: 0.44s--| 
rd_loss-0: 0.019753685037921666 | rd_loss-1: 0.014154043551430741 | rd_loss-2: 0.010258689161618146 |  
2024-06-15 10:22:32,024 - root - INFO - [testing at epoch-41]
2024-06-15 10:22:32,025 - root - INFO - {'precision': array([0.04618744, 0.02380096]), 'recall': array([0.16292571, 0.41802561]), 'ndcg': array([0.17349957, 0.30325135]), 'auc': array([0.])}
2024-06-15 10:22:32,025 - root - INFO - EPOCH[42/60] all_loss: 0.357 | bpr_loss:0.29378599276790374 | rd_loss:0.014617267152871625 | time cost---Sampling: 0.45s--| 
rd_loss-0: 0.019534930524611516 | rd_loss-1: 0.014071162985309488 | rd_loss-2: 0.010245707086486144 |  
2024-06-15 10:23:10,844 - root - INFO - [testing at epoch-42]
2024-06-15 10:23:10,844 - root - INFO - {'precision': array([0.04624361, 0.02377161]), 'recall': array([0.16302738, 0.41747416]), 'ndcg': array([0.17384534, 0.30306396]), 'auc': array([0.])}
2024-06-15 10:23:10,845 - root - INFO - EPOCH[43/60] all_loss: 0.354 | bpr_loss:0.29104764248090687 | rd_loss:0.014504174045278434 | time cost---Sampling: 0.45s--| 
rd_loss-0: 0.019314272197893025 | rd_loss-1: 0.013976212635857497 | rd_loss-2: 0.010222036332749037 |  
2024-06-15 10:23:55,026 - root - INFO - [testing at epoch-43]
2024-06-15 10:23:55,026 - root - INFO - {'precision': array([0.04620647, 0.02380477]), 'recall': array([0.16293686, 0.41807982]), 'ndcg': array([0.17357915, 0.30316002]), 'auc': array([0.])}
2024-06-15 10:23:55,027 - root - INFO - EPOCH[44/60] all_loss: 0.352 | bpr_loss:0.28917784477430286 | rd_loss:0.01441726889392164 | time cost---Sampling: 0.44s--| 
rd_loss-0: 0.01911991092001463 | rd_loss-1: 0.013911306816593836 | rd_loss-2: 0.010220587977548587 |  
2024-06-15 10:24:33,333 - root - INFO - [testing at epoch-44]
2024-06-15 10:24:33,334 - root - INFO - {'precision': array([0.04609321, 0.02375639]), 'recall': array([0.16257668, 0.41726429]), 'ndcg': array([0.17326246, 0.30263427]), 'auc': array([0.])}
2024-06-15 10:24:33,334 - root - INFO - EPOCH[45/60] all_loss: 0.350 | bpr_loss:0.28656696101066575 | rd_loss:0.0142911729404568 | time cost---Sampling: 0.44s--| 
rd_loss-0: 0.018889955851441192 | rd_loss-1: 0.013813408682596263 | rd_loss-2: 0.010170153309357851 |  
2024-06-15 10:25:18,317 - root - INFO - [testing at epoch-45]
2024-06-15 10:25:18,317 - root - INFO - {'precision': array([0.04623274, 0.02376364]), 'recall': array([0.16299163, 0.41745464]), 'ndcg': array([0.17373301, 0.30298474]), 'auc': array([0.])}
2024-06-15 10:25:18,318 - root - INFO - EPOCH[46/60] all_loss: 0.348 | bpr_loss:0.2844403016766281 | rd_loss:0.01418852383281227 | time cost---Sampling: 0.44s--| 
rd_loss-0: 0.01869203666560283 | rd_loss-1: 0.013733292504771852 | rd_loss-2: 0.010140241379460842 |  
2024-06-15 10:25:56,935 - root - INFO - [testing at epoch-46]
2024-06-15 10:25:56,935 - root - INFO - {'precision': array([0.04616479, 0.02378067]), 'recall': array([0.1627886 , 0.41761694]), 'ndcg': array([0.17337106, 0.30282749]), 'auc': array([0.])}
2024-06-15 10:25:56,936 - root - INFO - EPOCH[47/60] all_loss: 0.346 | bpr_loss:0.2821438321377218 | rd_loss:0.014082125495213857 | time cost---Sampling: 0.44s--| 
rd_loss-0: 0.018481544151570446 | rd_loss-1: 0.01365299695318285 | rd_loss-2: 0.010111834404641046 |  
2024-06-15 10:26:41,813 - root - INFO - [testing at epoch-47]
2024-06-15 10:26:41,813 - root - INFO - {'precision': array([0.0461521, 0.023764 ]), 'recall': array([0.16278117, 0.41737374]), 'ndcg': array([0.17318507, 0.30264808]), 'auc': array([0.])}
2024-06-15 10:26:41,814 - root - INFO - EPOCH[48/60] all_loss: 0.343 | bpr_loss:0.2795152691277591 | rd_loss:0.013981181283261979 | time cost---Sampling: 0.44s--| 
rd_loss-0: 0.018285693517835995 | rd_loss-1: 0.013572791923037928 | rd_loss-2: 0.01008505759162894 |  
2024-06-15 10:27:20,606 - root - INFO - [testing at epoch-48]
2024-06-15 10:27:20,606 - root - INFO - {'precision': array([0.04615392, 0.02375747]), 'recall': array([0.1627307 , 0.41733483]), 'ndcg': array([0.17304815, 0.30240659]), 'auc': array([0.])}
2024-06-15 10:27:20,607 - root - INFO - EPOCH[49/60] all_loss: 0.341 | bpr_loss:0.2775689010164512 | rd_loss:0.013852365107615935 | time cost---Sampling: 0.44s--| 
rd_loss-0: 0.018067918413755844 | rd_loss-1: 0.013462453121613151 | rd_loss-2: 0.010026722840605396 |  
2024-06-15 10:28:04,389 - root - INFO - [testing at epoch-49]
2024-06-15 10:28:04,389 - root - INFO - {'precision': array([0.04612674, 0.02370583]), 'recall': array([0.16261452, 0.41633035]), 'ndcg': array([0.17310376, 0.30216902]), 'auc': array([0.])}
2024-06-15 10:28:04,390 - root - INFO - EPOCH[50/60] all_loss: 0.339 | bpr_loss:0.2753906091312309 | rd_loss:0.013753767113213414 | time cost---Sampling: 0.44s--| 
rd_loss-0: 0.01788035718679207 | rd_loss-1: 0.013383408417451802 | rd_loss-2: 0.00999753477642786 |  
2024-06-15 10:28:42,992 - root - INFO - [testing at epoch-50]
2024-06-15 10:28:42,992 - root - INFO - {'precision': array([0.04614214, 0.02369985]), 'recall': array([0.16276193, 0.41614285]), 'ndcg': array([0.17316068, 0.30214936]), 'auc': array([0.])}
2024-06-15 10:28:42,993 - root - INFO - EPOCH[51/60] all_loss: 0.337 | bpr_loss:0.27344864922021006 | rd_loss:0.013661238150619289 | time cost---Sampling: 0.43s--| 
rd_loss-0: 0.017698305328972708 | rd_loss-1: 0.013310280011652352 | rd_loss-2: 0.009975128109067512 |  
2024-06-15 10:29:27,147 - root - INFO - [testing at epoch-51]
2024-06-15 10:29:27,147 - root - INFO - {'precision': array([0.04610046, 0.02370456]), 'recall': array([0.16249325, 0.41632723]), 'ndcg': array([0.17329227, 0.30233913]), 'auc': array([0.])}
2024-06-15 10:29:27,148 - root - INFO - EPOCH[52/60] all_loss: 0.335 | bpr_loss:0.27114012654946773 | rd_loss:0.013567158601597532 | time cost---Sampling: 0.44s--| 
rd_loss-0: 0.017517574494341753 | rd_loss-1: 0.013238164577253011 | rd_loss-2: 0.009945735845072039 |  
2024-06-15 10:30:05,870 - root - INFO - [testing at epoch-52]
2024-06-15 10:30:05,870 - root - INFO - {'precision': array([0.0461666 , 0.02368046]), 'recall': array([0.16271508, 0.41579792]), 'ndcg': array([0.17293075, 0.30179167]), 'auc': array([0.])}
2024-06-15 10:30:05,871 - root - INFO - EPOCH[53/60] all_loss: 0.334 | bpr_loss:0.2696152861352754 | rd_loss:0.013480783403887376 | time cost---Sampling: 0.44s--| 
rd_loss-0: 0.01734065275176226 | rd_loss-1: 0.013176349620637181 | rd_loss-2: 0.009925346952864766 |  
2024-06-15 10:30:50,266 - root - INFO - [testing at epoch-53]
2024-06-15 10:30:50,267 - root - INFO - {'precision': array([0.04607056, 0.02365527]), 'recall': array([0.1623498 , 0.41538765]), 'ndcg': array([0.17299113, 0.3018884 ]), 'auc': array([0.])}
2024-06-15 10:30:50,267 - root - INFO - EPOCH[54/60] all_loss: 0.332 | bpr_loss:0.26779638111923093 | rd_loss:0.013405747848160302 | time cost---Sampling: 0.44s--| 
rd_loss-0: 0.017178048547322765 | rd_loss-1: 0.013118441287490344 | rd_loss-2: 0.009920752795623936 |  
2024-06-15 10:31:28,527 - root - INFO - [testing at epoch-54]
2024-06-15 10:31:28,527 - root - INFO - {'precision': array([0.04602526, 0.0236473 ]), 'recall': array([0.16222302, 0.4152547 ]), 'ndcg': array([0.17293578, 0.30190424]), 'auc': array([0.])}
2024-06-15 10:31:28,528 - root - INFO - EPOCH[55/60] all_loss: 0.330 | bpr_loss:0.2653603990024892 | rd_loss:0.013324133312270902 | time cost---Sampling: 0.44s--| 
rd_loss-0: 0.017006157878406192 | rd_loss-1: 0.013055546572069069 | rd_loss-2: 0.00991069458438868 |  
2024-06-15 10:32:13,786 - root - INFO - [testing at epoch-55]
2024-06-15 10:32:13,786 - root - INFO - {'precision': array([0.04602888, 0.02364277]), 'recall': array([0.16222541, 0.41515426]), 'ndcg': array([0.172901  , 0.30167476]), 'auc': array([0.])}
2024-06-15 10:32:13,787 - root - INFO - EPOCH[56/60] all_loss: 0.329 | bpr_loss:0.2638457289763859 | rd_loss:0.013228981099082831 | time cost---Sampling: 0.44s--| 
rd_loss-0: 0.01683317332188141 | rd_loss-1: 0.0129864778773987 | rd_loss-2: 0.009867291012865272 |  
2024-06-15 10:32:52,264 - root - INFO - [testing at epoch-56]
2024-06-15 10:32:52,264 - root - INFO - {'precision': array([0.04608325, 0.02362991]), 'recall': array([0.1623626, 0.4149487]), 'ndcg': array([0.17290015, 0.30144679]), 'auc': array([0.])}
2024-06-15 10:32:52,265 - root - INFO - EPOCH[57/60] all_loss: 0.327 | bpr_loss:0.2623699286430798 | rd_loss:0.013151755197066987 | time cost---Sampling: 0.43s--| 
rd_loss-0: 0.016670851195870393 | rd_loss-1: 0.012933292980815572 | rd_loss-2: 0.009851120389887376 |  
2024-06-15 10:33:37,410 - root - INFO - [testing at epoch-57]
2024-06-15 10:33:37,410 - root - INFO - {'precision': array([0.04612311, 0.0236194 ]), 'recall': array([0.16257523, 0.41478516]), 'ndcg': array([0.1729651, 0.3013942]), 'auc': array([0.])}
2024-06-15 10:33:37,411 - root - INFO - EPOCH[58/60] all_loss: 0.325 | bpr_loss:0.26040875416850334 | rd_loss:0.013073166687186662 | time cost---Sampling: 0.44s--| 
rd_loss-0: 0.016517086082409396 | rd_loss-1: 0.012870833597358503 | rd_loss-2: 0.009831579357164468 |  
2024-06-15 10:34:16,461 - root - INFO - [testing at epoch-58]
2024-06-15 10:34:16,461 - root - INFO - {'precision': array([0.04605425, 0.02360889]), 'recall': array([0.16226475, 0.41457809]), 'ndcg': array([0.17303928, 0.30133116]), 'auc': array([0.])}
2024-06-15 10:34:16,462 - root - INFO - EPOCH[59/60] all_loss: 0.324 | bpr_loss:0.25926449236931737 | rd_loss:0.013005025356537999 | time cost---Sampling: 0.44s--| 
rd_loss-0: 0.01637396758252924 | rd_loss-1: 0.012818619240842525 | rd_loss-2: 0.009822488454877225 |  
2024-06-15 10:34:59,938 - root - INFO - [testing at epoch-59]
2024-06-15 10:34:59,939 - root - INFO - {'precision': array([0.04605606, 0.02357989]), 'recall': array([0.16229374, 0.41399897]), 'ndcg': array([0.17295747, 0.30118516]), 'auc': array([0.])}
2024-06-15 10:34:59,939 - root - INFO - EPOCH[60/60] all_loss: 0.322 | bpr_loss:0.25675643853331764 | rd_loss:0.012937480312511187 | time cost---Sampling: 0.45s--| 
rd_loss-0: 0.01622421969357249 | rd_loss-1: 0.012765658613301275 | rd_loss-2: 0.009822561716615932 |  
2024-06-15 10:34:59,939 - root - INFO - 06-15-09h57m38s:  0.16392584656080886

