2024-05-19 17:29:03,692 - root - INFO - Namespace(R=100, compute_rank=1, dataset='movie', dim=256, epoch=100, eps=1e-20, layers=2, lmd2=0.1, lr=0.001, model='bgr', neg_ratio=32, norm_a=1.0, save_embed=1, seed=2021, tensorboard=True, test_batch=100, test_file='test.txt', topks=[20, 100], train_batch=2048, train_file='train.txt', weight=0.0001)
2024-05-19 17:29:11,758 - root - INFO - [testing at epoch-0]
2024-05-19 17:29:11,758 - root - INFO - {'precision': array([0.04524007, 0.02662252]), 'recall': array([0.04290196, 0.11319273]), 'ndcg': array([0.16326818, 0.29606718]), 'auc': array([0.])}
2024-05-19 17:29:11,759 - root - INFO - EPOCH[1/100] all_loss: 0.699 | time cost---Sampling: 1.06s--| 
2024-05-19 17:29:11,759 - root - INFO - Summary at recall = 0.04290195535563189
2024-05-19 17:29:19,873 - root - INFO - [testing at epoch-1]
2024-05-19 17:29:19,873 - root - INFO - {'precision': array([0.17997517, 0.08381954]), 'recall': array([0.17540789, 0.37438086]), 'ndcg': array([0.35630602, 0.54984816]), 'auc': array([0.])}
2024-05-19 17:29:19,874 - root - INFO - EPOCH[2/100] all_loss: 0.693 | time cost---Sampling: 1.08s--| 
2024-05-19 17:29:19,874 - root - INFO - Summary at recall = 0.17540788731612775
2024-05-19 17:29:27,897 - root - INFO - [testing at epoch-2]
2024-05-19 17:29:27,898 - root - INFO - {'precision': array([0.23799669, 0.11577483]), 'recall': array([0.21581006, 0.47147079]), 'ndcg': array([0.39991278, 0.60938551]), 'auc': array([0.])}
2024-05-19 17:29:27,898 - root - INFO - EPOCH[3/100] all_loss: 0.686 | time cost---Sampling: 1.06s--| 
2024-05-19 17:29:27,898 - root - INFO - Summary at recall = 0.21581005888955265
2024-05-19 17:29:35,832 - root - INFO - [testing at epoch-3]
2024-05-19 17:29:35,832 - root - INFO - {'precision': array([0.25798013, 0.12764238]), 'recall': array([0.22938648, 0.50100687]), 'ndcg': array([0.41681875, 0.62638439]), 'auc': array([0.])}
2024-05-19 17:29:35,833 - root - INFO - EPOCH[4/100] all_loss: 0.675 | time cost---Sampling: 1.07s--| 
2024-05-19 17:29:35,833 - root - INFO - Summary at recall = 0.22938647808911342
2024-05-19 17:29:43,761 - root - INFO - [testing at epoch-4]
2024-05-19 17:29:43,761 - root - INFO - {'precision': array([0.26615894, 0.13154305]), 'recall': array([0.23714843, 0.51166425]), 'ndcg': array([0.42582112, 0.63340974]), 'auc': array([0.])}
2024-05-19 17:29:43,761 - root - INFO - EPOCH[5/100] all_loss: 0.661 | time cost---Sampling: 1.08s--| 
2024-05-19 17:29:43,761 - root - INFO - Summary at recall = 0.23714843349346248
2024-05-19 17:29:51,702 - root - INFO - [testing at epoch-5]
2024-05-19 17:29:51,702 - root - INFO - {'precision': array([0.2721606 , 0.13404636]), 'recall': array([0.24264111, 0.51716934]), 'ndcg': array([0.43313426, 0.63883218]), 'auc': array([0.])}
2024-05-19 17:29:51,703 - root - INFO - EPOCH[6/100] all_loss: 0.646 | time cost---Sampling: 1.10s--| 
2024-05-19 17:29:51,703 - root - INFO - Summary at recall = 0.24264111331246108
2024-05-19 17:29:59,792 - root - INFO - [testing at epoch-6]
2024-05-19 17:29:59,792 - root - INFO - {'precision': array([0.27442053, 0.13505795]), 'recall': array([0.24457318, 0.51987983]), 'ndcg': array([0.43648007, 0.64180845]), 'auc': array([0.])}
2024-05-19 17:29:59,793 - root - INFO - EPOCH[7/100] all_loss: 0.630 | time cost---Sampling: 1.09s--| 
2024-05-19 17:29:59,793 - root - INFO - Summary at recall = 0.2445731785337384
2024-05-19 17:30:07,717 - root - INFO - [testing at epoch-7]
2024-05-19 17:30:07,717 - root - INFO - {'precision': array([0.27661424, 0.13562748]), 'recall': array([0.24629525, 0.52023579]), 'ndcg': array([0.44085591, 0.64505552]), 'auc': array([0.])}
2024-05-19 17:30:07,718 - root - INFO - EPOCH[8/100] all_loss: 0.615 | time cost---Sampling: 1.08s--| 
2024-05-19 17:30:07,718 - root - INFO - Summary at recall = 0.2462952534180927
2024-05-19 17:30:15,757 - root - INFO - [testing at epoch-8]
2024-05-19 17:30:15,757 - root - INFO - {'precision': array([0.27733444, 0.13601656]), 'recall': array([0.24681587, 0.51937804]), 'ndcg': array([0.44244856, 0.64576516]), 'auc': array([0.])}
2024-05-19 17:30:15,757 - root - INFO - EPOCH[9/100] all_loss: 0.600 | time cost---Sampling: 1.07s--| 
2024-05-19 17:30:15,757 - root - INFO - Summary at recall = 0.24681587485280584
2024-05-19 17:30:23,830 - root - INFO - [testing at epoch-9]
2024-05-19 17:30:23,830 - root - INFO - {'precision': array([0.27698675, 0.13564901]), 'recall': array([0.24543065, 0.51698806]), 'ndcg': array([0.44294194, 0.64614303]), 'auc': array([0.])}
2024-05-19 17:30:23,830 - root - INFO - EPOCH[10/100] all_loss: 0.586 | time cost---Sampling: 1.11s--| 
2024-05-19 17:30:31,717 - root - INFO - [testing at epoch-10]
2024-05-19 17:30:31,717 - root - INFO - {'precision': array([0.27751656, 0.13600166]), 'recall': array([0.24509871, 0.51498974]), 'ndcg': array([0.44314911, 0.64526935]), 'auc': array([0.])}
2024-05-19 17:30:31,718 - root - INFO - EPOCH[11/100] all_loss: 0.572 | time cost---Sampling: 1.06s--| 
2024-05-19 17:30:39,545 - root - INFO - [testing at epoch-11]
2024-05-19 17:30:39,545 - root - INFO - {'precision': array([0.27679636, 0.13568212]), 'recall': array([0.24368422, 0.51235282]), 'ndcg': array([0.44273563, 0.64450636]), 'auc': array([0.])}
2024-05-19 17:30:39,545 - root - INFO - EPOCH[12/100] all_loss: 0.559 | time cost---Sampling: 1.06s--| 
2024-05-19 17:30:47,449 - root - INFO - [testing at epoch-12]
2024-05-19 17:30:47,449 - root - INFO - {'precision': array([0.2756457 , 0.13531954]), 'recall': array([0.24125162, 0.50893883]), 'ndcg': array([0.44003922, 0.64158781]), 'auc': array([0.])}
2024-05-19 17:30:47,450 - root - INFO - EPOCH[13/100] all_loss: 0.547 | time cost---Sampling: 1.06s--| 
2024-05-19 17:30:55,457 - root - INFO - [testing at epoch-13]
2024-05-19 17:30:55,457 - root - INFO - {'precision': array([0.27379139, 0.13499503]), 'recall': array([0.23881836, 0.50466454]), 'ndcg': array([0.43805357, 0.63981792]), 'auc': array([0.])}
2024-05-19 17:30:55,458 - root - INFO - EPOCH[14/100] all_loss: 0.535 | time cost---Sampling: 1.07s--| 
2024-05-19 17:31:03,470 - root - INFO - [testing at epoch-14]
2024-05-19 17:31:03,470 - root - INFO - {'precision': array([0.27133278, 0.13422848]), 'recall': array([0.23560079, 0.50095727]), 'ndcg': array([0.4348773 , 0.63725343]), 'auc': array([0.])}
2024-05-19 17:31:03,471 - root - INFO - EPOCH[15/100] all_loss: 0.523 | time cost---Sampling: 1.06s--| 
2024-05-19 17:31:11,510 - root - INFO - [testing at epoch-15]
2024-05-19 17:31:11,510 - root - INFO - {'precision': array([0.27025662, 0.13387583]), 'recall': array([0.2334266 , 0.49731769]), 'ndcg': array([0.433282  , 0.63493239]), 'auc': array([0.])}
2024-05-19 17:31:11,511 - root - INFO - EPOCH[16/100] all_loss: 0.512 | time cost---Sampling: 1.07s--| 
2024-05-19 17:31:19,540 - root - INFO - [testing at epoch-16]
2024-05-19 17:31:19,540 - root - INFO - {'precision': array([0.26884106, 0.13367715]), 'recall': array([0.23041155, 0.4943533 ]), 'ndcg': array([0.42987983, 0.63202084]), 'auc': array([0.])}
2024-05-19 17:31:19,541 - root - INFO - EPOCH[17/100] all_loss: 0.502 | time cost---Sampling: 1.07s--| 
2024-05-19 17:31:27,585 - root - INFO - [testing at epoch-17]
2024-05-19 17:31:27,585 - root - INFO - {'precision': array([0.26663907, 0.13314238]), 'recall': array([0.22698644, 0.49007025]), 'ndcg': array([0.42685815, 0.62912426]), 'auc': array([0.])}
2024-05-19 17:31:27,585 - root - INFO - EPOCH[18/100] all_loss: 0.492 | time cost---Sampling: 1.08s--| 
2024-05-19 17:31:35,582 - root - INFO - [testing at epoch-18]
2024-05-19 17:31:35,582 - root - INFO - {'precision': array([0.26478477, 0.13257616]), 'recall': array([0.22429981, 0.48637426]), 'ndcg': array([0.42340125, 0.62576658]), 'auc': array([0.])}
2024-05-19 17:31:35,582 - root - INFO - EPOCH[19/100] all_loss: 0.482 | time cost---Sampling: 1.10s--| 
2024-05-19 17:31:43,437 - root - INFO - [testing at epoch-19]
2024-05-19 17:31:43,437 - root - INFO - {'precision': array([0.26375   , 0.13215232]), 'recall': array([0.22164716, 0.48180492]), 'ndcg': array([0.42291201, 0.62460777]), 'auc': array([0.])}
2024-05-19 17:31:43,438 - root - INFO - EPOCH[20/100] all_loss: 0.474 | time cost---Sampling: 1.07s--| 
2024-05-19 17:31:51,462 - root - INFO - [testing at epoch-20]
2024-05-19 17:31:51,462 - root - INFO - {'precision': array([0.26086921, 0.13157285]), 'recall': array([0.21793483, 0.47749533]), 'ndcg': array([0.41877   , 0.62130759]), 'auc': array([0.])}
2024-05-19 17:31:51,463 - root - INFO - EPOCH[21/100] all_loss: 0.465 | time cost---Sampling: 1.08s--| 
2024-05-19 17:31:59,499 - root - INFO - [testing at epoch-21]
2024-05-19 17:31:59,499 - root - INFO - {'precision': array([0.26031457, 0.13154967]), 'recall': array([0.2159311 , 0.47440399]), 'ndcg': array([0.41574041, 0.61798762]), 'auc': array([0.])}
2024-05-19 17:31:59,500 - root - INFO - EPOCH[22/100] all_loss: 0.456 | time cost---Sampling: 1.09s--| 
2024-05-19 17:32:07,501 - root - INFO - [testing at epoch-22]
2024-05-19 17:32:07,501 - root - INFO - {'precision': array([0.25788907, 0.13032119]), 'recall': array([0.21281905, 0.46885145]), 'ndcg': array([0.41257148, 0.61478934]), 'auc': array([0.])}
2024-05-19 17:32:07,502 - root - INFO - EPOCH[23/100] all_loss: 0.448 | time cost---Sampling: 1.08s--| 
2024-05-19 17:32:15,514 - root - INFO - [testing at epoch-23]
2024-05-19 17:32:15,514 - root - INFO - {'precision': array([0.25700331, 0.13015232]), 'recall': array([0.21030719, 0.46446507]), 'ndcg': array([0.41046002, 0.61181247]), 'auc': array([0.])}
2024-05-19 17:32:15,515 - root - INFO - EPOCH[24/100] all_loss: 0.441 | time cost---Sampling: 1.06s--| 
2024-05-19 17:32:23,479 - root - INFO - [testing at epoch-24]
2024-05-19 17:32:23,479 - root - INFO - {'precision': array([0.2556457 , 0.12960762]), 'recall': array([0.20750282, 0.46003746]), 'ndcg': array([0.4072961 , 0.60880498]), 'auc': array([0.])}
2024-05-19 17:32:23,480 - root - INFO - EPOCH[25/100] all_loss: 0.434 | time cost---Sampling: 1.18s--| 
2024-05-19 17:32:31,405 - root - INFO - [testing at epoch-25]
2024-05-19 17:32:31,405 - root - INFO - {'precision': array([0.25430464, 0.12919702]), 'recall': array([0.20445349, 0.45576995]), 'ndcg': array([0.40497761, 0.60622086]), 'auc': array([0.])}
2024-05-19 17:32:31,406 - root - INFO - EPOCH[26/100] all_loss: 0.426 | time cost---Sampling: 1.09s--| 
2024-05-19 17:32:39,417 - root - INFO - [testing at epoch-26]
2024-05-19 17:32:39,417 - root - INFO - {'precision': array([0.25207781, 0.12886424]), 'recall': array([0.20144293, 0.45187573]), 'ndcg': array([0.40150435, 0.60308895]), 'auc': array([0.])}
2024-05-19 17:32:39,417 - root - INFO - EPOCH[27/100] all_loss: 0.420 | time cost---Sampling: 1.07s--| 
2024-05-19 17:32:47,414 - root - INFO - [testing at epoch-27]
2024-05-19 17:32:47,414 - root - INFO - {'precision': array([0.25103477, 0.12886589]), 'recall': array([0.19898449, 0.44825698]), 'ndcg': array([0.39969059, 0.60081869]), 'auc': array([0.])}
2024-05-19 17:32:47,415 - root - INFO - EPOCH[28/100] all_loss: 0.413 | time cost---Sampling: 1.07s--| 
2024-05-19 17:32:55,409 - root - INFO - [testing at epoch-28]
2024-05-19 17:32:55,409 - root - INFO - {'precision': array([0.24947848, 0.12773675]), 'recall': array([0.19653264, 0.44320483]), 'ndcg': array([0.39709999, 0.59767717]), 'auc': array([0.])}
2024-05-19 17:32:55,410 - root - INFO - EPOCH[29/100] all_loss: 0.407 | time cost---Sampling: 1.06s--| 
2024-05-19 17:33:03,394 - root - INFO - [testing at epoch-29]
2024-05-19 17:33:03,394 - root - INFO - {'precision': array([0.24752483, 0.12746026]), 'recall': array([0.1937348, 0.4393438]), 'ndcg': array([0.39397108, 0.59473175]), 'auc': array([0.])}
2024-05-19 17:33:03,394 - root - INFO - EPOCH[30/100] all_loss: 0.401 | time cost---Sampling: 1.06s--| 
2024-05-19 17:33:13,177 - root - INFO - [testing at epoch-30]
2024-05-19 17:33:13,177 - root - INFO - {'precision': array([0.24573675, 0.12662417]), 'recall': array([0.19088873, 0.43451321]), 'ndcg': array([0.3912775 , 0.59175855]), 'auc': array([0.])}
2024-05-19 17:33:13,177 - root - INFO - EPOCH[31/100] all_loss: 0.395 | time cost---Sampling: 1.06s--| 
2024-05-19 17:33:24,518 - root - INFO - [testing at epoch-31]
2024-05-19 17:33:24,518 - root - INFO - {'precision': array([0.24359272, 0.12617219]), 'recall': array([0.18834085, 0.43034991]), 'ndcg': array([0.38819411, 0.5888819 ]), 'auc': array([0.])}
2024-05-19 17:33:24,519 - root - INFO - EPOCH[32/100] all_loss: 0.390 | time cost---Sampling: 1.10s--| 
2024-05-19 17:33:36,337 - root - INFO - [testing at epoch-32]
2024-05-19 17:33:36,337 - root - INFO - {'precision': array([0.24281457, 0.1256457 ]), 'recall': array([0.18659494, 0.42632056]), 'ndcg': array([0.3866798 , 0.58631186]), 'auc': array([0.])}
2024-05-19 17:33:36,338 - root - INFO - EPOCH[33/100] all_loss: 0.384 | time cost---Sampling: 1.06s--| 
2024-05-19 17:33:48,682 - root - INFO - [testing at epoch-33]
2024-05-19 17:33:48,682 - root - INFO - {'precision': array([0.24160596, 0.12491556]), 'recall': array([0.18424244, 0.4213893 ]), 'ndcg': array([0.38435636, 0.58336415]), 'auc': array([0.])}
2024-05-19 17:33:48,682 - root - INFO - EPOCH[34/100] all_loss: 0.379 | time cost---Sampling: 1.06s--| 
2024-05-19 17:34:00,556 - root - INFO - [testing at epoch-34]
2024-05-19 17:34:00,557 - root - INFO - {'precision': array([0.24130795, 0.12498841]), 'recall': array([0.18236446, 0.41821297]), 'ndcg': array([0.38254339, 0.58111928]), 'auc': array([0.])}
2024-05-19 17:34:00,557 - root - INFO - EPOCH[35/100] all_loss: 0.374 | time cost---Sampling: 1.07s--| 
2024-05-19 17:34:11,983 - root - INFO - [testing at epoch-35]
2024-05-19 17:34:11,983 - root - INFO - {'precision': array([0.23888245, 0.12388907]), 'recall': array([0.17963142, 0.41376936]), 'ndcg': array([0.37896919, 0.57748712]), 'auc': array([0.])}
2024-05-19 17:34:11,983 - root - INFO - EPOCH[36/100] all_loss: 0.369 | time cost---Sampling: 1.07s--| 
2024-05-19 17:34:23,463 - root - INFO - [testing at epoch-36]
2024-05-19 17:34:23,463 - root - INFO - {'precision': array([0.23745861, 0.12400662]), 'recall': array([0.17741807, 0.41100349]), 'ndcg': array([0.37697993, 0.57535701]), 'auc': array([0.])}
2024-05-19 17:34:23,464 - root - INFO - EPOCH[37/100] all_loss: 0.365 | time cost---Sampling: 1.06s--| 
2024-05-19 17:34:34,962 - root - INFO - [testing at epoch-37]
2024-05-19 17:34:34,962 - root - INFO - {'precision': array([0.23451987, 0.12303477]), 'recall': array([0.17469514, 0.40621432]), 'ndcg': array([0.374138  , 0.57286641]), 'auc': array([0.])}
2024-05-19 17:34:34,962 - root - INFO - EPOCH[38/100] all_loss: 0.361 | time cost---Sampling: 1.07s--| 
2024-05-19 17:34:46,929 - root - INFO - [testing at epoch-38]
2024-05-19 17:34:46,929 - root - INFO - {'precision': array([0.23425497, 0.12294702]), 'recall': array([0.17325047, 0.40316299]), 'ndcg': array([0.37312512, 0.57128209]), 'auc': array([0.])}
2024-05-19 17:34:46,929 - root - INFO - EPOCH[39/100] all_loss: 0.356 | time cost---Sampling: 1.09s--| 
2024-05-19 17:34:59,175 - root - INFO - [testing at epoch-39]
2024-05-19 17:34:59,175 - root - INFO - {'precision': array([0.23312086, 0.12245364]), 'recall': array([0.17093468, 0.39936551]), 'ndcg': array([0.3702179 , 0.56813824]), 'auc': array([0.])}
2024-05-19 17:34:59,176 - root - INFO - EPOCH[40/100] all_loss: 0.352 | time cost---Sampling: 1.06s--| 
2024-05-19 17:35:10,871 - root - INFO - [testing at epoch-40]
2024-05-19 17:35:10,871 - root - INFO - {'precision': array([0.23168046, 0.12221689]), 'recall': array([0.16887162, 0.39628241]), 'ndcg': array([0.36762597, 0.56531341]), 'auc': array([0.])}
2024-05-19 17:35:10,872 - root - INFO - EPOCH[41/100] all_loss: 0.348 | time cost---Sampling: 1.06s--| 
2024-05-19 17:35:22,257 - root - INFO - [testing at epoch-41]
2024-05-19 17:35:22,257 - root - INFO - {'precision': array([0.22999172, 0.12112583]), 'recall': array([0.16715641, 0.39205606]), 'ndcg': array([0.36519379, 0.56223749]), 'auc': array([0.])}
2024-05-19 17:35:22,258 - root - INFO - EPOCH[42/100] all_loss: 0.344 | time cost---Sampling: 1.06s--| 
2024-05-19 17:35:33,701 - root - INFO - [testing at epoch-42]
2024-05-19 17:35:33,701 - root - INFO - {'precision': array([0.22925497, 0.12121192]), 'recall': array([0.16521497, 0.38975818]), 'ndcg': array([0.36318003, 0.55972452]), 'auc': array([0.])}
2024-05-19 17:35:33,701 - root - INFO - EPOCH[43/100] all_loss: 0.340 | time cost---Sampling: 1.06s--| 
2024-05-19 17:35:45,201 - root - INFO - [testing at epoch-43]
2024-05-19 17:35:45,202 - root - INFO - {'precision': array([0.22807947, 0.1205894 ]), 'recall': array([0.16365227, 0.38575959]), 'ndcg': array([0.36095472, 0.55689632]), 'auc': array([0.])}
2024-05-19 17:35:45,202 - root - INFO - EPOCH[44/100] all_loss: 0.336 | time cost---Sampling: 1.07s--| 
2024-05-19 17:35:57,300 - root - INFO - [testing at epoch-44]
2024-05-19 17:35:57,300 - root - INFO - {'precision': array([0.22668046, 0.12026159]), 'recall': array([0.16117696, 0.38286781]), 'ndcg': array([0.35872895, 0.55492221]), 'auc': array([0.])}
2024-05-19 17:35:57,300 - root - INFO - EPOCH[45/100] all_loss: 0.333 | time cost---Sampling: 1.06s--| 
2024-05-19 17:36:09,419 - root - INFO - [testing at epoch-45]
2024-05-19 17:36:09,419 - root - INFO - {'precision': array([0.22522351, 0.11986093]), 'recall': array([0.15928047, 0.3791578 ]), 'ndcg': array([0.35707818, 0.55260813]), 'auc': array([0.])}
2024-05-19 17:36:09,420 - root - INFO - EPOCH[46/100] all_loss: 0.329 | time cost---Sampling: 1.06s--| 
2024-05-19 17:36:20,887 - root - INFO - [testing at epoch-46]
2024-05-19 17:36:20,888 - root - INFO - {'precision': array([0.22457781, 0.11951656]), 'recall': array([0.15816632, 0.37594135]), 'ndcg': array([0.35574269, 0.55047361]), 'auc': array([0.])}
2024-05-19 17:36:20,888 - root - INFO - EPOCH[47/100] all_loss: 0.326 | time cost---Sampling: 1.07s--| 
2024-05-19 17:36:32,373 - root - INFO - [testing at epoch-47]
2024-05-19 17:36:32,373 - root - INFO - {'precision': array([0.22243377, 0.11872848]), 'recall': array([0.15557246, 0.37227959]), 'ndcg': array([0.35256873, 0.54779861]), 'auc': array([0.])}
2024-05-19 17:36:32,374 - root - INFO - EPOCH[48/100] all_loss: 0.323 | time cost---Sampling: 1.13s--| 
2024-05-19 17:36:43,763 - root - INFO - [testing at epoch-48]
2024-05-19 17:36:43,763 - root - INFO - {'precision': array([0.22208609, 0.11867384]), 'recall': array([0.15445871, 0.36922835]), 'ndcg': array([0.3513372 , 0.54559146]), 'auc': array([0.])}
2024-05-19 17:36:43,764 - root - INFO - EPOCH[49/100] all_loss: 0.320 | time cost---Sampling: 1.06s--| 
2024-05-19 17:36:55,407 - root - INFO - [testing at epoch-49]
2024-05-19 17:36:55,407 - root - INFO - {'precision': array([0.21995861, 0.11817881]), 'recall': array([0.15156008, 0.36602374]), 'ndcg': array([0.34833391, 0.54333103]), 'auc': array([0.])}
2024-05-19 17:36:55,408 - root - INFO - EPOCH[50/100] all_loss: 0.316 | time cost---Sampling: 1.06s--| 
2024-05-19 17:37:07,713 - root - INFO - [testing at epoch-50]
2024-05-19 17:37:07,713 - root - INFO - {'precision': array([0.21859272, 0.11773841]), 'recall': array([0.14969937, 0.36334192]), 'ndcg': array([0.34557389, 0.54066775]), 'auc': array([0.])}
2024-05-19 17:37:07,714 - root - INFO - EPOCH[51/100] all_loss: 0.314 | time cost---Sampling: 1.15s--| 
2024-05-19 17:37:19,695 - root - INFO - [testing at epoch-51]
2024-05-19 17:37:19,695 - root - INFO - {'precision': array([0.21774007, 0.1173096 ]), 'recall': array([0.14839896, 0.36021162]), 'ndcg': array([0.34354349, 0.53816034]), 'auc': array([0.])}
2024-05-19 17:37:19,696 - root - INFO - EPOCH[52/100] all_loss: 0.310 | time cost---Sampling: 1.06s--| 
2024-05-19 17:37:31,082 - root - INFO - [testing at epoch-52]
2024-05-19 17:37:31,082 - root - INFO - {'precision': array([0.21639901, 0.11692384]), 'recall': array([0.14710754, 0.35761942]), 'ndcg': array([0.34205067, 0.53625567]), 'auc': array([0.])}
2024-05-19 17:37:31,083 - root - INFO - EPOCH[53/100] all_loss: 0.308 | time cost---Sampling: 1.06s--| 
2024-05-19 17:37:42,528 - root - INFO - [testing at epoch-53]
2024-05-19 17:37:42,528 - root - INFO - {'precision': array([0.21490066, 0.11645364]), 'recall': array([0.14493614, 0.35435452]), 'ndcg': array([0.33985705, 0.53367755]), 'auc': array([0.])}
2024-05-19 17:37:42,529 - root - INFO - EPOCH[54/100] all_loss: 0.305 | time cost---Sampling: 1.06s--| 
2024-05-19 17:37:53,945 - root - INFO - [testing at epoch-54]
2024-05-19 17:37:53,946 - root - INFO - {'precision': array([0.2131457 , 0.11575662]), 'recall': array([0.14283918, 0.35091004]), 'ndcg': array([0.33720783, 0.5311711 ]), 'auc': array([0.])}
2024-05-19 17:37:53,946 - root - INFO - EPOCH[55/100] all_loss: 0.303 | time cost---Sampling: 1.06s--| 
2024-05-19 17:38:05,767 - root - INFO - [testing at epoch-55]
2024-05-19 17:38:05,768 - root - INFO - {'precision': array([0.21298841, 0.11600662]), 'recall': array([0.14124409, 0.349073  ]), 'ndcg': array([0.33671024, 0.5304652 ]), 'auc': array([0.])}
2024-05-19 17:38:05,768 - root - INFO - EPOCH[56/100] all_loss: 0.299 | time cost---Sampling: 1.07s--| 
2024-05-19 17:38:18,160 - root - INFO - [testing at epoch-56]
2024-05-19 17:38:18,160 - root - INFO - {'precision': array([0.21147351, 0.11522517]), 'recall': array([0.13979854, 0.34546926]), 'ndcg': array([0.33500594, 0.52819263]), 'auc': array([0.])}
2024-05-19 17:38:18,160 - root - INFO - EPOCH[57/100] all_loss: 0.297 | time cost---Sampling: 1.07s--| 
2024-05-19 17:38:29,978 - root - INFO - [testing at epoch-57]
2024-05-19 17:38:29,978 - root - INFO - {'precision': array([0.2105298 , 0.11491722]), 'recall': array([0.13800056, 0.3434073 ]), 'ndcg': array([0.33243814, 0.52573971]), 'auc': array([0.])}
2024-05-19 17:38:29,979 - root - INFO - EPOCH[58/100] all_loss: 0.295 | time cost---Sampling: 1.06s--| 
2024-05-19 17:38:41,382 - root - INFO - [testing at epoch-58]
2024-05-19 17:38:41,382 - root - INFO - {'precision': array([0.20903146, 0.11442881]), 'recall': array([0.13643747, 0.34045331]), 'ndcg': array([0.32958523, 0.52263281]), 'auc': array([0.])}
2024-05-19 17:38:41,383 - root - INFO - EPOCH[59/100] all_loss: 0.292 | time cost---Sampling: 1.06s--| 
2024-05-19 17:38:52,757 - root - INFO - [testing at epoch-59]
2024-05-19 17:38:52,757 - root - INFO - {'precision': array([0.20793046, 0.11396689]), 'recall': array([0.13487399, 0.33756344]), 'ndcg': array([0.3285167 , 0.52131756]), 'auc': array([0.])}
2024-05-19 17:38:52,757 - root - INFO - EPOCH[60/100] all_loss: 0.290 | time cost---Sampling: 1.06s--| 
2024-05-19 17:39:04,172 - root - INFO - [testing at epoch-60]
2024-05-19 17:39:04,172 - root - INFO - {'precision': array([0.20752483, 0.1137798 ]), 'recall': array([0.13401678, 0.33606714]), 'ndcg': array([0.32691767, 0.51940111]), 'auc': array([0.])}
2024-05-19 17:39:04,173 - root - INFO - EPOCH[61/100] all_loss: 0.288 | time cost---Sampling: 1.07s--| 
2024-05-19 17:39:16,053 - root - INFO - [testing at epoch-61]
2024-05-19 17:39:16,053 - root - INFO - {'precision': array([0.20569536, 0.11328477]), 'recall': array([0.13229674, 0.33318463]), 'ndcg': array([0.32348355, 0.51620829]), 'auc': array([0.])}
2024-05-19 17:39:16,053 - root - INFO - EPOCH[62/100] all_loss: 0.285 | time cost---Sampling: 1.06s--| 
2024-05-19 17:39:28,324 - root - INFO - [testing at epoch-62]
2024-05-19 17:39:28,325 - root - INFO - {'precision': array([0.20554636, 0.11339901]), 'recall': array([0.13134092, 0.33159084]), 'ndcg': array([0.32317632, 0.51512446]), 'auc': array([0.])}
2024-05-19 17:39:28,325 - root - INFO - EPOCH[63/100] all_loss: 0.283 | time cost---Sampling: 1.06s--| 
2024-05-19 17:39:40,017 - root - INFO - [testing at epoch-63]
2024-05-19 17:39:40,018 - root - INFO - {'precision': array([0.20468543, 0.11299503]), 'recall': array([0.12993358, 0.32900676]), 'ndcg': array([0.32165178, 0.51330712]), 'auc': array([0.])}
2024-05-19 17:39:40,018 - root - INFO - EPOCH[64/100] all_loss: 0.281 | time cost---Sampling: 1.07s--| 
2024-05-19 17:39:51,466 - root - INFO - [testing at epoch-64]
2024-05-19 17:39:51,467 - root - INFO - {'precision': array([0.20380795, 0.11256623]), 'recall': array([0.12898433, 0.32614099]), 'ndcg': array([0.32029883, 0.51144487]), 'auc': array([0.])}
2024-05-19 17:39:51,467 - root - INFO - EPOCH[65/100] all_loss: 0.279 | time cost---Sampling: 1.07s--| 
2024-05-19 17:40:02,895 - root - INFO - [testing at epoch-65]
2024-05-19 17:40:02,895 - root - INFO - {'precision': array([0.20380795, 0.11243543]), 'recall': array([0.12813676, 0.32431087]), 'ndcg': array([0.31874051, 0.5091206 ]), 'auc': array([0.])}
2024-05-19 17:40:02,895 - root - INFO - EPOCH[66/100] all_loss: 0.277 | time cost---Sampling: 1.06s--| 
2024-05-19 17:40:14,367 - root - INFO - [testing at epoch-66]
2024-05-19 17:40:14,367 - root - INFO - {'precision': array([0.20176325, 0.11165397]), 'recall': array([0.12686843, 0.32143649]), 'ndcg': array([0.31663448, 0.50704278]), 'auc': array([0.])}
2024-05-19 17:40:14,368 - root - INFO - EPOCH[67/100] all_loss: 0.275 | time cost---Sampling: 1.06s--| 
2024-05-19 17:40:26,480 - root - INFO - [testing at epoch-67]
2024-05-19 17:40:26,480 - root - INFO - {'precision': array([0.20138245, 0.11132947]), 'recall': array([0.12598256, 0.31939271]), 'ndcg': array([0.31598058, 0.50557808]), 'auc': array([0.])}
2024-05-19 17:40:26,481 - root - INFO - EPOCH[68/100] all_loss: 0.272 | time cost---Sampling: 1.06s--| 
2024-05-19 17:40:38,566 - root - INFO - [testing at epoch-68]
2024-05-19 17:40:38,566 - root - INFO - {'precision': array([0.20081126, 0.11119205]), 'recall': array([0.12458458, 0.3173617 ]), 'ndcg': array([0.31388699, 0.50352238]), 'auc': array([0.])}
2024-05-19 17:40:38,567 - root - INFO - EPOCH[69/100] all_loss: 0.271 | time cost---Sampling: 1.12s--| 
2024-05-19 17:40:50,035 - root - INFO - [testing at epoch-69]
2024-05-19 17:40:50,035 - root - INFO - {'precision': array([0.19974338, 0.11082947]), 'recall': array([0.12338255, 0.31538776]), 'ndcg': array([0.31252119, 0.50179202]), 'auc': array([0.])}
2024-05-19 17:40:50,036 - root - INFO - EPOCH[70/100] all_loss: 0.269 | time cost---Sampling: 1.06s--| 
2024-05-19 17:41:01,493 - root - INFO - [testing at epoch-70]
2024-05-19 17:41:01,493 - root - INFO - {'precision': array([0.19851821, 0.1103096 ]), 'recall': array([0.12188368, 0.3131224 ]), 'ndcg': array([0.31081711, 0.50017641]), 'auc': array([0.])}
2024-05-19 17:41:01,494 - root - INFO - EPOCH[71/100] all_loss: 0.267 | time cost---Sampling: 1.07s--| 
2024-05-19 17:41:12,951 - root - INFO - [testing at epoch-71]
2024-05-19 17:41:12,951 - root - INFO - {'precision': array([0.19684603, 0.10988907]), 'recall': array([0.12045306, 0.31111761]), 'ndcg': array([0.3078091 , 0.49740251]), 'auc': array([0.])}
2024-05-19 17:41:12,952 - root - INFO - EPOCH[72/100] all_loss: 0.265 | time cost---Sampling: 1.07s--| 
2024-05-19 17:41:24,633 - root - INFO - [testing at epoch-72]
2024-05-19 17:41:24,634 - root - INFO - {'precision': array([0.19626656, 0.10961755]), 'recall': array([0.11919918, 0.30919356]), 'ndcg': array([0.30594555, 0.49549871]), 'auc': array([0.])}
2024-05-19 17:41:24,634 - root - INFO - EPOCH[73/100] all_loss: 0.263 | time cost---Sampling: 1.06s--| 
2024-05-19 17:41:36,918 - root - INFO - [testing at epoch-73]
2024-05-19 17:41:36,918 - root - INFO - {'precision': array([0.19623344, 0.10983444]), 'recall': array([0.1185429 , 0.30838289]), 'ndcg': array([0.30477093, 0.49402706]), 'auc': array([0.])}
2024-05-19 17:41:36,919 - root - INFO - EPOCH[74/100] all_loss: 0.262 | time cost---Sampling: 1.07s--| 
2024-05-19 17:41:48,853 - root - INFO - [testing at epoch-74]
2024-05-19 17:41:48,853 - root - INFO - {'precision': array([0.19530629, 0.10925   ]), 'recall': array([0.11750892, 0.30558949]), 'ndcg': array([0.30401173, 0.4924799 ]), 'auc': array([0.])}
2024-05-19 17:41:48,854 - root - INFO - EPOCH[75/100] all_loss: 0.260 | time cost---Sampling: 1.06s--| 
2024-05-19 17:42:00,379 - root - INFO - [testing at epoch-75]
2024-05-19 17:42:00,379 - root - INFO - {'precision': array([0.19510762, 0.10915894]), 'recall': array([0.11659813, 0.30427507]), 'ndcg': array([0.30260487, 0.49088497]), 'auc': array([0.])}
2024-05-19 17:42:00,380 - root - INFO - EPOCH[76/100] all_loss: 0.258 | time cost---Sampling: 1.07s--| 
2024-05-19 17:42:11,821 - root - INFO - [testing at epoch-76]
2024-05-19 17:42:11,821 - root - INFO - {'precision': array([0.19398179, 0.10852649]), 'recall': array([0.11560698, 0.30175058]), 'ndcg': array([0.30158567, 0.48949653]), 'auc': array([0.])}
2024-05-19 17:42:11,821 - root - INFO - EPOCH[77/100] all_loss: 0.257 | time cost---Sampling: 1.07s--| 
2024-05-19 17:42:23,283 - root - INFO - [testing at epoch-77]
2024-05-19 17:42:23,283 - root - INFO - {'precision': array([0.19312086, 0.10831291]), 'recall': array([0.11447979, 0.30072769]), 'ndcg': array([0.29937046, 0.48776042]), 'auc': array([0.])}
2024-05-19 17:42:23,284 - root - INFO - EPOCH[78/100] all_loss: 0.255 | time cost---Sampling: 1.07s--| 
2024-05-19 17:42:35,269 - root - INFO - [testing at epoch-78]
2024-05-19 17:42:35,269 - root - INFO - {'precision': array([0.19208609, 0.10806954]), 'recall': array([0.11366729, 0.29898116]), 'ndcg': array([0.29780853, 0.48638995]), 'auc': array([0.])}
2024-05-19 17:42:35,270 - root - INFO - EPOCH[79/100] all_loss: 0.254 | time cost---Sampling: 1.08s--| 
2024-05-19 17:42:47,509 - root - INFO - [testing at epoch-79]
2024-05-19 17:42:47,509 - root - INFO - {'precision': array([0.19133278, 0.10742219]), 'recall': array([0.11266884, 0.29617588]), 'ndcg': array([0.29635903, 0.48415764]), 'auc': array([0.])}
2024-05-19 17:42:47,510 - root - INFO - EPOCH[80/100] all_loss: 0.252 | time cost---Sampling: 1.07s--| 
2024-05-19 17:42:59,090 - root - INFO - [testing at epoch-80]
2024-05-19 17:42:59,090 - root - INFO - {'precision': array([0.19119205, 0.10739404]), 'recall': array([0.11215802, 0.29499439]), 'ndcg': array([0.29539371, 0.48264114]), 'auc': array([0.])}
2024-05-19 17:42:59,091 - root - INFO - EPOCH[81/100] all_loss: 0.251 | time cost---Sampling: 1.08s--| 
2024-05-19 17:43:10,561 - root - INFO - [testing at epoch-81]
2024-05-19 17:43:10,561 - root - INFO - {'precision': array([0.19046358, 0.10693874]), 'recall': array([0.11156176, 0.29291801]), 'ndcg': array([0.29467611, 0.48108792]), 'auc': array([0.])}
2024-05-19 17:43:10,562 - root - INFO - EPOCH[82/100] all_loss: 0.249 | time cost---Sampling: 1.07s--| 
2024-05-19 17:43:22,149 - root - INFO - [testing at epoch-82]
2024-05-19 17:43:22,149 - root - INFO - {'precision': array([0.18905629, 0.10707616]), 'recall': array([0.11019633, 0.29255871]), 'ndcg': array([0.2926432 , 0.47994925]), 'auc': array([0.])}
2024-05-19 17:43:22,150 - root - INFO - EPOCH[83/100] all_loss: 0.248 | time cost---Sampling: 1.14s--| 
2024-05-19 17:43:33,743 - root - INFO - [testing at epoch-83]
2024-05-19 17:43:33,743 - root - INFO - {'precision': array([0.18863411, 0.10683278]), 'recall': array([0.10912805, 0.29062858]), 'ndcg': array([0.29142122, 0.47884347]), 'auc': array([0.])}
2024-05-19 17:43:33,744 - root - INFO - EPOCH[84/100] all_loss: 0.246 | time cost---Sampling: 1.07s--| 
2024-05-19 17:43:46,001 - root - INFO - [testing at epoch-84]
2024-05-19 17:43:46,001 - root - INFO - {'precision': array([0.18701159, 0.10658775]), 'recall': array([0.1079694 , 0.28925851]), 'ndcg': array([0.28963207, 0.47750478]), 'auc': array([0.])}
2024-05-19 17:43:46,002 - root - INFO - EPOCH[85/100] all_loss: 0.245 | time cost---Sampling: 1.06s--| 
2024-05-19 17:43:58,010 - root - INFO - [testing at epoch-85]
2024-05-19 17:43:58,010 - root - INFO - {'precision': array([0.18697848, 0.10583444]), 'recall': array([0.10764709, 0.28610361]), 'ndcg': array([0.28918513, 0.47547772]), 'auc': array([0.])}
2024-05-19 17:43:58,010 - root - INFO - EPOCH[86/100] all_loss: 0.244 | time cost---Sampling: 1.15s--| 
2024-05-19 17:44:09,425 - root - INFO - [testing at epoch-86]
2024-05-19 17:44:09,425 - root - INFO - {'precision': array([0.18608444, 0.10591556]), 'recall': array([0.10656277, 0.28510913]), 'ndcg': array([0.28701319, 0.47354986]), 'auc': array([0.])}
2024-05-19 17:44:09,426 - root - INFO - EPOCH[87/100] all_loss: 0.242 | time cost---Sampling: 1.06s--| 
2024-05-19 17:44:20,815 - root - INFO - [testing at epoch-87]
2024-05-19 17:44:20,815 - root - INFO - {'precision': array([0.18600993, 0.10558444]), 'recall': array([0.10584672, 0.28318687]), 'ndcg': array([0.28725134, 0.47288164]), 'auc': array([0.])}
2024-05-19 17:44:20,815 - root - INFO - EPOCH[88/100] all_loss: 0.241 | time cost---Sampling: 1.06s--| 
2024-05-19 17:44:32,244 - root - INFO - [testing at epoch-88]
2024-05-19 17:44:32,244 - root - INFO - {'precision': array([0.18469371, 0.1045894 ]), 'recall': array([0.10490253, 0.28053071]), 'ndcg': array([0.28552845, 0.47048969]), 'auc': array([0.])}
2024-05-19 17:44:32,244 - root - INFO - EPOCH[89/100] all_loss: 0.239 | time cost---Sampling: 1.06s--| 
2024-05-19 17:44:44,181 - root - INFO - [testing at epoch-89]
2024-05-19 17:44:44,181 - root - INFO - {'precision': array([0.18324503, 0.10420861]), 'recall': array([0.10356711, 0.27890616]), 'ndcg': array([0.28411424, 0.46943574]), 'auc': array([0.])}
2024-05-19 17:44:44,181 - root - INFO - EPOCH[90/100] all_loss: 0.238 | time cost---Sampling: 1.06s--| 
2024-05-19 17:44:56,443 - root - INFO - [testing at epoch-90]
2024-05-19 17:44:56,443 - root - INFO - {'precision': array([0.18263245, 0.10425331]), 'recall': array([0.1032576 , 0.27793406]), 'ndcg': array([0.28280516, 0.46799335]), 'auc': array([0.])}
2024-05-19 17:44:56,444 - root - INFO - EPOCH[91/100] all_loss: 0.237 | time cost---Sampling: 1.10s--| 
2024-05-19 17:45:07,977 - root - INFO - [testing at epoch-91]
2024-05-19 17:45:07,977 - root - INFO - {'precision': array([0.18195364, 0.1039255 ]), 'recall': array([0.10253353, 0.27626411]), 'ndcg': array([0.28153156, 0.46633073]), 'auc': array([0.])}
2024-05-19 17:45:07,978 - root - INFO - EPOCH[92/100] all_loss: 0.236 | time cost---Sampling: 1.08s--| 
2024-05-19 17:45:19,410 - root - INFO - [testing at epoch-92]
2024-05-19 17:45:19,410 - root - INFO - {'precision': array([0.18166391, 0.10409603]), 'recall': array([0.10175757, 0.27550518]), 'ndcg': array([0.28031827, 0.46519415]), 'auc': array([0.])}
2024-05-19 17:45:19,411 - root - INFO - EPOCH[93/100] all_loss: 0.234 | time cost---Sampling: 1.05s--| 
2024-05-19 17:45:30,874 - root - INFO - [testing at epoch-93]
2024-05-19 17:45:30,875 - root - INFO - {'precision': array([0.18123344, 0.10402815]), 'recall': array([0.10138167, 0.27462002]), 'ndcg': array([0.28021679, 0.46476196]), 'auc': array([0.])}
2024-05-19 17:45:30,875 - root - INFO - EPOCH[94/100] all_loss: 0.233 | time cost---Sampling: 1.06s--| 
2024-05-19 17:45:42,569 - root - INFO - [testing at epoch-94]
2024-05-19 17:45:42,569 - root - INFO - {'precision': array([0.18006623, 0.10328808]), 'recall': array([0.10026843, 0.27196076]), 'ndcg': array([0.27793998, 0.46227032]), 'auc': array([0.])}
2024-05-19 17:45:42,570 - root - INFO - EPOCH[95/100] all_loss: 0.232 | time cost---Sampling: 1.06s--| 
2024-05-19 17:45:54,844 - root - INFO - [testing at epoch-95]
2024-05-19 17:45:54,845 - root - INFO - {'precision': array([0.17994205, 0.10318709]), 'recall': array([0.10017797, 0.27093242]), 'ndcg': array([0.27805897, 0.4614656 ]), 'auc': array([0.])}
2024-05-19 17:45:54,845 - root - INFO - EPOCH[96/100] all_loss: 0.231 | time cost---Sampling: 1.06s--| 
2024-05-19 17:46:06,810 - root - INFO - [testing at epoch-96]
2024-05-19 17:46:06,810 - root - INFO - {'precision': array([0.17849338, 0.10267881]), 'recall': array([0.09929844, 0.26941559]), 'ndcg': array([0.27554082, 0.45959206]), 'auc': array([0.])}
2024-05-19 17:46:06,811 - root - INFO - EPOCH[97/100] all_loss: 0.230 | time cost---Sampling: 1.19s--| 
2024-05-19 17:46:18,285 - root - INFO - [testing at epoch-97]
2024-05-19 17:46:18,285 - root - INFO - {'precision': array([0.17780629, 0.10307119]), 'recall': array([0.0983806 , 0.26936141]), 'ndcg': array([0.27473655, 0.45945719]), 'auc': array([0.])}
2024-05-19 17:46:18,286 - root - INFO - EPOCH[98/100] all_loss: 0.229 | time cost---Sampling: 1.06s--| 
2024-05-19 17:46:29,755 - root - INFO - [testing at epoch-98]
2024-05-19 17:46:29,755 - root - INFO - {'precision': array([0.17838576, 0.10289073]), 'recall': array([0.0980641 , 0.26834164]), 'ndcg': array([0.27494812, 0.45870833]), 'auc': array([0.])}
2024-05-19 17:46:29,756 - root - INFO - EPOCH[99/100] all_loss: 0.228 | time cost---Sampling: 1.07s--| 
2024-05-19 17:46:41,229 - root - INFO - [testing at epoch-99]
2024-05-19 17:46:41,229 - root - INFO - {'precision': array([0.17785596, 0.10244702]), 'recall': array([0.09726183, 0.26691578]), 'ndcg': array([0.27413619, 0.45777033]), 'auc': array([0.])}
2024-05-19 17:46:41,229 - root - INFO - EPOCH[100/100] all_loss: 0.227 | time cost---Sampling: 1.06s--| 
