2024-06-18 23:55:09,179 - root - INFO - Namespace(N=25, R=100, alpha=0.1, bpr_neg_num=4, compute_rank=1, dataset='book', dim=256, epoch=100, eps=1e-20, layers=2, lmd2=0.1, lr=0.0005, model='bgr', neg_ratio=20, norm_a=1.0, save_embed=1, seed=2021, tensorboard=True, test_batch=100, test_file='test.txt', topks=[20, 100], train_batch=2048, train_file='train.txt', weight=1e-06)
2024-06-18 23:57:12,417 - root - INFO - [testing at epoch-0]
2024-06-18 23:57:12,418 - root - INFO - {'precision': array([0.01100716, 0.00695648]), 'recall': array([0.0244754 , 0.07422956]), 'ndcg': array([0.04975116, 0.101923  ]), 'auc': array([0.])}
2024-06-18 23:57:12,419 - root - INFO - EPOCH[1/100] all_loss: 1.569 | time cost---Sampling: 5.24s--| 
2024-06-18 23:57:12,419 - root - INFO - Summary at recall = 0.024475401447468056
2024-06-19 00:00:19,703 - root - INFO - [testing at epoch-1]
2024-06-19 00:00:19,704 - root - INFO - {'precision': array([0.01340539, 0.00860684]), 'recall': array([0.03056487, 0.09323485]), 'ndcg': array([0.05956281, 0.12261991]), 'auc': array([0.])}
2024-06-19 00:00:19,705 - root - INFO - EPOCH[2/100] all_loss: 1.386 | time cost---Sampling: 5.44s--| 
2024-06-19 00:00:19,705 - root - INFO - Summary at recall = 0.03056486547349362
2024-06-19 00:03:21,845 - root - INFO - [testing at epoch-2]
2024-06-19 00:03:21,845 - root - INFO - {'precision': array([0.01489847, 0.00966776]), 'recall': array([0.03468897, 0.10620306]), 'ndcg': array([0.06459792, 0.1344719 ]), 'auc': array([0.])}
2024-06-19 00:03:21,846 - root - INFO - EPOCH[3/100] all_loss: 1.223 | time cost---Sampling: 5.35s--| 
2024-06-19 00:03:21,846 - root - INFO - Summary at recall = 0.03468897417112464
2024-06-19 00:06:38,736 - root - INFO - [testing at epoch-3]
2024-06-19 00:06:38,736 - root - INFO - {'precision': array([0.01606386, 0.01039056]), 'recall': array([0.0378369 , 0.11556517]), 'ndcg': array([0.06883553, 0.14309684]), 'auc': array([0.])}
2024-06-19 00:06:38,737 - root - INFO - EPOCH[4/100] all_loss: 1.095 | time cost---Sampling: 5.47s--| 
2024-06-19 00:06:38,737 - root - INFO - Summary at recall = 0.037836899205977485
2024-06-19 00:09:45,806 - root - INFO - [testing at epoch-4]
2024-06-19 00:09:45,806 - root - INFO - {'precision': array([0.01700606, 0.0109327 ]), 'recall': array([0.04044557, 0.12273132]), 'ndcg': array([0.07188968, 0.14917289]), 'auc': array([0.])}
2024-06-19 00:09:45,807 - root - INFO - EPOCH[5/100] all_loss: 0.986 | time cost---Sampling: 5.32s--| 
2024-06-19 00:09:45,807 - root - INFO - Summary at recall = 0.04044556933670332
2024-06-19 00:12:49,880 - root - INFO - [testing at epoch-5]
2024-06-19 00:12:49,880 - root - INFO - {'precision': array([0.01768516, 0.0113677 ]), 'recall': array([0.04245199, 0.12862829]), 'ndcg': array([0.07426902, 0.15410106]), 'auc': array([0.])}
2024-06-19 00:12:49,881 - root - INFO - EPOCH[6/100] all_loss: 0.890 | time cost---Sampling: 5.31s--| 
2024-06-19 00:12:49,881 - root - INFO - Summary at recall = 0.042451987507093544
2024-06-19 00:16:03,506 - root - INFO - [testing at epoch-6]
2024-06-19 00:16:03,506 - root - INFO - {'precision': array([0.01824744, 0.01171647]), 'recall': array([0.04407419, 0.13315294]), 'ndcg': array([0.07602991, 0.15792913]), 'auc': array([0.])}
2024-06-19 00:16:03,507 - root - INFO - EPOCH[7/100] all_loss: 0.805 | time cost---Sampling: 5.31s--| 
2024-06-19 00:16:03,507 - root - INFO - Summary at recall = 0.0440741930301514
2024-06-19 00:19:22,291 - root - INFO - [testing at epoch-7]
2024-06-19 00:19:22,291 - root - INFO - {'precision': array([0.01881637, 0.01197234]), 'recall': array([0.04573512, 0.13663528]), 'ndcg': array([0.07810835, 0.16089748]), 'auc': array([0.])}
2024-06-19 00:19:22,292 - root - INFO - EPOCH[8/100] all_loss: 0.726 | time cost---Sampling: 5.49s--| 
2024-06-19 00:19:22,292 - root - INFO - Summary at recall = 0.045735124585694356
2024-06-19 00:22:36,774 - root - INFO - [testing at epoch-8]
2024-06-19 00:22:36,775 - root - INFO - {'precision': array([0.01919628, 0.01220029]), 'recall': array([0.04687683, 0.13965108]), 'ndcg': array([0.07958643, 0.16362246]), 'auc': array([0.])}
2024-06-19 00:22:36,777 - root - INFO - EPOCH[9/100] all_loss: 0.655 | time cost---Sampling: 5.35s--| 
2024-06-19 00:22:36,777 - root - INFO - Summary at recall = 0.04687683329028718
2024-06-19 00:25:45,366 - root - INFO - [testing at epoch-9]
2024-06-19 00:25:45,367 - root - INFO - {'precision': array([0.0195952 , 0.01239538]), 'recall': array([0.04802546, 0.14219515]), 'ndcg': array([0.0811431 , 0.16600537]), 'auc': array([0.])}
2024-06-19 00:25:45,368 - root - INFO - EPOCH[10/100] all_loss: 0.592 | time cost---Sampling: 5.31s--| 
2024-06-19 00:25:45,368 - root - INFO - Summary at recall = 0.04802546044159006
2024-06-19 00:29:01,147 - root - INFO - [testing at epoch-10]
2024-06-19 00:29:01,148 - root - INFO - {'precision': array([0.01998556, 0.01257223]), 'recall': array([0.04916223, 0.14432133]), 'ndcg': array([0.08268614, 0.16826563]), 'auc': array([0.])}
2024-06-19 00:29:01,149 - root - INFO - EPOCH[11/100] all_loss: 0.535 | time cost---Sampling: 5.33s--| 
2024-06-19 00:29:01,149 - root - INFO - Summary at recall = 0.049162233428244224
2024-06-19 00:32:11,048 - root - INFO - [testing at epoch-11]
2024-06-19 00:32:11,048 - root - INFO - {'precision': array([0.02026005, 0.01269153]), 'recall': array([0.05002765, 0.14592884]), 'ndcg': array([0.08382608, 0.16988258]), 'auc': array([0.])}
2024-06-19 00:32:11,049 - root - INFO - EPOCH[12/100] all_loss: 0.486 | time cost---Sampling: 5.31s--| 
2024-06-19 00:32:11,049 - root - INFO - Summary at recall = 0.050027651818486445
2024-06-19 00:35:28,947 - root - INFO - [testing at epoch-12]
2024-06-19 00:35:28,947 - root - INFO - {'precision': array([0.02052695, 0.01279676]), 'recall': array([0.05076264, 0.14739953]), 'ndcg': array([0.08497257, 0.17140803]), 'auc': array([0.])}
2024-06-19 00:35:28,948 - root - INFO - EPOCH[13/100] all_loss: 0.441 | time cost---Sampling: 5.40s--| 
2024-06-19 00:35:28,948 - root - INFO - Summary at recall = 0.0507626438568724
2024-06-19 00:38:53,453 - root - INFO - [testing at epoch-13]
2024-06-19 00:38:53,453 - root - INFO - {'precision': array([0.0207359 , 0.01289174]), 'recall': array([0.05140118, 0.14856663]), 'ndcg': array([0.08586377, 0.17278666]), 'auc': array([0.])}
2024-06-19 00:38:53,454 - root - INFO - EPOCH[14/100] all_loss: 0.403 | time cost---Sampling: 5.34s--| 
2024-06-19 00:38:53,454 - root - INFO - Summary at recall = 0.051401176385546664
2024-06-19 00:42:14,754 - root - INFO - [testing at epoch-14]
2024-06-19 00:42:14,755 - root - INFO - {'precision': array([0.0209686 , 0.01296013]), 'recall': array([0.05200959, 0.14936107]), 'ndcg': array([0.08674076, 0.17378533]), 'auc': array([0.])}
2024-06-19 00:42:14,756 - root - INFO - EPOCH[15/100] all_loss: 0.370 | time cost---Sampling: 5.51s--| 
2024-06-19 00:42:14,756 - root - INFO - Summary at recall = 0.052009590397326604
2024-06-19 00:45:30,497 - root - INFO - [testing at epoch-15]
2024-06-19 00:45:30,497 - root - INFO - {'precision': array([0.02113386, 0.01301882]), 'recall': array([0.05255352, 0.15001828]), 'ndcg': array([0.08756093, 0.17475063]), 'auc': array([0.])}
2024-06-19 00:45:30,498 - root - INFO - EPOCH[16/100] all_loss: 0.339 | time cost---Sampling: 5.35s--| 
2024-06-19 00:45:30,498 - root - INFO - Summary at recall = 0.05255352387624918
2024-06-19 00:48:37,658 - root - INFO - [testing at epoch-16]
2024-06-19 00:48:37,658 - root - INFO - {'precision': array([0.0211937 , 0.01306195]), 'recall': array([0.05275208, 0.15045222]), 'ndcg': array([0.08796057, 0.17531169]), 'auc': array([0.])}
2024-06-19 00:48:37,659 - root - INFO - EPOCH[17/100] all_loss: 0.313 | time cost---Sampling: 5.30s--| 
2024-06-19 00:48:37,659 - root - INFO - Summary at recall = 0.05275208006042253
2024-06-19 00:51:51,012 - root - INFO - [testing at epoch-17]
2024-06-19 00:51:51,012 - root - INFO - {'precision': array([0.02136751, 0.01310735]), 'recall': array([0.05323338, 0.15087551]), 'ndcg': array([0.088724  , 0.17615451]), 'auc': array([0.])}
2024-06-19 00:51:51,013 - root - INFO - EPOCH[18/100] all_loss: 0.290 | time cost---Sampling: 5.28s--| 
2024-06-19 00:51:51,013 - root - INFO - Summary at recall = 0.053233377653041605
2024-06-19 00:55:02,760 - root - INFO - [testing at epoch-18]
2024-06-19 00:55:02,760 - root - INFO - {'precision': array([0.02145869, 0.01313755]), 'recall': array([0.05348266, 0.15119617]), 'ndcg': array([0.08915825, 0.17664405]), 'auc': array([0.])}
2024-06-19 00:55:02,761 - root - INFO - EPOCH[19/100] all_loss: 0.269 | time cost---Sampling: 5.31s--| 
2024-06-19 00:55:02,762 - root - INFO - Summary at recall = 0.05348265584719865
2024-06-19 00:58:18,419 - root - INFO - [testing at epoch-19]
2024-06-19 00:58:18,420 - root - INFO - {'precision': array([0.02153563, 0.01316167]), 'recall': array([0.05368626, 0.15134835]), 'ndcg': array([0.08945948, 0.1769515 ]), 'auc': array([0.])}
2024-06-19 00:58:18,421 - root - INFO - EPOCH[20/100] all_loss: 0.250 | time cost---Sampling: 5.35s--| 
2024-06-19 00:58:18,421 - root - INFO - Summary at recall = 0.05368625997127332
2024-06-19 01:01:23,425 - root - INFO - [testing at epoch-20]
2024-06-19 01:01:23,425 - root - INFO - {'precision': array([0.02163061, 0.01318048]), 'recall': array([0.05383795, 0.15150871]), 'ndcg': array([0.08994369, 0.17746516]), 'auc': array([0.])}
2024-06-19 01:01:23,426 - root - INFO - EPOCH[21/100] all_loss: 0.234 | time cost---Sampling: 5.38s--| 
2024-06-19 01:01:23,426 - root - INFO - Summary at recall = 0.053837946459594985
2024-06-19 01:04:39,717 - root - INFO - [testing at epoch-21]
2024-06-19 01:04:39,717 - root - INFO - {'precision': array([0.02163725, 0.01316604]), 'recall': array([0.05390135, 0.15128614]), 'ndcg': array([0.09007782, 0.17753194]), 'auc': array([0.])}
2024-06-19 01:04:39,718 - root - INFO - EPOCH[22/100] all_loss: 0.219 | time cost---Sampling: 5.32s--| 
2024-06-19 01:04:39,718 - root - INFO - Summary at recall = 0.05390135155597984
2024-06-19 01:07:44,026 - root - INFO - [testing at epoch-22]
2024-06-19 01:07:44,026 - root - INFO - {'precision': array([0.02168379, 0.01314496]), 'recall': array([0.05407829, 0.15082916]), 'ndcg': array([0.0905657 , 0.17765749]), 'auc': array([0.])}
2024-06-19 01:07:44,027 - root - INFO - EPOCH[23/100] all_loss: 0.206 | time cost---Sampling: 5.34s--| 
2024-06-19 01:07:44,027 - root - INFO - Summary at recall = 0.05407829154404528
2024-06-19 01:10:49,164 - root - INFO - [testing at epoch-23]
2024-06-19 01:10:49,165 - root - INFO - {'precision': array([0.02178447, 0.01313603]), 'recall': array([0.05427417, 0.15069239]), 'ndcg': array([0.09084614, 0.17770721]), 'auc': array([0.])}
2024-06-19 01:10:49,166 - root - INFO - EPOCH[24/100] all_loss: 0.193 | time cost---Sampling: 5.36s--| 
2024-06-19 01:10:49,166 - root - INFO - Summary at recall = 0.054274167078677236
2024-06-19 01:13:52,331 - root - INFO - [testing at epoch-24]
2024-06-19 01:13:52,332 - root - INFO - {'precision': array([0.02180632, 0.01311095]), 'recall': array([0.05438881, 0.15025983]), 'ndcg': array([0.09132645, 0.1779099 ]), 'auc': array([0.])}
2024-06-19 01:13:52,333 - root - INFO - EPOCH[25/100] all_loss: 0.183 | time cost---Sampling: 5.25s--| 
2024-06-19 01:13:52,333 - root - INFO - Summary at recall = 0.05438881263550762
2024-06-19 01:16:55,502 - root - INFO - [testing at epoch-25]
2024-06-19 01:16:55,502 - root - INFO - {'precision': array([0.02182911, 0.01309861]), 'recall': array([0.05448407, 0.14984003]), 'ndcg': array([0.09176837, 0.17815987]), 'auc': array([0.])}
2024-06-19 01:16:55,503 - root - INFO - EPOCH[26/100] all_loss: 0.173 | time cost---Sampling: 5.32s--| 
2024-06-19 01:16:55,503 - root - INFO - Summary at recall = 0.054484068432567964
2024-06-19 01:19:59,499 - root - INFO - [testing at epoch-26]
2024-06-19 01:19:59,499 - root - INFO - {'precision': array([0.02179682, 0.01307315]), 'recall': array([0.05442793, 0.14955396]), 'ndcg': array([0.09170909, 0.17794101]), 'auc': array([0.])}
2024-06-19 01:19:59,500 - root - INFO - EPOCH[27/100] all_loss: 0.164 | time cost---Sampling: 5.29s--| 
2024-06-19 01:22:04,094 - root - INFO - [testing at epoch-27]
2024-06-19 01:22:04,095 - root - INFO - {'precision': array([0.02182531, 0.01305815]), 'recall': array([0.05450721, 0.14921055]), 'ndcg': array([0.09192797, 0.17791255]), 'auc': array([0.])}
2024-06-19 01:22:04,096 - root - INFO - EPOCH[28/100] all_loss: 0.156 | time cost---Sampling: 5.35s--| 
2024-06-19 01:22:04,096 - root - INFO - Summary at recall = 0.05450720504121514
2024-06-19 01:25:08,987 - root - INFO - [testing at epoch-28]
2024-06-19 01:25:08,987 - root - INFO - {'precision': array([0.02180157, 0.01303117]), 'recall': array([0.05445106, 0.14863978]), 'ndcg': array([0.09197269, 0.17779318]), 'auc': array([0.])}
2024-06-19 01:25:08,988 - root - INFO - EPOCH[29/100] all_loss: 0.148 | time cost---Sampling: 5.33s--| 
2024-06-19 01:27:13,797 - root - INFO - [testing at epoch-29]
2024-06-19 01:27:13,797 - root - INFO - {'precision': array([0.02179017, 0.01298254]), 'recall': array([0.054429  , 0.14806504]), 'ndcg': array([0.09210348, 0.17751671]), 'auc': array([0.])}
2024-06-19 01:27:13,798 - root - INFO - EPOCH[30/100] all_loss: 0.141 | time cost---Sampling: 5.47s--| 
2024-06-19 01:29:18,590 - root - INFO - [testing at epoch-30]
2024-06-19 01:29:18,591 - root - INFO - {'precision': array([0.02180822, 0.0129493 ]), 'recall': array([0.05447157, 0.14749813]), 'ndcg': array([0.09229742, 0.17730483]), 'auc': array([0.])}
2024-06-19 01:29:18,592 - root - INFO - EPOCH[31/100] all_loss: 0.135 | time cost---Sampling: 5.43s--| 
2024-06-19 01:31:21,720 - root - INFO - [testing at epoch-31]
2024-06-19 01:31:21,720 - root - INFO - {'precision': array([0.02179207, 0.01289915]), 'recall': array([0.05443838, 0.14681139]), 'ndcg': array([0.09254023, 0.17729024]), 'auc': array([0.])}
2024-06-19 01:31:21,721 - root - INFO - EPOCH[32/100] all_loss: 0.129 | time cost---Sampling: 5.33s--| 
2024-06-19 01:33:22,713 - root - INFO - [testing at epoch-32]
2024-06-19 01:33:22,713 - root - INFO - {'precision': array([0.02179872, 0.01287712]), 'recall': array([0.05447189, 0.14643845]), 'ndcg': array([0.09264514, 0.17715447]), 'auc': array([0.])}
2024-06-19 01:33:22,714 - root - INFO - EPOCH[33/100] all_loss: 0.123 | time cost---Sampling: 5.58s--| 
2024-06-19 01:35:22,196 - root - INFO - [testing at epoch-33]
2024-06-19 01:35:22,196 - root - INFO - {'precision': array([0.02178542, 0.012834  ]), 'recall': array([0.05444483, 0.14589515]), 'ndcg': array([0.09268807, 0.17689525]), 'auc': array([0.])}
2024-06-19 01:35:22,197 - root - INFO - EPOCH[34/100] all_loss: 0.118 | time cost---Sampling: 4.66s--| 
2024-06-19 01:37:22,248 - root - INFO - [testing at epoch-34]
2024-06-19 01:37:22,248 - root - INFO - {'precision': array([0.02180917, 0.01280854]), 'recall': array([0.05451188, 0.14550475]), 'ndcg': array([0.09293035, 0.1768296 ]), 'auc': array([0.])}
2024-06-19 01:37:22,249 - root - INFO - EPOCH[35/100] all_loss: 0.113 | time cost---Sampling: 4.67s--| 
2024-06-19 01:37:22,249 - root - INFO - Summary at recall = 0.05451188083449697
2024-06-19 01:40:25,924 - root - INFO - [testing at epoch-35]
2024-06-19 01:40:25,924 - root - INFO - {'precision': array([0.02177687, 0.01276808]), 'recall': array([0.05446033, 0.14490234]), 'ndcg': array([0.09292167, 0.17661942]), 'auc': array([0.])}
2024-06-19 01:40:25,925 - root - INFO - EPOCH[36/100] all_loss: 0.109 | time cost---Sampling: 4.91s--| 
2024-06-19 01:42:25,998 - root - INFO - [testing at epoch-36]
2024-06-19 01:42:25,999 - root - INFO - {'precision': array([0.02180347, 0.0127242 ]), 'recall': array([0.05449199, 0.14433363]), 'ndcg': array([0.09333717, 0.17654041]), 'auc': array([0.])}
2024-06-19 01:42:26,000 - root - INFO - EPOCH[37/100] all_loss: 0.104 | time cost---Sampling: 4.80s--| 
2024-06-19 01:44:26,253 - root - INFO - [testing at epoch-37]
2024-06-19 01:44:26,254 - root - INFO - {'precision': array([0.02175598, 0.01266512]), 'recall': array([0.05436618, 0.14360668]), 'ndcg': array([0.09350746, 0.17638496]), 'auc': array([0.])}
2024-06-19 01:44:26,254 - root - INFO - EPOCH[38/100] all_loss: 0.101 | time cost---Sampling: 4.93s--| 
2024-06-19 01:46:26,555 - root - INFO - [testing at epoch-38]
2024-06-19 01:46:26,556 - root - INFO - {'precision': array([0.02173413, 0.01263226]), 'recall': array([0.05428223, 0.14310481]), 'ndcg': array([0.09346347, 0.17608088]), 'auc': array([0.])}
2024-06-19 01:46:26,557 - root - INFO - EPOCH[39/100] all_loss: 0.097 | time cost---Sampling: 4.91s--| 
2024-06-19 01:48:26,774 - root - INFO - [testing at epoch-39]
2024-06-19 01:48:26,774 - root - INFO - {'precision': array([0.02170564, 0.01258382]), 'recall': array([0.05417135, 0.14236763]), 'ndcg': array([0.09345123, 0.17575304]), 'auc': array([0.])}
2024-06-19 01:48:26,775 - root - INFO - EPOCH[40/100] all_loss: 0.093 | time cost---Sampling: 4.94s--| 
2024-06-19 01:50:27,187 - root - INFO - [testing at epoch-40]
2024-06-19 01:50:27,187 - root - INFO - {'precision': array([0.02171894, 0.0125483 ]), 'recall': array([0.05430449, 0.14186773]), 'ndcg': array([0.09373134, 0.17561182]), 'auc': array([0.])}
2024-06-19 01:50:27,188 - root - INFO - EPOCH[41/100] all_loss: 0.090 | time cost---Sampling: 4.86s--| 
2024-06-19 01:52:27,384 - root - INFO - [testing at epoch-41]
2024-06-19 01:52:27,385 - root - INFO - {'precision': array([0.02166765, 0.01250081]), 'recall': array([0.05417762, 0.14119317]), 'ndcg': array([0.09373105, 0.17532345]), 'auc': array([0.])}
2024-06-19 01:52:27,386 - root - INFO - EPOCH[42/100] all_loss: 0.087 | time cost---Sampling: 4.89s--| 
2024-06-19 01:54:26,937 - root - INFO - [testing at epoch-42]
2024-06-19 01:54:26,937 - root - INFO - {'precision': array([0.0216591 , 0.01245047]), 'recall': array([0.05411976, 0.14053111]), 'ndcg': array([0.09383242, 0.17501829]), 'auc': array([0.])}
2024-06-19 01:54:26,938 - root - INFO - EPOCH[43/100] all_loss: 0.084 | time cost---Sampling: 4.91s--| 
2024-06-19 01:56:26,615 - root - INFO - [testing at epoch-43]
2024-06-19 01:56:26,616 - root - INFO - {'precision': array([0.02155367, 0.0123988 ]), 'recall': array([0.0538883 , 0.13986683]), 'ndcg': array([0.09361276, 0.17475326]), 'auc': array([0.])}
2024-06-19 01:56:26,617 - root - INFO - EPOCH[44/100] all_loss: 0.081 | time cost---Sampling: 4.78s--| 
2024-06-19 01:58:26,485 - root - INFO - [testing at epoch-44]
2024-06-19 01:58:26,485 - root - INFO - {'precision': array([0.02149384, 0.01234333]), 'recall': array([0.05376757, 0.13916721]), 'ndcg': array([0.09365286, 0.1743842 ]), 'auc': array([0.])}
2024-06-19 01:58:26,486 - root - INFO - EPOCH[45/100] all_loss: 0.079 | time cost---Sampling: 4.88s--| 
2024-06-19 02:00:26,739 - root - INFO - [testing at epoch-45]
2024-06-19 02:00:26,740 - root - INFO - {'precision': array([0.02141785, 0.01231275]), 'recall': array([0.05358901, 0.13864214]), 'ndcg': array([0.09351818, 0.17406192]), 'auc': array([0.])}
2024-06-19 02:00:26,741 - root - INFO - EPOCH[46/100] all_loss: 0.076 | time cost---Sampling: 4.93s--| 
2024-06-19 02:02:26,723 - root - INFO - [testing at epoch-46]
2024-06-19 02:02:26,723 - root - INFO - {'precision': array([0.02146629, 0.01227343]), 'recall': array([0.05368028, 0.13803623]), 'ndcg': array([0.09375116, 0.17403501]), 'auc': array([0.])}
2024-06-19 02:02:26,724 - root - INFO - EPOCH[47/100] all_loss: 0.074 | time cost---Sampling: 4.87s--| 
2024-06-19 02:04:26,801 - root - INFO - [testing at epoch-47]
2024-06-19 02:04:26,801 - root - INFO - {'precision': array([0.02138556, 0.01221644]), 'recall': array([0.05350205, 0.13724257]), 'ndcg': array([0.09367269, 0.17361537]), 'auc': array([0.])}
2024-06-19 02:04:26,802 - root - INFO - EPOCH[48/100] all_loss: 0.072 | time cost---Sampling: 4.91s--| 
