2024-05-20 11:51:24,603 - root - INFO - Namespace(R=100, bpr_neg_num=2, compute_rank=1, dataset='movie', dim=256, epoch=40, eps=1e-20, layers=2, lmd2=0.1, lr=0.001, model='bgr', neg_ratio=8, norm_a=1.0, save_embed=1, seed=2021, tensorboard=True, test_batch=100, test_file='test.txt', topks=[20, 100], train_batch=2048, train_file='train.txt', weight=0.0001)
2024-05-20 11:51:31,980 - root - INFO - [testing at epoch-0]
2024-05-20 11:51:31,980 - root - INFO - {'precision': array([0.17240066, 0.09878974]), 'recall': array([0.13029715, 0.3465956 ]), 'ndcg': array([0.30369367, 0.51149315]), 'auc': array([0.])}
2024-05-20 11:51:31,980 - root - INFO - EPOCH[1/40] all_loss: 1.098 | time cost---Sampling: 0.56s--| 
2024-05-20 11:51:31,980 - root - INFO - Summary at recall = 0.13029714537428366
2024-05-20 11:51:39,278 - root - INFO - [testing at epoch-1]
2024-05-20 11:51:39,278 - root - INFO - {'precision': array([0.21071192, 0.11668874]), 'recall': array([0.16486102, 0.41209021]), 'ndcg': array([0.35786819, 0.56658891]), 'auc': array([0.])}
2024-05-20 11:51:39,278 - root - INFO - EPOCH[2/40] all_loss: 1.048 | time cost---Sampling: 0.58s--| 
2024-05-20 11:51:39,278 - root - INFO - Summary at recall = 0.16486101951819698
2024-05-20 11:51:46,616 - root - INFO - [testing at epoch-2]
2024-05-20 11:51:46,616 - root - INFO - {'precision': array([0.23876656, 0.12834934]), 'recall': array([0.19340071, 0.4603738 ]), 'ndcg': array([0.3911585 , 0.59961277]), 'auc': array([0.])}
2024-05-20 11:51:46,616 - root - INFO - EPOCH[3/40] all_loss: 0.983 | time cost---Sampling: 0.56s--| 
2024-05-20 11:51:46,617 - root - INFO - Summary at recall = 0.19340071274046217
2024-05-20 11:51:57,785 - root - INFO - [testing at epoch-3]
2024-05-20 11:51:57,785 - root - INFO - {'precision': array([0.25857616, 0.13613907]), 'recall': array([0.21481793, 0.4915458 ]), 'ndcg': array([0.41332118, 0.61915142]), 'auc': array([0.])}
2024-05-20 11:51:57,785 - root - INFO - EPOCH[4/40] all_loss: 0.937 | time cost---Sampling: 0.56s--| 
2024-05-20 11:51:57,785 - root - INFO - Summary at recall = 0.21481793165611354
2024-05-20 11:52:12,453 - root - INFO - [testing at epoch-4]
2024-05-20 11:52:12,453 - root - INFO - {'precision': array([0.27150662, 0.14111921]), 'recall': array([0.22867838, 0.51122842]), 'ndcg': array([0.42857616, 0.6324232 ]), 'auc': array([0.])}
2024-05-20 11:52:12,454 - root - INFO - EPOCH[5/40] all_loss: 0.899 | time cost---Sampling: 0.56s--| 
2024-05-20 11:52:12,454 - root - INFO - Summary at recall = 0.22867837801959337
2024-05-20 11:52:30,111 - root - INFO - [testing at epoch-5]
2024-05-20 11:52:30,111 - root - INFO - {'precision': array([0.28021523, 0.14482616]), 'recall': array([0.23776154, 0.52657547]), 'ndcg': array([0.43880254, 0.64200164]), 'auc': array([0.])}
2024-05-20 11:52:30,111 - root - INFO - EPOCH[6/40] all_loss: 0.866 | time cost---Sampling: 0.55s--| 
2024-05-20 11:52:30,111 - root - INFO - Summary at recall = 0.23776154333112107
2024-05-20 11:52:48,826 - root - INFO - [testing at epoch-6]
2024-05-20 11:52:48,827 - root - INFO - {'precision': array([0.28667219, 0.14738907]), 'recall': array([0.24478838, 0.53693368]), 'ndcg': array([0.44697081, 0.64937622]), 'auc': array([0.])}
2024-05-20 11:52:48,827 - root - INFO - EPOCH[7/40] all_loss: 0.841 | time cost---Sampling: 0.58s--| 
2024-05-20 11:52:48,827 - root - INFO - Summary at recall = 0.24478837911505988
2024-05-20 11:53:07,002 - root - INFO - [testing at epoch-7]
2024-05-20 11:53:07,002 - root - INFO - {'precision': array([0.29179636, 0.14938742]), 'recall': array([0.25077216, 0.54481586]), 'ndcg': array([0.45318174, 0.65468566]), 'auc': array([0.])}
2024-05-20 11:53:07,003 - root - INFO - EPOCH[8/40] all_loss: 0.817 | time cost---Sampling: 0.56s--| 
2024-05-20 11:53:07,003 - root - INFO - Summary at recall = 0.25077216301408206
2024-05-20 11:53:24,127 - root - INFO - [testing at epoch-8]
2024-05-20 11:53:24,127 - root - INFO - {'precision': array([0.2959106 , 0.15098013]), 'recall': array([0.25557678, 0.55144501]), 'ndcg': array([0.45793618, 0.65862923]), 'auc': array([0.])}
2024-05-20 11:53:24,128 - root - INFO - EPOCH[9/40] all_loss: 0.794 | time cost---Sampling: 0.56s--| 
2024-05-20 11:53:24,128 - root - INFO - Summary at recall = 0.2555767833027186
2024-05-20 11:53:42,198 - root - INFO - [testing at epoch-9]
2024-05-20 11:53:42,198 - root - INFO - {'precision': array([0.2993543 , 0.15228642]), 'recall': array([0.25897786, 0.55616336]), 'ndcg': array([0.4618089 , 0.66173971]), 'auc': array([0.])}
2024-05-20 11:53:42,199 - root - INFO - EPOCH[10/40] all_loss: 0.774 | time cost---Sampling: 0.56s--| 
2024-05-20 11:53:42,199 - root - INFO - Summary at recall = 0.2589778623213496
2024-05-20 11:54:00,265 - root - INFO - [testing at epoch-10]
2024-05-20 11:54:00,265 - root - INFO - {'precision': array([0.30224338, 0.15327483]), 'recall': array([0.26192042, 0.55962732]), 'ndcg': array([0.4648682 , 0.66395611]), 'auc': array([0.])}
2024-05-20 11:54:00,266 - root - INFO - EPOCH[11/40] all_loss: 0.754 | time cost---Sampling: 0.56s--| 
2024-05-20 11:54:00,266 - root - INFO - Summary at recall = 0.2619204207136618
2024-05-20 11:54:17,934 - root - INFO - [testing at epoch-11]
2024-05-20 11:54:17,934 - root - INFO - {'precision': array([0.30431291, 0.15432947]), 'recall': array([0.26388895, 0.56301448]), 'ndcg': array([0.4672571 , 0.66615487]), 'auc': array([0.])}
2024-05-20 11:54:17,935 - root - INFO - EPOCH[12/40] all_loss: 0.736 | time cost---Sampling: 0.56s--| 
2024-05-20 11:54:17,935 - root - INFO - Summary at recall = 0.2638889545493348
2024-05-20 11:54:35,348 - root - INFO - [testing at epoch-12]
2024-05-20 11:54:35,348 - root - INFO - {'precision': array([0.30573675, 0.15497848]), 'recall': array([0.26492873, 0.5657144 ]), 'ndcg': array([0.46808132, 0.66724056]), 'auc': array([0.])}
2024-05-20 11:54:35,349 - root - INFO - EPOCH[13/40] all_loss: 0.717 | time cost---Sampling: 0.56s--| 
2024-05-20 11:54:35,349 - root - INFO - Summary at recall = 0.26492872748960705
2024-05-20 11:54:53,636 - root - INFO - [testing at epoch-13]
2024-05-20 11:54:53,636 - root - INFO - {'precision': array([0.30764901, 0.15566556]), 'recall': array([0.26654967, 0.56782835]), 'ndcg': array([0.47015369, 0.66854442]), 'auc': array([0.])}
2024-05-20 11:54:53,636 - root - INFO - EPOCH[14/40] all_loss: 0.701 | time cost---Sampling: 0.56s--| 
2024-05-20 11:54:53,637 - root - INFO - Summary at recall = 0.2665496672615293
2024-05-20 11:55:11,030 - root - INFO - [testing at epoch-14]
2024-05-20 11:55:11,030 - root - INFO - {'precision': array([0.30903146, 0.15634272]), 'recall': array([0.26689898, 0.57023954]), 'ndcg': array([0.47018408, 0.66877736]), 'auc': array([0.])}
2024-05-20 11:55:11,030 - root - INFO - EPOCH[15/40] all_loss: 0.685 | time cost---Sampling: 0.56s--| 
2024-05-20 11:55:11,030 - root - INFO - Summary at recall = 0.2668989794320561
2024-05-20 11:55:29,459 - root - INFO - [testing at epoch-15]
2024-05-20 11:55:29,459 - root - INFO - {'precision': array([0.30987583, 0.1566904 ]), 'recall': array([0.26751284, 0.57040365]), 'ndcg': array([0.47108451, 0.66916739]), 'auc': array([0.])}
2024-05-20 11:55:29,460 - root - INFO - EPOCH[16/40] all_loss: 0.669 | time cost---Sampling: 0.56s--| 
2024-05-20 11:55:29,460 - root - INFO - Summary at recall = 0.2675128407623704
2024-05-20 11:55:46,863 - root - INFO - [testing at epoch-16]
2024-05-20 11:55:46,864 - root - INFO - {'precision': array([0.31067881, 0.15723179]), 'recall': array([0.26799491, 0.57228443]), 'ndcg': array([0.47155156, 0.6696501 ]), 'auc': array([0.])}
2024-05-20 11:55:46,864 - root - INFO - EPOCH[17/40] all_loss: 0.655 | time cost---Sampling: 0.56s--| 
2024-05-20 11:55:46,864 - root - INFO - Summary at recall = 0.26799491041684814
2024-05-20 11:56:05,177 - root - INFO - [testing at epoch-17]
2024-05-20 11:56:05,177 - root - INFO - {'precision': array([0.31103477, 0.15767053]), 'recall': array([0.26785976, 0.57347415]), 'ndcg': array([0.47107187, 0.66946814]), 'auc': array([0.])}
2024-05-20 11:56:05,178 - root - INFO - EPOCH[18/40] all_loss: 0.640 | time cost---Sampling: 0.56s--| 
2024-05-20 11:56:21,653 - root - INFO - [testing at epoch-18]
2024-05-20 11:56:21,653 - root - INFO - {'precision': array([0.31174669, 0.15797848]), 'recall': array([0.26783417, 0.57354457]), 'ndcg': array([0.47194517, 0.67008992]), 'auc': array([0.])}
2024-05-20 11:56:21,654 - root - INFO - EPOCH[19/40] all_loss: 0.627 | time cost---Sampling: 0.56s--| 
2024-05-20 11:56:40,477 - root - INFO - [testing at epoch-19]
2024-05-20 11:56:40,478 - root - INFO - {'precision': array([0.31198675, 0.15819702]), 'recall': array([0.26778857, 0.57329789]), 'ndcg': array([0.47188332, 0.66989672]), 'auc': array([0.])}
2024-05-20 11:56:40,478 - root - INFO - EPOCH[20/40] all_loss: 0.615 | time cost---Sampling: 0.56s--| 
2024-05-20 11:56:57,503 - root - INFO - [testing at epoch-20]
2024-05-20 11:56:57,503 - root - INFO - {'precision': array([0.31182119, 0.15824172]), 'recall': array([0.26776274, 0.5726151 ]), 'ndcg': array([0.4718717 , 0.66967344]), 'auc': array([0.])}
2024-05-20 11:56:57,504 - root - INFO - EPOCH[21/40] all_loss: 0.602 | time cost---Sampling: 0.56s--| 
2024-05-20 11:57:14,695 - root - INFO - [testing at epoch-21]
2024-05-20 11:57:14,696 - root - INFO - {'precision': array([0.31203642, 0.15842053]), 'recall': array([0.26763695, 0.57227898]), 'ndcg': array([0.47129871, 0.66897098]), 'auc': array([0.])}
2024-05-20 11:57:14,696 - root - INFO - EPOCH[22/40] all_loss: 0.591 | time cost---Sampling: 0.56s--| 
2024-05-20 11:57:32,290 - root - INFO - [testing at epoch-22]
2024-05-20 11:57:32,290 - root - INFO - {'precision': array([0.3113245 , 0.15846192]), 'recall': array([0.26679923, 0.57120213]), 'ndcg': array([0.47066857, 0.66849653]), 'auc': array([0.])}
2024-05-20 11:57:32,291 - root - INFO - EPOCH[23/40] all_loss: 0.580 | time cost---Sampling: 0.56s--| 
2024-05-20 11:57:50,597 - root - INFO - [testing at epoch-23]
2024-05-20 11:57:50,597 - root - INFO - {'precision': array([0.31065397, 0.15850166]), 'recall': array([0.26564267, 0.57033924]), 'ndcg': array([0.47008149, 0.66816852]), 'auc': array([0.])}
2024-05-20 11:57:50,597 - root - INFO - EPOCH[24/40] all_loss: 0.569 | time cost---Sampling: 0.56s--| 
2024-05-20 11:58:07,709 - root - INFO - [testing at epoch-24]
2024-05-20 11:58:07,709 - root - INFO - {'precision': array([0.31029801, 0.1585894 ]), 'recall': array([0.26498426, 0.56962224]), 'ndcg': array([0.46909466, 0.66723897]), 'auc': array([0.])}
2024-05-20 11:58:07,710 - root - INFO - EPOCH[25/40] all_loss: 0.558 | time cost---Sampling: 0.67s--| 
2024-05-20 11:58:24,717 - root - INFO - [testing at epoch-25]
2024-05-20 11:58:24,717 - root - INFO - {'precision': array([0.31032285, 0.15849172]), 'recall': array([0.26407821, 0.56869872]), 'ndcg': array([0.46805128, 0.66607053]), 'auc': array([0.])}
2024-05-20 11:58:24,718 - root - INFO - EPOCH[26/40] all_loss: 0.549 | time cost---Sampling: 0.56s--| 
2024-05-20 11:58:42,819 - root - INFO - [testing at epoch-26]
2024-05-20 11:58:42,819 - root - INFO - {'precision': array([0.30955298, 0.15854636]), 'recall': array([0.26239863, 0.56776788]), 'ndcg': array([0.46645858, 0.66494928]), 'auc': array([0.])}
2024-05-20 11:58:42,820 - root - INFO - EPOCH[27/40] all_loss: 0.539 | time cost---Sampling: 0.56s--| 
2024-05-20 11:59:00,998 - root - INFO - [testing at epoch-27]
2024-05-20 11:59:00,998 - root - INFO - {'precision': array([0.30863411, 0.15828477]), 'recall': array([0.26104159, 0.566328  ]), 'ndcg': array([0.46527777, 0.66402737]), 'auc': array([0.])}
2024-05-20 11:59:00,999 - root - INFO - EPOCH[28/40] all_loss: 0.529 | time cost---Sampling: 0.56s--| 
2024-05-20 11:59:17,071 - root - INFO - [testing at epoch-28]
2024-05-20 11:59:17,072 - root - INFO - {'precision': array([0.30761589, 0.15803808]), 'recall': array([0.25964434, 0.56434314]), 'ndcg': array([0.46377764, 0.66261838]), 'auc': array([0.])}
2024-05-20 11:59:17,072 - root - INFO - EPOCH[29/40] all_loss: 0.521 | time cost---Sampling: 0.56s--| 
2024-05-20 11:59:35,736 - root - INFO - [testing at epoch-29]
2024-05-20 11:59:35,736 - root - INFO - {'precision': array([0.30711093, 0.158     ]), 'recall': array([0.25864448, 0.56286497]), 'ndcg': array([0.46305877, 0.66184025]), 'auc': array([0.])}
2024-05-20 11:59:35,737 - root - INFO - EPOCH[30/40] all_loss: 0.512 | time cost---Sampling: 0.63s--| 
2024-05-20 11:59:53,781 - root - INFO - [testing at epoch-30]
2024-05-20 11:59:53,782 - root - INFO - {'precision': array([0.30647351, 0.15786093]), 'recall': array([0.2576159 , 0.56119267]), 'ndcg': array([0.4621224 , 0.66079143]), 'auc': array([0.])}
2024-05-20 11:59:53,782 - root - INFO - EPOCH[31/40] all_loss: 0.504 | time cost---Sampling: 0.57s--| 
2024-05-20 12:00:12,036 - root - INFO - [testing at epoch-31]
2024-05-20 12:00:12,036 - root - INFO - {'precision': array([0.30540563, 0.15758444]), 'recall': array([0.25660054, 0.55922249]), 'ndcg': array([0.4609553 , 0.65969075]), 'auc': array([0.])}
2024-05-20 12:00:12,037 - root - INFO - EPOCH[32/40] all_loss: 0.496 | time cost---Sampling: 0.56s--| 
2024-05-20 12:00:27,095 - root - INFO - [testing at epoch-32]
2024-05-20 12:00:27,096 - root - INFO - {'precision': array([0.30456954, 0.15725331]), 'recall': array([0.25498295, 0.5572721 ]), 'ndcg': array([0.45922551, 0.65808134]), 'auc': array([0.])}
2024-05-20 12:00:27,096 - root - INFO - EPOCH[33/40] all_loss: 0.488 | time cost---Sampling: 0.56s--| 
2024-05-20 12:00:46,047 - root - INFO - [testing at epoch-33]
2024-05-20 12:00:46,047 - root - INFO - {'precision': array([0.30383278, 0.15698841]), 'recall': array([0.2540819 , 0.55542641]), 'ndcg': array([0.45824465, 0.65697986]), 'auc': array([0.])}
2024-05-20 12:00:46,047 - root - INFO - EPOCH[34/40] all_loss: 0.481 | time cost---Sampling: 0.56s--| 
2024-05-20 12:01:03,485 - root - INFO - [testing at epoch-34]
2024-05-20 12:01:03,485 - root - INFO - {'precision': array([0.3025    , 0.15661424]), 'recall': array([0.25242308, 0.55328943]), 'ndcg': array([0.45604916, 0.65525241]), 'auc': array([0.])}
2024-05-20 12:01:03,486 - root - INFO - EPOCH[35/40] all_loss: 0.474 | time cost---Sampling: 0.56s--| 
2024-05-20 12:01:20,649 - root - INFO - [testing at epoch-35]
2024-05-20 12:01:20,649 - root - INFO - {'precision': array([0.30120033, 0.15634768]), 'recall': array([0.25052881, 0.55125188]), 'ndcg': array([0.45465509, 0.65431792]), 'auc': array([0.])}
2024-05-20 12:01:20,649 - root - INFO - EPOCH[36/40] all_loss: 0.467 | time cost---Sampling: 0.58s--| 
2024-05-20 12:01:37,469 - root - INFO - [testing at epoch-36]
2024-05-20 12:01:37,469 - root - INFO - {'precision': array([0.30040563, 0.15609603]), 'recall': array([0.24922494, 0.54890923]), 'ndcg': array([0.45372684, 0.65298467]), 'auc': array([0.])}
2024-05-20 12:01:37,470 - root - INFO - EPOCH[37/40] all_loss: 0.460 | time cost---Sampling: 0.56s--| 
2024-05-20 12:01:56,325 - root - INFO - [testing at epoch-37]
2024-05-20 12:01:56,325 - root - INFO - {'precision': array([0.29903146, 0.15580464]), 'recall': array([0.24779418, 0.54689247]), 'ndcg': array([0.45226917, 0.65181385]), 'auc': array([0.])}
2024-05-20 12:01:56,325 - root - INFO - EPOCH[38/40] all_loss: 0.454 | time cost---Sampling: 0.56s--| 
2024-05-20 12:02:14,121 - root - INFO - [testing at epoch-38]
2024-05-20 12:02:14,121 - root - INFO - {'precision': array([0.29777318, 0.15544702]), 'recall': array([0.24595261, 0.54445875]), 'ndcg': array([0.4507249 , 0.65049036]), 'auc': array([0.])}
2024-05-20 12:02:14,122 - root - INFO - EPOCH[39/40] all_loss: 0.448 | time cost---Sampling: 0.56s--| 
2024-05-20 12:02:30,860 - root - INFO - [testing at epoch-39]
2024-05-20 12:02:30,860 - root - INFO - {'precision': array([0.29644868, 0.15518543]), 'recall': array([0.24421755, 0.5424555 ]), 'ndcg': array([0.4491232 , 0.64915963]), 'auc': array([0.])}
2024-05-20 12:02:30,861 - root - INFO - EPOCH[40/40] all_loss: 0.442 | time cost---Sampling: 0.56s--| 
