2024-05-25 10:01:09,405 - root - INFO - Namespace(R=100, bpr_neg_num=1, compute_rank=1, dataset='book', dim=256, epoch=500, eps=1e-20, layers=2, lmd2=0.1, lr=0.0005, model='bgr', neg_ratio=8, norm_a=1.0, save_embed=1, seed=2021, tensorboard=True, test_batch=100, test_file='test.txt', topks=[20, 100], train_batch=2048, train_file='train.txt', weight=1e-06)
2024-05-25 10:02:34,742 - root - INFO - [testing at epoch-0]
2024-05-25 10:02:34,742 - root - INFO - {'precision': array([0.00926049, 0.00571795]), 'recall': array([0.02047888, 0.06065877]), 'ndcg': array([0.04248597, 0.08632287]), 'auc': array([0.])}
2024-05-25 10:02:34,743 - root - INFO - EPOCH[1/500] all_loss: 0.668 | time cost---Sampling: 0.69s--| 
2024-05-25 10:02:34,743 - root - INFO - Summary at recall = 0.02047887540047742
2024-05-25 10:04:01,412 - root - INFO - [testing at epoch-1]
2024-05-25 10:04:01,412 - root - INFO - {'precision': array([0.01034516, 0.0066856 ]), 'recall': array([0.02348041, 0.07170946]), 'ndcg': array([0.04826978, 0.09972687]), 'auc': array([0.])}
2024-05-25 10:04:01,413 - root - INFO - EPOCH[2/500] all_loss: 0.566 | time cost---Sampling: 0.72s--| 
2024-05-25 10:04:01,413 - root - INFO - Summary at recall = 0.023480412381251873
2024-05-25 10:05:28,252 - root - INFO - [testing at epoch-2]
2024-05-25 10:05:28,252 - root - INFO - {'precision': array([0.01109264, 0.00741143]), 'recall': array([0.02562457, 0.08048404]), 'ndcg': array([0.05145161, 0.10901332]), 'auc': array([0.])}
2024-05-25 10:05:28,253 - root - INFO - EPOCH[3/500] all_loss: 0.480 | time cost---Sampling: 0.73s--| 
2024-05-25 10:05:28,253 - root - INFO - Summary at recall = 0.025624572333252042
2024-05-25 10:06:54,723 - root - INFO - [testing at epoch-3]
2024-05-25 10:06:54,723 - root - INFO - {'precision': array([0.01164067, 0.0079342 ]), 'recall': array([0.0274002 , 0.08690071]), 'ndcg': array([0.05365992, 0.11531523]), 'auc': array([0.])}
2024-05-25 10:06:54,724 - root - INFO - EPOCH[4/500] all_loss: 0.426 | time cost---Sampling: 0.72s--| 
2024-05-25 10:06:54,724 - root - INFO - Summary at recall = 0.02740020165586265
2024-05-25 10:08:21,474 - root - INFO - [testing at epoch-4]
2024-05-25 10:08:21,475 - root - INFO - {'precision': array([0.01205288, 0.00829702]), 'recall': array([0.02892488, 0.09180013]), 'ndcg': array([0.05533745, 0.1198337 ]), 'auc': array([0.])}
2024-05-25 10:08:21,475 - root - INFO - EPOCH[5/500] all_loss: 0.389 | time cost---Sampling: 0.70s--| 
2024-05-25 10:08:21,475 - root - INFO - Summary at recall = 0.028924876260595967
2024-05-25 10:09:48,489 - root - INFO - [testing at epoch-5]
2024-05-25 10:09:48,489 - root - INFO - {'precision': array([0.0124442 , 0.00860114]), 'recall': array([0.03015603, 0.09580539]), 'ndcg': array([0.05674189, 0.12343858]), 'auc': array([0.])}
2024-05-25 10:09:48,490 - root - INFO - EPOCH[6/500] all_loss: 0.361 | time cost---Sampling: 0.71s--| 
2024-05-25 10:09:48,490 - root - INFO - Summary at recall = 0.03015603140296898
2024-05-25 10:11:15,000 - root - INFO - [testing at epoch-6]
2024-05-25 10:11:15,000 - root - INFO - {'precision': array([0.01269495, 0.00882814]), 'recall': array([0.03102532, 0.09925145]), 'ndcg': array([0.05782425, 0.12636151]), 'auc': array([0.])}
2024-05-25 10:11:15,001 - root - INFO - EPOCH[7/500] all_loss: 0.338 | time cost---Sampling: 0.72s--| 
2024-05-25 10:11:15,001 - root - INFO - Summary at recall = 0.031025317701448913
2024-05-25 10:12:41,385 - root - INFO - [testing at epoch-7]
2024-05-25 10:12:41,385 - root - INFO - {'precision': array([0.0129077 , 0.00900823]), 'recall': array([0.03177334, 0.101975  ]), 'ndcg': array([0.05839693, 0.12826115]), 'auc': array([0.])}
2024-05-25 10:12:41,386 - root - INFO - EPOCH[8/500] all_loss: 0.317 | time cost---Sampling: 0.70s--| 
2024-05-25 10:12:41,386 - root - INFO - Summary at recall = 0.03177334004312324
2024-05-25 10:14:07,707 - root - INFO - [testing at epoch-8]
2024-05-25 10:14:07,707 - root - INFO - {'precision': array([0.01308816, 0.00915924]), 'recall': array([0.03245164, 0.10424985]), 'ndcg': array([0.05907542, 0.13003235]), 'auc': array([0.])}
2024-05-25 10:14:07,708 - root - INFO - EPOCH[9/500] all_loss: 0.299 | time cost---Sampling: 0.71s--| 
2024-05-25 10:14:07,708 - root - INFO - Summary at recall = 0.032451641914313496
2024-05-25 10:15:34,226 - root - INFO - [testing at epoch-9]
2024-05-25 10:15:34,226 - root - INFO - {'precision': array([0.01328002, 0.00930646]), 'recall': array([0.03308717, 0.10655291]), 'ndcg': array([0.05961087, 0.13169376]), 'auc': array([0.])}
2024-05-25 10:15:34,227 - root - INFO - EPOCH[10/500] all_loss: 0.283 | time cost---Sampling: 0.71s--| 
2024-05-25 10:15:34,227 - root - INFO - Summary at recall = 0.033087167395670844
2024-05-25 10:17:00,621 - root - INFO - [testing at epoch-10]
2024-05-25 10:17:00,621 - root - INFO - {'precision': array([0.01347758, 0.0094514 ]), 'recall': array([0.03370044, 0.10870852]), 'ndcg': array([0.06005139, 0.13304327]), 'auc': array([0.])}
2024-05-25 10:17:00,622 - root - INFO - EPOCH[11/500] all_loss: 0.269 | time cost---Sampling: 0.72s--| 
2024-05-25 10:17:00,622 - root - INFO - Summary at recall = 0.0337004380233971
2024-05-25 10:18:26,837 - root - INFO - [testing at epoch-11]
2024-05-25 10:18:26,837 - root - INFO - {'precision': array([0.01361435, 0.00957563]), 'recall': array([0.03415232, 0.11051222]), 'ndcg': array([0.0605941 , 0.13463185]), 'auc': array([0.])}
2024-05-25 10:18:26,838 - root - INFO - EPOCH[12/500] all_loss: 0.255 | time cost---Sampling: 0.72s--| 
2024-05-25 10:18:26,838 - root - INFO - Summary at recall = 0.0341523201083768
2024-05-25 10:19:53,199 - root - INFO - [testing at epoch-12]
2024-05-25 10:19:53,199 - root - INFO - {'precision': array([0.01379481, 0.00968752]), 'recall': array([0.03471025, 0.11223821]), 'ndcg': array([0.06104657, 0.13572087]), 'auc': array([0.])}
2024-05-25 10:19:53,201 - root - INFO - EPOCH[13/500] all_loss: 0.243 | time cost---Sampling: 0.70s--| 
2024-05-25 10:19:53,201 - root - INFO - Summary at recall = 0.03471025147671876
2024-05-25 10:21:19,402 - root - INFO - [testing at epoch-13]
2024-05-25 10:21:19,402 - root - INFO - {'precision': array([0.01397147, 0.00980453]), 'recall': array([0.03527213, 0.11383441]), 'ndcg': array([0.06147249, 0.13684802]), 'auc': array([0.])}
2024-05-25 10:21:19,403 - root - INFO - EPOCH[14/500] all_loss: 0.232 | time cost---Sampling: 0.70s--| 
2024-05-25 10:21:19,403 - root - INFO - Summary at recall = 0.03527213072612748
2024-05-25 10:22:45,862 - root - INFO - [testing at epoch-14]
2024-05-25 10:22:45,862 - root - INFO - {'precision': array([0.01412818, 0.00988356]), 'recall': array([0.03576513, 0.11503245]), 'ndcg': array([0.06193218, 0.13770618]), 'auc': array([0.])}
2024-05-25 10:22:45,863 - root - INFO - EPOCH[15/500] all_loss: 0.220 | time cost---Sampling: 0.71s--| 
2024-05-25 10:22:45,863 - root - INFO - Summary at recall = 0.035765129839752996
2024-05-25 10:24:12,319 - root - INFO - [testing at epoch-15]
2024-05-25 10:24:12,319 - root - INFO - {'precision': array([0.01423361, 0.00999696]), 'recall': array([0.03608509, 0.11661235]), 'ndcg': array([0.06227481, 0.1388785 ]), 'auc': array([0.])}
2024-05-25 10:24:12,320 - root - INFO - EPOCH[16/500] all_loss: 0.211 | time cost---Sampling: 0.71s--| 
2024-05-25 10:24:12,320 - root - INFO - Summary at recall = 0.03608508773502893
2024-05-25 10:25:38,642 - root - INFO - [testing at epoch-16]
2024-05-25 10:25:38,642 - root - INFO - {'precision': array([0.01440552, 0.01010543]), 'recall': array([0.03662943, 0.11800148]), 'ndcg': array([0.06280726, 0.1399962 ]), 'auc': array([0.])}
2024-05-25 10:25:38,643 - root - INFO - EPOCH[17/500] all_loss: 0.202 | time cost---Sampling: 0.72s--| 
2024-05-25 10:25:38,643 - root - INFO - Summary at recall = 0.03662942591312417
2024-05-25 10:27:04,976 - root - INFO - [testing at epoch-17]
2024-05-25 10:27:04,977 - root - INFO - {'precision': array([0.0145214 , 0.01018483]), 'recall': array([0.03698376, 0.11914793]), 'ndcg': array([0.0633121 , 0.14101036]), 'auc': array([0.])}
2024-05-25 10:27:04,978 - root - INFO - EPOCH[18/500] all_loss: 0.193 | time cost---Sampling: 0.71s--| 
2024-05-25 10:27:04,978 - root - INFO - Summary at recall = 0.03698375957187887
2024-05-25 10:28:31,131 - root - INFO - [testing at epoch-18]
2024-05-25 10:28:31,131 - root - INFO - {'precision': array([0.01460498, 0.01027259]), 'recall': array([0.03720542, 0.12032907]), 'ndcg': array([0.06359141, 0.14188952]), 'auc': array([0.])}
2024-05-25 10:28:31,132 - root - INFO - EPOCH[19/500] all_loss: 0.185 | time cost---Sampling: 0.68s--| 
2024-05-25 10:28:31,132 - root - INFO - Summary at recall = 0.03720542352453103
2024-05-25 10:29:57,474 - root - INFO - [testing at epoch-19]
2024-05-25 10:29:57,475 - root - INFO - {'precision': array([0.01466197, 0.01035351]), 'recall': array([0.03750307, 0.12150016]), 'ndcg': array([0.06366199, 0.14259482]), 'auc': array([0.])}
2024-05-25 10:29:57,475 - root - INFO - EPOCH[20/500] all_loss: 0.177 | time cost---Sampling: 0.70s--| 
2024-05-25 10:29:57,475 - root - INFO - Summary at recall = 0.0375030717852863
2024-05-25 10:31:23,667 - root - INFO - [testing at epoch-20]
2024-05-25 10:31:23,667 - root - INFO - {'precision': array([0.01478259, 0.01043406]), 'recall': array([0.03787822, 0.1226424 ]), 'ndcg': array([0.06414292, 0.14348789]), 'auc': array([0.])}
2024-05-25 10:31:23,668 - root - INFO - EPOCH[21/500] all_loss: 0.169 | time cost---Sampling: 0.70s--| 
2024-05-25 10:31:23,668 - root - INFO - Summary at recall = 0.037878215112784386
2024-05-25 10:32:50,324 - root - INFO - [testing at epoch-21]
2024-05-25 10:32:50,324 - root - INFO - {'precision': array([0.01485288, 0.01051403]), 'recall': array([0.03815983, 0.12360605]), 'ndcg': array([0.0643618 , 0.14420986]), 'auc': array([0.])}
2024-05-25 10:32:50,325 - root - INFO - EPOCH[22/500] all_loss: 0.163 | time cost---Sampling: 0.73s--| 
2024-05-25 10:32:50,325 - root - INFO - Summary at recall = 0.03815983390355175
2024-05-25 10:34:16,925 - root - INFO - [testing at epoch-22]
2024-05-25 10:34:16,925 - root - INFO - {'precision': array([0.01490796, 0.01061015]), 'recall': array([0.038394  , 0.12490847]), 'ndcg': array([0.06459386, 0.14516018]), 'auc': array([0.])}
2024-05-25 10:34:16,926 - root - INFO - EPOCH[23/500] all_loss: 0.157 | time cost---Sampling: 0.71s--| 
2024-05-25 10:34:16,926 - root - INFO - Summary at recall = 0.03839400026753334
2024-05-25 10:35:43,508 - root - INFO - [testing at epoch-23]
2024-05-25 10:35:43,509 - root - INFO - {'precision': array([0.01503049, 0.01066695]), 'recall': array([0.03873743, 0.12568607]), 'ndcg': array([0.0649065 , 0.14575649]), 'auc': array([0.])}
2024-05-25 10:35:43,509 - root - INFO - EPOCH[24/500] all_loss: 0.151 | time cost---Sampling: 0.73s--| 
2024-05-25 10:35:43,509 - root - INFO - Summary at recall = 0.038737431992007645
2024-05-25 10:37:10,061 - root - INFO - [testing at epoch-24]
2024-05-25 10:37:10,061 - root - INFO - {'precision': array([0.01509222, 0.01072108]), 'recall': array([0.03895944, 0.12640118]), 'ndcg': array([0.06501448, 0.1461673 ]), 'auc': array([0.])}
2024-05-25 10:37:10,062 - root - INFO - EPOCH[25/500] all_loss: 0.145 | time cost---Sampling: 0.72s--| 
2024-05-25 10:37:10,062 - root - INFO - Summary at recall = 0.038959437154622856
2024-05-25 10:38:36,688 - root - INFO - [testing at epoch-25]
2024-05-25 10:38:36,688 - root - INFO - {'precision': array([0.01522805, 0.01077617]), 'recall': array([0.03933717, 0.12726357]), 'ndcg': array([0.0654048 , 0.14669981]), 'auc': array([0.])}
2024-05-25 10:38:36,689 - root - INFO - EPOCH[26/500] all_loss: 0.140 | time cost---Sampling: 0.72s--| 
2024-05-25 10:38:36,689 - root - INFO - Summary at recall = 0.03933717259769878
2024-05-25 10:40:03,230 - root - INFO - [testing at epoch-26]
2024-05-25 10:40:03,230 - root - INFO - {'precision': array([0.01532302, 0.01085235]), 'recall': array([0.03968075, 0.12820157]), 'ndcg': array([0.06563397, 0.14736576]), 'auc': array([0.])}
2024-05-25 10:40:03,231 - root - INFO - EPOCH[27/500] all_loss: 0.135 | time cost---Sampling: 0.71s--| 
2024-05-25 10:40:03,231 - root - INFO - Summary at recall = 0.039680745440348955
2024-05-25 10:41:29,811 - root - INFO - [testing at epoch-27]
2024-05-25 10:41:29,811 - root - INFO - {'precision': array([0.0154389 , 0.01090952]), 'recall': array([0.03996822, 0.12904852]), 'ndcg': array([0.06610286, 0.14816597]), 'auc': array([0.])}
2024-05-25 10:41:29,812 - root - INFO - EPOCH[28/500] all_loss: 0.130 | time cost---Sampling: 0.72s--| 
2024-05-25 10:41:29,812 - root - INFO - Summary at recall = 0.039968221430370564
2024-05-25 10:42:56,151 - root - INFO - [testing at epoch-28]
2024-05-25 10:42:56,151 - root - INFO - {'precision': array([0.01556902, 0.01096727]), 'recall': array([0.04039006, 0.12981403]), 'ndcg': array([0.06644271, 0.14872822]), 'auc': array([0.])}
2024-05-25 10:42:56,152 - root - INFO - EPOCH[29/500] all_loss: 0.125 | time cost---Sampling: 0.72s--| 
2024-05-25 10:42:56,152 - root - INFO - Summary at recall = 0.04039006168642194
2024-05-25 10:44:22,818 - root - INFO - [testing at epoch-29]
2024-05-25 10:44:22,818 - root - INFO - {'precision': array([0.0156469 , 0.01102597]), 'recall': array([0.04063818, 0.13059786]), 'ndcg': array([0.06669318, 0.14930263]), 'auc': array([0.])}
2024-05-25 10:44:22,819 - root - INFO - EPOCH[30/500] all_loss: 0.122 | time cost---Sampling: 0.71s--| 
2024-05-25 10:44:22,819 - root - INFO - Summary at recall = 0.040638176669334815
2024-05-25 10:45:49,260 - root - INFO - [testing at epoch-30]
2024-05-25 10:45:49,260 - root - INFO - {'precision': array([0.01574758, 0.01109967]), 'recall': array([0.04093151, 0.13147633]), 'ndcg': array([0.06707315, 0.15007032]), 'auc': array([0.])}
2024-05-25 10:45:49,261 - root - INFO - EPOCH[31/500] all_loss: 0.118 | time cost---Sampling: 0.71s--| 
2024-05-25 10:45:49,261 - root - INFO - Summary at recall = 0.040931512255707944
2024-05-25 10:47:15,741 - root - INFO - [testing at epoch-31]
2024-05-25 10:47:15,741 - root - INFO - {'precision': array([0.01585111, 0.01114773]), 'recall': array([0.04122628, 0.13221977]), 'ndcg': array([0.06746735, 0.15066209]), 'auc': array([0.])}
2024-05-25 10:47:15,742 - root - INFO - EPOCH[32/500] all_loss: 0.114 | time cost---Sampling: 0.71s--| 
2024-05-25 10:47:15,742 - root - INFO - Summary at recall = 0.04122628447494541
2024-05-25 10:48:42,177 - root - INFO - [testing at epoch-32]
2024-05-25 10:48:42,177 - root - INFO - {'precision': array([0.01586251, 0.01117471]), 'recall': array([0.04133419, 0.13265995]), 'ndcg': array([0.06760516, 0.15089818]), 'auc': array([0.])}
2024-05-25 10:48:42,178 - root - INFO - EPOCH[33/500] all_loss: 0.110 | time cost---Sampling: 0.71s--| 
2024-05-25 10:48:42,178 - root - INFO - Summary at recall = 0.04133419069438402
2024-05-25 10:50:08,651 - root - INFO - [testing at epoch-33]
2024-05-25 10:50:08,651 - root - INFO - {'precision': array([0.01598123, 0.01123055]), 'recall': array([0.0416719 , 0.13331954]), 'ndcg': array([0.06780249, 0.15133971]), 'auc': array([0.])}
2024-05-25 10:50:08,652 - root - INFO - EPOCH[34/500] all_loss: 0.106 | time cost---Sampling: 0.70s--| 
2024-05-25 10:50:08,652 - root - INFO - Summary at recall = 0.0416719047030329
2024-05-25 10:51:35,273 - root - INFO - [testing at epoch-34]
2024-05-25 10:51:35,273 - root - INFO - {'precision': array([0.01609236, 0.0112864 ]), 'recall': array([0.0419612 , 0.13399635]), 'ndcg': array([0.06822865, 0.15193239]), 'auc': array([0.])}
2024-05-25 10:51:35,274 - root - INFO - EPOCH[35/500] all_loss: 0.103 | time cost---Sampling: 0.72s--| 
2024-05-25 10:51:35,274 - root - INFO - Summary at recall = 0.04196120456638298
2024-05-25 10:53:01,807 - root - INFO - [testing at epoch-35]
2024-05-25 10:53:01,807 - root - INFO - {'precision': array([0.01612845, 0.01133598]), 'recall': array([0.04206241, 0.13452255]), 'ndcg': array([0.06839717, 0.15245681]), 'auc': array([0.])}
2024-05-25 10:53:01,808 - root - INFO - EPOCH[36/500] all_loss: 0.100 | time cost---Sampling: 0.71s--| 
2024-05-25 10:53:01,808 - root - INFO - Summary at recall = 0.04206240780792829
2024-05-25 10:54:28,312 - root - INFO - [testing at epoch-36]
2024-05-25 10:54:28,312 - root - INFO - {'precision': array([0.01615884, 0.01135764]), 'recall': array([0.0422213 , 0.13485745]), 'ndcg': array([0.0684205 , 0.15259346]), 'auc': array([0.])}
2024-05-25 10:54:28,313 - root - INFO - EPOCH[37/500] all_loss: 0.097 | time cost---Sampling: 0.71s--| 
2024-05-25 10:54:28,313 - root - INFO - Summary at recall = 0.042221301483297675
2024-05-25 10:55:54,803 - root - INFO - [testing at epoch-37]
2024-05-25 10:55:54,803 - root - INFO - {'precision': array([0.01623578, 0.01140607]), 'recall': array([0.0424344 , 0.13551156]), 'ndcg': array([0.06864495, 0.15312139]), 'auc': array([0.])}
2024-05-25 10:55:54,804 - root - INFO - EPOCH[38/500] all_loss: 0.095 | time cost---Sampling: 0.72s--| 
2024-05-25 10:55:54,804 - root - INFO - Summary at recall = 0.042434403559182106
2024-05-25 10:57:21,410 - root - INFO - [testing at epoch-38]
2024-05-25 10:57:21,410 - root - INFO - {'precision': array([0.01631461, 0.01145053]), 'recall': array([0.0427243 , 0.13602191]), 'ndcg': array([0.06894122, 0.15359127]), 'auc': array([0.])}
2024-05-25 10:57:21,411 - root - INFO - EPOCH[39/500] all_loss: 0.092 | time cost---Sampling: 0.71s--| 
2024-05-25 10:57:21,411 - root - INFO - Summary at recall = 0.04272430350018342
2024-05-25 10:58:48,139 - root - INFO - [testing at epoch-39]
2024-05-25 10:58:48,139 - root - INFO - {'precision': array([0.01640484, 0.01148111]), 'recall': array([0.04293011, 0.13650564]), 'ndcg': array([0.06923474, 0.15404828]), 'auc': array([0.])}
2024-05-25 10:58:48,140 - root - INFO - EPOCH[40/500] all_loss: 0.089 | time cost---Sampling: 0.72s--| 
2024-05-25 10:58:48,141 - root - INFO - Summary at recall = 0.04293010578500622
2024-05-25 11:00:14,647 - root - INFO - [testing at epoch-40]
2024-05-25 11:00:14,647 - root - INFO - {'precision': array([0.01645138, 0.01151359]), 'recall': array([0.0430922 , 0.13694764]), 'ndcg': array([0.06929272, 0.15431846]), 'auc': array([0.])}
2024-05-25 11:00:14,648 - root - INFO - EPOCH[41/500] all_loss: 0.087 | time cost---Sampling: 0.71s--| 
2024-05-25 11:00:14,648 - root - INFO - Summary at recall = 0.043092203968755016
2024-05-25 11:01:41,101 - root - INFO - [testing at epoch-41]
2024-05-25 11:01:41,101 - root - INFO - {'precision': array([0.01649602, 0.01154911]), 'recall': array([0.04327456, 0.13740504]), 'ndcg': array([0.069473  , 0.15470407]), 'auc': array([0.])}
2024-05-25 11:01:41,103 - root - INFO - EPOCH[42/500] all_loss: 0.084 | time cost---Sampling: 0.70s--| 
2024-05-25 11:01:41,103 - root - INFO - Summary at recall = 0.043274557261743785
2024-05-25 11:03:07,623 - root - INFO - [testing at epoch-42]
2024-05-25 11:03:07,624 - root - INFO - {'precision': array([0.0165967 , 0.01158559]), 'recall': array([0.04351257, 0.13782535]), 'ndcg': array([0.06967396, 0.15496973]), 'auc': array([0.])}
2024-05-25 11:03:07,624 - root - INFO - EPOCH[43/500] all_loss: 0.082 | time cost---Sampling: 0.71s--| 
2024-05-25 11:03:07,624 - root - INFO - Summary at recall = 0.04351257065139924
2024-05-25 11:04:34,140 - root - INFO - [testing at epoch-43]
2024-05-25 11:04:34,140 - root - INFO - {'precision': array([0.01663754, 0.01161845]), 'recall': array([0.04366795, 0.13829127]), 'ndcg': array([0.06983719, 0.15530643]), 'auc': array([0.])}
2024-05-25 11:04:34,141 - root - INFO - EPOCH[44/500] all_loss: 0.080 | time cost---Sampling: 0.71s--| 
2024-05-25 11:04:34,141 - root - INFO - Summary at recall = 0.04366794990856384
2024-05-25 11:06:00,865 - root - INFO - [testing at epoch-44]
2024-05-25 11:06:00,865 - root - INFO - {'precision': array([0.01671827, 0.01165701]), 'recall': array([0.04387242, 0.13867536]), 'ndcg': array([0.06998729, 0.15559864]), 'auc': array([0.])}
2024-05-25 11:06:00,866 - root - INFO - EPOCH[45/500] all_loss: 0.078 | time cost---Sampling: 0.70s--| 
2024-05-25 11:06:00,866 - root - INFO - Summary at recall = 0.04387242471302418
2024-05-25 11:07:27,488 - root - INFO - [testing at epoch-45]
2024-05-25 11:07:27,488 - root - INFO - {'precision': array([0.01670782, 0.01167525]), 'recall': array([0.04392747, 0.13886532]), 'ndcg': array([0.06992147, 0.15567136]), 'auc': array([0.])}
2024-05-25 11:07:27,489 - root - INFO - EPOCH[46/500] all_loss: 0.076 | time cost---Sampling: 0.72s--| 
2024-05-25 11:07:27,489 - root - INFO - Summary at recall = 0.04392746950254095
2024-05-25 11:08:54,018 - root - INFO - [testing at epoch-46]
2024-05-25 11:08:54,019 - root - INFO - {'precision': array([0.0168161 , 0.01171077]), 'recall': array([0.044268  , 0.13931486]), 'ndcg': array([0.07008319, 0.15590256]), 'auc': array([0.])}
2024-05-25 11:08:54,020 - root - INFO - EPOCH[47/500] all_loss: 0.074 | time cost---Sampling: 0.70s--| 
2024-05-25 11:08:54,020 - root - INFO - Summary at recall = 0.04426800381796346
2024-05-25 11:10:20,491 - root - INFO - [testing at epoch-47]
2024-05-25 11:10:20,491 - root - INFO - {'precision': array([0.01686074, 0.01175256]), 'recall': array([0.04435892, 0.13971975]), 'ndcg': array([0.07027551, 0.15631621]), 'auc': array([0.])}
2024-05-25 11:10:20,492 - root - INFO - EPOCH[48/500] all_loss: 0.073 | time cost---Sampling: 0.71s--| 
2024-05-25 11:10:20,492 - root - INFO - Summary at recall = 0.044358915290922535
2024-05-25 11:11:47,180 - root - INFO - [testing at epoch-48]
2024-05-25 11:11:47,180 - root - INFO - {'precision': array([0.01696047, 0.01177175]), 'recall': array([0.04464377, 0.14004127]), 'ndcg': array([0.07072769, 0.15671454]), 'auc': array([0.])}
2024-05-25 11:11:47,181 - root - INFO - EPOCH[49/500] all_loss: 0.071 | time cost---Sampling: 0.71s--| 
2024-05-25 11:11:47,181 - root - INFO - Summary at recall = 0.04464376969480397
2024-05-25 11:13:13,652 - root - INFO - [testing at epoch-49]
2024-05-25 11:13:13,653 - root - INFO - {'precision': array([0.01700796, 0.01179815]), 'recall': array([0.04470063, 0.14027428]), 'ndcg': array([0.07075235, 0.15687371]), 'auc': array([0.])}
2024-05-25 11:13:13,653 - root - INFO - EPOCH[50/500] all_loss: 0.069 | time cost---Sampling: 0.70s--| 
2024-05-25 11:13:13,653 - root - INFO - Summary at recall = 0.04470062701258681
2024-05-25 11:14:40,252 - root - INFO - [testing at epoch-50]
2024-05-25 11:14:40,252 - root - INFO - {'precision': array([0.0170507 , 0.01182151]), 'recall': array([0.04484983, 0.14065702]), 'ndcg': array([0.07080629, 0.15702814]), 'auc': array([0.])}
2024-05-25 11:14:40,253 - root - INFO - EPOCH[51/500] all_loss: 0.067 | time cost---Sampling: 0.71s--| 
2024-05-25 11:14:40,253 - root - INFO - Summary at recall = 0.04484983366221752
2024-05-25 11:16:06,970 - root - INFO - [testing at epoch-51]
2024-05-25 11:16:06,970 - root - INFO - {'precision': array([0.01709914, 0.01185647]), 'recall': array([0.04500565, 0.14100313]), 'ndcg': array([0.07094898, 0.15734735]), 'auc': array([0.])}
2024-05-25 11:16:06,971 - root - INFO - EPOCH[52/500] all_loss: 0.066 | time cost---Sampling: 0.71s--| 
2024-05-25 11:16:06,971 - root - INFO - Summary at recall = 0.045005650626649456
2024-05-25 11:17:33,698 - root - INFO - [testing at epoch-52]
2024-05-25 11:17:33,699 - root - INFO - {'precision': array([0.01709819, 0.01187128]), 'recall': array([0.04507039, 0.14121778]), 'ndcg': array([0.07095978, 0.15747829]), 'auc': array([0.])}
2024-05-25 11:17:33,699 - root - INFO - EPOCH[53/500] all_loss: 0.064 | time cost---Sampling: 0.71s--| 
2024-05-25 11:17:33,699 - root - INFO - Summary at recall = 0.04507039100369066
2024-05-25 11:19:00,447 - root - INFO - [testing at epoch-53]
2024-05-25 11:19:00,447 - root - INFO - {'precision': array([0.01714758, 0.01189731]), 'recall': array([0.04513957, 0.14160257]), 'ndcg': array([0.07108726, 0.15780225]), 'auc': array([0.])}
2024-05-25 11:19:00,448 - root - INFO - EPOCH[54/500] all_loss: 0.063 | time cost---Sampling: 0.72s--| 
2024-05-25 11:19:00,448 - root - INFO - Summary at recall = 0.04513956722007312
2024-05-25 11:20:27,379 - root - INFO - [testing at epoch-54]
2024-05-25 11:20:27,379 - root - INFO - {'precision': array([0.01718937, 0.01193473]), 'recall': array([0.04523034, 0.14192151]), 'ndcg': array([0.07115278, 0.15809129]), 'auc': array([0.])}
2024-05-25 11:20:27,380 - root - INFO - EPOCH[55/500] all_loss: 0.062 | time cost---Sampling: 0.72s--| 
2024-05-25 11:20:27,380 - root - INFO - Summary at recall = 0.045230341581645114
2024-05-25 11:21:55,186 - root - INFO - [testing at epoch-55]
2024-05-25 11:21:55,186 - root - INFO - {'precision': array([0.01719792, 0.01195715]), 'recall': array([0.04530845, 0.14214691]), 'ndcg': array([0.07140051, 0.15848102]), 'auc': array([0.])}
2024-05-25 11:21:55,187 - root - INFO - EPOCH[56/500] all_loss: 0.060 | time cost---Sampling: 0.72s--| 
2024-05-25 11:21:55,187 - root - INFO - Summary at recall = 0.045308448400028345
2024-05-25 11:23:25,167 - root - INFO - [testing at epoch-56]
2024-05-25 11:23:25,167 - root - INFO - {'precision': array([0.01722831, 0.01199115]), 'recall': array([0.04542501, 0.1425451 ]), 'ndcg': array([0.07132546, 0.15854889]), 'auc': array([0.])}
2024-05-25 11:23:25,168 - root - INFO - EPOCH[57/500] all_loss: 0.059 | time cost---Sampling: 0.84s--| 
2024-05-25 11:23:25,168 - root - INFO - Summary at recall = 0.045425013838417586
2024-05-25 11:24:54,796 - root - INFO - [testing at epoch-57]
2024-05-25 11:24:54,796 - root - INFO - {'precision': array([0.0172682 , 0.01199571]), 'recall': array([0.04551764, 0.14261569]), 'ndcg': array([0.07150183, 0.15878011]), 'auc': array([0.])}
2024-05-25 11:24:54,797 - root - INFO - EPOCH[58/500] all_loss: 0.058 | time cost---Sampling: 0.79s--| 
2024-05-25 11:24:54,797 - root - INFO - Summary at recall = 0.04551764058167409
2024-05-25 11:26:24,546 - root - INFO - [testing at epoch-58]
2024-05-25 11:26:24,547 - root - INFO - {'precision': array([0.01733374, 0.01202876]), 'recall': array([0.04572021, 0.14300613]), 'ndcg': array([0.07158101, 0.15903231]), 'auc': array([0.])}
2024-05-25 11:26:24,547 - root - INFO - EPOCH[59/500] all_loss: 0.057 | time cost---Sampling: 0.84s--| 
2024-05-25 11:26:24,547 - root - INFO - Summary at recall = 0.04572020900411769
2024-05-25 11:27:54,321 - root - INFO - [testing at epoch-59]
2024-05-25 11:27:54,321 - root - INFO - {'precision': array([0.01733279, 0.01203009]), 'recall': array([0.04573865, 0.14300564]), 'ndcg': array([0.07170501, 0.15912473]), 'auc': array([0.])}
2024-05-25 11:27:54,322 - root - INFO - EPOCH[60/500] all_loss: 0.056 | time cost---Sampling: 0.82s--| 
2024-05-25 11:27:54,322 - root - INFO - Summary at recall = 0.04573865050047096
2024-05-25 11:29:24,188 - root - INFO - [testing at epoch-60]
2024-05-25 11:29:24,189 - root - INFO - {'precision': array([0.01737078, 0.01204282]), 'recall': array([0.04587954, 0.14316194]), 'ndcg': array([0.07171692, 0.15917931]), 'auc': array([0.])}
2024-05-25 11:29:24,190 - root - INFO - EPOCH[61/500] all_loss: 0.054 | time cost---Sampling: 0.80s--| 
2024-05-25 11:29:24,190 - root - INFO - Summary at recall = 0.04587953623571924
2024-05-25 11:30:54,364 - root - INFO - [testing at epoch-61]
2024-05-25 11:30:54,364 - root - INFO - {'precision': array([0.01741067, 0.01205023]), 'recall': array([0.0459818 , 0.14327931]), 'ndcg': array([0.07199521, 0.15944638]), 'auc': array([0.])}
2024-05-25 11:30:54,365 - root - INFO - EPOCH[62/500] all_loss: 0.053 | time cost---Sampling: 0.82s--| 
2024-05-25 11:30:54,365 - root - INFO - Summary at recall = 0.04598180002012682
2024-05-25 11:32:24,007 - root - INFO - [testing at epoch-62]
2024-05-25 11:32:24,007 - root - INFO - {'precision': array([0.01744676, 0.01207169]), 'recall': array([0.04604017, 0.14353348]), 'ndcg': array([0.07206705, 0.1596404 ]), 'auc': array([0.])}
2024-05-25 11:32:24,008 - root - INFO - EPOCH[63/500] all_loss: 0.052 | time cost---Sampling: 0.79s--| 
2024-05-25 11:32:24,008 - root - INFO - Summary at recall = 0.04604017140870384
2024-05-25 11:33:53,945 - root - INFO - [testing at epoch-63]
2024-05-25 11:33:53,945 - root - INFO - {'precision': array([0.01745341, 0.01210075]), 'recall': array([0.04608236, 0.14385603]), 'ndcg': array([0.07213063, 0.15987045]), 'auc': array([0.])}
2024-05-25 11:33:53,946 - root - INFO - EPOCH[64/500] all_loss: 0.051 | time cost---Sampling: 0.82s--| 
2024-05-25 11:33:53,946 - root - INFO - Summary at recall = 0.04608236018138644
2024-05-25 11:35:23,957 - root - INFO - [testing at epoch-64]
2024-05-25 11:35:23,957 - root - INFO - {'precision': array([0.01739927, 0.01211709]), 'recall': array([0.04600311, 0.14403982]), 'ndcg': array([0.07195837, 0.15991414]), 'auc': array([0.])}
2024-05-25 11:35:23,958 - root - INFO - EPOCH[65/500] all_loss: 0.050 | time cost---Sampling: 0.80s--| 
2024-05-25 11:36:52,656 - root - INFO - [testing at epoch-65]
2024-05-25 11:36:52,657 - root - INFO - {'precision': array([0.01742207, 0.01212222]), 'recall': array([0.04611097, 0.14408579]), 'ndcg': array([0.07189509, 0.15987632]), 'auc': array([0.])}
2024-05-25 11:36:52,658 - root - INFO - EPOCH[66/500] all_loss: 0.049 | time cost---Sampling: 0.77s--| 
2024-05-25 11:36:52,658 - root - INFO - Summary at recall = 0.04611096982838125
2024-05-25 11:38:22,486 - root - INFO - [testing at epoch-66]
2024-05-25 11:38:22,486 - root - INFO - {'precision': array([0.01742397, 0.01214463]), 'recall': array([0.04607763, 0.14436683]), 'ndcg': array([0.07182622, 0.16013287]), 'auc': array([0.])}
2024-05-25 11:38:22,487 - root - INFO - EPOCH[67/500] all_loss: 0.049 | time cost---Sampling: 0.83s--| 
2024-05-25 11:39:50,865 - root - INFO - [testing at epoch-67]
2024-05-25 11:39:50,865 - root - INFO - {'precision': array([0.01739358, 0.01215527]), 'recall': array([0.04602328, 0.14443529]), 'ndcg': array([0.07176278, 0.16016784]), 'auc': array([0.])}
2024-05-25 11:39:50,866 - root - INFO - EPOCH[68/500] all_loss: 0.047 | time cost---Sampling: 0.81s--| 
2024-05-25 11:41:19,481 - root - INFO - [testing at epoch-68]
2024-05-25 11:41:19,482 - root - INFO - {'precision': array([0.01747146, 0.01216439]), 'recall': array([0.04617564, 0.14458058]), 'ndcg': array([0.0718412 , 0.16020592]), 'auc': array([0.])}
2024-05-25 11:41:19,482 - root - INFO - EPOCH[69/500] all_loss: 0.047 | time cost---Sampling: 0.83s--| 
2024-05-25 11:41:19,483 - root - INFO - Summary at recall = 0.04617564425587446
2024-05-25 11:42:49,307 - root - INFO - [testing at epoch-69]
2024-05-25 11:42:49,307 - root - INFO - {'precision': array([0.0175237 , 0.01218719]), 'recall': array([0.04633741, 0.14487411]), 'ndcg': array([0.07217541, 0.16059967]), 'auc': array([0.])}
2024-05-25 11:42:49,308 - root - INFO - EPOCH[70/500] all_loss: 0.046 | time cost---Sampling: 0.80s--| 
2024-05-25 11:42:49,308 - root - INFO - Summary at recall = 0.04633741287538889
2024-05-25 11:44:19,106 - root - INFO - [testing at epoch-70]
2024-05-25 11:44:19,107 - root - INFO - {'precision': array([0.0175085 , 0.01218624]), 'recall': array([0.04637528, 0.14489304]), 'ndcg': array([0.07205198, 0.16039916]), 'auc': array([0.])}
2024-05-25 11:44:19,107 - root - INFO - EPOCH[71/500] all_loss: 0.045 | time cost---Sampling: 0.77s--| 
2024-05-25 11:44:19,107 - root - INFO - Summary at recall = 0.04637527845616168
2024-05-25 11:45:49,012 - root - INFO - [testing at epoch-71]
2024-05-25 11:45:49,012 - root - INFO - {'precision': array([0.01753984, 0.01219478]), 'recall': array([0.04645615, 0.14490824]), 'ndcg': array([0.07213663, 0.16051009]), 'auc': array([0.])}
2024-05-25 11:45:49,013 - root - INFO - EPOCH[72/500] all_loss: 0.045 | time cost---Sampling: 0.81s--| 
2024-05-25 11:45:49,013 - root - INFO - Summary at recall = 0.04645615393936761
2024-05-25 11:47:18,865 - root - INFO - [testing at epoch-72]
2024-05-25 11:47:18,865 - root - INFO - {'precision': array([0.01756739, 0.01221321]), 'recall': array([0.04651166, 0.14518226]), 'ndcg': array([0.07209867, 0.1605709 ]), 'auc': array([0.])}
2024-05-25 11:47:18,866 - root - INFO - EPOCH[73/500] all_loss: 0.044 | time cost---Sampling: 0.80s--| 
2024-05-25 11:47:18,866 - root - INFO - Summary at recall = 0.046511655775342955
2024-05-25 11:48:48,815 - root - INFO - [testing at epoch-73]
2024-05-25 11:48:48,815 - root - INFO - {'precision': array([0.01757309, 0.01221948]), 'recall': array([0.04654974, 0.14516765]), 'ndcg': array([0.07209207, 0.16055966]), 'auc': array([0.])}
2024-05-25 11:48:48,816 - root - INFO - EPOCH[74/500] all_loss: 0.043 | time cost---Sampling: 0.76s--| 
2024-05-25 11:48:48,816 - root - INFO - Summary at recall = 0.04654974378731502
2024-05-25 11:50:18,715 - root - INFO - [testing at epoch-74]
2024-05-25 11:50:18,715 - root - INFO - {'precision': array([0.01755789, 0.01224227]), 'recall': array([0.04651376, 0.1454581 ]), 'ndcg': array([0.07190128, 0.1605281 ]), 'auc': array([0.])}
2024-05-25 11:50:18,716 - root - INFO - EPOCH[75/500] all_loss: 0.042 | time cost---Sampling: 0.82s--| 
2024-05-25 11:51:47,117 - root - INFO - [testing at epoch-75]
2024-05-25 11:51:47,118 - root - INFO - {'precision': array([0.01754459, 0.01223107]), 'recall': array([0.04648205, 0.14531178]), 'ndcg': array([0.07192812, 0.16062607]), 'auc': array([0.])}
2024-05-25 11:51:47,118 - root - INFO - EPOCH[76/500] all_loss: 0.042 | time cost---Sampling: 0.81s--| 
2024-05-25 11:53:15,395 - root - INFO - [testing at epoch-76]
2024-05-25 11:53:15,395 - root - INFO - {'precision': array([0.01762817, 0.01224816]), 'recall': array([0.04672344, 0.14548967]), 'ndcg': array([0.07201022, 0.16072345]), 'auc': array([0.])}
2024-05-25 11:53:15,396 - root - INFO - EPOCH[77/500] all_loss: 0.041 | time cost---Sampling: 0.83s--| 
2024-05-25 11:53:15,396 - root - INFO - Summary at recall = 0.046723439917390655
2024-05-25 11:54:45,107 - root - INFO - [testing at epoch-77]
2024-05-25 11:54:45,107 - root - INFO - {'precision': array([0.01761013, 0.01226735]), 'recall': array([0.04666877, 0.14575687]), 'ndcg': array([0.07198217, 0.16090318]), 'auc': array([0.])}
2024-05-25 11:54:45,108 - root - INFO - EPOCH[78/500] all_loss: 0.040 | time cost---Sampling: 0.83s--| 
2024-05-25 11:56:13,683 - root - INFO - [testing at epoch-78]
2024-05-25 11:56:13,683 - root - INFO - {'precision': array([0.01764717, 0.01228577]), 'recall': array([0.04674642, 0.14588641]), 'ndcg': array([0.07207136, 0.16097814]), 'auc': array([0.])}
2024-05-25 11:56:13,684 - root - INFO - EPOCH[79/500] all_loss: 0.039 | time cost---Sampling: 0.82s--| 
2024-05-25 11:56:13,684 - root - INFO - Summary at recall = 0.04674642453369335
2024-05-25 11:57:43,461 - root - INFO - [testing at epoch-79]
2024-05-25 11:57:43,462 - root - INFO - {'precision': array([0.01765762, 0.01228311]), 'recall': array([0.04686315, 0.14586893]), 'ndcg': array([0.07210598, 0.16096017]), 'auc': array([0.])}
2024-05-25 11:57:43,463 - root - INFO - EPOCH[80/500] all_loss: 0.039 | time cost---Sampling: 0.82s--| 
2024-05-25 11:57:43,463 - root - INFO - Summary at recall = 0.046863154364716754
2024-05-25 11:59:13,571 - root - INFO - [testing at epoch-80]
2024-05-25 11:59:13,571 - root - INFO - {'precision': array([0.01769466, 0.01229945]), 'recall': array([0.04691379, 0.14598128]), 'ndcg': array([0.07203857, 0.16096254]), 'auc': array([0.])}
2024-05-25 11:59:13,572 - root - INFO - EPOCH[81/500] all_loss: 0.038 | time cost---Sampling: 0.80s--| 
2024-05-25 11:59:13,572 - root - INFO - Summary at recall = 0.04691378866077072
2024-05-25 12:00:43,142 - root - INFO - [testing at epoch-81]
2024-05-25 12:00:43,143 - root - INFO - {'precision': array([0.01770796, 0.01230325]), 'recall': array([0.04698714, 0.14601378]), 'ndcg': array([0.07203891, 0.16103056]), 'auc': array([0.])}
2024-05-25 12:00:43,143 - root - INFO - EPOCH[82/500] all_loss: 0.038 | time cost---Sampling: 0.80s--| 
2024-05-25 12:00:43,143 - root - INFO - Summary at recall = 0.04698713632796557
2024-05-25 12:02:12,756 - root - INFO - [testing at epoch-82]
2024-05-25 12:02:12,756 - root - INFO - {'precision': array([0.01767946, 0.01230325]), 'recall': array([0.04692645, 0.14615558]), 'ndcg': array([0.07192129, 0.16095273]), 'auc': array([0.])}
2024-05-25 12:02:12,757 - root - INFO - EPOCH[83/500] all_loss: 0.037 | time cost---Sampling: 0.81s--| 
2024-05-25 12:03:41,139 - root - INFO - [testing at epoch-83]
2024-05-25 12:03:41,140 - root - INFO - {'precision': array([0.01768041, 0.01231636]), 'recall': array([0.04692733, 0.14619958]), 'ndcg': array([0.07195432, 0.161013  ]), 'auc': array([0.])}
2024-05-25 12:03:41,140 - root - INFO - EPOCH[84/500] all_loss: 0.036 | time cost---Sampling: 0.88s--| 
2024-05-25 12:05:09,400 - root - INFO - [testing at epoch-84]
2024-05-25 12:05:09,401 - root - INFO - {'precision': array([0.01765762, 0.01231636]), 'recall': array([0.04680959, 0.14619317]), 'ndcg': array([0.07176901, 0.16095241]), 'auc': array([0.])}
2024-05-25 12:05:09,402 - root - INFO - EPOCH[85/500] all_loss: 0.036 | time cost---Sampling: 0.81s--| 
2024-05-25 12:06:37,836 - root - INFO - [testing at epoch-85]
2024-05-25 12:06:37,836 - root - INFO - {'precision': array([0.01766142, 0.01234466]), 'recall': array([0.04685077, 0.14640157]), 'ndcg': array([0.07178832, 0.1610858 ]), 'auc': array([0.])}
2024-05-25 12:06:37,837 - root - INFO - EPOCH[86/500] all_loss: 0.035 | time cost---Sampling: 0.83s--| 
2024-05-25 12:08:06,170 - root - INFO - [testing at epoch-86]
2024-05-25 12:08:06,170 - root - INFO - {'precision': array([0.01768991, 0.01235321]), 'recall': array([0.04694255, 0.1465291 ]), 'ndcg': array([0.07184434, 0.16118356]), 'auc': array([0.])}
2024-05-25 12:08:06,171 - root - INFO - EPOCH[87/500] all_loss: 0.035 | time cost---Sampling: 0.82s--| 
2024-05-25 12:09:34,553 - root - INFO - [testing at epoch-87]
2024-05-25 12:09:34,553 - root - INFO - {'precision': array([0.01765857, 0.01235264]), 'recall': array([0.04688763, 0.14655316]), 'ndcg': array([0.07168945, 0.1611458 ]), 'auc': array([0.])}
2024-05-25 12:09:34,554 - root - INFO - EPOCH[88/500] all_loss: 0.034 | time cost---Sampling: 0.83s--| 
2024-05-25 12:11:02,895 - root - INFO - [testing at epoch-88]
2024-05-25 12:11:02,895 - root - INFO - {'precision': array([0.01764622, 0.01235777]), 'recall': array([0.04687267, 0.14658742]), 'ndcg': array([0.07156162, 0.16112595]), 'auc': array([0.])}
2024-05-25 12:11:02,896 - root - INFO - EPOCH[89/500] all_loss: 0.034 | time cost---Sampling: 0.85s--| 
2024-05-25 12:12:31,173 - root - INFO - [testing at epoch-89]
2024-05-25 12:12:31,173 - root - INFO - {'precision': array([0.01763387, 0.01236157]), 'recall': array([0.04686297, 0.14662418]), 'ndcg': array([0.07142009, 0.16113518]), 'auc': array([0.])}
2024-05-25 12:12:31,174 - root - INFO - EPOCH[90/500] all_loss: 0.033 | time cost---Sampling: 0.82s--| 
2024-05-25 12:13:59,591 - root - INFO - [testing at epoch-90]
2024-05-25 12:13:59,592 - root - INFO - {'precision': array([0.01762343, 0.01236423]), 'recall': array([0.04684547, 0.14665313]), 'ndcg': array([0.07133071, 0.16104889]), 'auc': array([0.])}
2024-05-25 12:13:59,593 - root - INFO - EPOCH[91/500] all_loss: 0.033 | time cost---Sampling: 0.83s--| 
2024-05-25 12:15:27,744 - root - INFO - [testing at epoch-91]
2024-05-25 12:15:27,744 - root - INFO - {'precision': array([0.01763482, 0.01236974]), 'recall': array([0.04688007, 0.1465823 ]), 'ndcg': array([0.07128743, 0.16088786]), 'auc': array([0.])}
2024-05-25 12:15:27,745 - root - INFO - EPOCH[92/500] all_loss: 0.032 | time cost---Sampling: 0.80s--| 
2024-05-25 12:16:56,149 - root - INFO - [testing at epoch-92]
2024-05-25 12:16:56,149 - root - INFO - {'precision': array([0.01759113, 0.01236727]), 'recall': array([0.04679979, 0.14660257]), 'ndcg': array([0.07120969, 0.16095588]), 'auc': array([0.])}
2024-05-25 12:16:56,150 - root - INFO - EPOCH[93/500] all_loss: 0.032 | time cost---Sampling: 0.84s--| 
2024-05-25 12:18:24,578 - root - INFO - [testing at epoch-93]
2024-05-25 12:18:24,578 - root - INFO - {'precision': array([0.01756929, 0.01236024]), 'recall': array([0.04669979, 0.14655213]), 'ndcg': array([0.07105213, 0.16074267]), 'auc': array([0.])}
2024-05-25 12:18:24,579 - root - INFO - EPOCH[94/500] all_loss: 0.031 | time cost---Sampling: 0.82s--| 
2024-05-25 12:19:52,872 - root - INFO - [testing at epoch-94]
2024-05-25 12:19:52,872 - root - INFO - {'precision': array([0.01753794, 0.01236784]), 'recall': array([0.04668997, 0.14665771]), 'ndcg': array([0.07088541, 0.16077791]), 'auc': array([0.])}
2024-05-25 12:19:52,873 - root - INFO - EPOCH[95/500] all_loss: 0.031 | time cost---Sampling: 0.77s--| 
2024-05-25 12:21:21,425 - root - INFO - [testing at epoch-95]
2024-05-25 12:21:21,425 - root - INFO - {'precision': array([0.01752275, 0.01235872]), 'recall': array([0.04667899, 0.14655344]), 'ndcg': array([0.07062506, 0.16045922]), 'auc': array([0.])}
2024-05-25 12:21:21,426 - root - INFO - EPOCH[96/500] all_loss: 0.031 | time cost---Sampling: 0.80s--| 
2024-05-25 12:22:49,754 - root - INFO - [testing at epoch-96]
2024-05-25 12:22:49,755 - root - INFO - {'precision': array([0.01754079, 0.01238379]), 'recall': array([0.04675628, 0.14666564]), 'ndcg': array([0.07077831, 0.1606941 ]), 'auc': array([0.])}
2024-05-25 12:22:49,755 - root - INFO - EPOCH[97/500] all_loss: 0.030 | time cost---Sampling: 0.80s--| 
2024-05-25 12:24:18,135 - root - INFO - [testing at epoch-97]
2024-05-25 12:24:18,136 - root - INFO - {'precision': array([0.01754554, 0.01236898]), 'recall': array([0.04680042, 0.14657127]), 'ndcg': array([0.07076968, 0.16053044]), 'auc': array([0.])}
2024-05-25 12:24:18,136 - root - INFO - EPOCH[98/500] all_loss: 0.030 | time cost---Sampling: 0.82s--| 
2024-05-25 12:25:46,356 - root - INFO - [testing at epoch-98]
2024-05-25 12:25:46,357 - root - INFO - {'precision': array([0.01752845, 0.0123724 ]), 'recall': array([0.04669024, 0.14664259]), 'ndcg': array([0.07052761, 0.16036976]), 'auc': array([0.])}
2024-05-25 12:25:46,357 - root - INFO - EPOCH[99/500] all_loss: 0.029 | time cost---Sampling: 0.82s--| 
2024-05-25 12:27:14,824 - root - INFO - [testing at epoch-99]
2024-05-25 12:27:14,824 - root - INFO - {'precision': array([0.01754459, 0.01237334]), 'recall': array([0.04673878, 0.14660979]), 'ndcg': array([0.07037135, 0.16021648]), 'auc': array([0.])}
2024-05-25 12:27:14,825 - root - INFO - EPOCH[100/500] all_loss: 0.029 | time cost---Sampling: 0.80s--| 
2024-05-25 12:28:42,952 - root - INFO - [testing at epoch-100]
2024-05-25 12:28:42,952 - root - INFO - {'precision': array([0.01750565, 0.01238398]), 'recall': array([0.04666477, 0.14666499]), 'ndcg': array([0.07019731, 0.16012595]), 'auc': array([0.])}
2024-05-25 12:28:42,953 - root - INFO - EPOCH[101/500] all_loss: 0.029 | time cost---Sampling: 0.82s--| 
2024-05-25 12:30:11,342 - root - INFO - [testing at epoch-101]
2024-05-25 12:30:11,342 - root - INFO - {'precision': array([0.01753889, 0.01238569]), 'recall': array([0.04679887, 0.14666141]), 'ndcg': array([0.07033827, 0.16020264]), 'auc': array([0.])}
2024-05-25 12:30:11,343 - root - INFO - EPOCH[102/500] all_loss: 0.028 | time cost---Sampling: 0.84s--| 
2024-05-25 12:31:39,824 - root - INFO - [testing at epoch-102]
2024-05-25 12:31:39,824 - root - INFO - {'precision': array([0.01747906, 0.01237733]), 'recall': array([0.04665499, 0.1465241 ]), 'ndcg': array([0.07007881, 0.16000179]), 'auc': array([0.])}
2024-05-25 12:31:39,826 - root - INFO - EPOCH[103/500] all_loss: 0.028 | time cost---Sampling: 0.84s--| 
2024-05-25 12:33:08,220 - root - INFO - [testing at epoch-103]
2024-05-25 12:33:08,221 - root - INFO - {'precision': array([0.01743632, 0.01238227]), 'recall': array([0.04655562, 0.14662678]), 'ndcg': array([0.06988889, 0.15999414]), 'auc': array([0.])}
2024-05-25 12:33:08,222 - root - INFO - EPOCH[104/500] all_loss: 0.028 | time cost---Sampling: 0.83s--| 
2024-05-25 12:34:36,570 - root - INFO - [testing at epoch-104]
2024-05-25 12:34:36,570 - root - INFO - {'precision': array([0.01748001, 0.01239405]), 'recall': array([0.04666785, 0.14673303]), 'ndcg': array([0.06989489, 0.16004844]), 'auc': array([0.])}
2024-05-25 12:34:36,571 - root - INFO - EPOCH[105/500] all_loss: 0.027 | time cost---Sampling: 0.80s--| 
2024-05-25 12:36:04,740 - root - INFO - [testing at epoch-105]
2024-05-25 12:36:04,740 - root - INFO - {'precision': array([0.01738693, 0.01237752]), 'recall': array([0.04647099, 0.14651942]), 'ndcg': array([0.06939583, 0.1595718 ]), 'auc': array([0.])}
2024-05-25 12:36:04,741 - root - INFO - EPOCH[106/500] all_loss: 0.027 | time cost---Sampling: 0.77s--| 
2024-05-25 12:37:33,425 - root - INFO - [testing at epoch-106]
2024-05-25 12:37:33,426 - root - INFO - {'precision': array([0.01741732, 0.01237581]), 'recall': array([0.04651803, 0.14654781]), 'ndcg': array([0.06943472, 0.15957315]), 'auc': array([0.])}
2024-05-25 12:37:33,426 - root - INFO - EPOCH[107/500] all_loss: 0.027 | time cost---Sampling: 0.84s--| 
2024-05-25 12:39:01,806 - root - INFO - [testing at epoch-107]
2024-05-25 12:39:01,806 - root - INFO - {'precision': array([0.01736318, 0.0123724 ]), 'recall': array([0.04645584, 0.14649184]), 'ndcg': array([0.06919202, 0.15944506]), 'auc': array([0.])}
2024-05-25 12:39:01,807 - root - INFO - EPOCH[108/500] all_loss: 0.026 | time cost---Sampling: 0.76s--| 
2024-05-25 12:40:30,263 - root - INFO - [testing at epoch-108]
2024-05-25 12:40:30,264 - root - INFO - {'precision': array([0.01742587, 0.0123724 ]), 'recall': array([0.04661406, 0.14646099]), 'ndcg': array([0.06953741, 0.15963892]), 'auc': array([0.])}
2024-05-25 12:40:30,265 - root - INFO - EPOCH[109/500] all_loss: 0.026 | time cost---Sampling: 0.84s--| 
2024-05-25 12:41:58,598 - root - INFO - [testing at epoch-109]
2024-05-25 12:41:58,599 - root - INFO - {'precision': array([0.01741447, 0.01238284]), 'recall': array([0.04659736, 0.14657649]), 'ndcg': array([0.06940444, 0.15953209]), 'auc': array([0.])}
2024-05-25 12:41:58,599 - root - INFO - EPOCH[110/500] all_loss: 0.026 | time cost---Sampling: 0.83s--| 
2024-05-25 12:43:26,947 - root - INFO - [testing at epoch-110]
2024-05-25 12:43:26,947 - root - INFO - {'precision': array([0.01741257, 0.01237353]), 'recall': array([0.04650505, 0.14642648]), 'ndcg': array([0.06944084, 0.15955686]), 'auc': array([0.])}
2024-05-25 12:43:26,948 - root - INFO - EPOCH[111/500] all_loss: 0.026 | time cost---Sampling: 0.79s--| 
2024-05-25 12:44:55,323 - root - INFO - [testing at epoch-111]
2024-05-25 12:44:55,323 - root - INFO - {'precision': array([0.01741542, 0.01236765]), 'recall': array([0.04655451, 0.1463641 ]), 'ndcg': array([0.06914854, 0.15919517]), 'auc': array([0.])}
2024-05-25 12:44:55,324 - root - INFO - EPOCH[112/500] all_loss: 0.025 | time cost---Sampling: 0.79s--| 
2024-05-25 12:46:23,950 - root - INFO - [testing at epoch-112]
2024-05-25 12:46:23,951 - root - INFO - {'precision': array([0.01733279, 0.01235378]), 'recall': array([0.04639431, 0.1461937 ]), 'ndcg': array([0.06887852, 0.1590223 ]), 'auc': array([0.])}
2024-05-25 12:46:23,952 - root - INFO - EPOCH[113/500] all_loss: 0.025 | time cost---Sampling: 0.83s--| 
2024-05-25 12:47:52,130 - root - INFO - [testing at epoch-113]
2024-05-25 12:47:52,130 - root - INFO - {'precision': array([0.01731664, 0.01237695]), 'recall': array([0.04631543, 0.14644962]), 'ndcg': array([0.06866223, 0.15898374]), 'auc': array([0.])}
2024-05-25 12:47:52,131 - root - INFO - EPOCH[114/500] all_loss: 0.025 | time cost---Sampling: 0.78s--| 
2024-05-25 12:49:20,729 - root - INFO - [testing at epoch-114]
2024-05-25 12:49:20,730 - root - INFO - {'precision': array([0.01730145, 0.01237391]), 'recall': array([0.04631424, 0.14642409]), 'ndcg': array([0.06855768, 0.1588848 ]), 'auc': array([0.])}
2024-05-25 12:49:20,731 - root - INFO - EPOCH[115/500] all_loss: 0.024 | time cost---Sampling: 0.84s--| 
2024-05-25 12:50:49,048 - root - INFO - [testing at epoch-115]
2024-05-25 12:50:49,049 - root - INFO - {'precision': array([0.01727675, 0.01236328]), 'recall': array([0.0463045, 0.1463302]), 'ndcg': array([0.06823427, 0.15857718]), 'auc': array([0.])}
2024-05-25 12:50:49,049 - root - INFO - EPOCH[116/500] all_loss: 0.024 | time cost---Sampling: 0.80s--| 
2024-05-25 12:52:17,479 - root - INFO - [testing at epoch-116]
2024-05-25 12:52:17,479 - root - INFO - {'precision': array([0.01727675, 0.01235245]), 'recall': array([0.04636853, 0.14614174]), 'ndcg': array([0.06833135, 0.15858246]), 'auc': array([0.])}
2024-05-25 12:52:17,480 - root - INFO - EPOCH[117/500] all_loss: 0.024 | time cost---Sampling: 0.79s--| 
2024-05-25 12:53:46,008 - root - INFO - [testing at epoch-117]
2024-05-25 12:53:46,008 - root - INFO - {'precision': array([0.01719887, 0.01235587]), 'recall': array([0.04619029, 0.14622404]), 'ndcg': array([0.06799841, 0.15836636]), 'auc': array([0.])}
2024-05-25 12:53:46,009 - root - INFO - EPOCH[118/500] all_loss: 0.023 | time cost---Sampling: 0.80s--| 
2024-05-25 12:55:14,357 - root - INFO - [testing at epoch-118]
2024-05-25 12:55:14,360 - root - INFO - {'precision': array([0.01721027, 0.01235359]), 'recall': array([0.04614262, 0.14615005]), 'ndcg': array([0.06792928, 0.15826249]), 'auc': array([0.])}
2024-05-25 12:55:14,366 - root - INFO - EPOCH[119/500] all_loss: 0.023 | time cost---Sampling: 0.78s--| 
2024-05-25 12:56:42,993 - root - INFO - [testing at epoch-119]
2024-05-25 12:56:42,993 - root - INFO - {'precision': array([0.01722166, 0.01235644]), 'recall': array([0.0461759 , 0.14618592]), 'ndcg': array([0.06810319, 0.15835713]), 'auc': array([0.])}
2024-05-25 12:56:42,994 - root - INFO - EPOCH[120/500] all_loss: 0.023 | time cost---Sampling: 0.81s--| 
2024-05-25 12:58:11,632 - root - INFO - [testing at epoch-120]
2024-05-25 12:58:11,632 - root - INFO - {'precision': array([0.01714093, 0.01233991]), 'recall': array([0.04599467, 0.14595306]), 'ndcg': array([0.06758172, 0.15796421]), 'auc': array([0.])}
2024-05-25 12:58:11,633 - root - INFO - EPOCH[121/500] all_loss: 0.023 | time cost---Sampling: 0.83s--| 
2024-05-25 12:59:39,969 - root - INFO - [testing at epoch-121]
2024-05-25 12:59:39,970 - root - INFO - {'precision': array([0.01715138, 0.01235283]), 'recall': array([0.0459923 , 0.14604246]), 'ndcg': array([0.06763566, 0.15808807]), 'auc': array([0.])}
2024-05-25 12:59:39,970 - root - INFO - EPOCH[122/500] all_loss: 0.023 | time cost---Sampling: 0.80s--| 
2024-05-25 13:01:08,679 - root - INFO - [testing at epoch-122]
2024-05-25 13:01:08,679 - root - INFO - {'precision': array([0.01708109, 0.01233554]), 'recall': array([0.04588241, 0.14592159]), 'ndcg': array([0.06723915, 0.15770316]), 'auc': array([0.])}
2024-05-25 13:01:08,681 - root - INFO - EPOCH[123/500] all_loss: 0.022 | time cost---Sampling: 0.78s--| 
2024-05-25 13:02:37,105 - root - INFO - [testing at epoch-123]
2024-05-25 13:02:37,105 - root - INFO - {'precision': array([0.0170735 , 0.01232813]), 'recall': array([0.04586073, 0.14594686]), 'ndcg': array([0.06718921, 0.15757894]), 'auc': array([0.])}
2024-05-25 13:02:37,106 - root - INFO - EPOCH[124/500] all_loss: 0.022 | time cost---Sampling: 0.81s--| 
2024-05-25 13:04:05,606 - root - INFO - [testing at epoch-124]
2024-05-25 13:04:05,606 - root - INFO - {'precision': array([0.01701271, 0.01230534]), 'recall': array([0.04567048, 0.14575955]), 'ndcg': array([0.06696079, 0.1572683 ]), 'auc': array([0.])}
2024-05-25 13:04:05,607 - root - INFO - EPOCH[125/500] all_loss: 0.022 | time cost---Sampling: 0.82s--| 
2024-05-25 13:05:34,112 - root - INFO - [testing at epoch-125]
2024-05-25 13:05:34,112 - root - INFO - {'precision': array([0.01692438, 0.01231275]), 'recall': array([0.04551762, 0.14586582]), 'ndcg': array([0.06667297, 0.15716557]), 'auc': array([0.])}
2024-05-25 13:05:34,113 - root - INFO - EPOCH[126/500] all_loss: 0.021 | time cost---Sampling: 0.82s--| 
2024-05-25 13:07:02,598 - root - INFO - [testing at epoch-126]
2024-05-25 13:07:02,598 - root - INFO - {'precision': array([0.01689588, 0.01228976]), 'recall': array([0.0454843 , 0.14550576]), 'ndcg': array([0.06653329, 0.15692253]), 'auc': array([0.])}
2024-05-25 13:07:02,599 - root - INFO - EPOCH[127/500] all_loss: 0.021 | time cost---Sampling: 0.81s--| 
2024-05-25 13:08:31,050 - root - INFO - [testing at epoch-127]
2024-05-25 13:08:31,050 - root - INFO - {'precision': array([0.01690538, 0.01229356]), 'recall': array([0.04541698, 0.14540217]), 'ndcg': array([0.0664642 , 0.15690398]), 'auc': array([0.])}
2024-05-25 13:08:31,051 - root - INFO - EPOCH[128/500] all_loss: 0.021 | time cost---Sampling: 0.80s--| 
2024-05-25 13:09:59,444 - root - INFO - [testing at epoch-128]
2024-05-25 13:09:59,445 - root - INFO - {'precision': array([0.0168161 , 0.01227628]), 'recall': array([0.04522511, 0.14530285]), 'ndcg': array([0.06606545, 0.1565349 ]), 'auc': array([0.])}
2024-05-25 13:09:59,445 - root - INFO - EPOCH[129/500] all_loss: 0.021 | time cost---Sampling: 0.77s--| 
2024-05-25 13:11:27,940 - root - INFO - [testing at epoch-129]
2024-05-25 13:11:27,940 - root - INFO - {'precision': array([0.01678286, 0.0122833 ]), 'recall': array([0.04518058, 0.145334  ]), 'ndcg': array([0.065796  , 0.15640889]), 'auc': array([0.])}
2024-05-25 13:11:27,941 - root - INFO - EPOCH[130/500] all_loss: 0.021 | time cost---Sampling: 0.82s--| 
2024-05-25 13:12:56,284 - root - INFO - [testing at epoch-130]
2024-05-25 13:12:56,284 - root - INFO - {'precision': array([0.01672112, 0.01225728]), 'recall': array([0.0449026 , 0.14502555]), 'ndcg': array([0.06552059, 0.15617308]), 'auc': array([0.])}
2024-05-25 13:12:56,285 - root - INFO - EPOCH[131/500] all_loss: 0.020 | time cost---Sampling: 0.85s--| 
2024-05-25 13:14:24,804 - root - INFO - [testing at epoch-131]
2024-05-25 13:14:24,804 - root - INFO - {'precision': array([0.01669358, 0.01226032]), 'recall': array([0.04492391, 0.14508861]), 'ndcg': array([0.06528958, 0.15589873]), 'auc': array([0.])}
2024-05-25 13:14:24,805 - root - INFO - EPOCH[132/500] all_loss: 0.020 | time cost---Sampling: 0.83s--| 
2024-05-25 13:15:53,060 - root - INFO - [testing at epoch-132]
2024-05-25 13:15:53,061 - root - INFO - {'precision': array([0.01671827, 0.01225956]), 'recall': array([0.04498462, 0.1450845 ]), 'ndcg': array([0.06537759, 0.15596436]), 'auc': array([0.])}
2024-05-25 13:15:53,061 - root - INFO - EPOCH[133/500] all_loss: 0.020 | time cost---Sampling: 0.81s--| 
2024-05-25 13:17:21,639 - root - INFO - [testing at epoch-133]
2024-05-25 13:17:21,639 - root - INFO - {'precision': array([0.01664419, 0.01224132]), 'recall': array([0.04482117, 0.14493029]), 'ndcg': array([0.06501718, 0.15558634]), 'auc': array([0.])}
2024-05-25 13:17:21,640 - root - INFO - EPOCH[134/500] all_loss: 0.020 | time cost---Sampling: 0.85s--| 
2024-05-25 13:18:49,947 - root - INFO - [testing at epoch-134]
2024-05-25 13:18:49,947 - root - INFO - {'precision': array([0.01661569, 0.01223847]), 'recall': array([0.04478336, 0.14489945]), 'ndcg': array([0.06483725, 0.15543944]), 'auc': array([0.])}
2024-05-25 13:18:49,948 - root - INFO - EPOCH[135/500] all_loss: 0.020 | time cost---Sampling: 0.76s--| 
2024-05-25 13:20:16,223 - root - INFO - [testing at epoch-135]
2024-05-25 13:20:16,223 - root - INFO - {'precision': array([0.01659385, 0.01222423]), 'recall': array([0.04473441, 0.14478042]), 'ndcg': array([0.06490932, 0.15542756]), 'auc': array([0.])}
2024-05-25 13:20:16,224 - root - INFO - EPOCH[136/500] all_loss: 0.019 | time cost---Sampling: 0.80s--| 
2024-05-25 13:21:41,699 - root - INFO - [testing at epoch-136]
2024-05-25 13:21:41,699 - root - INFO - {'precision': array([0.01658055, 0.01222784]), 'recall': array([0.04467625, 0.14486575]), 'ndcg': array([0.06475186, 0.1553257 ]), 'auc': array([0.])}
2024-05-25 13:21:41,700 - root - INFO - EPOCH[137/500] all_loss: 0.019 | time cost---Sampling: 0.73s--| 
2024-05-25 13:23:07,497 - root - INFO - [testing at epoch-137]
2024-05-25 13:23:07,497 - root - INFO - {'precision': array([0.01649602, 0.01222024]), 'recall': array([0.04444242, 0.14467491]), 'ndcg': array([0.06438469, 0.15506778]), 'auc': array([0.])}
2024-05-25 13:23:07,498 - root - INFO - EPOCH[138/500] all_loss: 0.019 | time cost---Sampling: 0.72s--| 
2024-05-25 13:24:32,961 - root - INFO - [testing at epoch-138]
2024-05-25 13:24:32,962 - root - INFO - {'precision': array([0.01651977, 0.01220846]), 'recall': array([0.04450972, 0.14458802]), 'ndcg': array([0.06450995, 0.15512004]), 'auc': array([0.])}
2024-05-25 13:24:32,962 - root - INFO - EPOCH[139/500] all_loss: 0.019 | time cost---Sampling: 0.72s--| 
2024-05-25 13:25:58,457 - root - INFO - [testing at epoch-139]
2024-05-25 13:25:58,457 - root - INFO - {'precision': array([0.01632791, 0.01217123]), 'recall': array([0.04406785, 0.14424127]), 'ndcg': array([0.06392027, 0.15463125]), 'auc': array([0.])}
2024-05-25 13:25:58,458 - root - INFO - EPOCH[140/500] all_loss: 0.019 | time cost---Sampling: 0.73s--| 
2024-05-25 13:27:24,081 - root - INFO - [testing at epoch-140]
2024-05-25 13:27:24,081 - root - INFO - {'precision': array([0.01634975, 0.01216192]), 'recall': array([0.04409542, 0.14408765]), 'ndcg': array([0.06391499, 0.15454961]), 'auc': array([0.])}
2024-05-25 13:27:24,082 - root - INFO - EPOCH[141/500] all_loss: 0.019 | time cost---Sampling: 0.72s--| 
2024-05-25 13:28:49,625 - root - INFO - [testing at epoch-141]
2024-05-25 13:28:49,626 - root - INFO - {'precision': array([0.0163773 , 0.01217066]), 'recall': array([0.04412842, 0.1442099 ]), 'ndcg': array([0.06388594, 0.15450727]), 'auc': array([0.])}
2024-05-25 13:28:49,626 - root - INFO - EPOCH[142/500] all_loss: 0.018 | time cost---Sampling: 0.73s--| 
2024-05-25 13:30:15,129 - root - INFO - [testing at epoch-142]
2024-05-25 13:30:15,130 - root - INFO - {'precision': array([0.01633171, 0.01217864]), 'recall': array([0.04404293, 0.14429398]), 'ndcg': array([0.0637725 , 0.15449236]), 'auc': array([0.])}
2024-05-25 13:30:15,130 - root - INFO - EPOCH[143/500] all_loss: 0.018 | time cost---Sampling: 0.72s--| 
2024-05-25 13:31:40,650 - root - INFO - [testing at epoch-143]
2024-05-25 13:31:40,650 - root - INFO - {'precision': array([0.01628422, 0.01216401]), 'recall': array([0.04393913, 0.14416957]), 'ndcg': array([0.06363334, 0.15433564]), 'auc': array([0.])}
2024-05-25 13:31:40,651 - root - INFO - EPOCH[144/500] all_loss: 0.018 | time cost---Sampling: 0.71s--| 
2024-05-25 13:33:06,356 - root - INFO - [testing at epoch-144]
2024-05-25 13:33:06,356 - root - INFO - {'precision': array([0.01624907, 0.01216002]), 'recall': array([0.043829  , 0.14411685]), 'ndcg': array([0.06360735, 0.15436953]), 'auc': array([0.])}
2024-05-25 13:33:06,357 - root - INFO - EPOCH[145/500] all_loss: 0.018 | time cost---Sampling: 0.74s--| 
2024-05-25 13:34:31,859 - root - INFO - [testing at epoch-145]
2024-05-25 13:34:31,859 - root - INFO - {'precision': array([0.01623388, 0.0121378 ]), 'recall': array([0.04387797, 0.14380138]), 'ndcg': array([0.06340974, 0.15398751]), 'auc': array([0.])}
2024-05-25 13:34:31,860 - root - INFO - EPOCH[146/500] all_loss: 0.018 | time cost---Sampling: 0.72s--| 
2024-05-25 13:35:57,397 - root - INFO - [testing at epoch-146]
2024-05-25 13:35:57,397 - root - INFO - {'precision': array([0.01615125, 0.01213609]), 'recall': array([0.04360051, 0.1437284 ]), 'ndcg': array([0.06306302, 0.15377709]), 'auc': array([0.])}
2024-05-25 13:35:57,398 - root - INFO - EPOCH[147/500] all_loss: 0.018 | time cost---Sampling: 0.72s--| 
2024-05-25 13:37:22,970 - root - INFO - [testing at epoch-147]
2024-05-25 13:37:22,971 - root - INFO - {'precision': array([0.0161218 , 0.01212678]), 'recall': array([0.04352463, 0.14363509]), 'ndcg': array([0.06282176, 0.15359869]), 'auc': array([0.])}
2024-05-25 13:37:22,972 - root - INFO - EPOCH[148/500] all_loss: 0.017 | time cost---Sampling: 0.72s--| 
2024-05-25 13:38:48,512 - root - INFO - [testing at epoch-148]
2024-05-25 13:38:48,513 - root - INFO - {'precision': array([0.01606861, 0.01212678]), 'recall': array([0.04333949, 0.14367271]), 'ndcg': array([0.0624668 , 0.15336519]), 'auc': array([0.])}
2024-05-25 13:38:48,513 - root - INFO - EPOCH[149/500] all_loss: 0.017 | time cost---Sampling: 0.73s--| 
2024-05-25 13:40:13,884 - root - INFO - [testing at epoch-149]
2024-05-25 13:40:13,884 - root - INFO - {'precision': array([0.01602302, 0.01211595]), 'recall': array([0.04319375, 0.14357727]), 'ndcg': array([0.06234575, 0.1533392 ]), 'auc': array([0.])}
2024-05-25 13:40:13,885 - root - INFO - EPOCH[150/500] all_loss: 0.017 | time cost---Sampling: 0.73s--| 
2024-05-25 13:41:39,492 - root - INFO - [testing at epoch-150]
2024-05-25 13:41:39,492 - root - INFO - {'precision': array([0.01597173, 0.01211614]), 'recall': array([0.04314155, 0.14362355]), 'ndcg': array([0.06207207, 0.15317289]), 'auc': array([0.])}
2024-05-25 13:41:39,493 - root - INFO - EPOCH[151/500] all_loss: 0.017 | time cost---Sampling: 0.73s--| 
2024-05-25 13:43:05,059 - root - INFO - [testing at epoch-151]
2024-05-25 13:43:05,059 - root - INFO - {'precision': array([0.0159176 , 0.01212127]), 'recall': array([0.04297955, 0.14359994]), 'ndcg': array([0.06187311, 0.15317343]), 'auc': array([0.])}
2024-05-25 13:43:05,060 - root - INFO - EPOCH[152/500] all_loss: 0.017 | time cost---Sampling: 0.73s--| 
2024-05-25 13:44:30,534 - root - INFO - [testing at epoch-152]
2024-05-25 13:44:30,534 - root - INFO - {'precision': array([0.0158796 , 0.01210018]), 'recall': array([0.04292248, 0.14338577]), 'ndcg': array([0.06174655, 0.15288699]), 'auc': array([0.])}
2024-05-25 13:44:30,535 - root - INFO - EPOCH[153/500] all_loss: 0.016 | time cost---Sampling: 0.73s--| 
2024-05-25 13:45:55,938 - root - INFO - [testing at epoch-153]
2024-05-25 13:45:55,939 - root - INFO - {'precision': array([0.01575898, 0.01207321]), 'recall': array([0.04262353, 0.14319942]), 'ndcg': array([0.06124116, 0.15252991]), 'auc': array([0.])}
2024-05-25 13:45:55,939 - root - INFO - EPOCH[154/500] all_loss: 0.016 | time cost---Sampling: 0.73s--| 
2024-05-25 13:47:21,662 - root - INFO - [testing at epoch-154]
2024-05-25 13:47:21,662 - root - INFO - {'precision': array([0.01575423, 0.01207283]), 'recall': array([0.04252757, 0.14312202]), 'ndcg': array([0.0611748 , 0.15250248]), 'auc': array([0.])}
2024-05-25 13:47:21,663 - root - INFO - EPOCH[155/500] all_loss: 0.016 | time cost---Sampling: 0.73s--| 
2024-05-25 13:48:47,307 - root - INFO - [testing at epoch-155]
2024-05-25 13:48:47,307 - root - INFO - {'precision': array([0.0156488 , 0.01206238]), 'recall': array([0.04222471, 0.14307238]), 'ndcg': array([0.06075055, 0.15214162]), 'auc': array([0.])}
2024-05-25 13:48:47,308 - root - INFO - EPOCH[156/500] all_loss: 0.016 | time cost---Sampling: 0.73s--| 
2024-05-25 13:50:12,741 - root - INFO - [testing at epoch-156]
2024-05-25 13:50:12,741 - root - INFO - {'precision': array([0.01564216, 0.01205915]), 'recall': array([0.04225016, 0.14299511]), 'ndcg': array([0.06076746, 0.15212039]), 'auc': array([0.])}
2024-05-25 13:50:12,742 - root - INFO - EPOCH[157/500] all_loss: 0.016 | time cost---Sampling: 0.73s--| 
2024-05-25 13:51:38,196 - root - INFO - [testing at epoch-157]
2024-05-25 13:51:38,196 - root - INFO - {'precision': array([0.01556807, 0.01203142]), 'recall': array([0.04207784, 0.14283429]), 'ndcg': array([0.06053075, 0.15179077]), 'auc': array([0.])}
2024-05-25 13:51:38,197 - root - INFO - EPOCH[158/500] all_loss: 0.016 | time cost---Sampling: 0.72s--| 
2024-05-25 13:53:03,605 - root - INFO - [testing at epoch-158]
2024-05-25 13:53:03,605 - root - INFO - {'precision': array([0.01548259, 0.0120185 ]), 'recall': array([0.04185167, 0.14266483]), 'ndcg': array([0.06010288, 0.15141963]), 'auc': array([0.])}
2024-05-25 13:53:03,606 - root - INFO - EPOCH[159/500] all_loss: 0.016 | time cost---Sampling: 0.73s--| 
2024-05-25 13:54:29,084 - root - INFO - [testing at epoch-159]
2024-05-25 13:54:29,084 - root - INFO - {'precision': array([0.01541136, 0.01200615]), 'recall': array([0.04164932, 0.14261369]), 'ndcg': array([0.0599181 , 0.15134195]), 'auc': array([0.])}
2024-05-25 13:54:29,085 - root - INFO - EPOCH[160/500] all_loss: 0.016 | time cost---Sampling: 0.72s--| 
2024-05-25 13:55:54,592 - root - INFO - [testing at epoch-160]
2024-05-25 13:55:54,592 - root - INFO - {'precision': array([0.01540851, 0.01199837]), 'recall': array([0.04161456, 0.14249202]), 'ndcg': array([0.05979237, 0.15121387]), 'auc': array([0.])}
2024-05-25 13:55:54,593 - root - INFO - EPOCH[161/500] all_loss: 0.016 | time cost---Sampling: 0.72s--| 
2024-05-25 13:57:20,078 - root - INFO - [testing at epoch-161]
2024-05-25 13:57:20,078 - root - INFO - {'precision': array([0.01533252, 0.01199837]), 'recall': array([0.0414529, 0.1424178]), 'ndcg': array([0.05965161, 0.15117659]), 'auc': array([0.])}
2024-05-25 13:57:20,079 - root - INFO - EPOCH[162/500] all_loss: 0.015 | time cost---Sampling: 0.74s--| 
2024-05-25 13:58:45,681 - root - INFO - [testing at epoch-162]
2024-05-25 13:58:45,682 - root - INFO - {'precision': array([0.01526889, 0.01197766]), 'recall': array([0.04127942, 0.14224986]), 'ndcg': array([0.05941101, 0.15100054]), 'auc': array([0.])}
2024-05-25 13:58:45,682 - root - INFO - EPOCH[163/500] all_loss: 0.015 | time cost---Sampling: 0.72s--| 
2024-05-25 14:00:11,267 - root - INFO - [testing at epoch-163]
2024-05-25 14:00:11,268 - root - INFO - {'precision': array([0.01524704, 0.01197842]), 'recall': array([0.04124449, 0.14216353]), 'ndcg': array([0.05914955, 0.15067629]), 'auc': array([0.])}
2024-05-25 14:00:11,268 - root - INFO - EPOCH[164/500] all_loss: 0.015 | time cost---Sampling: 0.72s--| 
2024-05-25 14:01:36,649 - root - INFO - [testing at epoch-164]
2024-05-25 14:01:36,649 - root - INFO - {'precision': array([0.01524134, 0.01196189]), 'recall': array([0.04117305, 0.14199224]), 'ndcg': array([0.05918086, 0.15064022]), 'auc': array([0.])}
2024-05-25 14:01:36,650 - root - INFO - EPOCH[165/500] all_loss: 0.015 | time cost---Sampling: 0.73s--| 
2024-05-25 14:03:02,461 - root - INFO - [testing at epoch-165]
2024-05-25 14:03:02,462 - root - INFO - {'precision': array([0.01515396, 0.01196664]), 'recall': array([0.04095797, 0.14202021]), 'ndcg': array([0.05884876, 0.15045009]), 'auc': array([0.])}
2024-05-25 14:03:02,462 - root - INFO - EPOCH[166/500] all_loss: 0.015 | time cost---Sampling: 0.73s--| 
2024-05-25 14:04:28,035 - root - INFO - [testing at epoch-166]
2024-05-25 14:04:28,035 - root - INFO - {'precision': array([0.01514921, 0.01195411]), 'recall': array([0.04091811, 0.14186466]), 'ndcg': array([0.058739  , 0.15025831]), 'auc': array([0.])}
2024-05-25 14:04:28,036 - root - INFO - EPOCH[167/500] all_loss: 0.015 | time cost---Sampling: 0.72s--| 
2024-05-25 14:05:53,965 - root - INFO - [testing at epoch-167]
2024-05-25 14:05:53,965 - root - INFO - {'precision': array([0.01511217, 0.01192998]), 'recall': array([0.04081834, 0.14157627]), 'ndcg': array([0.05865665, 0.15005758]), 'auc': array([0.])}
2024-05-25 14:05:53,966 - root - INFO - EPOCH[168/500] all_loss: 0.015 | time cost---Sampling: 0.73s--| 
2024-05-25 14:07:19,787 - root - INFO - [testing at epoch-168]
2024-05-25 14:07:19,787 - root - INFO - {'precision': array([0.01506753, 0.01193872]), 'recall': array([0.04072981, 0.14163129]), 'ndcg': array([0.05853707, 0.15001053]), 'auc': array([0.])}
2024-05-25 14:07:19,788 - root - INFO - EPOCH[169/500] all_loss: 0.015 | time cost---Sampling: 0.72s--| 
2024-05-25 14:08:45,275 - root - INFO - [testing at epoch-169]
2024-05-25 14:08:45,275 - root - INFO - {'precision': array([0.01502764, 0.01193568]), 'recall': array([0.04057055, 0.141609  ]), 'ndcg': array([0.05826304, 0.14989289]), 'auc': array([0.])}
2024-05-25 14:08:45,277 - root - INFO - EPOCH[170/500] all_loss: 0.014 | time cost---Sampling: 0.73s--| 
2024-05-25 14:10:10,737 - root - INFO - [testing at epoch-170]
2024-05-25 14:10:10,737 - root - INFO - {'precision': array([0.01498015, 0.01191232]), 'recall': array([0.04042873, 0.14147229]), 'ndcg': array([0.05801148, 0.14953017]), 'auc': array([0.])}
2024-05-25 14:10:10,738 - root - INFO - EPOCH[171/500] all_loss: 0.014 | time cost---Sampling: 0.73s--| 
2024-05-25 14:11:36,198 - root - INFO - [testing at epoch-171]
2024-05-25 14:11:36,199 - root - INFO - {'precision': array([0.01492696, 0.01190149]), 'recall': array([0.04030781, 0.14133776]), 'ndcg': array([0.05781934, 0.14946704]), 'auc': array([0.])}
2024-05-25 14:11:36,199 - root - INFO - EPOCH[172/500] all_loss: 0.014 | time cost---Sampling: 0.72s--| 
2024-05-25 14:13:01,858 - root - INFO - [testing at epoch-172]
2024-05-25 14:13:01,858 - root - INFO - {'precision': array([0.01481583, 0.01188268]), 'recall': array([0.04000702, 0.14116755]), 'ndcg': array([0.05727088, 0.14903554]), 'auc': array([0.])}
2024-05-25 14:13:01,859 - root - INFO - EPOCH[173/500] all_loss: 0.014 | time cost---Sampling: 0.71s--| 
2024-05-25 14:14:27,546 - root - INFO - [testing at epoch-173]
2024-05-25 14:14:27,546 - root - INFO - {'precision': array([0.01480729, 0.01187527]), 'recall': array([0.0399365 , 0.14098972]), 'ndcg': array([0.05718643, 0.14889647]), 'auc': array([0.])}
2024-05-25 14:14:27,547 - root - INFO - EPOCH[174/500] all_loss: 0.014 | time cost---Sampling: 0.72s--| 
2024-05-25 14:15:53,111 - root - INFO - [testing at epoch-174]
2024-05-25 14:15:53,111 - root - INFO - {'precision': array([0.0147332 , 0.01185818]), 'recall': array([0.03975822, 0.1408684 ]), 'ndcg': array([0.05689464, 0.14865283]), 'auc': array([0.])}
2024-05-25 14:15:53,112 - root - INFO - EPOCH[175/500] all_loss: 0.014 | time cost---Sampling: 0.73s--| 
2024-05-25 14:17:18,625 - root - INFO - [testing at epoch-175]
2024-05-25 14:17:18,625 - root - INFO - {'precision': array([0.01464107, 0.01183025]), 'recall': array([0.03952872, 0.14062109]), 'ndcg': array([0.05666988, 0.1483779 ]), 'auc': array([0.])}
2024-05-25 14:17:18,626 - root - INFO - EPOCH[176/500] all_loss: 0.014 | time cost---Sampling: 0.73s--| 
2024-05-25 14:18:44,330 - root - INFO - [testing at epoch-176]
2024-05-25 14:18:44,330 - root - INFO - {'precision': array([0.01461923, 0.01183405]), 'recall': array([0.03948042, 0.14061079]), 'ndcg': array([0.05670767, 0.14840395]), 'auc': array([0.])}
2024-05-25 14:18:44,331 - root - INFO - EPOCH[177/500] all_loss: 0.014 | time cost---Sampling: 0.72s--| 
2024-05-25 14:20:09,721 - root - INFO - [testing at epoch-177]
2024-05-25 14:20:09,722 - root - INFO - {'precision': array([0.0145385 , 0.01179929]), 'recall': array([0.0392858 , 0.14033831]), 'ndcg': array([0.05620458, 0.14788499]), 'auc': array([0.])}
2024-05-25 14:20:09,722 - root - INFO - EPOCH[178/500] all_loss: 0.014 | time cost---Sampling: 0.72s--| 
2024-05-25 14:21:35,447 - root - INFO - [testing at epoch-178]
2024-05-25 14:21:35,447 - root - INFO - {'precision': array([0.01448246, 0.01179606]), 'recall': array([0.03904362, 0.14031184]), 'ndcg': array([0.0560307, 0.1478251]), 'auc': array([0.])}
2024-05-25 14:21:35,448 - root - INFO - EPOCH[179/500] all_loss: 0.013 | time cost---Sampling: 0.73s--| 
2024-05-25 14:23:00,882 - root - INFO - [testing at epoch-179]
2024-05-25 14:23:00,883 - root - INFO - {'precision': array([0.01436278, 0.01178523]), 'recall': array([0.03872874, 0.14018983]), 'ndcg': array([0.05559347, 0.14754236]), 'auc': array([0.])}
2024-05-25 14:23:00,883 - root - INFO - EPOCH[180/500] all_loss: 0.013 | time cost---Sampling: 0.72s--| 
2024-05-25 14:24:26,373 - root - INFO - [testing at epoch-180]
2024-05-25 14:24:26,373 - root - INFO - {'precision': array([0.01435613, 0.01176225]), 'recall': array([0.03873545, 0.13997292]), 'ndcg': array([0.0555804, 0.1474303]), 'auc': array([0.])}
2024-05-25 14:24:26,374 - root - INFO - EPOCH[181/500] all_loss: 0.013 | time cost---Sampling: 0.72s--| 
2024-05-25 14:25:52,239 - root - INFO - [testing at epoch-181]
2024-05-25 14:25:52,239 - root - INFO - {'precision': array([0.01429155, 0.01176225]), 'recall': array([0.03853414, 0.13992335]), 'ndcg': array([0.05527629, 0.14727205]), 'auc': array([0.])}
2024-05-25 14:25:52,240 - root - INFO - EPOCH[182/500] all_loss: 0.013 | time cost---Sampling: 0.73s--| 
2024-05-25 14:27:17,816 - root - INFO - [testing at epoch-182]
2024-05-25 14:27:17,817 - root - INFO - {'precision': array([0.01424121, 0.01176396]), 'recall': array([0.03836744, 0.13994671]), 'ndcg': array([0.05512176, 0.14721308]), 'auc': array([0.])}
2024-05-25 14:27:17,817 - root - INFO - EPOCH[183/500] all_loss: 0.013 | time cost---Sampling: 0.72s--| 
2024-05-25 14:28:43,496 - root - INFO - [testing at epoch-183]
2024-05-25 14:28:43,496 - root - INFO - {'precision': array([0.01425071, 0.01175237]), 'recall': array([0.03837713, 0.13977821]), 'ndcg': array([0.05510347, 0.1470862 ]), 'auc': array([0.])}
2024-05-25 14:28:43,497 - root - INFO - EPOCH[184/500] all_loss: 0.013 | time cost---Sampling: 0.72s--| 
2024-05-25 14:30:08,926 - root - INFO - [testing at epoch-184]
2024-05-25 14:30:08,927 - root - INFO - {'precision': array([0.01419752, 0.01172749]), 'recall': array([0.03821102, 0.13960735]), 'ndcg': array([0.05493418, 0.14686022]), 'auc': array([0.])}
2024-05-25 14:30:08,928 - root - INFO - EPOCH[185/500] all_loss: 0.013 | time cost---Sampling: 0.73s--| 
2024-05-25 14:31:34,427 - root - INFO - [testing at epoch-185]
2024-05-25 14:31:34,427 - root - INFO - {'precision': array([0.01416903, 0.01172521]), 'recall': array([0.03820702, 0.13952452]), 'ndcg': array([0.05475822, 0.14663557]), 'auc': array([0.])}
2024-05-25 14:31:34,428 - root - INFO - EPOCH[186/500] all_loss: 0.013 | time cost---Sampling: 0.73s--| 
2024-05-25 14:33:00,161 - root - INFO - [testing at epoch-186]
2024-05-25 14:33:00,161 - root - INFO - {'precision': array([0.01407785, 0.01170982]), 'recall': array([0.03792038, 0.13943568]), 'ndcg': array([0.05445916, 0.14639453]), 'auc': array([0.])}
2024-05-25 14:33:00,162 - root - INFO - EPOCH[187/500] all_loss: 0.013 | time cost---Sampling: 0.72s--| 
2024-05-25 14:34:25,672 - root - INFO - [testing at epoch-187]
2024-05-25 14:34:25,672 - root - INFO - {'precision': array([0.0140693 , 0.01170678]), 'recall': array([0.0378852 , 0.13927612]), 'ndcg': array([0.05427614, 0.14624577]), 'auc': array([0.])}
2024-05-25 14:34:25,673 - root - INFO - EPOCH[188/500] all_loss: 0.013 | time cost---Sampling: 0.72s--| 
2024-05-25 14:35:51,087 - root - INFO - [testing at epoch-188]
2024-05-25 14:35:51,088 - root - INFO - {'precision': array([0.01398382, 0.01168152]), 'recall': array([0.03761663, 0.13907938]), 'ndcg': array([0.05404323, 0.14603544]), 'auc': array([0.])}
2024-05-25 14:35:51,088 - root - INFO - EPOCH[189/500] all_loss: 0.012 | time cost---Sampling: 0.73s--| 
2024-05-25 14:37:16,689 - root - INFO - [testing at epoch-189]
2024-05-25 14:37:16,689 - root - INFO - {'precision': array([0.01390118, 0.01167639]), 'recall': array([0.03737944, 0.13905416]), 'ndcg': array([0.05370128, 0.14578299]), 'auc': array([0.])}
2024-05-25 14:37:16,690 - root - INFO - EPOCH[190/500] all_loss: 0.012 | time cost---Sampling: 0.73s--| 
2024-05-25 14:38:42,279 - root - INFO - [testing at epoch-190]
2024-05-25 14:38:42,279 - root - INFO - {'precision': array([0.01390023, 0.0116648 ]), 'recall': array([0.03736174, 0.13888953]), 'ndcg': array([0.05370329, 0.14566403]), 'auc': array([0.])}
2024-05-25 14:38:42,280 - root - INFO - EPOCH[191/500] all_loss: 0.012 | time cost---Sampling: 0.73s--| 
2024-05-25 14:40:07,698 - root - INFO - [testing at epoch-191]
2024-05-25 14:40:07,698 - root - INFO - {'precision': array([0.0138404 , 0.01165739]), 'recall': array([0.03714849, 0.13878626]), 'ndcg': array([0.05332351, 0.14544282]), 'auc': array([0.])}
2024-05-25 14:40:07,699 - root - INFO - EPOCH[192/500] all_loss: 0.012 | time cost---Sampling: 0.73s--| 
2024-05-25 14:41:33,412 - root - INFO - [testing at epoch-192]
2024-05-25 14:41:33,412 - root - INFO - {'precision': array([0.01382425, 0.01163801]), 'recall': array([0.03706272, 0.1385427 ]), 'ndcg': array([0.05337196, 0.14536355]), 'auc': array([0.])}
2024-05-25 14:41:33,413 - root - INFO - EPOCH[193/500] all_loss: 0.012 | time cost---Sampling: 0.72s--| 
2024-05-25 14:42:58,825 - root - INFO - [testing at epoch-193]
2024-05-25 14:42:58,826 - root - INFO - {'precision': array([0.01368653, 0.01161655]), 'recall': array([0.03673377, 0.13844637]), 'ndcg': array([0.05286031, 0.14503187]), 'auc': array([0.])}
2024-05-25 14:42:58,826 - root - INFO - EPOCH[194/500] all_loss: 0.012 | time cost---Sampling: 0.73s--| 
2024-05-25 14:44:24,363 - root - INFO - [testing at epoch-194]
2024-05-25 14:44:24,363 - root - INFO - {'precision': array([0.0135811 , 0.01158844]), 'recall': array([0.03640696, 0.13817698]), 'ndcg': array([0.05245686, 0.14461343]), 'auc': array([0.])}
2024-05-25 14:44:24,364 - root - INFO - EPOCH[195/500] all_loss: 0.012 | time cost---Sampling: 0.72s--| 
2024-05-25 14:45:49,862 - root - INFO - [testing at epoch-195]
2024-05-25 14:45:49,862 - root - INFO - {'precision': array([0.01359725, 0.01159128]), 'recall': array([0.03649854, 0.13809809]), 'ndcg': array([0.05247273, 0.14458699]), 'auc': array([0.])}
2024-05-25 14:45:49,863 - root - INFO - EPOCH[196/500] all_loss: 0.012 | time cost---Sampling: 0.72s--| 
2024-05-25 14:47:15,237 - root - INFO - [testing at epoch-196]
2024-05-25 14:47:15,238 - root - INFO - {'precision': array([0.01346238, 0.01156545]), 'recall': array([0.03608258, 0.13801723]), 'ndcg': array([0.05209815, 0.14435785]), 'auc': array([0.])}
2024-05-25 14:47:15,239 - root - INFO - EPOCH[197/500] all_loss: 0.012 | time cost---Sampling: 0.73s--| 
2024-05-25 14:48:40,734 - root - INFO - [testing at epoch-197]
2024-05-25 14:48:40,734 - root - INFO - {'precision': array([0.01339589, 0.01153696]), 'recall': array([0.03588156, 0.13780123]), 'ndcg': array([0.05171922, 0.14387247]), 'auc': array([0.])}
2024-05-25 14:48:40,735 - root - INFO - EPOCH[198/500] all_loss: 0.012 | time cost---Sampling: 0.72s--| 
2024-05-25 14:50:06,124 - root - INFO - [testing at epoch-198]
2024-05-25 14:50:06,124 - root - INFO - {'precision': array([0.01333606, 0.01152689]), 'recall': array([0.03575484, 0.13758406]), 'ndcg': array([0.05157147, 0.14373393]), 'auc': array([0.])}
2024-05-25 14:50:06,125 - root - INFO - EPOCH[199/500] all_loss: 0.012 | time cost---Sampling: 0.72s--| 
2024-05-25 14:51:31,561 - root - INFO - [testing at epoch-199]
2024-05-25 14:51:31,561 - root - INFO - {'precision': array([0.0133826 , 0.01152651]), 'recall': array([0.03583842, 0.13752796]), 'ndcg': array([0.05172479, 0.14385156]), 'auc': array([0.])}
2024-05-25 14:51:31,562 - root - INFO - EPOCH[200/500] all_loss: 0.012 | time cost---Sampling: 0.72s--| 
2024-05-25 14:52:56,971 - root - INFO - [testing at epoch-200]
2024-05-25 14:52:56,971 - root - INFO - {'precision': array([0.01328002, 0.01151245]), 'recall': array([0.03556714, 0.13743813]), 'ndcg': array([0.05127521, 0.14349626]), 'auc': array([0.])}
2024-05-25 14:52:56,972 - root - INFO - EPOCH[201/500] all_loss: 0.011 | time cost---Sampling: 0.72s--| 
2024-05-25 14:54:22,414 - root - INFO - [testing at epoch-201]
2024-05-25 14:54:22,414 - root - INFO - {'precision': array([0.01322303, 0.01147788]), 'recall': array([0.03544293, 0.13712384]), 'ndcg': array([0.05106684, 0.14321188]), 'auc': array([0.])}
2024-05-25 14:54:22,415 - root - INFO - EPOCH[202/500] all_loss: 0.012 | time cost---Sampling: 0.73s--| 
2024-05-25 14:55:47,872 - root - INFO - [testing at epoch-202]
2024-05-25 14:55:47,873 - root - INFO - {'precision': array([0.01320878, 0.01148111]), 'recall': array([0.03536539, 0.13711527]), 'ndcg': array([0.05101778, 0.14306162]), 'auc': array([0.])}
2024-05-25 14:55:47,874 - root - INFO - EPOCH[203/500] all_loss: 0.011 | time cost---Sampling: 0.73s--| 
2024-05-25 14:57:12,947 - root - INFO - [testing at epoch-203]
2024-05-25 14:57:12,948 - root - INFO - {'precision': array([0.0131233 , 0.01144673]), 'recall': array([0.03515324, 0.13694175]), 'ndcg': array([0.0507418 , 0.14280538]), 'auc': array([0.])}
2024-05-25 14:57:12,948 - root - INFO - EPOCH[204/500] all_loss: 0.011 | time cost---Sampling: 0.72s--| 
2024-05-25 14:58:38,149 - root - INFO - [testing at epoch-204]
2024-05-25 14:58:38,149 - root - INFO - {'precision': array([0.01308816, 0.01143571]), 'recall': array([0.03502664, 0.13680835]), 'ndcg': array([0.05054624, 0.14257338]), 'auc': array([0.])}
2024-05-25 14:58:38,150 - root - INFO - EPOCH[205/500] all_loss: 0.011 | time cost---Sampling: 0.71s--| 
2024-05-25 15:00:03,262 - root - INFO - [testing at epoch-205]
2024-05-25 15:00:03,262 - root - INFO - {'precision': array([0.01302642, 0.01142393]), 'recall': array([0.03488466, 0.13676071]), 'ndcg': array([0.05033825, 0.14240547]), 'auc': array([0.])}
2024-05-25 15:00:03,263 - root - INFO - EPOCH[206/500] all_loss: 0.011 | time cost---Sampling: 0.69s--| 
2024-05-25 15:01:28,464 - root - INFO - [testing at epoch-206]
2024-05-25 15:01:28,464 - root - INFO - {'precision': array([0.01300838, 0.0114112 ]), 'recall': array([0.03472896, 0.13661801]), 'ndcg': array([0.05021944, 0.14224048]), 'auc': array([0.])}
2024-05-25 15:01:28,465 - root - INFO - EPOCH[207/500] all_loss: 0.011 | time cost---Sampling: 0.70s--| 
2024-05-25 15:02:53,523 - root - INFO - [testing at epoch-207]
2024-05-25 15:02:53,523 - root - INFO - {'precision': array([0.01293999, 0.01140702]), 'recall': array([0.03456443, 0.13653185]), 'ndcg': array([0.0500048 , 0.14213132]), 'auc': array([0.])}
2024-05-25 15:02:53,524 - root - INFO - EPOCH[208/500] all_loss: 0.011 | time cost---Sampling: 0.71s--| 
2024-05-25 15:04:18,317 - root - INFO - [testing at epoch-208]
2024-05-25 15:04:18,318 - root - INFO - {'precision': array([0.0129039 , 0.01139126]), 'recall': array([0.03440809, 0.13630051]), 'ndcg': array([0.04971189, 0.14184933]), 'auc': array([0.])}
2024-05-25 15:04:18,319 - root - INFO - EPOCH[209/500] all_loss: 0.011 | time cost---Sampling: 0.68s--| 
2024-05-25 15:05:43,458 - root - INFO - [testing at epoch-209]
2024-05-25 15:05:43,459 - root - INFO - {'precision': array([0.01274054, 0.01133788]), 'recall': array([0.03394813, 0.135998  ]), 'ndcg': array([0.04926351, 0.14134424]), 'auc': array([0.])}
2024-05-25 15:05:43,459 - root - INFO - EPOCH[210/500] all_loss: 0.011 | time cost---Sampling: 0.68s--| 
2024-05-25 15:07:08,371 - root - INFO - [testing at epoch-210]
2024-05-25 15:07:08,372 - root - INFO - {'precision': array([0.01268355, 0.01133674]), 'recall': array([0.03376283, 0.1359584 ]), 'ndcg': array([0.04896647, 0.14110894]), 'auc': array([0.])}
2024-05-25 15:07:08,372 - root - INFO - EPOCH[211/500] all_loss: 0.011 | time cost---Sampling: 0.70s--| 
2024-05-25 15:08:33,353 - root - INFO - [testing at epoch-211]
2024-05-25 15:08:33,353 - root - INFO - {'precision': array([0.01272154, 0.01135023]), 'recall': array([0.0338372 , 0.13603964]), 'ndcg': array([0.04909881, 0.14123271]), 'auc': array([0.])}
2024-05-25 15:08:33,354 - root - INFO - EPOCH[212/500] all_loss: 0.011 | time cost---Sampling: 0.71s--| 
2024-05-25 15:09:58,061 - root - INFO - [testing at epoch-212]
2024-05-25 15:09:58,061 - root - INFO - {'precision': array([0.01264461, 0.01133484]), 'recall': array([0.03363602, 0.13592177]), 'ndcg': array([0.04868659, 0.14084135]), 'auc': array([0.])}
2024-05-25 15:09:58,062 - root - INFO - EPOCH[213/500] all_loss: 0.011 | time cost---Sampling: 0.67s--| 
2024-05-25 15:11:22,953 - root - INFO - [testing at epoch-213]
2024-05-25 15:11:22,953 - root - INFO - {'precision': array([0.01263891, 0.01133579]), 'recall': array([0.03362092, 0.13587681]), 'ndcg': array([0.04861171, 0.14072998]), 'auc': array([0.])}
2024-05-25 15:11:22,954 - root - INFO - EPOCH[214/500] all_loss: 0.011 | time cost---Sampling: 0.67s--| 
2024-05-25 15:12:47,924 - root - INFO - [testing at epoch-214]
2024-05-25 15:12:47,924 - root - INFO - {'precision': array([0.0126522 , 0.01132439]), 'recall': array([0.03360405, 0.1357573 ]), 'ndcg': array([0.04869921, 0.14075554]), 'auc': array([0.])}
2024-05-25 15:12:47,925 - root - INFO - EPOCH[215/500] all_loss: 0.011 | time cost---Sampling: 0.69s--| 
2024-05-25 15:14:12,805 - root - INFO - [testing at epoch-215]
2024-05-25 15:14:12,806 - root - INFO - {'precision': array([0.01258572, 0.01131394]), 'recall': array([0.03337542, 0.13557677]), 'ndcg': array([0.04831763, 0.14039339]), 'auc': array([0.])}
2024-05-25 15:14:12,806 - root - INFO - EPOCH[216/500] all_loss: 0.011 | time cost---Sampling: 0.68s--| 
2024-05-25 15:15:37,849 - root - INFO - [testing at epoch-216]
2024-05-25 15:15:37,849 - root - INFO - {'precision': array([0.01256672, 0.01129381]), 'recall': array([0.03336119, 0.13537738]), 'ndcg': array([0.04833549, 0.1402343 ]), 'auc': array([0.])}
2024-05-25 15:15:37,850 - root - INFO - EPOCH[217/500] all_loss: 0.011 | time cost---Sampling: 0.70s--| 
2024-05-25 15:17:02,854 - root - INFO - [testing at epoch-217]
2024-05-25 15:17:02,854 - root - INFO - {'precision': array([0.0124613 , 0.01127006]), 'recall': array([0.03304739, 0.13519862]), 'ndcg': array([0.04794008, 0.13998573]), 'auc': array([0.])}
2024-05-25 15:17:02,855 - root - INFO - EPOCH[218/500] all_loss: 0.010 | time cost---Sampling: 0.69s--| 
2024-05-25 15:18:27,787 - root - INFO - [testing at epoch-218]
2024-05-25 15:18:27,787 - root - INFO - {'precision': array([0.01238721, 0.01124841]), 'recall': array([0.03288846, 0.13505862]), 'ndcg': array([0.04759369, 0.1396399 ]), 'auc': array([0.])}
2024-05-25 15:18:27,788 - root - INFO - EPOCH[219/500] all_loss: 0.010 | time cost---Sampling: 0.68s--| 
2024-05-25 15:19:52,815 - root - INFO - [testing at epoch-219]
2024-05-25 15:19:52,815 - root - INFO - {'precision': array([0.01230363, 0.01122447]), 'recall': array([0.03265895, 0.13482552]), 'ndcg': array([0.04739622, 0.13941816]), 'auc': array([0.])}
2024-05-25 15:19:52,816 - root - INFO - EPOCH[220/500] all_loss: 0.010 | time cost---Sampling: 0.70s--| 
2024-05-25 15:21:17,905 - root - INFO - [testing at epoch-220]
2024-05-25 15:21:17,905 - root - INFO - {'precision': array([0.01225614, 0.01122333]), 'recall': array([0.03255869, 0.1347981 ]), 'ndcg': array([0.04722719, 0.13932377]), 'auc': array([0.])}
2024-05-25 15:21:17,906 - root - INFO - EPOCH[221/500] all_loss: 0.010 | time cost---Sampling: 0.71s--| 
2024-05-25 15:22:43,009 - root - INFO - [testing at epoch-221]
2024-05-25 15:22:43,009 - root - INFO - {'precision': array([0.01229888, 0.0112013 ]), 'recall': array([0.03268542, 0.13448755]), 'ndcg': array([0.04722761, 0.13902248]), 'auc': array([0.])}
2024-05-25 15:22:43,010 - root - INFO - EPOCH[222/500] all_loss: 0.010 | time cost---Sampling: 0.70s--| 
2024-05-25 15:24:08,064 - root - INFO - [testing at epoch-222]
2024-05-25 15:24:08,064 - root - INFO - {'precision': array([0.01213647, 0.01116008]), 'recall': array([0.0322066 , 0.13419507]), 'ndcg': array([0.04678362, 0.13865144]), 'auc': array([0.])}
2024-05-25 15:24:08,065 - root - INFO - EPOCH[223/500] all_loss: 0.010 | time cost---Sampling: 0.70s--| 
2024-05-25 15:25:33,421 - root - INFO - [testing at epoch-223]
2024-05-25 15:25:33,421 - root - INFO - {'precision': array([0.0122058, 0.0111654]), 'recall': array([0.03234676, 0.13412356]), 'ndcg': array([0.04698322, 0.13872724]), 'auc': array([0.])}
2024-05-25 15:25:33,422 - root - INFO - EPOCH[224/500] all_loss: 0.010 | time cost---Sampling: 0.70s--| 
2024-05-25 15:26:58,596 - root - INFO - [testing at epoch-224]
2024-05-25 15:26:58,596 - root - INFO - {'precision': array([0.01215451, 0.01115951]), 'recall': array([0.032182  , 0.13403484]), 'ndcg': array([0.0468374 , 0.13874137]), 'auc': array([0.])}
2024-05-25 15:26:58,597 - root - INFO - EPOCH[225/500] all_loss: 0.010 | time cost---Sampling: 0.71s--| 
2024-05-25 15:28:23,929 - root - INFO - [testing at epoch-225]
2024-05-25 15:28:23,929 - root - INFO - {'precision': array([0.01202819, 0.01114678]), 'recall': array([0.03177062, 0.1339422 ]), 'ndcg': array([0.04634114, 0.13840161]), 'auc': array([0.])}
2024-05-25 15:28:23,930 - root - INFO - EPOCH[226/500] all_loss: 0.010 | time cost---Sampling: 0.70s--| 
2024-05-25 15:29:49,194 - root - INFO - [testing at epoch-226]
2024-05-25 15:29:49,194 - root - INFO - {'precision': array([0.01190567, 0.01110841]), 'recall': array([0.03146415, 0.1337105 ]), 'ndcg': array([0.04589851, 0.13786571]), 'auc': array([0.])}
2024-05-25 15:29:49,195 - root - INFO - EPOCH[227/500] all_loss: 0.010 | time cost---Sampling: 0.70s--| 
