2024-06-27 10:59:14,176 - root - INFO - Namespace(N=25, R=100, alpha=0.5, bpr_neg_num=1, compute_rank=1, dataset='book', dim=256, epoch=400, eps=1e-20, layers=2, lmd2=0.1, lr=0.0005, model='bgr', neg_ratio=8, norm_a=1.0, save_embed=1, seed=2021, tensorboard=True, test_batch=100, test_file='test.txt', topks=[20, 100], train_batch=2048, train_file='train.txt', weight=1e-06)
2024-06-27 11:01:29,460 - root - INFO - [testing at epoch-0]
2024-06-27 11:01:29,460 - root - INFO - {'precision': array([0.01830063, 0.01149631]), 'recall': array([0.04479298, 0.1306099 ]), 'ndcg': array([0.07774143, 0.15792889]), 'auc': array([0.])}
2024-06-27 11:01:29,460 - root - INFO - EPOCH[1/400] all_loss: 0.219 | bpr_loss:0.16810046490555502 | rd_loss:0.05003199554084701 | time cost---Sampling: 0.59s--| 
rd_loss-0: 0.05139341857686781 | rd_loss-1: 0.03760836390148955 | rd_loss-2: 0.06109420034644824 |  
2024-06-27 11:03:44,774 - root - INFO - [testing at epoch-1]
2024-06-27 11:03:44,774 - root - INFO - {'precision': array([0.01769846, 0.01134738]), 'recall': array([0.04337637, 0.12973504]), 'ndcg': array([0.07573113, 0.15621752]), 'auc': array([0.])}
2024-06-27 11:03:44,775 - root - INFO - EPOCH[2/400] all_loss: 0.170 | bpr_loss:0.13983363311097038 | rd_loss:0.030048222004942268 | time cost---Sampling: 0.54s--| 
rd_loss-0: 0.039344377860800396 | rd_loss-1: 0.0208838155884344 | rd_loss-2: 0.02991647019100117 |  
2024-06-27 11:06:00,033 - root - INFO - [testing at epoch-2]
2024-06-27 11:06:00,034 - root - INFO - {'precision': array([0.01764242, 0.0113356 ]), 'recall': array([0.0432879 , 0.12980771]), 'ndcg': array([0.07544026, 0.15604037]), 'auc': array([0.])}
2024-06-27 11:06:00,034 - root - INFO - EPOCH[3/400] all_loss: 0.150 | bpr_loss:0.1275289282138325 | rd_loss:0.022151865469180725 | time cost---Sampling: 0.54s--| 
rd_loss-0: 0.03243272452612787 | rd_loss-1: 0.014482770064425499 | rd_loss-2: 0.019540100017934395 |  
2024-06-27 11:08:15,341 - root - INFO - [testing at epoch-3]
2024-06-27 11:08:15,341 - root - INFO - {'precision': array([0.01770606, 0.01137834]), 'recall': array([0.04345827, 0.13021749]), 'ndcg': array([0.07583518, 0.15678085]), 'auc': array([0.])}
2024-06-27 11:08:15,342 - root - INFO - EPOCH[4/400] all_loss: 0.138 | bpr_loss:0.11966286461829315 | rd_loss:0.017986248347943677 | time cost---Sampling: 0.54s--| 
rd_loss-0: 0.027905885922233916 | rd_loss-1: 0.01124338768567494 | rd_loss-2: 0.014809469554763265 |  
2024-06-27 11:10:30,666 - root - INFO - [testing at epoch-4]
2024-06-27 11:10:30,667 - root - INFO - {'precision': array([0.01781148, 0.01144787]), 'recall': array([0.04360476, 0.1310663 ]), 'ndcg': array([0.07621439, 0.15742395]), 'auc': array([0.])}
2024-06-27 11:10:30,667 - root - INFO - EPOCH[5/400] all_loss: 0.130 | bpr_loss:0.11416629592380137 | rd_loss:0.015400912429148922 | time cost---Sampling: 0.54s--| 
rd_loss-0: 0.02466515145951185 | rd_loss-1: 0.009319938360266677 | rd_loss-2: 0.01221764630935088 |  
2024-06-27 11:12:45,955 - root - INFO - [testing at epoch-5]
2024-06-27 11:12:45,955 - root - INFO - {'precision': array([0.01790931, 0.01147503]), 'recall': array([0.04382317, 0.13139739]), 'ndcg': array([0.0764186 , 0.15788988]), 'auc': array([0.])}
2024-06-27 11:12:45,956 - root - INFO - EPOCH[6/400] all_loss: 0.124 | bpr_loss:0.10949444155190252 | rd_loss:0.013603887099743714 | time cost---Sampling: 0.55s--| 
rd_loss-0: 0.02220035215087924 | rd_loss-1: 0.008034476473872761 | rd_loss-2: 0.01057683174919366 |  
2024-06-27 11:15:01,268 - root - INFO - [testing at epoch-6]
2024-06-27 11:15:01,268 - root - INFO - {'precision': array([0.01807363, 0.01157438]), 'recall': array([0.04413118, 0.13248073]), 'ndcg': array([0.07692878, 0.15888081]), 'auc': array([0.])}
2024-06-27 11:15:01,269 - root - INFO - EPOCH[7/400] all_loss: 0.119 | bpr_loss:0.10565528048197566 | rd_loss:0.012272578535332646 | time cost---Sampling: 0.55s--| 
rd_loss-0: 0.020241726793561295 | rd_loss-1: 0.007116917883389683 | rd_loss-2: 0.009459090002151584 |  
2024-06-27 11:17:16,569 - root - INFO - [testing at epoch-7]
2024-06-27 11:17:16,569 - root - INFO - {'precision': array([0.01822085, 0.0116099 ]), 'recall': array([0.04452696, 0.13287223]), 'ndcg': array([0.07752571, 0.15948062]), 'auc': array([0.])}
2024-06-27 11:17:16,570 - root - INFO - EPOCH[8/400] all_loss: 0.114 | bpr_loss:0.10167370570458105 | rd_loss:0.011226924855097832 | time cost---Sampling: 0.54s--| 
rd_loss-0: 0.01862967125717277 | rd_loss-1: 0.006416729285141055 | rd_loss-2: 0.008634373083205164 |  
2024-06-27 11:19:31,911 - root - INFO - [testing at epoch-8]
2024-06-27 11:19:31,911 - root - INFO - {'precision': array([0.01826834, 0.01164504]), 'recall': array([0.04468848, 0.13326988]), 'ndcg': array([0.07767451, 0.15994202]), 'auc': array([0.])}
2024-06-27 11:19:31,912 - root - INFO - EPOCH[9/400] all_loss: 0.110 | bpr_loss:0.09846412772336909 | rd_loss:0.010373332868543491 | time cost---Sampling: 0.54s--| 
rd_loss-0: 0.017269216083447378 | rd_loss-1: 0.00586391375549041 | rd_loss-2: 0.007986867820881082 |  
2024-06-27 11:21:47,239 - root - INFO - [testing at epoch-9]
2024-06-27 11:21:47,239 - root - INFO - {'precision': array([0.01834337, 0.01169424]), 'recall': array([0.04482428, 0.13385744]), 'ndcg': array([0.07792786, 0.16028669]), 'auc': array([0.])}
2024-06-27 11:21:47,240 - root - INFO - EPOCH[10/400] all_loss: 0.106 | bpr_loss:0.0956085203094738 | rd_loss:0.00965651264776417 | time cost---Sampling: 0.55s--| 
rd_loss-0: 0.016094259528947115 | rd_loss-1: 0.0054137902938042 | rd_loss-2: 0.007461487226648612 |  
2024-06-27 11:24:02,624 - root - INFO - [testing at epoch-10]
2024-06-27 11:24:02,625 - root - INFO - {'precision': array([0.01844785, 0.0117216 ]), 'recall': array([0.04528765, 0.13413358]), 'ndcg': array([0.07837032, 0.16066133]), 'auc': array([0.])}
2024-06-27 11:24:02,625 - root - INFO - EPOCH[11/400] all_loss: 0.103 | bpr_loss:0.09319621334842494 | rd_loss:0.009063259556780062 | time cost---Sampling: 0.54s--| 
rd_loss-0: 0.015104796499973396 | rd_loss-1: 0.005044491116807522 | rd_loss-2: 0.0070404900787696045 |  
2024-06-27 11:26:17,907 - root - INFO - [testing at epoch-11]
2024-06-27 11:26:17,908 - root - INFO - {'precision': array([0.01848489, 0.01177289]), 'recall': array([0.04526723, 0.13466864]), 'ndcg': array([0.07858218, 0.16134595]), 'auc': array([0.])}
2024-06-27 11:26:17,908 - root - INFO - EPOCH[12/400] all_loss: 0.100 | bpr_loss:0.09051583930141677 | rd_loss:0.00854345781417916 | time cost---Sampling: 0.55s--| 
rd_loss-0: 0.014220554942656357 | rd_loss-1: 0.004722054965645976 | rd_loss-2: 0.006687762596473008 |  
2024-06-27 11:28:33,107 - root - INFO - [testing at epoch-12]
2024-06-27 11:28:33,107 - root - INFO - {'precision': array([0.01853903, 0.01178656]), 'recall': array([0.04538284, 0.13488025]), 'ndcg': array([0.07876532, 0.16147071]), 'auc': array([0.])}
2024-06-27 11:28:33,108 - root - INFO - EPOCH[13/400] all_loss: 0.097 | bpr_loss:0.08833637028005274 | rd_loss:0.008088329777543335 | time cost---Sampling: 0.54s--| 
rd_loss-0: 0.01343251811300204 | rd_loss-1: 0.004447998854516005 | rd_loss-2: 0.006384471406421222 |  
2024-06-27 11:30:48,316 - root - INFO - [testing at epoch-13]
2024-06-27 11:30:48,316 - root - INFO - {'precision': array([0.01861216, 0.01182474]), 'recall': array([0.04556797, 0.13529125]), 'ndcg': array([0.07880385, 0.16176637]), 'auc': array([0.])}
2024-06-27 11:30:48,316 - root - INFO - EPOCH[14/400] all_loss: 0.095 | bpr_loss:0.08619904396419599 | rd_loss:0.0076852942838646675 | time cost---Sampling: 0.54s--| 
rd_loss-0: 0.01273016083032511 | rd_loss-1: 0.004209505385246736 | rd_loss-2: 0.006116216110392388 |  
2024-06-27 11:33:03,560 - root - INFO - [testing at epoch-14]
2024-06-27 11:33:03,560 - root - INFO - {'precision': array([0.01869669, 0.01185115]), 'recall': array([0.0458263 , 0.13564818]), 'ndcg': array([0.07929739, 0.16217996]), 'auc': array([0.])}
2024-06-27 11:33:03,560 - root - INFO - EPOCH[15/400] all_loss: 0.092 | bpr_loss:0.08423345725960843 | rd_loss:0.007334983260865833 | time cost---Sampling: 0.54s--| 
rd_loss-0: 0.012098958265831631 | rd_loss-1: 0.0040074213190195804 | rd_loss-2: 0.005898569714174949 |  
2024-06-27 11:35:18,855 - root - INFO - [testing at epoch-15]
2024-06-27 11:35:18,855 - root - INFO - {'precision': array([0.0186701 , 0.01186597]), 'recall': array([0.04578068, 0.13579772]), 'ndcg': array([0.0793518 , 0.16252792]), 'auc': array([0.])}
2024-06-27 11:35:18,856 - root - INFO - EPOCH[16/400] all_loss: 0.090 | bpr_loss:0.08265339902239105 | rd_loss:0.007022385964413192 | time cost---Sampling: 0.54s--| 
rd_loss-0: 0.011533767555646321 | rd_loss-1: 0.0038273041848940073 | rd_loss-2: 0.0057060857043442995 |  
2024-06-27 11:37:34,178 - root - INFO - [testing at epoch-16]
2024-06-27 11:37:34,179 - root - INFO - {'precision': array([0.01871379, 0.01187869]), 'recall': array([0.04588681, 0.1359312 ]), 'ndcg': array([0.07945968, 0.16262346]), 'auc': array([0.])}
2024-06-27 11:37:34,179 - root - INFO - EPOCH[17/400] all_loss: 0.088 | bpr_loss:0.08075825261819847 | rd_loss:0.006744546668447857 | time cost---Sampling: 0.55s--| 
rd_loss-0: 0.011024766789174533 | rd_loss-1: 0.003673099658943796 | rd_loss-2: 0.005535773102631962 |  
2024-06-27 11:39:49,488 - root - INFO - [testing at epoch-17]
2024-06-27 11:39:49,488 - root - INFO - {'precision': array([0.01876128, 0.01190719]), 'recall': array([0.04601369, 0.13624055]), 'ndcg': array([0.07951482, 0.16274887]), 'auc': array([0.])}
2024-06-27 11:39:49,489 - root - INFO - EPOCH[18/400] all_loss: 0.086 | bpr_loss:0.07901166123478909 | rd_loss:0.006474062059857048 | time cost---Sampling: 0.54s--| 
rd_loss-0: 0.01053614711651358 | rd_loss-1: 0.0035211400035527265 | rd_loss-2: 0.0053648986244314995 |  
2024-06-27 11:42:04,737 - root - INFO - [testing at epoch-18]
2024-06-27 11:42:04,737 - root - INFO - {'precision': array([0.01883346, 0.01194233]), 'recall': array([0.04615822, 0.1366448 ]), 'ndcg': array([0.07973263, 0.16318459]), 'auc': array([0.])}
2024-06-27 11:42:04,738 - root - INFO - EPOCH[19/400] all_loss: 0.085 | bpr_loss:0.07749193444745027 | rd_loss:0.006235959628546995 | time cost---Sampling: 0.54s--| 
rd_loss-0: 0.01010742613541843 | rd_loss-1: 0.0033846356000030026 | rd_loss-2: 0.005215816669465528 |  
2024-06-27 11:44:20,028 - root - INFO - [testing at epoch-19]
2024-06-27 11:44:20,028 - root - INFO - {'precision': array([0.01886386, 0.01195107]), 'recall': array([0.04621266, 0.13667026]), 'ndcg': array([0.07964197, 0.16316101]), 'auc': array([0.])}
2024-06-27 11:44:20,029 - root - INFO - EPOCH[20/400] all_loss: 0.083 | bpr_loss:0.07593359929238194 | rd_loss:0.006019412011452271 | time cost---Sampling: 0.54s--| 
rd_loss-0: 0.009705749870009894 | rd_loss-1: 0.003265047546511543 | rd_loss-2: 0.005087438134465273 |  
2024-06-27 11:46:35,303 - root - INFO - [testing at epoch-20]
2024-06-27 11:46:35,303 - root - INFO - {'precision': array([0.0189047 , 0.01194651]), 'recall': array([0.0464195 , 0.13645352]), 'ndcg': array([0.07994691, 0.16324009]), 'auc': array([0.])}
2024-06-27 11:46:35,304 - root - INFO - EPOCH[21/400] all_loss: 0.081 | bpr_loss:0.07416559156600318 | rd_loss:0.005816024974835336 | time cost---Sampling: 0.54s--| 
rd_loss-0: 0.009330812073735296 | rd_loss-1: 0.0031535833649008875 | rd_loss-2: 0.0049636790387222966 |  
2024-06-27 11:48:50,663 - root - INFO - [testing at epoch-21]
2024-06-27 11:48:50,663 - root - INFO - {'precision': array([0.0189047, 0.011975 ]), 'recall': array([0.04642427, 0.13688767]), 'ndcg': array([0.0798185 , 0.16343004]), 'auc': array([0.])}
2024-06-27 11:48:50,664 - root - INFO - EPOCH[22/400] all_loss: 0.080 | bpr_loss:0.0732819147073151 | rd_loss:0.005633048682619295 | time cost---Sampling: 0.54s--| 
rd_loss-0: 0.008990631709253624 | rd_loss-1: 0.003052815331295841 | rd_loss-2: 0.004855698537219931 |  
2024-06-27 11:51:05,986 - root - INFO - [testing at epoch-22]
2024-06-27 11:51:05,986 - root - INFO - {'precision': array([0.01896264, 0.01197918]), 'recall': array([0.04658805, 0.13703326]), 'ndcg': array([0.08002373, 0.1635323 ]), 'auc': array([0.])}
2024-06-27 11:51:05,987 - root - INFO - EPOCH[23/400] all_loss: 0.078 | bpr_loss:0.07192803982745087 | rd_loss:0.005464477689136641 | time cost---Sampling: 0.54s--| 
rd_loss-0: 0.008671711541892592 | rd_loss-1: 0.002962516456344966 | rd_loss-2: 0.004759204606932098 |  
2024-06-27 11:53:21,326 - root - INFO - [testing at epoch-23]
2024-06-27 11:53:21,326 - root - INFO - {'precision': array([0.01903577, 0.01198507]), 'recall': array([0.04670399, 0.13711664]), 'ndcg': array([0.08042496, 0.16378217]), 'auc': array([0.])}
2024-06-27 11:53:21,327 - root - INFO - EPOCH[24/400] all_loss: 0.077 | bpr_loss:0.07065095721889696 | rd_loss:0.005302403953293453 | time cost---Sampling: 0.54s--| 
rd_loss-0: 0.008374697922398124 | rd_loss-1: 0.0028751850572504047 | rd_loss-2: 0.004657328399276569 |  
2024-06-27 11:55:36,722 - root - INFO - [testing at epoch-24]
2024-06-27 11:55:36,722 - root - INFO - {'precision': array([0.01888665, 0.0119864 ]), 'recall': array([0.04640373, 0.13720243]), 'ndcg': array([0.07988633, 0.16366453]), 'auc': array([0.])}
2024-06-27 11:55:36,723 - root - INFO - EPOCH[25/400] all_loss: 0.075 | bpr_loss:0.06933419098602664 | rd_loss:0.005152461614037962 | time cost---Sampling: 0.54s--| 
rd_loss-0: 0.008097263115040424 | rd_loss-1: 0.0027940067627234585 | rd_loss-2: 0.004566114481583611 |  
2024-06-27 11:57:52,041 - root - INFO - [testing at epoch-25]
2024-06-27 11:57:52,041 - root - INFO - {'precision': array([0.01893889, 0.01199514]), 'recall': array([0.04648567, 0.13725494]), 'ndcg': array([0.08017925, 0.16398212]), 'auc': array([0.])}
2024-06-27 11:57:52,041 - root - INFO - EPOCH[26/400] all_loss: 0.074 | bpr_loss:0.06827592320076947 | rd_loss:0.005012613030145703 | time cost---Sampling: 0.55s--| 
rd_loss-0: 0.007832024732239177 | rd_loss-1: 0.002720652400880614 | rd_loss-2: 0.004485161464690338 |  
2024-06-27 12:00:07,273 - root - INFO - [testing at epoch-26]
2024-06-27 12:00:07,273 - root - INFO - {'precision': array([0.01897118, 0.01199248]), 'recall': array([0.04658841, 0.13720446]), 'ndcg': array([0.08012449, 0.16377143]), 'auc': array([0.])}
2024-06-27 12:00:07,273 - root - INFO - EPOCH[27/400] all_loss: 0.073 | bpr_loss:0.06723418854363745 | rd_loss:0.004881721482972004 | time cost---Sampling: 0.54s--| 
rd_loss-0: 0.007585790981888745 | rd_loss-1: 0.0026529182626824754 | rd_loss-2: 0.004406454732847644 |  
2024-06-27 12:02:22,556 - root - INFO - [testing at epoch-27]
2024-06-27 12:02:22,556 - root - INFO - {'precision': array([0.018899  , 0.01200426]), 'recall': array([0.04639035, 0.13741289]), 'ndcg': array([0.07991811, 0.16381562]), 'auc': array([0.])}
2024-06-27 12:02:22,557 - root - INFO - EPOCH[28/400] all_loss: 0.072 | bpr_loss:0.06617233724161892 | rd_loss:0.004768153747532423 | time cost---Sampling: 0.59s--| 
rd_loss-0: 0.0073676331559568 | rd_loss-1: 0.002594949954890468 | rd_loss-2: 0.004341877677357959 |  
2024-06-27 12:04:37,864 - root - INFO - [testing at epoch-28]
2024-06-27 12:04:37,865 - root - INFO - {'precision': array([0.01899683, 0.01200407]), 'recall': array([0.04665431, 0.13727005]), 'ndcg': array([0.08029673, 0.16402456]), 'auc': array([0.])}
2024-06-27 12:04:37,865 - root - INFO - EPOCH[29/400] all_loss: 0.071 | bpr_loss:0.06525243841298407 | rd_loss:0.004648849985489015 | time cost---Sampling: 0.54s--| 
rd_loss-0: 0.00714348421400685 | rd_loss-1: 0.0025319647174344663 | rd_loss-2: 0.0042711005778782 |  
2024-06-27 12:06:53,222 - root - INFO - [testing at epoch-29]
2024-06-27 12:06:53,222 - root - INFO - {'precision': array([0.01900063, 0.0119978 ]), 'recall': array([0.04667378, 0.13710933]), 'ndcg': array([0.0802798 , 0.16386883]), 'auc': array([0.])}
2024-06-27 12:06:53,223 - root - INFO - EPOCH[30/400] all_loss: 0.070 | bpr_loss:0.0644226441016564 | rd_loss:0.00453632381159487 | time cost---Sampling: 0.55s--| 
rd_loss-0: 0.006936063936065525 | rd_loss-1: 0.0024697450345805495 | rd_loss-2: 0.004203162005118053 |  
2024-06-27 12:09:08,501 - root - INFO - [testing at epoch-30]
2024-06-27 12:09:08,501 - root - INFO - {'precision': array([0.01898068, 0.01202629]), 'recall': array([0.0465837 , 0.13742486]), 'ndcg': array([0.08025743, 0.1641504 ]), 'auc': array([0.])}
2024-06-27 12:09:08,501 - root - INFO - EPOCH[31/400] all_loss: 0.069 | bpr_loss:0.06354433490332077 | rd_loss:0.0044325634433872605 | time cost---Sampling: 0.54s--| 
rd_loss-0: 0.006736645294319558 | rd_loss-1: 0.002415521439831372 | rd_loss-2: 0.004145523148259613 |  
2024-06-27 12:11:23,882 - root - INFO - [testing at epoch-31]
2024-06-27 12:11:23,882 - root - INFO - {'precision': array([0.01899968, 0.0120394 ]), 'recall': array([0.04675769, 0.13751312]), 'ndcg': array([0.08046353, 0.16432859]), 'auc': array([0.])}
2024-06-27 12:11:23,882 - root - INFO - EPOCH[32/400] all_loss: 0.068 | bpr_loss:0.06248887063566734 | rd_loss:0.004337333000684439 | time cost---Sampling: 0.54s--| 
rd_loss-0: 0.006552116857244341 | rd_loss-1: 0.00236767753974801 | rd_loss-2: 0.004092204139802151 |  
2024-06-27 12:13:39,283 - root - INFO - [testing at epoch-32]
2024-06-27 12:13:39,284 - root - INFO - {'precision': array([0.01914974, 0.01202135]), 'recall': array([0.0471169 , 0.13745912]), 'ndcg': array([0.08088675, 0.16419915]), 'auc': array([0.])}
2024-06-27 12:13:39,284 - root - INFO - EPOCH[33/400] all_loss: 0.066 | bpr_loss:0.06113456213780797 | rd_loss:0.00423769768634964 | time cost---Sampling: 0.55s--| 
rd_loss-0: 0.006366017781674553 | rd_loss-1: 0.0023166897723591318 | rd_loss-2: 0.004030385048409591 |  
2024-06-27 12:15:54,555 - root - INFO - [testing at epoch-33]
2024-06-27 12:15:54,555 - root - INFO - {'precision': array([0.01908421, 0.0120242 ]), 'recall': array([0.04703157, 0.13739751]), 'ndcg': array([0.08090915, 0.16451757]), 'auc': array([0.])}
2024-06-27 12:15:54,556 - root - INFO - EPOCH[34/400] all_loss: 0.066 | bpr_loss:0.06040663777648527 | rd_loss:0.004145466238171725 | time cost---Sampling: 0.54s--| 
rd_loss-0: 0.006191643514785539 | rd_loss-1: 0.002269292453725725 | rd_loss-2: 0.003975462307308317 |  
2024-06-27 12:18:09,890 - root - INFO - [testing at epoch-34]
2024-06-27 12:18:09,890 - root - INFO - {'precision': array([0.0191241 , 0.01203009]), 'recall': array([0.04700872, 0.13743679]), 'ndcg': array([0.08086683, 0.16454752]), 'auc': array([0.])}
2024-06-27 12:18:09,891 - root - INFO - EPOCH[35/400] all_loss: 0.065 | bpr_loss:0.05979398796745385 | rd_loss:0.004059520431141415 | time cost---Sampling: 0.56s--| 
rd_loss-0: 0.006035838531315739 | rd_loss-1: 0.0022245562676011924 | rd_loss-2: 0.003918166030254682 |  
2024-06-27 12:20:25,200 - root - INFO - [testing at epoch-35]
2024-06-27 12:20:25,200 - root - INFO - {'precision': array([0.01909181, 0.01202781]), 'recall': array([0.04687854, 0.13732917]), 'ndcg': array([0.08104353, 0.16466965]), 'auc': array([0.])}
2024-06-27 12:20:25,201 - root - INFO - EPOCH[36/400] all_loss: 0.064 | bpr_loss:0.05916703723905513 | rd_loss:0.003975522942686503 | time cost---Sampling: 0.54s--| 
rd_loss-0: 0.0058841026607859 | rd_loss-1: 0.0021775479564506016 | rd_loss-2: 0.0038649177701150484 |  
2024-06-27 12:22:40,505 - root - INFO - [testing at epoch-36]
2024-06-27 12:22:40,505 - root - INFO - {'precision': array([0.01908136, 0.01204358]), 'recall': array([0.04691133, 0.13760019]), 'ndcg': array([0.08069918, 0.16456039]), 'auc': array([0.])}
2024-06-27 12:22:40,505 - root - INFO - EPOCH[37/400] all_loss: 0.063 | bpr_loss:0.05797586383019528 | rd_loss:0.003900882918604987 | time cost---Sampling: 0.54s--| 
rd_loss-0: 0.005742373656925834 | rd_loss-1: 0.0021411096928729743 | rd_loss-2: 0.0038191650782018745 |  
2024-06-27 12:24:55,841 - root - INFO - [testing at epoch-37]
2024-06-27 12:24:55,841 - root - INFO - {'precision': array([0.0191298 , 0.01201964]), 'recall': array([0.04698787, 0.1372379 ]), 'ndcg': array([0.0808484 , 0.16442253]), 'auc': array([0.])}
2024-06-27 12:24:55,842 - root - INFO - EPOCH[38/400] all_loss: 0.063 | bpr_loss:0.05770097637199696 | rd_loss:0.003827821768219796 | time cost---Sampling: 0.55s--| 
rd_loss-0: 0.005606991271894866 | rd_loss-1: 0.0021057555785236838 | rd_loss-2: 0.003770718174320851 |  
2024-06-27 12:27:11,195 - root - INFO - [testing at epoch-38]
2024-06-27 12:27:11,196 - root - INFO - {'precision': array([0.01909751, 0.01202724]), 'recall': array([0.04694995, 0.1373791 ]), 'ndcg': array([0.08094013, 0.16453591]), 'auc': array([0.])}
2024-06-27 12:27:11,196 - root - INFO - EPOCH[39/400] all_loss: 0.062 | bpr_loss:0.05670773997168759 | rd_loss:0.003759367251607719 | time cost---Sampling: 0.55s--| 
rd_loss-0: 0.005478959905696822 | rd_loss-1: 0.0020713928186188975 | rd_loss-2: 0.0037277488002928688 |  
2024-06-27 12:29:26,525 - root - INFO - [testing at epoch-39]
2024-06-27 12:29:26,525 - root - INFO - {'precision': array([0.01912695, 0.0120337 ]), 'recall': array([0.04699562, 0.13730846]), 'ndcg': array([0.08105755, 0.16469293]), 'auc': array([0.])}
2024-06-27 12:29:26,526 - root - INFO - EPOCH[40/400] all_loss: 0.061 | bpr_loss:0.05584024118586357 | rd_loss:0.0036907904711370853 | time cost---Sampling: 0.54s--| 
rd_loss-0: 0.005346395540580012 | rd_loss-1: 0.0020399010403551864 | rd_loss-2: 0.0036860745967274844 |  
2024-06-27 12:31:41,944 - root - INFO - [testing at epoch-40]
2024-06-27 12:31:41,944 - root - INFO - {'precision': array([0.0191431 , 0.01201489]), 'recall': array([0.04707647, 0.13721814]), 'ndcg': array([0.08096275, 0.16450871]), 'auc': array([0.])}
2024-06-27 12:31:41,945 - root - INFO - EPOCH[41/400] all_loss: 0.060 | bpr_loss:0.0555144641789879 | rd_loss:0.00363167053488604 | time cost---Sampling: 0.55s--| 
rd_loss-0: 0.005233341824768841 | rd_loss-1: 0.002009022733407512 | rd_loss-2: 0.0036526467947348915 |  
2024-06-27 12:33:57,299 - root - INFO - [testing at epoch-41]
2024-06-27 12:33:57,299 - root - INFO - {'precision': array([0.01918299, 0.01203959]), 'recall': array([0.04719136, 0.1376277 ]), 'ndcg': array([0.08112596, 0.16475059]), 'auc': array([0.])}
2024-06-27 12:33:57,299 - root - INFO - EPOCH[42/400] all_loss: 0.059 | bpr_loss:0.05441765360978521 | rd_loss:0.0035691969573591145 | time cost---Sampling: 0.54s--| 
rd_loss-0: 0.005115298607830174 | rd_loss-1: 0.0019773339338330174 | rd_loss-2: 0.0036149581014070027 |  
2024-06-27 12:36:12,655 - root - INFO - [testing at epoch-42]
2024-06-27 12:36:12,655 - root - INFO - {'precision': array([0.01915164, 0.01202629]), 'recall': array([0.04718946, 0.13753107]), 'ndcg': array([0.08115808, 0.16483211]), 'auc': array([0.])}
2024-06-27 12:36:12,656 - root - INFO - EPOCH[43/400] all_loss: 0.058 | bpr_loss:0.05387241417154116 | rd_loss:0.003508227161520588 | time cost---Sampling: 0.58s--| 
rd_loss-0: 0.005004401481730498 | rd_loss-1: 0.0019449911517185274 | rd_loss-2: 0.0035752886085221244 |  
2024-06-27 12:38:28,058 - root - INFO - [testing at epoch-43]
2024-06-27 12:38:28,058 - root - INFO - {'precision': array([0.01919533, 0.01201983]), 'recall': array([0.04725032, 0.13739624]), 'ndcg': array([0.08104075, 0.16456296]), 'auc': array([0.])}
2024-06-27 12:38:28,059 - root - INFO - EPOCH[44/400] all_loss: 0.058 | bpr_loss:0.05339431915635061 | rd_loss:0.003457407270056697 | time cost---Sampling: 0.58s--| 
rd_loss-0: 0.004908145628724644 | rd_loss-1: 0.0019173561632609061 | rd_loss-2: 0.0035467197763988734 |  
2024-06-27 12:40:43,420 - root - INFO - [testing at epoch-44]
2024-06-27 12:40:43,421 - root - INFO - {'precision': array([0.01914879, 0.01203085]), 'recall': array([0.0472373 , 0.13745691]), 'ndcg': array([0.08113226, 0.16479574]), 'auc': array([0.])}
2024-06-27 12:40:43,421 - root - INFO - EPOCH[45/400] all_loss: 0.057 | bpr_loss:0.05285003264865282 | rd_loss:0.0034045246453889766 | time cost---Sampling: 0.55s--| 
rd_loss-0: 0.0048108258865799435 | rd_loss-1: 0.001890396554016588 | rd_loss-2: 0.0035123512671669573 |  
2024-06-27 12:42:58,793 - root - INFO - [testing at epoch-45]
2024-06-27 12:42:58,793 - root - INFO - {'precision': array([0.01917444, 0.01205421]), 'recall': array([0.04726538, 0.13786257]), 'ndcg': array([0.08091855, 0.16478645]), 'auc': array([0.])}
2024-06-27 12:42:58,794 - root - INFO - EPOCH[46/400] all_loss: 0.056 | bpr_loss:0.05200229028470061 | rd_loss:0.0033481397755386094 | time cost---Sampling: 0.58s--| 
rd_loss-0: 0.0047043548182921615 | rd_loss-1: 0.0018625038798919388 | rd_loss-2: 0.0034775603959029387 |  
2024-06-27 12:45:14,100 - root - INFO - [testing at epoch-46]
2024-06-27 12:45:14,100 - root - INFO - {'precision': array([0.01923143, 0.01202648]), 'recall': array([0.04738957, 0.1373159 ]), 'ndcg': array([0.08111662, 0.16472097]), 'auc': array([0.])}
2024-06-27 12:45:14,101 - root - INFO - EPOCH[47/400] all_loss: 0.056 | bpr_loss:0.051463422834770164 | rd_loss:0.003295550017006689 | time cost---Sampling: 0.55s--| 
rd_loss-0: 0.004608644923563908 | rd_loss-1: 0.0018370240347583874 | rd_loss-2: 0.003440980863288148 |  
2024-06-27 12:47:29,458 - root - INFO - [testing at epoch-47]
2024-06-27 12:47:29,458 - root - INFO - {'precision': array([0.01917919, 0.01203883]), 'recall': array([0.04728156, 0.13768694]), 'ndcg': array([0.08089636, 0.16469362]), 'auc': array([0.])}
2024-06-27 12:47:29,459 - root - INFO - EPOCH[48/400] all_loss: 0.056 | bpr_loss:0.05112508096142174 | rd_loss:0.003248281147437252 | time cost---Sampling: 0.54s--| 
rd_loss-0: 0.004519028309410697 | rd_loss-1: 0.0018144248658348463 | rd_loss-2: 0.0034113900338330967 |  
2024-06-27 12:49:44,825 - root - INFO - [testing at epoch-48]
2024-06-27 12:49:44,825 - root - INFO - {'precision': array([0.01921718, 0.01203047]), 'recall': array([0.04733305, 0.13759683]), 'ndcg': array([0.08098999, 0.16470957]), 'auc': array([0.])}
2024-06-27 12:49:44,825 - root - INFO - EPOCH[49/400] all_loss: 0.055 | bpr_loss:0.05044223892992699 | rd_loss:0.0031984173968456872 | time cost---Sampling: 0.54s--| 
rd_loss-0: 0.004424517882896093 | rd_loss-1: 0.0017912986018399522 | rd_loss-2: 0.0033794354662289496 |  
2024-06-27 12:52:00,150 - root - INFO - [testing at epoch-49]
2024-06-27 12:52:00,150 - root - INFO - {'precision': array([0.01922573, 0.01202002]), 'recall': array([0.04736368, 0.13742389]), 'ndcg': array([0.08132371, 0.16480736]), 'auc': array([0.])}
2024-06-27 12:52:00,150 - root - INFO - EPOCH[50/400] all_loss: 0.054 | bpr_loss:0.04990971957751153 | rd_loss:0.0031505354139599677 | time cost---Sampling: 0.55s--| 
rd_loss-0: 0.004338640804171511 | rd_loss-1: 0.0017662054162622207 | rd_loss-2: 0.003346759798174262 |  
2024-06-27 12:54:15,477 - root - INFO - [testing at epoch-50]
2024-06-27 12:54:15,478 - root - INFO - {'precision': array([0.01919818, 0.01202762]), 'recall': array([0.04727691, 0.13752736]), 'ndcg': array([0.08124615, 0.16477451]), 'auc': array([0.])}
2024-06-27 12:54:15,478 - root - INFO - EPOCH[51/400] all_loss: 0.054 | bpr_loss:0.0492327017975245 | rd_loss:0.003113274662751405 | time cost---Sampling: 0.56s--| 
rd_loss-0: 0.00426742285787866 | rd_loss-1: 0.0017495504483844612 | rd_loss-2: 0.003322850428030616 |  
2024-06-27 12:56:30,736 - root - INFO - [testing at epoch-51]
2024-06-27 12:56:30,736 - root - INFO - {'precision': array([0.01925897, 0.01202477]), 'recall': array([0.04747904, 0.13759864]), 'ndcg': array([0.08152902, 0.16478119]), 'auc': array([0.])}
2024-06-27 12:56:30,737 - root - INFO - EPOCH[52/400] all_loss: 0.053 | bpr_loss:0.04883045324848043 | rd_loss:0.003070268238465605 | time cost---Sampling: 0.54s--| 
rd_loss-0: 0.004188577591802993 | rd_loss-1: 0.0017282422755739444 | rd_loss-2: 0.0032939845957699115 |  
2024-06-27 12:58:46,050 - root - INFO - [testing at epoch-52]
2024-06-27 12:58:46,050 - root - INFO - {'precision': array([0.01917824, 0.01201679]), 'recall': array([0.04724491, 0.1372082 ]), 'ndcg': array([0.08126037, 0.16470583]), 'auc': array([0.])}
2024-06-27 12:58:46,051 - root - INFO - EPOCH[53/400] all_loss: 0.052 | bpr_loss:0.048049247459015045 | rd_loss:0.0030270048609130607 | time cost---Sampling: 0.58s--| 
rd_loss-0: 0.004111308977370091 | rd_loss-1: 0.0017056701789982778 | rd_loss-2: 0.003264035182975252 |  
2024-06-27 13:01:01,372 - root - INFO - [testing at epoch-53]
2024-06-27 13:01:01,372 - root - INFO - {'precision': array([0.01915829, 0.01200805]), 'recall': array([0.04723192, 0.13727335]), 'ndcg': array([0.0811759 , 0.16471546]), 'auc': array([0.])}
2024-06-27 13:01:01,373 - root - INFO - EPOCH[54/400] all_loss: 0.052 | bpr_loss:0.04775443478980864 | rd_loss:0.0029818340834123934 | time cost---Sampling: 0.54s--| 
rd_loss-0: 0.004031812780606742 | rd_loss-1: 0.0016831172643874933 | rd_loss-2: 0.0032305719740221934 |  
2024-06-27 13:03:16,691 - root - INFO - [testing at epoch-54]
2024-06-27 13:03:16,691 - root - INFO - {'precision': array([0.01918679, 0.01203427]), 'recall': array([0.04741378, 0.13754245]), 'ndcg': array([0.08112696, 0.16488345]), 'auc': array([0.])}
2024-06-27 13:03:16,692 - root - INFO - EPOCH[55/400] all_loss: 0.052 | bpr_loss:0.047511772218006586 | rd_loss:0.0029518297753097973 | time cost---Sampling: 0.54s--| 
rd_loss-0: 0.0039688595059483136 | rd_loss-1: 0.0016715812774346103 | rd_loss-2: 0.003215048329940093 |  
2024-06-27 13:05:31,993 - root - INFO - [testing at epoch-55]
2024-06-27 13:05:31,993 - root - INFO - {'precision': array([0.01919533, 0.01201736]), 'recall': array([0.04732272, 0.13730582]), 'ndcg': array([0.0812285 , 0.16484761]), 'auc': array([0.])}
2024-06-27 13:05:31,994 - root - INFO - EPOCH[56/400] all_loss: 0.051 | bpr_loss:0.046776362265763656 | rd_loss:0.0029157479925527073 | time cost---Sampling: 0.55s--| 
rd_loss-0: 0.0038988112784719277 | rd_loss-1: 0.001655173638586821 | rd_loss-2: 0.003193258842358377 |  
2024-06-27 13:07:47,412 - root - INFO - [testing at epoch-56]
2024-06-27 13:07:47,413 - root - INFO - {'precision': array([0.01923238, 0.01203598]), 'recall': array([0.04742727, 0.13745716]), 'ndcg': array([0.08121196, 0.16499106]), 'auc': array([0.])}
2024-06-27 13:07:47,413 - root - INFO - EPOCH[57/400] all_loss: 0.050 | bpr_loss:0.04640343790115626 | rd_loss:0.002883464945786107 | time cost---Sampling: 0.54s--| 
rd_loss-0: 0.0038358761016166767 | rd_loss-1: 0.001641815733937297 | rd_loss-2: 0.0031727027772244006 |  
2024-06-27 13:10:02,793 - root - INFO - [testing at epoch-57]
2024-06-27 13:10:02,793 - root - INFO - {'precision': array([0.01922953, 0.01202857]), 'recall': array([0.04743051, 0.13738341]), 'ndcg': array([0.08124818, 0.16495559]), 'auc': array([0.])}
2024-06-27 13:10:02,793 - root - INFO - EPOCH[58/400] all_loss: 0.050 | bpr_loss:0.046162047902365236 | rd_loss:0.002845743939307878 | time cost---Sampling: 0.54s--| 
rd_loss-0: 0.003770726185345132 | rd_loss-1: 0.0016204954229428875 | rd_loss-2: 0.003146009988174834 |  
2024-06-27 13:12:18,141 - root - INFO - [testing at epoch-58]
2024-06-27 13:12:18,141 - root - INFO - {'precision': array([0.01926562, 0.01203009]), 'recall': array([0.04756283, 0.13736929]), 'ndcg': array([0.081573  , 0.16508136]), 'auc': array([0.])}
2024-06-27 13:12:18,141 - root - INFO - EPOCH[59/400] all_loss: 0.050 | bpr_loss:0.045725544732685426 | rd_loss:0.0028079867456752288 | time cost---Sampling: 0.54s--| 
rd_loss-0: 0.0037089487613809063 | rd_loss-1: 0.0015995957632689974 | rd_loss-2: 0.0031154154811550315 |  
2024-06-27 13:14:33,652 - root - INFO - [testing at epoch-59]
2024-06-27 13:14:33,652 - root - INFO - {'precision': array([0.01921908, 0.01201641]), 'recall': array([0.04746538, 0.13716919]), 'ndcg': array([0.08155741, 0.16503079]), 'auc': array([0.])}
2024-06-27 13:14:33,652 - root - INFO - EPOCH[60/400] all_loss: 0.049 | bpr_loss:0.04533839428776436 | rd_loss:0.002776411398617404 | time cost---Sampling: 0.59s--| 
rd_loss-0: 0.0036493706592988923 | rd_loss-1: 0.0015841875011592382 | rd_loss-2: 0.003095675790086775 |  
2024-06-27 13:16:49,004 - root - INFO - [testing at epoch-60]
2024-06-27 13:16:49,004 - root - INFO - {'precision': array([0.01928936, 0.011994  ]), 'recall': array([0.04751428, 0.13694635]), 'ndcg': array([0.08160296, 0.16485084]), 'auc': array([0.])}
2024-06-27 13:16:49,005 - root - INFO - EPOCH[61/400] all_loss: 0.049 | bpr_loss:0.04466257029910899 | rd_loss:0.002744322560579486 | time cost---Sampling: 0.55s--| 
rd_loss-0: 0.00359057255536833 | rd_loss-1: 0.0015690320380903015 | rd_loss-2: 0.0030733628505188893 |  
2024-06-27 13:19:04,477 - root - INFO - [testing at epoch-61]
2024-06-27 13:19:04,477 - root - INFO - {'precision': array([0.01922383, 0.01201375]), 'recall': array([0.04741605, 0.137217  ]), 'ndcg': array([0.08167843, 0.16517052]), 'auc': array([0.])}
2024-06-27 13:19:04,478 - root - INFO - EPOCH[62/400] all_loss: 0.048 | bpr_loss:0.04445572676541173 | rd_loss:0.0027137124577300523 | time cost---Sampling: 0.54s--| 
rd_loss-0: 0.0035383309215120486 | rd_loss-1: 0.0015533460982710562 | rd_loss-2: 0.0030494601330530724 |  
2024-06-27 13:21:19,906 - root - INFO - [testing at epoch-62]
2024-06-27 13:21:19,906 - root - INFO - {'precision': array([0.01920388, 0.01200008]), 'recall': array([0.04738142, 0.13712544]), 'ndcg': array([0.0816057 , 0.16515401]), 'auc': array([0.])}
2024-06-27 13:21:19,907 - root - INFO - EPOCH[63/400] all_loss: 0.048 | bpr_loss:0.043968081849409056 | rd_loss:0.0026851827202263377 | time cost---Sampling: 0.54s--| 
rd_loss-0: 0.003488501723631959 | rd_loss-1: 0.0015390864258483954 | rd_loss-2: 0.00302795978792675 |  
2024-06-27 13:23:35,405 - root - INFO - [testing at epoch-63]
2024-06-27 13:23:35,406 - root - INFO - {'precision': array([0.01923997, 0.01199989]), 'recall': array([0.0474868 , 0.13697958]), 'ndcg': array([0.08158339, 0.16492067]), 'auc': array([0.])}
2024-06-27 13:23:35,406 - root - INFO - EPOCH[64/400] all_loss: 0.048 | bpr_loss:0.04383981819832078 | rd_loss:0.0026581776072814507 | time cost---Sampling: 0.55s--| 
rd_loss-0: 0.0034430510120574214 | rd_loss-1: 0.0015245677814549263 | rd_loss-2: 0.003006913794797033 |  
2024-06-27 13:25:50,805 - root - INFO - [testing at epoch-64]
2024-06-27 13:25:50,806 - root - INFO - {'precision': array([0.01930171, 0.01202591]), 'recall': array([0.04766269, 0.13734582]), 'ndcg': array([0.08158855, 0.1649021 ]), 'auc': array([0.])}
2024-06-27 13:25:50,806 - root - INFO - EPOCH[65/400] all_loss: 0.047 | bpr_loss:0.04301525240437214 | rd_loss:0.0026303505389762005 | time cost---Sampling: 0.55s--| 
rd_loss-0: 0.0033945405440020246 | rd_loss-1: 0.001510803330252583 | rd_loss-2: 0.0029857075125600437 |  
2024-06-27 13:28:06,125 - root - INFO - [testing at epoch-65]
2024-06-27 13:28:06,126 - root - INFO - {'precision': array([0.01923808, 0.01201451]), 'recall': array([0.0474636 , 0.13730181]), 'ndcg': array([0.08164354, 0.16510712]), 'auc': array([0.])}
2024-06-27 13:28:06,126 - root - INFO - EPOCH[66/400] all_loss: 0.047 | bpr_loss:0.04288637942039668 | rd_loss:0.0026000321081251086 | time cost---Sampling: 0.54s--| 
rd_loss-0: 0.0033398037088122104 | rd_loss-1: 0.0014957628944766359 | rd_loss-2: 0.0029645294855391428 |  
2024-06-27 13:30:21,424 - root - INFO - [testing at epoch-66]
2024-06-27 13:30:21,424 - root - INFO - {'precision': array([0.01924377, 0.01200463]), 'recall': array([0.04747636, 0.13709562]), 'ndcg': array([0.08170978, 0.16509233]), 'auc': array([0.])}
2024-06-27 13:30:21,425 - root - INFO - EPOCH[67/400] all_loss: 0.047 | bpr_loss:0.042689923779811956 | rd_loss:0.002574777302663055 | time cost---Sampling: 0.54s--| 
rd_loss-0: 0.0032922065804343002 | rd_loss-1: 0.0014827948365667989 | rd_loss-2: 0.002949330253830838 |  
2024-06-27 13:32:36,746 - root - INFO - [testing at epoch-67]
2024-06-27 13:32:36,746 - root - INFO - {'precision': array([0.01924187, 0.01201717]), 'recall': array([0.04755159, 0.1372131 ]), 'ndcg': array([0.08176413, 0.16525325]), 'auc': array([0.])}
2024-06-27 13:32:36,747 - root - INFO - EPOCH[68/400] all_loss: 0.046 | bpr_loss:0.042194895067975864 | rd_loss:0.002551189338017252 | time cost---Sampling: 0.55s--| 
rd_loss-0: 0.0032472893766344055 | rd_loss-1: 0.00147335778184512 | rd_loss-2: 0.0029329206358219596 |  
2024-06-27 13:34:51,985 - root - INFO - [testing at epoch-68]
2024-06-27 13:34:51,985 - root - INFO - {'precision': array([0.01923143, 0.01202135]), 'recall': array([0.04752515, 0.13719133]), 'ndcg': array([0.08146368, 0.16497634]), 'auc': array([0.])}
2024-06-27 13:34:51,986 - root - INFO - EPOCH[69/400] all_loss: 0.046 | bpr_loss:0.042015592241619514 | rd_loss:0.002523983594282895 | time cost---Sampling: 0.54s--| 
rd_loss-0: 0.003199226128149942 | rd_loss-1: 0.0014613049494001174 | rd_loss-2: 0.002911419474077874 |  
2024-06-27 13:37:07,279 - root - INFO - [testing at epoch-69]
2024-06-27 13:37:07,279 - root - INFO - {'precision': array([0.01925612, 0.01202819]), 'recall': array([0.04744994, 0.13738805]), 'ndcg': array([0.08166526, 0.16525243]), 'auc': array([0.])}
2024-06-27 13:37:07,279 - root - INFO - EPOCH[70/400] all_loss: 0.045 | bpr_loss:0.041691341616902355 | rd_loss:0.0025029105282015937 | time cost---Sampling: 0.53s--| 
rd_loss-0: 0.0031622679418720815 | rd_loss-1: 0.001453021618713888 | rd_loss-2: 0.002893441807488326 |  
2024-06-27 13:39:22,576 - root - INFO - [testing at epoch-70]
2024-06-27 13:39:22,576 - root - INFO - {'precision': array([0.01919154, 0.012009  ]), 'recall': array([0.04746167, 0.13718585]), 'ndcg': array([0.08138668, 0.16502811]), 'auc': array([0.])}
2024-06-27 13:39:22,576 - root - INFO - EPOCH[71/400] all_loss: 0.045 | bpr_loss:0.041012643399352955 | rd_loss:0.0024808250987852377 | time cost---Sampling: 0.54s--| 
rd_loss-0: 0.0031202274938931006 | rd_loss-1: 0.0014446900213497885 | rd_loss-2: 0.0028775575542186573 |  
2024-06-27 13:41:37,979 - root - INFO - [testing at epoch-71]
2024-06-27 13:41:37,979 - root - INFO - {'precision': array([0.01921433, 0.01199058]), 'recall': array([0.0474891 , 0.13708216]), 'ndcg': array([0.08155205, 0.16488038]), 'auc': array([0.])}
2024-06-27 13:41:37,980 - root - INFO - EPOCH[72/400] all_loss: 0.045 | bpr_loss:0.04102929511051963 | rd_loss:0.0024496876449922266 | time cost---Sampling: 0.54s--| 
rd_loss-0: 0.0030697529635238387 | rd_loss-1: 0.0014271025125109555 | rd_loss-2: 0.002852207227218043 |  
2024-06-27 13:43:53,318 - root - INFO - [testing at epoch-72]
2024-06-27 13:43:53,318 - root - INFO - {'precision': array([0.01925232, 0.01200501]), 'recall': array([0.04746814, 0.13717206]), 'ndcg': array([0.08169693, 0.16517586]), 'auc': array([0.])}
2024-06-27 13:43:53,319 - root - INFO - EPOCH[73/400] all_loss: 0.044 | bpr_loss:0.04052719761043555 | rd_loss:0.00242971168857554 | time cost---Sampling: 0.56s--| 
rd_loss-0: 0.003032042375059803 | rd_loss-1: 0.0014191924515055522 | rd_loss-2: 0.0028378999974762145 |  
2024-06-27 13:46:08,595 - root - INFO - [testing at epoch-73]
2024-06-27 13:46:08,595 - root - INFO - {'precision': array([0.01927892, 0.01200463]), 'recall': array([0.04759858, 0.1371003 ]), 'ndcg': array([0.08200938, 0.16516195]), 'auc': array([0.])}
2024-06-27 13:46:08,596 - root - INFO - EPOCH[74/400] all_loss: 0.044 | bpr_loss:0.040174113866666215 | rd_loss:0.0024100089085094356 | time cost---Sampling: 0.54s--| 
rd_loss-0: 0.002994014268584852 | rd_loss-1: 0.0014085913398572748 | rd_loss-2: 0.002827420890493867 |  
2024-06-27 13:48:23,952 - root - INFO - [testing at epoch-74]
2024-06-27 13:48:23,953 - root - INFO - {'precision': array([0.01931976, 0.01198564]), 'recall': array([0.04775577, 0.13712221]), 'ndcg': array([0.08191621, 0.16500729]), 'auc': array([0.])}
2024-06-27 13:48:23,953 - root - INFO - EPOCH[75/400] all_loss: 0.044 | bpr_loss:0.03986377594871777 | rd_loss:0.002381377049714533 | time cost---Sampling: 0.59s--| 
rd_loss-0: 0.0029513748093405955 | rd_loss-1: 0.001388898530054126 | rd_loss-2: 0.0028038575795343084 |  
2024-06-27 13:50:39,150 - root - INFO - [testing at epoch-75]
2024-06-27 13:50:39,150 - root - INFO - {'precision': array([0.01927417, 0.01199476]), 'recall': array([0.04750708, 0.137221  ]), 'ndcg': array([0.08187117, 0.16528078]), 'auc': array([0.])}
2024-06-27 13:50:39,150 - root - INFO - EPOCH[76/400] all_loss: 0.043 | bpr_loss:0.03959420851416493 | rd_loss:0.0023623734449785823 | time cost---Sampling: 0.54s--| 
rd_loss-0: 0.002919316899945819 | rd_loss-1: 0.001380154084918945 | rd_loss-2: 0.0027876491012420366 |  
2024-06-27 13:52:54,346 - root - INFO - [testing at epoch-76]
2024-06-27 13:52:54,347 - root - INFO - {'precision': array([0.01923048, 0.01197082]), 'recall': array([0.04746559, 0.13674031]), 'ndcg': array([0.08153926, 0.16471159]), 'auc': array([0.])}
2024-06-27 13:52:54,347 - root - INFO - EPOCH[77/400] all_loss: 0.043 | bpr_loss:0.03929225445218713 | rd_loss:0.002338818380288786 | time cost---Sampling: 0.54s--| 
rd_loss-0: 0.002878880948303211 | rd_loss-1: 0.0013705299798537662 | rd_loss-2: 0.002767043983903468 |  
2024-06-27 13:55:09,664 - root - INFO - [testing at epoch-77]
2024-06-27 13:55:09,664 - root - INFO - {'precision': array([0.01933875, 0.01200976]), 'recall': array([0.04766076, 0.13717432]), 'ndcg': array([0.08197429, 0.16518382]), 'auc': array([0.])}
2024-06-27 13:55:09,665 - root - INFO - EPOCH[78/400] all_loss: 0.043 | bpr_loss:0.03900236385901013 | rd_loss:0.002319815026092292 | time cost---Sampling: 0.54s--| 
rd_loss-0: 0.002847380841162149 | rd_loss-1: 0.0013625967982824805 | rd_loss-2: 0.002749467222100525 |  
2024-06-27 13:57:24,938 - root - INFO - [testing at epoch-78]
2024-06-27 13:57:24,938 - root - INFO - {'precision': array([0.01930171, 0.01197253]), 'recall': array([0.0475891 , 0.13676501]), 'ndcg': array([0.08177207, 0.16500056]), 'auc': array([0.])}
2024-06-27 13:57:24,939 - root - INFO - EPOCH[79/400] all_loss: 0.042 | bpr_loss:0.03871581899831289 | rd_loss:0.0022982156963482847 | time cost---Sampling: 0.55s--| 
rd_loss-0: 0.0028175176012626784 | rd_loss-1: 0.0013491713829087407 | rd_loss-2: 0.002727957858157472 |  
2024-06-27 13:59:40,152 - root - INFO - [testing at epoch-79]
2024-06-27 13:59:40,153 - root - INFO - {'precision': array([0.01924377, 0.01196816]), 'recall': array([0.04740299, 0.13685961]), 'ndcg': array([0.08177884, 0.16502605]), 'auc': array([0.])}
2024-06-27 13:59:40,153 - root - INFO - EPOCH[80/400] all_loss: 0.042 | bpr_loss:0.03858738771882053 | rd_loss:0.0022833570530082685 | time cost---Sampling: 0.54s--| 
rd_loss-0: 0.002785720400409185 | rd_loss-1: 0.0013449217359653724 | rd_loss-2: 0.002719428774626248 |  
2024-06-27 14:01:55,371 - root - INFO - [testing at epoch-80]
2024-06-27 14:01:55,371 - root - INFO - {'precision': array([0.01926752, 0.01197291]), 'recall': array([0.04753706, 0.13689495]), 'ndcg': array([0.08166424, 0.16488995]), 'auc': array([0.])}
2024-06-27 14:01:55,372 - root - INFO - EPOCH[81/400] all_loss: 0.042 | bpr_loss:0.038097402383553226 | rd_loss:0.0022640916299116747 | time cost---Sampling: 0.54s--| 
rd_loss-0: 0.002750189712290413 | rd_loss-1: 0.0013362878516788113 | rd_loss-2: 0.002705797087803625 |  
2024-06-27 14:04:10,658 - root - INFO - [testing at epoch-81]
2024-06-27 14:04:10,658 - root - INFO - {'precision': array([0.01933685, 0.01199001]), 'recall': array([0.04771498, 0.13719926]), 'ndcg': array([0.08208137, 0.16525126]), 'auc': array([0.])}
2024-06-27 14:04:10,659 - root - INFO - EPOCH[82/400] all_loss: 0.041 | bpr_loss:0.03762998079193648 | rd_loss:0.0022455832748710077 | time cost---Sampling: 0.54s--| 
rd_loss-0: 0.002716623584948345 | rd_loss-1: 0.001328459640304005 | rd_loss-2: 0.002691666365221993 |  
2024-06-27 14:06:25,995 - root - INFO - [testing at epoch-82]
2024-06-27 14:06:25,995 - root - INFO - {'precision': array([0.01923523, 0.01194157]), 'recall': array([0.04746196, 0.13661266]), 'ndcg': array([0.08174232, 0.16494525]), 'auc': array([0.])}
2024-06-27 14:06:25,995 - root - INFO - EPOCH[83/400] all_loss: 0.041 | bpr_loss:0.03736120324127872 | rd_loss:0.002221720058924954 | time cost---Sampling: 0.54s--| 
rd_loss-0: 0.002679895771210152 | rd_loss-1: 0.0013153562614051891 | rd_loss-2: 0.002669907928031508 |  
2024-06-27 14:08:41,271 - root - INFO - [testing at epoch-83]
2024-06-27 14:08:41,271 - root - INFO - {'precision': array([0.01926562, 0.01197101]), 'recall': array([0.0475059 , 0.13695633]), 'ndcg': array([0.08224684, 0.16534775]), 'auc': array([0.])}
2024-06-27 14:08:41,272 - root - INFO - EPOCH[84/400] all_loss: 0.041 | bpr_loss:0.03734473260755465 | rd_loss:0.002198065258804049 | time cost---Sampling: 0.54s--| 
rd_loss-0: 0.002639074875452365 | rd_loss-1: 0.0013047511420311694 | rd_loss-2: 0.0026503695251924035 |  
2024-06-27 14:10:56,553 - root - INFO - [testing at epoch-84]
2024-06-27 14:10:56,553 - root - INFO - {'precision': array([0.01930266, 0.01199115]), 'recall': array([0.0476897 , 0.13718879]), 'ndcg': array([0.08233515, 0.16549367]), 'auc': array([0.])}
2024-06-27 14:10:56,554 - root - INFO - EPOCH[85/400] all_loss: 0.041 | bpr_loss:0.03724542361271206 | rd_loss:0.0021850713017551983 | time cost---Sampling: 0.55s--| 
rd_loss-0: 0.0026175962171823995 | rd_loss-1: 0.0012990242717892267 | rd_loss-2: 0.0026385931951350425 |  
2024-06-27 14:13:11,854 - root - INFO - [testing at epoch-85]
2024-06-27 14:13:11,855 - root - INFO - {'precision': array([0.01928272, 0.01198697]), 'recall': array([0.04750228, 0.13704238]), 'ndcg': array([0.0819184 , 0.16524729]), 'auc': array([0.])}
2024-06-27 14:13:11,855 - root - INFO - EPOCH[86/400] all_loss: 0.040 | bpr_loss:0.03669273585576947 | rd_loss:0.0021726850314788657 | time cost---Sampling: 0.55s--| 
rd_loss-0: 0.002595681245152999 | rd_loss-1: 0.0012945203151225452 | rd_loss-2: 0.002627853302940301 |  
2024-06-27 14:15:27,322 - root - INFO - [testing at epoch-86]
2024-06-27 14:15:27,322 - root - INFO - {'precision': array([0.01926277, 0.0119598 ]), 'recall': array([0.04744165, 0.13684666]), 'ndcg': array([0.08212726, 0.16518742]), 'auc': array([0.])}
2024-06-27 14:15:27,323 - root - INFO - EPOCH[87/400] all_loss: 0.040 | bpr_loss:0.036535525221181205 | rd_loss:0.002154949353404131 | time cost---Sampling: 0.55s--| 
rd_loss-0: 0.00256575548831396 | rd_loss-1: 0.0012853029115622993 | rd_loss-2: 0.002613789421267157 |  
2024-06-27 14:17:42,656 - root - INFO - [testing at epoch-87]
2024-06-27 14:17:42,657 - root - INFO - {'precision': array([0.019372  , 0.01197538]), 'recall': array([0.04774071, 0.13703895]), 'ndcg': array([0.08246681, 0.16530555]), 'auc': array([0.])}
2024-06-27 14:17:42,657 - root - INFO - EPOCH[88/400] all_loss: 0.040 | bpr_loss:0.03636913449409303 | rd_loss:0.0021393145337964864 | time cost---Sampling: 0.56s--| 
rd_loss-0: 0.002540008759797392 | rd_loss-1: 0.0012766152956179288 | rd_loss-2: 0.002601319320287391 |  
2024-06-27 14:19:57,933 - root - INFO - [testing at epoch-88]
2024-06-27 14:19:57,933 - root - INFO - {'precision': array([0.0193758 , 0.01195107]), 'recall': array([0.04760532, 0.13653837]), 'ndcg': array([0.08247945, 0.16511309]), 'auc': array([0.])}
2024-06-27 14:19:57,933 - root - INFO - EPOCH[89/400] all_loss: 0.040 | bpr_loss:0.036096302352929384 | rd_loss:0.0021257062431331484 | time cost---Sampling: 0.54s--| 
rd_loss-0: 0.0025137253314926385 | rd_loss-1: 0.0012720136807840268 | rd_loss-2: 0.002591379487914393 |  
2024-06-27 14:22:13,211 - root - INFO - [testing at epoch-89]
2024-06-27 14:22:13,211 - root - INFO - {'precision': array([0.01928082, 0.01197443]), 'recall': array([0.04740014, 0.1369522 ]), 'ndcg': array([0.08202917, 0.16516548]), 'auc': array([0.])}
2024-06-27 14:22:13,212 - root - INFO - EPOCH[90/400] all_loss: 0.039 | bpr_loss:0.03581250473605783 | rd_loss:0.00210286469368607 | time cost---Sampling: 0.53s--| 
rd_loss-0: 0.002480331182885551 | rd_loss-1: 0.0012592860796772967 | rd_loss-2: 0.0025689765833504983 |  
2024-06-27 14:24:28,520 - root - INFO - [testing at epoch-90]
2024-06-27 14:24:28,520 - root - INFO - {'precision': array([0.01932451, 0.01196854]), 'recall': array([0.0477256 , 0.13682127]), 'ndcg': array([0.08213923, 0.16504999]), 'auc': array([0.])}
2024-06-27 14:24:28,521 - root - INFO - EPOCH[91/400] all_loss: 0.039 | bpr_loss:0.03540241350270904 | rd_loss:0.002088833231214907 | time cost---Sampling: 0.54s--| 
rd_loss-0: 0.0024597953875004188 | rd_loss-1: 0.0012528144109707612 | rd_loss-2: 0.0025538896534884913 |  
2024-06-27 14:26:43,896 - root - INFO - [testing at epoch-91]
2024-06-27 14:26:43,896 - root - INFO - {'precision': array([0.01925042, 0.01196854]), 'recall': array([0.04744752, 0.13677923]), 'ndcg': array([0.08190547, 0.16491583]), 'auc': array([0.])}
2024-06-27 14:26:43,897 - root - INFO - EPOCH[92/400] all_loss: 0.039 | bpr_loss:0.03554376395211564 | rd_loss:0.002077066055104594 | time cost---Sampling: 0.54s--| 
rd_loss-0: 0.002435138892799345 | rd_loss-1: 0.0012498766552317203 | rd_loss-2: 0.0025461823737865366 |  
2024-06-27 14:28:59,255 - root - INFO - [testing at epoch-92]
2024-06-27 14:28:59,255 - root - INFO - {'precision': array([0.01933495, 0.01197728]), 'recall': array([0.04764883, 0.13694971]), 'ndcg': array([0.0821745 , 0.16508153]), 'auc': array([0.])}
2024-06-27 14:28:59,256 - root - INFO - EPOCH[93/400] all_loss: 0.038 | bpr_loss:0.035004838647493125 | rd_loss:0.0020594564192045347 | time cost---Sampling: 0.54s--| 
rd_loss-0: 0.0024089819187010247 | rd_loss-1: 0.0012399292401663554 | rd_loss-2: 0.0025294578618908505 |  
2024-06-27 14:31:14,701 - root - INFO - [testing at epoch-93]
2024-06-27 14:31:14,701 - root - INFO - {'precision': array([0.01927987, 0.01196626]), 'recall': array([0.0476224 , 0.13693017]), 'ndcg': array([0.08191947, 0.16508015]), 'auc': array([0.])}
2024-06-27 14:31:14,702 - root - INFO - EPOCH[94/400] all_loss: 0.038 | bpr_loss:0.03475503243390043 | rd_loss:0.002041344458435307 | time cost---Sampling: 0.55s--| 
rd_loss-0: 0.0023817943341469805 | rd_loss-1: 0.001230244378477992 | rd_loss-2: 0.0025119944358874004 |  
2024-06-27 14:33:30,054 - root - INFO - [testing at epoch-94]
2024-06-27 14:33:30,054 - root - INFO - {'precision': array([0.0193473 , 0.01194746]), 'recall': array([0.04777133, 0.13649865]), 'ndcg': array([0.08234469, 0.16509126]), 'auc': array([0.])}
2024-06-27 14:33:30,055 - root - INFO - EPOCH[95/400] all_loss: 0.038 | bpr_loss:0.034513720886760885 | rd_loss:0.0020258535923598883 | time cost---Sampling: 0.56s--| 
rd_loss-0: 0.0023579491656949758 | rd_loss-1: 0.0012215713276298413 | rd_loss-2: 0.0024980400550495526 |  
2024-06-27 14:35:45,499 - root - INFO - [testing at epoch-95]
2024-06-27 14:35:45,499 - root - INFO - {'precision': array([0.01937105, 0.01194195]), 'recall': array([0.04781385, 0.13655632]), 'ndcg': array([0.08249347, 0.16505805]), 'auc': array([0.])}
2024-06-27 14:35:45,499 - root - INFO - EPOCH[96/400] all_loss: 0.038 | bpr_loss:0.03416943657328676 | rd_loss:0.0020087222433258604 | time cost---Sampling: 0.58s--| 
rd_loss-0: 0.002331825951637512 | rd_loss-1: 0.001211627685547828 | rd_loss-2: 0.0024827128779722654 |  
2024-06-27 14:38:00,803 - root - INFO - [testing at epoch-96]
2024-06-27 14:38:00,804 - root - INFO - {'precision': array([0.01928651, 0.01194461]), 'recall': array([0.0476206 , 0.13645801]), 'ndcg': array([0.0822017 , 0.16492067]), 'auc': array([0.])}
2024-06-27 14:38:00,804 - root - INFO - EPOCH[97/400] all_loss: 0.038 | bpr_loss:0.034356349333798775 | rd_loss:0.001998692273597781 | time cost---Sampling: 0.55s--| 
rd_loss-0: 0.0023159295372429884 | rd_loss-1: 0.0012073241759416814 | rd_loss-2: 0.0024728228914806605 |  
2024-06-27 14:40:16,086 - root - INFO - [testing at epoch-97]
2024-06-27 14:40:16,086 - root - INFO - {'precision': array([0.01931976, 0.01193093]), 'recall': array([0.04767666, 0.1364006 ]), 'ndcg': array([0.0826465 , 0.16519898]), 'auc': array([0.])}
2024-06-27 14:40:16,086 - root - INFO - EPOCH[98/400] all_loss: 0.037 | bpr_loss:0.03399179220946575 | rd_loss:0.001991716882333887 | time cost---Sampling: 0.54s--| 
rd_loss-0: 0.0022955449465452953 | rd_loss-1: 0.0012101755506063626 | rd_loss-2: 0.002469429941469596 |  
