2024-06-24 09:24:28,329 - root - INFO - Namespace(N=25, R=100, alpha=0.5, bpr_neg_num=4, compute_rank=1, dataset='book', dim=256, epoch=100, eps=1e-20, layers=2, lmd2=0.1, lr=0.0005, model='bgr', neg_ratio=36, norm_a=1.0, save_embed=1, seed=2021, tensorboard=True, test_batch=100, test_file='test.txt', topks=[20, 100], train_batch=2048, train_file='train.txt', weight=1e-06)
2024-06-24 09:26:44,868 - root - INFO - [testing at epoch-0]
2024-06-24 09:26:44,868 - root - INFO - {'precision': array([0.01089509, 0.00675417]), 'recall': array([0.02364707, 0.07000016]), 'ndcg': array([0.04824908, 0.09776723]), 'auc': array([0.])}
2024-06-24 09:26:44,869 - root - INFO - EPOCH[1/100] all_loss: 1.602 | time cost---Sampling: 8.67s--| 
2024-06-24 09:26:44,869 - root - INFO - Summary at recall = 0.023647071548738706
2024-06-24 09:30:05,338 - root - INFO - [testing at epoch-1]
2024-06-24 09:30:05,339 - root - INFO - {'precision': array([0.01387079, 0.00876299]), 'recall': array([0.03145718, 0.09461954]), 'ndcg': array([0.06038363, 0.12318583]), 'auc': array([0.])}
2024-06-24 09:30:05,340 - root - INFO - EPOCH[2/100] all_loss: 1.520 | time cost---Sampling: 8.69s--| 
2024-06-24 09:30:05,340 - root - INFO - Summary at recall = 0.031457180217886585
2024-06-24 09:33:26,602 - root - INFO - [testing at epoch-2]
2024-06-24 09:33:26,602 - root - INFO - {'precision': array([0.01526699, 0.00970176]), 'recall': array([0.03517741, 0.10610209]), 'ndcg': array([0.06572104, 0.13463043]), 'auc': array([0.])}
2024-06-24 09:33:26,603 - root - INFO - EPOCH[3/100] all_loss: 1.437 | time cost---Sampling: 8.88s--| 
2024-06-24 09:33:26,603 - root - INFO - Summary at recall = 0.035177412596993994
2024-06-24 09:36:49,263 - root - INFO - [testing at epoch-3]
2024-06-24 09:36:49,263 - root - INFO - {'precision': array([0.01630416, 0.01041012]), 'recall': array([0.03796625, 0.11491159]), 'ndcg': array([0.06920314, 0.14246558]), 'auc': array([0.])}
2024-06-24 09:36:49,264 - root - INFO - EPOCH[4/100] all_loss: 1.355 | time cost---Sampling: 8.79s--| 
2024-06-24 09:36:49,264 - root - INFO - Summary at recall = 0.037966246245337766
2024-06-24 09:40:08,991 - root - INFO - [testing at epoch-4]
2024-06-24 09:40:08,992 - root - INFO - {'precision': array([0.01730904, 0.01097468]), 'recall': array([0.04067718, 0.12225958]), 'ndcg': array([0.07261426, 0.14910958]), 'auc': array([0.])}
2024-06-24 09:40:08,993 - root - INFO - EPOCH[5/100] all_loss: 1.279 | time cost---Sampling: 8.76s--| 
2024-06-24 09:40:08,993 - root - INFO - Summary at recall = 0.04067717881713103
2024-06-24 09:43:26,330 - root - INFO - [testing at epoch-5]
2024-06-24 09:43:26,331 - root - INFO - {'precision': array([0.01813062, 0.0114359 ]), 'recall': array([0.04296466, 0.12814376]), 'ndcg': array([0.07532134, 0.15424388]), 'auc': array([0.])}
2024-06-24 09:43:26,332 - root - INFO - EPOCH[6/100] all_loss: 1.209 | time cost---Sampling: 8.75s--| 
2024-06-24 09:43:26,332 - root - INFO - Summary at recall = 0.042964661306399775
2024-06-24 09:46:47,605 - root - INFO - [testing at epoch-6]
2024-06-24 09:46:47,605 - root - INFO - {'precision': array([0.01872044, 0.01182151]), 'recall': array([0.04475286, 0.13335631]), 'ndcg': array([0.0773037 , 0.15846487]), 'auc': array([0.])}
2024-06-24 09:46:47,606 - root - INFO - EPOCH[7/100] all_loss: 1.142 | time cost---Sampling: 8.77s--| 
2024-06-24 09:46:47,606 - root - INFO - Summary at recall = 0.04475285997875688
2024-06-24 09:50:08,520 - root - INFO - [testing at epoch-7]
2024-06-24 09:50:08,521 - root - INFO - {'precision': array([0.01932736, 0.01212564]), 'recall': array([0.04647935, 0.13736588]), 'ndcg': array([0.07951244, 0.16227442]), 'auc': array([0.])}
2024-06-24 09:50:08,522 - root - INFO - EPOCH[8/100] all_loss: 1.078 | time cost---Sampling: 8.82s--| 
2024-06-24 09:50:08,522 - root - INFO - Summary at recall = 0.046479351358777524
2024-06-24 09:53:27,953 - root - INFO - [testing at epoch-8]
2024-06-24 09:53:27,954 - root - INFO - {'precision': array([0.01986684, 0.01240374]), 'recall': array([0.04802721, 0.14098032]), 'ndcg': array([0.08150204, 0.16558205]), 'auc': array([0.])}
2024-06-24 09:53:27,955 - root - INFO - EPOCH[9/100] all_loss: 1.017 | time cost---Sampling: 8.78s--| 
2024-06-24 09:53:27,955 - root - INFO - Summary at recall = 0.04802720826617286
2024-06-24 09:56:46,164 - root - INFO - [testing at epoch-9]
2024-06-24 09:56:46,164 - root - INFO - {'precision': array([0.02030849, 0.01264005]), 'recall': array([0.04936241, 0.14405236]), 'ndcg': array([0.08319266, 0.16833054]), 'auc': array([0.])}
2024-06-24 09:56:46,165 - root - INFO - EPOCH[10/100] all_loss: 0.959 | time cost---Sampling: 8.66s--| 
2024-06-24 09:56:46,165 - root - INFO - Summary at recall = 0.04936240719560301
2024-06-24 10:00:02,571 - root - INFO - [testing at epoch-10]
2024-06-24 10:00:02,572 - root - INFO - {'precision': array([0.02071785, 0.01282906]), 'recall': array([0.05053989, 0.14655081]), 'ndcg': array([0.08487378, 0.17071712]), 'auc': array([0.])}
2024-06-24 10:00:02,573 - root - INFO - EPOCH[11/100] all_loss: 0.904 | time cost---Sampling: 8.72s--| 
2024-06-24 10:00:02,573 - root - INFO - Summary at recall = 0.050539889447351535
2024-06-24 10:03:20,191 - root - INFO - [testing at epoch-11]
2024-06-24 10:03:20,192 - root - INFO - {'precision': array([0.02112247, 0.01299774]), 'recall': array([0.05176216, 0.14885528]), 'ndcg': array([0.08651009, 0.17281664]), 'auc': array([0.])}
2024-06-24 10:03:20,193 - root - INFO - EPOCH[12/100] all_loss: 0.853 | time cost---Sampling: 8.63s--| 
2024-06-24 10:03:20,193 - root - INFO - Summary at recall = 0.05176215555305899
2024-06-24 10:06:38,674 - root - INFO - [testing at epoch-12]
2024-06-24 10:06:38,675 - root - INFO - {'precision': array([0.02132572, 0.01311551]), 'recall': array([0.05252324, 0.15045174]), 'ndcg': array([0.08744226, 0.17440992]), 'auc': array([0.])}
2024-06-24 10:06:38,676 - root - INFO - EPOCH[13/100] all_loss: 0.803 | time cost---Sampling: 8.64s--| 
2024-06-24 10:06:38,676 - root - INFO - Summary at recall = 0.052523235212295495
2024-06-24 10:09:56,012 - root - INFO - [testing at epoch-13]
2024-06-24 10:09:56,013 - root - INFO - {'precision': array([0.02159926, 0.01322968]), 'recall': array([0.05331325, 0.15198652]), 'ndcg': array([0.0884095 , 0.17573897]), 'auc': array([0.])}
2024-06-24 10:09:56,013 - root - INFO - EPOCH[14/100] all_loss: 0.757 | time cost---Sampling: 8.77s--| 
2024-06-24 10:09:56,014 - root - INFO - Summary at recall = 0.05331325463064697
2024-06-24 10:13:14,710 - root - INFO - [testing at epoch-14]
2024-06-24 10:13:14,711 - root - INFO - {'precision': array([0.02176358, 0.01334859]), 'recall': array([0.05380219, 0.15335546]), 'ndcg': array([0.08911114, 0.17717651]), 'auc': array([0.])}
2024-06-24 10:13:14,712 - root - INFO - EPOCH[15/100] all_loss: 0.715 | time cost---Sampling: 8.69s--| 
2024-06-24 10:13:14,712 - root - INFO - Summary at recall = 0.05380218516436674
2024-06-24 10:16:34,457 - root - INFO - [testing at epoch-15]
2024-06-24 10:16:34,458 - root - INFO - {'precision': array([0.02194879, 0.01343806]), 'recall': array([0.05438016, 0.1545747 ]), 'ndcg': array([0.08965463, 0.17826356]), 'auc': array([0.])}
2024-06-24 10:16:34,459 - root - INFO - EPOCH[16/100] all_loss: 0.675 | time cost---Sampling: 8.69s--| 
2024-06-24 10:16:34,459 - root - INFO - Summary at recall = 0.05438016285673286
2024-06-24 10:19:54,500 - root - INFO - [testing at epoch-16]
2024-06-24 10:19:54,501 - root - INFO - {'precision': array([0.02217199, 0.01350474]), 'recall': array([0.05501551, 0.15537926]), 'ndcg': array([0.09071825, 0.17943384]), 'auc': array([0.])}
2024-06-24 10:19:54,501 - root - INFO - EPOCH[17/100] all_loss: 0.638 | time cost---Sampling: 8.77s--| 
2024-06-24 10:19:54,502 - root - INFO - Summary at recall = 0.055015507460986116
2024-06-24 10:23:13,839 - root - INFO - [testing at epoch-17]
2024-06-24 10:23:13,839 - root - INFO - {'precision': array([0.02229831, 0.01357236]), 'recall': array([0.05539938, 0.15623396]), 'ndcg': array([0.09151258, 0.18062213]), 'auc': array([0.])}
2024-06-24 10:23:13,840 - root - INFO - EPOCH[18/100] all_loss: 0.604 | time cost---Sampling: 8.68s--| 
2024-06-24 10:23:13,840 - root - INFO - Summary at recall = 0.055399377042043285
2024-06-24 10:26:31,716 - root - INFO - [testing at epoch-18]
2024-06-24 10:26:31,716 - root - INFO - {'precision': array([0.02249017, 0.01361283]), 'recall': array([0.05591417, 0.15675711]), 'ndcg': array([0.09215358, 0.18125004]), 'auc': array([0.])}
2024-06-24 10:26:31,717 - root - INFO - EPOCH[19/100] all_loss: 0.573 | time cost---Sampling: 8.69s--| 
2024-06-24 10:26:31,717 - root - INFO - Summary at recall = 0.055914174358899886
2024-06-24 10:29:53,813 - root - INFO - [testing at epoch-19]
2024-06-24 10:29:53,814 - root - INFO - {'precision': array([0.02258515, 0.01364892]), 'recall': array([0.05610526, 0.15720361]), 'ndcg': array([0.09270107, 0.18203557]), 'auc': array([0.])}
2024-06-24 10:29:53,815 - root - INFO - EPOCH[20/100] all_loss: 0.544 | time cost---Sampling: 8.73s--| 
2024-06-24 10:29:53,815 - root - INFO - Summary at recall = 0.05610525664797666
2024-06-24 10:33:14,484 - root - INFO - [testing at epoch-20]
2024-06-24 10:33:14,485 - root - INFO - {'precision': array([0.02267443, 0.01367076]), 'recall': array([0.05648878, 0.15744269]), 'ndcg': array([0.09316996, 0.18249725]), 'auc': array([0.])}
2024-06-24 10:33:14,486 - root - INFO - EPOCH[21/100] all_loss: 0.518 | time cost---Sampling: 8.69s--| 
2024-06-24 10:33:14,486 - root - INFO - Summary at recall = 0.05648877793150215
2024-06-24 10:36:31,793 - root - INFO - [testing at epoch-21]
2024-06-24 10:36:31,793 - root - INFO - {'precision': array([0.02275611, 0.01368691]), 'recall': array([0.05673407, 0.15756785]), 'ndcg': array([0.09359758, 0.18283619]), 'auc': array([0.])}
2024-06-24 10:36:31,794 - root - INFO - EPOCH[22/100] all_loss: 0.492 | time cost---Sampling: 8.86s--| 
2024-06-24 10:36:31,794 - root - INFO - Summary at recall = 0.05673406868871374
2024-06-24 10:39:49,154 - root - INFO - [testing at epoch-22]
2024-06-24 10:39:49,155 - root - INFO - {'precision': array([0.022796  , 0.01368178]), 'recall': array([0.05690173, 0.15737792]), 'ndcg': array([0.09401323, 0.18320773]), 'auc': array([0.])}
2024-06-24 10:39:49,156 - root - INFO - EPOCH[23/100] all_loss: 0.469 | time cost---Sampling: 8.72s--| 
2024-06-24 10:39:49,156 - root - INFO - Summary at recall = 0.0569017293360185
2024-06-24 10:43:04,470 - root - INFO - [testing at epoch-23]
2024-06-24 10:43:04,470 - root - INFO - {'precision': array([0.02285014, 0.01368976]), 'recall': array([0.05709454, 0.15745379]), 'ndcg': array([0.09439465, 0.18356951]), 'auc': array([0.])}
2024-06-24 10:43:04,471 - root - INFO - EPOCH[24/100] all_loss: 0.448 | time cost---Sampling: 8.87s--| 
2024-06-24 10:43:04,471 - root - INFO - Summary at recall = 0.05709453652081333
2024-06-24 10:46:23,407 - root - INFO - [testing at epoch-24]
2024-06-24 10:46:23,407 - root - INFO - {'precision': array([0.02292897, 0.01368976]), 'recall': array([0.05728697, 0.15737697]), 'ndcg': array([0.09463879, 0.18368235]), 'auc': array([0.])}
2024-06-24 10:46:23,408 - root - INFO - EPOCH[25/100] all_loss: 0.428 | time cost---Sampling: 8.72s--| 
2024-06-24 10:46:23,408 - root - INFO - Summary at recall = 0.05728696566595276
2024-06-24 10:50:00,304 - root - INFO - [testing at epoch-25]
2024-06-24 10:50:00,304 - root - INFO - {'precision': array([0.02297836, 0.01367817]), 'recall': array([0.05748368, 0.15723204]), 'ndcg': array([0.09507395, 0.18398766]), 'auc': array([0.])}
2024-06-24 10:50:00,305 - root - INFO - EPOCH[26/100] all_loss: 0.410 | time cost---Sampling: 8.66s--| 
2024-06-24 10:50:00,305 - root - INFO - Summary at recall = 0.0574836766412611
2024-06-24 10:53:30,998 - root - INFO - [testing at epoch-26]
2024-06-24 10:53:30,999 - root - INFO - {'precision': array([0.02306669, 0.01368311]), 'recall': array([0.05770453, 0.15710905]), 'ndcg': array([0.0957299 , 0.18437167]), 'auc': array([0.])}
2024-06-24 10:53:31,000 - root - INFO - EPOCH[27/100] all_loss: 0.393 | time cost---Sampling: 8.66s--| 
2024-06-24 10:53:31,000 - root - INFO - Summary at recall = 0.05770453388482394
2024-06-24 10:57:02,443 - root - INFO - [testing at epoch-27]
2024-06-24 10:57:02,443 - root - INFO - {'precision': array([0.023023  , 0.01365709]), 'recall': array([0.05763527, 0.15674208]), 'ndcg': array([0.09568258, 0.18424154]), 'auc': array([0.])}
2024-06-24 10:57:02,444 - root - INFO - EPOCH[28/100] all_loss: 0.377 | time cost---Sampling: 8.73s--| 
2024-06-24 10:59:18,941 - root - INFO - [testing at epoch-28]
2024-06-24 10:59:18,942 - root - INFO - {'precision': array([0.02307619, 0.01363581]), 'recall': array([0.05777169, 0.15624189]), 'ndcg': array([0.09599079, 0.18430311]), 'auc': array([0.])}
2024-06-24 10:59:18,942 - root - INFO - EPOCH[29/100] all_loss: 0.363 | time cost---Sampling: 8.63s--| 
2024-06-24 10:59:18,943 - root - INFO - Summary at recall = 0.05777168575887867
2024-06-24 11:02:47,598 - root - INFO - [testing at epoch-29]
2024-06-24 11:02:47,599 - root - INFO - {'precision': array([0.02314838, 0.01361359]), 'recall': array([0.05799676, 0.15592142]), 'ndcg': array([0.09614497, 0.18408178]), 'auc': array([0.])}
2024-06-24 11:02:47,600 - root - INFO - EPOCH[30/100] all_loss: 0.349 | time cost---Sampling: 8.88s--| 
2024-06-24 11:02:47,600 - root - INFO - Summary at recall = 0.05799676407098096
2024-06-24 11:06:06,207 - root - INFO - [testing at epoch-30]
2024-06-24 11:06:06,207 - root - INFO - {'precision': array([0.02312748, 0.01358699]), 'recall': array([0.05795466, 0.15554399]), 'ndcg': array([0.09614715, 0.18382404]), 'auc': array([0.])}
2024-06-24 11:06:06,208 - root - INFO - EPOCH[31/100] all_loss: 0.336 | time cost---Sampling: 8.59s--| 
2024-06-24 11:08:22,268 - root - INFO - [testing at epoch-31]
2024-06-24 11:08:22,268 - root - INFO - {'precision': array([0.02311513, 0.01357123]), 'recall': array([0.05794346, 0.15514268]), 'ndcg': array([0.09618183, 0.18362453]), 'auc': array([0.])}
2024-06-24 11:08:22,269 - root - INFO - EPOCH[32/100] all_loss: 0.324 | time cost---Sampling: 8.65s--| 
2024-06-24 11:10:38,638 - root - INFO - [testing at epoch-32]
2024-06-24 11:10:38,639 - root - INFO - {'precision': array([0.02307809, 0.01352507]), 'recall': array([0.05787529, 0.15451309]), 'ndcg': array([0.0963369 , 0.18346568]), 'auc': array([0.])}
2024-06-24 11:10:38,640 - root - INFO - EPOCH[33/100] all_loss: 0.312 | time cost---Sampling: 8.66s--| 
2024-06-24 11:12:55,131 - root - INFO - [testing at epoch-33]
2024-06-24 11:12:55,132 - root - INFO - {'precision': array([0.0230325 , 0.01348821]), 'recall': array([0.05773106, 0.15398266]), 'ndcg': array([0.09615875, 0.18313158]), 'auc': array([0.])}
2024-06-24 11:12:55,133 - root - INFO - EPOCH[34/100] all_loss: 0.301 | time cost---Sampling: 8.71s--| 
2024-06-24 11:15:11,620 - root - INFO - [testing at epoch-34]
2024-06-24 11:15:11,620 - root - INFO - {'precision': array([0.0230382 , 0.01344091]), 'recall': array([0.05777888, 0.153361  ]), 'ndcg': array([0.09644279, 0.18298064]), 'auc': array([0.])}
2024-06-24 11:15:11,621 - root - INFO - EPOCH[35/100] all_loss: 0.291 | time cost---Sampling: 8.65s--| 
2024-06-24 11:17:28,667 - root - INFO - [testing at epoch-35]
2024-06-24 11:17:28,668 - root - INFO - {'precision': array([0.02306574, 0.01341337]), 'recall': array([0.05777239, 0.15289838]), 'ndcg': array([0.09655146, 0.18287877]), 'auc': array([0.])}
2024-06-24 11:17:28,669 - root - INFO - EPOCH[36/100] all_loss: 0.282 | time cost---Sampling: 9.13s--| 
2024-06-24 11:19:44,940 - root - INFO - [testing at epoch-36]
2024-06-24 11:19:44,940 - root - INFO - {'precision': array([0.02305625, 0.01336113]), 'recall': array([0.05768467, 0.15226109]), 'ndcg': array([0.09666808, 0.18269869]), 'auc': array([0.])}
2024-06-24 11:19:44,941 - root - INFO - EPOCH[37/100] all_loss: 0.273 | time cost---Sampling: 8.67s--| 
2024-06-24 11:22:01,224 - root - INFO - [testing at epoch-37]
2024-06-24 11:22:01,224 - root - INFO - {'precision': array([0.02300211, 0.01331155]), 'recall': array([0.05756751, 0.15172682]), 'ndcg': array([0.09653868, 0.18234554]), 'auc': array([0.])}
2024-06-24 11:22:01,225 - root - INFO - EPOCH[38/100] all_loss: 0.265 | time cost---Sampling: 8.82s--| 
2024-06-24 11:24:17,895 - root - INFO - [testing at epoch-38]
2024-06-24 11:24:17,895 - root - INFO - {'precision': array([0.02298311, 0.01326501]), 'recall': array([0.05759686, 0.15104699]), 'ndcg': array([0.09644621, 0.18194599]), 'auc': array([0.])}
2024-06-24 11:24:17,896 - root - INFO - EPOCH[39/100] all_loss: 0.257 | time cost---Sampling: 8.72s--| 
2024-06-24 11:26:34,449 - root - INFO - [testing at epoch-39]
2024-06-24 11:26:34,449 - root - INFO - {'precision': array([0.02299641, 0.01322474]), 'recall': array([0.05762614, 0.15044414]), 'ndcg': array([0.09673974, 0.18191677]), 'auc': array([0.])}
2024-06-24 11:26:34,450 - root - INFO - EPOCH[40/100] all_loss: 0.249 | time cost---Sampling: 8.92s--| 
2024-06-24 11:28:50,962 - root - INFO - [testing at epoch-40]
2024-06-24 11:28:50,963 - root - INFO - {'precision': array([0.02302015, 0.01320346]), 'recall': array([0.05765854, 0.15007478]), 'ndcg': array([0.09679253, 0.18162896]), 'auc': array([0.])}
2024-06-24 11:28:50,964 - root - INFO - EPOCH[41/100] all_loss: 0.243 | time cost---Sampling: 8.70s--| 
2024-06-24 11:31:07,823 - root - INFO - [testing at epoch-41]
2024-06-24 11:31:07,823 - root - INFO - {'precision': array([0.02297456, 0.01316794]), 'recall': array([0.05763107, 0.1494462 ]), 'ndcg': array([0.09681538, 0.18141243]), 'auc': array([0.])}
2024-06-24 11:31:07,824 - root - INFO - EPOCH[42/100] all_loss: 0.235 | time cost---Sampling: 8.80s--| 
2024-06-24 11:33:24,269 - root - INFO - [testing at epoch-42]
2024-06-24 11:33:24,269 - root - INFO - {'precision': array([0.02295272, 0.01312995]), 'recall': array([0.05754267, 0.14884236]), 'ndcg': array([0.09678665, 0.18107316]), 'auc': array([0.])}
2024-06-24 11:33:24,270 - root - INFO - EPOCH[43/100] all_loss: 0.228 | time cost---Sampling: 8.73s--| 
2024-06-24 11:35:40,656 - root - INFO - [testing at epoch-43]
2024-06-24 11:35:40,656 - root - INFO - {'precision': array([0.02289193, 0.01305777]), 'recall': array([0.05740131, 0.14797162]), 'ndcg': array([0.0966243 , 0.18054769]), 'auc': array([0.])}
2024-06-24 11:35:40,657 - root - INFO - EPOCH[44/100] all_loss: 0.223 | time cost---Sampling: 8.86s--| 
2024-06-24 11:37:57,060 - root - INFO - [testing at epoch-44]
2024-06-24 11:37:57,060 - root - INFO - {'precision': array([0.02288338, 0.01304048]), 'recall': array([0.0574083 , 0.14770287]), 'ndcg': array([0.09664333, 0.18046971]), 'auc': array([0.])}
2024-06-24 11:37:57,061 - root - INFO - EPOCH[45/100] all_loss: 0.217 | time cost---Sampling: 8.82s--| 
2024-06-24 11:40:13,534 - root - INFO - [testing at epoch-45]
2024-06-24 11:40:13,534 - root - INFO - {'precision': array([0.02278746, 0.01299318]), 'recall': array([0.05718111, 0.14711607]), 'ndcg': array([0.09643086, 0.17998693]), 'auc': array([0.])}
2024-06-24 11:40:13,535 - root - INFO - EPOCH[46/100] all_loss: 0.211 | time cost---Sampling: 8.91s--| 
2024-06-24 11:42:29,842 - root - INFO - [testing at epoch-46]
2024-06-24 11:42:29,842 - root - INFO - {'precision': array([0.0228017, 0.0129474]), 'recall': array([0.05722623, 0.14642847]), 'ndcg': array([0.09654866, 0.17971828]), 'auc': array([0.])}
2024-06-24 11:42:29,843 - root - INFO - EPOCH[47/100] all_loss: 0.205 | time cost---Sampling: 8.71s--| 
2024-06-24 11:44:46,347 - root - INFO - [testing at epoch-47]
2024-06-24 11:44:46,347 - root - INFO - {'precision': array([0.0228207, 0.0129058]), 'recall': array([0.05729436, 0.14579116]), 'ndcg': array([0.09639159, 0.17914749]), 'auc': array([0.])}
2024-06-24 11:44:46,348 - root - INFO - EPOCH[48/100] all_loss: 0.201 | time cost---Sampling: 8.86s--| 
2024-06-24 11:47:02,417 - root - INFO - [testing at epoch-48]
2024-06-24 11:47:02,418 - root - INFO - {'precision': array([0.02273997, 0.01287465]), 'recall': array([0.05711461, 0.14528043]), 'ndcg': array([0.09620044, 0.17885242]), 'auc': array([0.])}
2024-06-24 11:47:02,419 - root - INFO - EPOCH[49/100] all_loss: 0.196 | time cost---Sampling: 8.62s--| 
2024-06-24 11:49:18,738 - root - INFO - [testing at epoch-49]
2024-06-24 11:49:18,738 - root - INFO - {'precision': array([0.02269722, 0.01283494]), 'recall': array([0.05705835, 0.14474447]), 'ndcg': array([0.09612399, 0.1785455 ]), 'auc': array([0.])}
2024-06-24 11:49:18,739 - root - INFO - EPOCH[50/100] all_loss: 0.191 | time cost---Sampling: 8.73s--| 
2024-06-24 11:51:35,275 - root - INFO - [testing at epoch-50]
2024-06-24 11:51:35,276 - root - INFO - {'precision': array([0.02265638, 0.01278328]), 'recall': array([0.056958 , 0.1440525]), 'ndcg': array([0.09602102, 0.17808686]), 'auc': array([0.])}
2024-06-24 11:51:35,277 - root - INFO - EPOCH[51/100] all_loss: 0.187 | time cost---Sampling: 8.77s--| 
2024-06-24 11:53:51,832 - root - INFO - [testing at epoch-51]
2024-06-24 11:53:51,832 - root - INFO - {'precision': array([0.02264689, 0.01274775]), 'recall': array([0.0569127 , 0.14355326]), 'ndcg': array([0.09585634, 0.17759709]), 'auc': array([0.])}
2024-06-24 11:53:51,833 - root - INFO - EPOCH[52/100] all_loss: 0.182 | time cost---Sampling: 8.70s--| 
2024-06-24 11:56:07,891 - root - INFO - [testing at epoch-52]
2024-06-24 11:56:07,892 - root - INFO - {'precision': array([0.02256235, 0.01267747]), 'recall': array([0.05669999, 0.14273975]), 'ndcg': array([0.09562289, 0.17699431]), 'auc': array([0.])}
2024-06-24 11:56:07,893 - root - INFO - EPOCH[53/100] all_loss: 0.179 | time cost---Sampling: 8.63s--| 
2024-06-24 11:58:24,431 - root - INFO - [testing at epoch-53]
2024-06-24 11:58:24,432 - root - INFO - {'precision': array([0.02250347, 0.01264784]), 'recall': array([0.05656604, 0.14234929]), 'ndcg': array([0.09550513, 0.17673607]), 'auc': array([0.])}
2024-06-24 11:58:24,433 - root - INFO - EPOCH[54/100] all_loss: 0.174 | time cost---Sampling: 8.63s--| 
2024-06-24 12:00:40,760 - root - INFO - [testing at epoch-54]
2024-06-24 12:00:40,760 - root - INFO - {'precision': array([0.02244933, 0.01258705]), 'recall': array([0.05640787, 0.14146347]), 'ndcg': array([0.09530124, 0.17613726]), 'auc': array([0.])}
2024-06-24 12:00:40,761 - root - INFO - EPOCH[55/100] all_loss: 0.171 | time cost---Sampling: 8.87s--| 
2024-06-24 12:02:56,708 - root - INFO - [testing at epoch-55]
2024-06-24 12:02:56,708 - root - INFO - {'precision': array([0.02241229, 0.01256026]), 'recall': array([0.05633322, 0.1410077 ]), 'ndcg': array([0.09518583, 0.1757554 ]), 'auc': array([0.])}
2024-06-24 12:02:56,710 - root - INFO - EPOCH[56/100] all_loss: 0.167 | time cost---Sampling: 8.65s--| 
2024-06-24 12:05:13,172 - root - INFO - [testing at epoch-56]
2024-06-24 12:05:13,173 - root - INFO - {'precision': array([0.02234675, 0.01251429]), 'recall': array([0.05613741, 0.14044033]), 'ndcg': array([0.09490447, 0.17529309]), 'auc': array([0.])}
2024-06-24 12:05:13,173 - root - INFO - EPOCH[57/100] all_loss: 0.163 | time cost---Sampling: 8.68s--| 
2024-06-24 12:07:29,558 - root - INFO - [testing at epoch-57]
2024-06-24 12:07:29,558 - root - INFO - {'precision': array([0.02227267, 0.01246187]), 'recall': array([0.05596734, 0.13981551]), 'ndcg': array([0.09452708, 0.1747226 ]), 'auc': array([0.])}
2024-06-24 12:07:29,559 - root - INFO - EPOCH[58/100] all_loss: 0.160 | time cost---Sampling: 8.67s--| 
2024-06-24 12:09:46,014 - root - INFO - [testing at epoch-58]
2024-06-24 12:09:46,014 - root - INFO - {'precision': array([0.02222423, 0.01242387]), 'recall': array([0.05584074, 0.13931391]), 'ndcg': array([0.09420535, 0.17419373]), 'auc': array([0.])}
2024-06-24 12:09:46,015 - root - INFO - EPOCH[59/100] all_loss: 0.156 | time cost---Sampling: 8.88s--| 
2024-06-24 12:12:02,354 - root - INFO - [testing at epoch-59]
2024-06-24 12:12:02,354 - root - INFO - {'precision': array([0.02215964, 0.01237088]), 'recall': array([0.05570855, 0.13864676]), 'ndcg': array([0.09402861, 0.17373157]), 'auc': array([0.])}
2024-06-24 12:12:02,355 - root - INFO - EPOCH[60/100] all_loss: 0.154 | time cost---Sampling: 8.76s--| 
