2024-05-20 11:51:45,577 - root - INFO - Namespace(R=100, bpr_neg_num=4, compute_rank=1, dataset='movie', dim=256, epoch=40, eps=1e-20, layers=2, lmd2=0.1, lr=0.001, model='bgr', neg_ratio=8, norm_a=1.0, save_embed=1, seed=2021, tensorboard=True, test_batch=100, test_file='test.txt', topks=[20, 100], train_batch=2048, train_file='train.txt', weight=0.0001)
2024-05-20 11:52:00,933 - root - INFO - [testing at epoch-0]
2024-05-20 11:52:00,934 - root - INFO - {'precision': array([0.17668874, 0.10108444]), 'recall': array([0.13434727, 0.35538999]), 'ndcg': array([0.31086161, 0.51955604]), 'auc': array([0.])}
2024-05-20 11:52:00,934 - root - INFO - EPOCH[1/40] all_loss: 1.607 | time cost---Sampling: 1.05s--| 
2024-05-20 11:52:00,934 - root - INFO - Summary at recall = 0.1343472691076367
2024-05-20 11:52:24,330 - root - INFO - [testing at epoch-1]
2024-05-20 11:52:24,330 - root - INFO - {'precision': array([0.21796358, 0.12000331]), 'recall': array([0.17197922, 0.42595008]), 'ndcg': array([0.36577524, 0.57533277]), 'auc': array([0.])}
2024-05-20 11:52:24,330 - root - INFO - EPOCH[2/40] all_loss: 1.531 | time cost---Sampling: 1.07s--| 
2024-05-20 11:52:24,330 - root - INFO - Summary at recall = 0.17197922052130454
2024-05-20 11:52:48,095 - root - INFO - [testing at epoch-2]
2024-05-20 11:52:48,096 - root - INFO - {'precision': array([0.24779801, 0.13196358]), 'recall': array([0.20305857, 0.47487135]), 'ndcg': array([0.40100269, 0.60829281]), 'auc': array([0.])}
2024-05-20 11:52:48,096 - root - INFO - EPOCH[3/40] all_loss: 1.443 | time cost---Sampling: 1.06s--| 
2024-05-20 11:52:48,096 - root - INFO - Summary at recall = 0.20305857110646525
2024-05-20 11:53:09,291 - root - INFO - [testing at epoch-3]
2024-05-20 11:53:09,291 - root - INFO - {'precision': array([0.26640728, 0.13900166]), 'recall': array([0.22275579, 0.50293064]), 'ndcg': array([0.42220548, 0.62677472]), 'auc': array([0.])}
2024-05-20 11:53:09,292 - root - INFO - EPOCH[4/40] all_loss: 1.379 | time cost---Sampling: 1.05s--| 
2024-05-20 11:53:09,292 - root - INFO - Summary at recall = 0.2227557890302782
2024-05-20 11:53:34,582 - root - INFO - [testing at epoch-4]
2024-05-20 11:53:34,582 - root - INFO - {'precision': array([0.27822848, 0.14363411]), 'recall': array([0.23672274, 0.522007  ]), 'ndcg': array([0.4371895 , 0.63979383]), 'auc': array([0.])}
2024-05-20 11:53:34,582 - root - INFO - EPOCH[5/40] all_loss: 1.328 | time cost---Sampling: 1.05s--| 
2024-05-20 11:53:34,582 - root - INFO - Summary at recall = 0.23672274272961266
2024-05-20 11:53:58,425 - root - INFO - [testing at epoch-5]
2024-05-20 11:53:58,426 - root - INFO - {'precision': array([0.28629139, 0.14653642]), 'recall': array([0.24527085, 0.53373612]), 'ndcg': array([0.44764276, 0.64901713]), 'auc': array([0.])}
2024-05-20 11:53:58,426 - root - INFO - EPOCH[6/40] all_loss: 1.285 | time cost---Sampling: 1.06s--| 
2024-05-20 11:53:58,426 - root - INFO - Summary at recall = 0.24527085474885296
2024-05-20 11:54:20,914 - root - INFO - [testing at epoch-6]
2024-05-20 11:54:20,914 - root - INFO - {'precision': array([0.29203642, 0.14909768]), 'recall': array([0.25159732, 0.54477845]), 'ndcg': array([0.45419617, 0.65522047]), 'auc': array([0.])}
2024-05-20 11:54:20,915 - root - INFO - EPOCH[7/40] all_loss: 1.247 | time cost---Sampling: 1.07s--| 
2024-05-20 11:54:20,915 - root - INFO - Summary at recall = 0.2515973169850235
2024-05-20 11:54:46,042 - root - INFO - [testing at epoch-7]
2024-05-20 11:54:46,042 - root - INFO - {'precision': array([0.29657285, 0.15082781]), 'recall': array([0.2562231 , 0.55156498]), 'ndcg': array([0.45993623, 0.66036263]), 'auc': array([0.])}
2024-05-20 11:54:46,042 - root - INFO - EPOCH[8/40] all_loss: 1.212 | time cost---Sampling: 1.05s--| 
2024-05-20 11:54:46,042 - root - INFO - Summary at recall = 0.2562231038553547
2024-05-20 11:55:10,163 - root - INFO - [testing at epoch-8]
2024-05-20 11:55:10,163 - root - INFO - {'precision': array([0.30063742, 0.15226325]), 'recall': array([0.26043267, 0.55664506]), 'ndcg': array([0.46486317, 0.66412447]), 'auc': array([0.])}
2024-05-20 11:55:10,164 - root - INFO - EPOCH[9/40] all_loss: 1.178 | time cost---Sampling: 1.05s--| 
2024-05-20 11:55:10,164 - root - INFO - Summary at recall = 0.2604326737897365
2024-05-20 11:55:33,499 - root - INFO - [testing at epoch-9]
2024-05-20 11:55:33,499 - root - INFO - {'precision': array([0.30373344, 0.15344371]), 'recall': array([0.26336078, 0.56070875]), 'ndcg': array([0.46781824, 0.66625086]), 'auc': array([0.])}
2024-05-20 11:55:33,500 - root - INFO - EPOCH[10/40] all_loss: 1.148 | time cost---Sampling: 1.05s--| 
2024-05-20 11:55:33,500 - root - INFO - Summary at recall = 0.26336078279947767
2024-05-20 11:55:58,712 - root - INFO - [testing at epoch-10]
2024-05-20 11:55:58,712 - root - INFO - {'precision': array([0.30628311, 0.15450662]), 'recall': array([0.26581858, 0.56400071]), 'ndcg': array([0.47050016, 0.66830062]), 'auc': array([0.])}
2024-05-20 11:55:58,713 - root - INFO - EPOCH[11/40] all_loss: 1.119 | time cost---Sampling: 1.05s--| 
2024-05-20 11:55:58,713 - root - INFO - Summary at recall = 0.2658185794066422
2024-05-20 11:56:21,492 - root - INFO - [testing at epoch-11]
2024-05-20 11:56:21,492 - root - INFO - {'precision': array([0.30738411, 0.15541722]), 'recall': array([0.26672518, 0.56716223]), 'ndcg': array([0.47157884, 0.66971748]), 'auc': array([0.])}
2024-05-20 11:56:21,492 - root - INFO - EPOCH[12/40] all_loss: 1.092 | time cost---Sampling: 1.06s--| 
2024-05-20 11:56:21,492 - root - INFO - Summary at recall = 0.2667251796702244
2024-05-20 11:56:46,139 - root - INFO - [testing at epoch-12]
2024-05-20 11:56:46,139 - root - INFO - {'precision': array([0.30877483, 0.15611755]), 'recall': array([0.26759135, 0.56919092]), 'ndcg': array([0.47262007, 0.67064884]), 'auc': array([0.])}
2024-05-20 11:56:46,139 - root - INFO - EPOCH[13/40] all_loss: 1.065 | time cost---Sampling: 1.05s--| 
2024-05-20 11:56:46,139 - root - INFO - Summary at recall = 0.2675913513884504
2024-05-20 11:57:11,493 - root - INFO - [testing at epoch-13]
2024-05-20 11:57:11,493 - root - INFO - {'precision': array([0.31001656, 0.15661093]), 'recall': array([0.26896704, 0.57044982]), 'ndcg': array([0.47342905, 0.67094532]), 'auc': array([0.])}
2024-05-20 11:57:11,493 - root - INFO - EPOCH[14/40] all_loss: 1.040 | time cost---Sampling: 1.05s--| 
2024-05-20 11:57:11,493 - root - INFO - Summary at recall = 0.26896703561634466
2024-05-20 11:57:33,982 - root - INFO - [testing at epoch-14]
2024-05-20 11:57:33,982 - root - INFO - {'precision': array([0.3110596 , 0.15689735]), 'recall': array([0.26925053, 0.57072662]), 'ndcg': array([0.47396162, 0.67115291]), 'auc': array([0.])}
2024-05-20 11:57:33,982 - root - INFO - EPOCH[15/40] all_loss: 1.015 | time cost---Sampling: 1.07s--| 
2024-05-20 11:57:33,982 - root - INFO - Summary at recall = 0.2692505348681233
2024-05-20 11:57:58,706 - root - INFO - [testing at epoch-15]
2024-05-20 11:57:58,706 - root - INFO - {'precision': array([0.31092715, 0.15727649]), 'recall': array([0.26850288, 0.57103333]), 'ndcg': array([0.47305181, 0.67082618]), 'auc': array([0.])}
2024-05-20 11:57:58,707 - root - INFO - EPOCH[16/40] all_loss: 0.992 | time cost---Sampling: 1.08s--| 
2024-05-20 11:58:22,680 - root - INFO - [testing at epoch-16]
2024-05-20 11:58:22,680 - root - INFO - {'precision': array([0.31134106, 0.15750166]), 'recall': array([0.2678156 , 0.57095028]), 'ndcg': array([0.47253176, 0.67014281]), 'auc': array([0.])}
2024-05-20 11:58:22,681 - root - INFO - EPOCH[17/40] all_loss: 0.970 | time cost---Sampling: 1.07s--| 
2024-05-20 11:58:46,502 - root - INFO - [testing at epoch-17]
2024-05-20 11:58:46,503 - root - INFO - {'precision': array([0.31159768, 0.15775662]), 'recall': array([0.26770631, 0.57012976]), 'ndcg': array([0.47209836, 0.66928657]), 'auc': array([0.])}
2024-05-20 11:58:46,503 - root - INFO - EPOCH[18/40] all_loss: 0.949 | time cost---Sampling: 1.06s--| 
2024-05-20 11:59:11,403 - root - INFO - [testing at epoch-18]
2024-05-20 11:59:11,403 - root - INFO - {'precision': array([0.31127483, 0.1578096 ]), 'recall': array([0.26702169, 0.5701688 ]), 'ndcg': array([0.47089803, 0.66845388]), 'auc': array([0.])}
2024-05-20 11:59:11,403 - root - INFO - EPOCH[19/40] all_loss: 0.928 | time cost---Sampling: 1.06s--| 
2024-05-20 11:59:34,760 - root - INFO - [testing at epoch-19]
2024-05-20 11:59:34,760 - root - INFO - {'precision': array([0.31070364, 0.15786258]), 'recall': array([0.26609392, 0.56909858]), 'ndcg': array([0.47100726, 0.66851798]), 'auc': array([0.])}
2024-05-20 11:59:34,760 - root - INFO - EPOCH[20/40] all_loss: 0.909 | time cost---Sampling: 1.10s--| 
2024-05-20 11:59:58,957 - root - INFO - [testing at epoch-20]
2024-05-20 11:59:58,957 - root - INFO - {'precision': array([0.30961093, 0.15779636]), 'recall': array([0.26411621, 0.56809201]), 'ndcg': array([0.46843948, 0.66665063]), 'auc': array([0.])}
2024-05-20 11:59:58,958 - root - INFO - EPOCH[21/40] all_loss: 0.890 | time cost---Sampling: 1.05s--| 
2024-05-20 12:00:22,528 - root - INFO - [testing at epoch-21]
2024-05-20 12:00:22,528 - root - INFO - {'precision': array([0.30909768, 0.15787252]), 'recall': array([0.26268905, 0.56689132]), 'ndcg': array([0.46725906, 0.66554341]), 'auc': array([0.])}
2024-05-20 12:00:22,529 - root - INFO - EPOCH[22/40] all_loss: 0.872 | time cost---Sampling: 1.06s--| 
2024-05-20 12:00:47,359 - root - INFO - [testing at epoch-22]
2024-05-20 12:00:47,359 - root - INFO - {'precision': array([0.30801325, 0.15773675]), 'recall': array([0.26168513, 0.56611133]), 'ndcg': array([0.46562232, 0.664374  ]), 'auc': array([0.])}
2024-05-20 12:00:47,360 - root - INFO - EPOCH[23/40] all_loss: 0.855 | time cost---Sampling: 1.06s--| 
2024-05-20 12:01:11,586 - root - INFO - [testing at epoch-23]
2024-05-20 12:01:11,586 - root - INFO - {'precision': array([0.30760762, 0.1575447 ]), 'recall': array([0.26056663, 0.56375876]), 'ndcg': array([0.46422805, 0.6625099 ]), 'auc': array([0.])}
2024-05-20 12:01:11,587 - root - INFO - EPOCH[24/40] all_loss: 0.839 | time cost---Sampling: 1.07s--| 
2024-05-20 12:01:34,941 - root - INFO - [testing at epoch-24]
2024-05-20 12:01:34,941 - root - INFO - {'precision': array([0.30673013, 0.15745033]), 'recall': array([0.25888774, 0.56193627]), 'ndcg': array([0.46282905, 0.66133638]), 'auc': array([0.])}
2024-05-20 12:01:34,941 - root - INFO - EPOCH[25/40] all_loss: 0.823 | time cost---Sampling: 1.06s--| 
2024-05-20 12:01:59,376 - root - INFO - [testing at epoch-25]
2024-05-20 12:01:59,376 - root - INFO - {'precision': array([0.30529801, 0.15731954]), 'recall': array([0.25658899, 0.56045135]), 'ndcg': array([0.46016636, 0.65956618]), 'auc': array([0.])}
2024-05-20 12:01:59,377 - root - INFO - EPOCH[26/40] all_loss: 0.808 | time cost---Sampling: 1.07s--| 
2024-05-20 12:02:22,053 - root - INFO - [testing at epoch-26]
2024-05-20 12:02:22,054 - root - INFO - {'precision': array([0.30397351, 0.15697185]), 'recall': array([0.25441508, 0.55775523]), 'ndcg': array([0.45836997, 0.65803754]), 'auc': array([0.])}
2024-05-20 12:02:22,054 - root - INFO - EPOCH[27/40] all_loss: 0.795 | time cost---Sampling: 1.07s--| 
2024-05-20 12:02:42,998 - root - INFO - [testing at epoch-27]
2024-05-20 12:02:42,998 - root - INFO - {'precision': array([0.30280629, 0.15672517]), 'recall': array([0.25285332, 0.55561303]), 'ndcg': array([0.45693763, 0.65677296]), 'auc': array([0.])}
2024-05-20 12:02:42,999 - root - INFO - EPOCH[28/40] all_loss: 0.780 | time cost---Sampling: 1.07s--| 
2024-05-20 12:03:00,964 - root - INFO - [testing at epoch-28]
2024-05-20 12:03:00,964 - root - INFO - {'precision': array([0.30100166, 0.15634603]), 'recall': array([0.25078254, 0.55318901]), 'ndcg': array([0.45424298, 0.65460613]), 'auc': array([0.])}
2024-05-20 12:03:00,965 - root - INFO - EPOCH[29/40] all_loss: 0.766 | time cost---Sampling: 1.07s--| 
2024-05-20 12:03:16,333 - root - INFO - [testing at epoch-29]
2024-05-20 12:03:16,333 - root - INFO - {'precision': array([0.30002483, 0.15593046]), 'recall': array([0.24908387, 0.5503146 ]), 'ndcg': array([0.45317495, 0.653424  ]), 'auc': array([0.])}
2024-05-20 12:03:16,333 - root - INFO - EPOCH[30/40] all_loss: 0.753 | time cost---Sampling: 1.08s--| 
2024-05-20 12:03:35,284 - root - INFO - [testing at epoch-30]
2024-05-20 12:03:35,284 - root - INFO - {'precision': array([0.29850993, 0.15544371]), 'recall': array([0.24705236, 0.54742526]), 'ndcg': array([0.45091059, 0.65132315]), 'auc': array([0.])}
2024-05-20 12:03:35,285 - root - INFO - EPOCH[31/40] all_loss: 0.741 | time cost---Sampling: 1.07s--| 
2024-05-20 12:03:51,365 - root - INFO - [testing at epoch-31]
2024-05-20 12:03:51,365 - root - INFO - {'precision': array([0.29700331, 0.15510596]), 'recall': array([0.24513807, 0.5447595 ]), 'ndcg': array([0.44896732, 0.64965175]), 'auc': array([0.])}
2024-05-20 12:03:51,365 - root - INFO - EPOCH[32/40] all_loss: 0.729 | time cost---Sampling: 1.08s--| 
2024-05-20 12:04:08,801 - root - INFO - [testing at epoch-32]
2024-05-20 12:04:08,801 - root - INFO - {'precision': array([0.29528146, 0.15460596]), 'recall': array([0.24319303, 0.54232414]), 'ndcg': array([0.44697246, 0.64800008]), 'auc': array([0.])}
2024-05-20 12:04:08,802 - root - INFO - EPOCH[33/40] all_loss: 0.718 | time cost---Sampling: 1.09s--| 
2024-05-20 12:04:27,719 - root - INFO - [testing at epoch-33]
2024-05-20 12:04:27,719 - root - INFO - {'precision': array([0.29426325, 0.15430629]), 'recall': array([0.2417709 , 0.54001913]), 'ndcg': array([0.44475002, 0.64572982]), 'auc': array([0.])}
2024-05-20 12:04:27,720 - root - INFO - EPOCH[34/40] all_loss: 0.707 | time cost---Sampling: 1.14s--| 
2024-05-20 12:04:42,385 - root - INFO - [testing at epoch-34]
2024-05-20 12:04:42,385 - root - INFO - {'precision': array([0.29320364, 0.15385099]), 'recall': array([0.24046906, 0.5371873 ]), 'ndcg': array([0.44344181, 0.64417535]), 'auc': array([0.])}
2024-05-20 12:04:42,386 - root - INFO - EPOCH[35/40] all_loss: 0.695 | time cost---Sampling: 1.06s--| 
2024-05-20 12:04:59,672 - root - INFO - [testing at epoch-35]
2024-05-20 12:04:59,673 - root - INFO - {'precision': array([0.29090232, 0.15325   ]), 'recall': array([0.23823068, 0.53403944]), 'ndcg': array([0.44037871, 0.64155867]), 'auc': array([0.])}
2024-05-20 12:04:59,673 - root - INFO - EPOCH[36/40] all_loss: 0.685 | time cost---Sampling: 1.06s--| 
2024-05-20 12:05:17,694 - root - INFO - [testing at epoch-36]
2024-05-20 12:05:17,695 - root - INFO - {'precision': array([0.29      , 0.15285099]), 'recall': array([0.2368022 , 0.53091772]), 'ndcg': array([0.43904544, 0.63984742]), 'auc': array([0.])}
2024-05-20 12:05:17,695 - root - INFO - EPOCH[37/40] all_loss: 0.675 | time cost---Sampling: 1.05s--| 
2024-05-20 12:05:34,128 - root - INFO - [testing at epoch-37]
2024-05-20 12:05:34,128 - root - INFO - {'precision': array([0.28785596, 0.15210099]), 'recall': array([0.23449361, 0.5273041 ]), 'ndcg': array([0.43619883, 0.63747965]), 'auc': array([0.])}
2024-05-20 12:05:34,128 - root - INFO - EPOCH[38/40] all_loss: 0.666 | time cost---Sampling: 1.05s--| 
2024-05-20 12:05:51,553 - root - INFO - [testing at epoch-38]
2024-05-20 12:05:51,553 - root - INFO - {'precision': array([0.28644868, 0.15194205]), 'recall': array([0.23266818, 0.52501518]), 'ndcg': array([0.43423085, 0.63587427]), 'auc': array([0.])}
2024-05-20 12:05:51,554 - root - INFO - EPOCH[39/40] all_loss: 0.656 | time cost---Sampling: 1.05s--| 
2024-05-20 12:06:08,492 - root - INFO - [testing at epoch-39]
2024-05-20 12:06:08,492 - root - INFO - {'precision': array([0.28479305, 0.15148179]), 'recall': array([0.23072152, 0.5223094 ]), 'ndcg': array([0.43170437, 0.63360315]), 'auc': array([0.])}
2024-05-20 12:06:08,493 - root - INFO - EPOCH[40/40] all_loss: 0.647 | time cost---Sampling: 1.09s--| 
