2024-06-23 01:53:03,888 - root - INFO - Namespace(N=25, R=100, alpha=0.5, bpr_neg_num=1, compute_rank=1, dataset='pinterest', dim=256, epoch=200, eps=1e-20, layers=2, lmd2=0.1, lr=0.0005, model='bgr', neg_ratio=20, norm_a=1.0, save_embed=1, seed=2021, tensorboard=True, test_batch=100, test_file='test.txt', topks=[20, 100], train_batch=2048, train_file='train.txt', weight=0.0001)
2024-06-23 01:53:39,837 - root - INFO - [testing at epoch-0]
2024-06-23 01:53:39,838 - root - INFO - {'precision': array([0.04457199, 0.02344779]), 'recall': array([0.15744788, 0.41207655]), 'ndcg': array([0.168673  , 0.29863273]), 'auc': array([0.])}
2024-06-23 01:53:39,839 - root - INFO - EPOCH[1/200] all_loss: 0.608 | bpr_loss:0.4083006281910226 | rd_loss:0.06472510593582173 | time cost---Sampling: 0.63s--| 
rd_loss-0: 0.10096136340957847 | rd_loss-1: 0.06170745281734139 | rd_loss-2: 0.03150649383622662 |  
2024-06-23 01:54:16,794 - root - INFO - [testing at epoch-1]
2024-06-23 01:54:16,794 - root - INFO - {'precision': array([0.04468253, 0.02352426]), 'recall': array([0.15785099, 0.41357263]), 'ndcg': array([0.16908984, 0.29963606]), 'auc': array([0.])}
2024-06-23 01:54:16,795 - root - INFO - EPOCH[2/200] all_loss: 0.593 | bpr_loss:0.4084332751210413 | rd_loss:0.060897206725182916 | time cost---Sampling: 0.65s--| 
rd_loss-0: 0.10005487337127908 | rd_loss-1: 0.05672046809642125 | rd_loss-2: 0.0259162752590175 |  
2024-06-23 01:54:53,783 - root - INFO - [testing at epoch-2]
2024-06-23 01:54:53,784 - root - INFO - {'precision': array([0.04472421, 0.0235625 ]), 'recall': array([0.15790306, 0.41433714]), 'ndcg': array([0.16937584, 0.30026413]), 'auc': array([0.])}
2024-06-23 01:54:53,785 - root - INFO - EPOCH[3/200] all_loss: 0.583 | bpr_loss:0.4089350507962682 | rd_loss:0.05933263269641846 | time cost---Sampling: 0.64s--| 
rd_loss-0: 0.09982996670346092 | rd_loss-1: 0.05440618585041812 | rd_loss-2: 0.023761741765161392 |  
2024-06-23 01:55:30,697 - root - INFO - [testing at epoch-3]
2024-06-23 01:55:30,697 - root - INFO - {'precision': array([0.04485558, 0.02360363]), 'recall': array([0.1584018 , 0.41500962]), 'ndcg': array([0.16971594, 0.30059409]), 'auc': array([0.])}
2024-06-23 01:55:30,698 - root - INFO - EPOCH[4/200] all_loss: 0.574 | bpr_loss:0.40909495966332743 | rd_loss:0.0584937775981006 | time cost---Sampling: 0.64s--| 
rd_loss-0: 0.09980640872787677 | rd_loss-1: 0.05299312734703407 | rd_loss-2: 0.022681792997556405 |  
2024-06-23 01:56:07,526 - root - INFO - [testing at epoch-4]
2024-06-23 01:56:07,526 - root - INFO - {'precision': array([0.04485739, 0.02367394]), 'recall': array([0.15840614, 0.41631453]), 'ndcg': array([0.16981101, 0.30102578]), 'auc': array([0.])}
2024-06-23 01:56:07,527 - root - INFO - EPOCH[5/200] all_loss: 0.565 | bpr_loss:0.40776094042303834 | rd_loss:0.05789821930851698 | time cost---Sampling: 0.64s--| 
rd_loss-0: 0.09966224600631805 | rd_loss-1: 0.051988419732821894 | rd_loss-2: 0.02204398849913384 |  
2024-06-23 01:56:44,631 - root - INFO - [testing at epoch-5]
2024-06-23 01:56:44,632 - root - INFO - {'precision': array([0.04497608, 0.02366796]), 'recall': array([0.15888053, 0.41622344]), 'ndcg': array([0.16997005, 0.30094904]), 'auc': array([0.])}
2024-06-23 01:56:44,633 - root - INFO - EPOCH[6/200] all_loss: 0.560 | bpr_loss:0.4082812509864071 | rd_loss:0.057400380021068294 | time cost---Sampling: 0.66s--| 
rd_loss-0: 0.09943192989905823 | rd_loss-1: 0.05113979829872694 | rd_loss-2: 0.021629407943152098 |  
2024-06-23 01:57:21,893 - root - INFO - [testing at epoch-6]
2024-06-23 01:57:21,893 - root - INFO - {'precision': array([0.04502772, 0.02370764]), 'recall': array([0.15901519, 0.41697404]), 'ndcg': array([0.16993773, 0.30111537]), 'auc': array([0.])}
2024-06-23 01:57:21,894 - root - INFO - EPOCH[7/200] all_loss: 0.553 | bpr_loss:0.40689733541520495 | rd_loss:0.05691018894121244 | time cost---Sampling: 0.65s--| 
rd_loss-0: 0.09908136084039933 | rd_loss-1: 0.05036869759158212 | rd_loss-2: 0.02128050543699614 |  
2024-06-23 01:57:58,873 - root - INFO - [testing at epoch-7]
2024-06-23 01:57:58,873 - root - INFO - {'precision': array([0.04508299, 0.02371199]), 'recall': array([0.15928433, 0.41706307]), 'ndcg': array([0.17043598, 0.30160917]), 'auc': array([0.])}
2024-06-23 01:57:58,874 - root - INFO - EPOCH[8/200] all_loss: 0.548 | bpr_loss:0.40647247052148455 | rd_loss:0.05637741739237906 | time cost---Sampling: 0.65s--| 
rd_loss-0: 0.09862235122133937 | rd_loss-1: 0.04953421386224883 | rd_loss-2: 0.020975683299143816 |  
2024-06-23 01:58:35,832 - root - INFO - [testing at epoch-8]
2024-06-23 01:58:35,832 - root - INFO - {'precision': array([0.04512648, 0.02371435]), 'recall': array([0.15939147, 0.41708384]), 'ndcg': array([0.17071396, 0.30180343]), 'auc': array([0.])}
2024-06-23 01:58:35,833 - root - INFO - EPOCH[9/200] all_loss: 0.544 | bpr_loss:0.40550093421909494 | rd_loss:0.05597647437773963 | time cost---Sampling: 0.68s--| 
rd_loss-0: 0.09814035204102688 | rd_loss-1: 0.048935326766602845 | rd_loss-2: 0.020853740517361045 |  
2024-06-23 01:59:12,936 - root - INFO - [testing at epoch-9]
2024-06-23 01:59:12,936 - root - INFO - {'precision': array([0.04516725, 0.02375439]), 'recall': array([0.15955329, 0.41783877]), 'ndcg': array([0.17082228, 0.30220089]), 'auc': array([0.])}
2024-06-23 01:59:12,937 - root - INFO - EPOCH[10/200] all_loss: 0.540 | bpr_loss:0.40455909590331873 | rd_loss:0.05550494631113059 | time cost---Sampling: 0.67s--| 
rd_loss-0: 0.09753687935492546 | rd_loss-1: 0.04826409036573541 | rd_loss-2: 0.02071386528355182 |  
2024-06-23 01:59:49,619 - root - INFO - [testing at epoch-10]
2024-06-23 01:59:49,619 - root - INFO - {'precision': array([0.04530316, 0.02375983]), 'recall': array([0.16013506, 0.41788785]), 'ndcg': array([0.17111573, 0.30224502]), 'auc': array([0.])}
2024-06-23 01:59:49,620 - root - INFO - EPOCH[11/200] all_loss: 0.535 | bpr_loss:0.402957191162074 | rd_loss:0.05496079388985165 | time cost---Sampling: 0.65s--| 
rd_loss-0: 0.09679575937632506 | rd_loss-1: 0.04756203282741978 | rd_loss-2: 0.020524585968598807 |  
2024-06-23 02:00:27,131 - root - INFO - [testing at epoch-11]
2024-06-23 02:00:27,131 - root - INFO - {'precision': array([0.0454155 , 0.02376943]), 'recall': array([0.16046937, 0.41809542]), 'ndcg': array([0.17140711, 0.3022872 ]), 'auc': array([0.])}
2024-06-23 02:00:27,132 - root - INFO - EPOCH[12/200] all_loss: 0.532 | bpr_loss:0.40230308271294846 | rd_loss:0.054415808676125166 | time cost---Sampling: 0.65s--| 
rd_loss-0: 0.09603334823709693 | rd_loss-1: 0.04688560494078334 | rd_loss-2: 0.02032846881073238 |  
2024-06-23 02:01:03,637 - root - INFO - [testing at epoch-12]
2024-06-23 02:01:03,637 - root - INFO - {'precision': array([0.04540735, 0.02379879]), 'recall': array([0.16041325, 0.41858787]), 'ndcg': array([0.17129995, 0.30262863]), 'auc': array([0.])}
2024-06-23 02:01:03,638 - root - INFO - EPOCH[13/200] all_loss: 0.527 | bpr_loss:0.40042699035775464 | rd_loss:0.05389951168108517 | time cost---Sampling: 0.71s--| 
rd_loss-0: 0.09523047838560504 | rd_loss-1: 0.04625060980887272 | rd_loss-2: 0.020217443313553293 |  
2024-06-23 02:01:41,008 - root - INFO - [testing at epoch-13]
2024-06-23 02:01:41,008 - root - INFO - {'precision': array([0.04543272, 0.02383267]), 'recall': array([0.16053048, 0.41914851]), 'ndcg': array([0.17122597, 0.30261461]), 'auc': array([0.])}
2024-06-23 02:01:41,009 - root - INFO - EPOCH[14/200] all_loss: 0.523 | bpr_loss:0.39842004092593364 | rd_loss:0.05337003451220843 | time cost---Sampling: 0.68s--| 
rd_loss-0: 0.09437137876735768 | rd_loss-1: 0.04563508265701871 | rd_loss-2: 0.0201036387532673 |  
2024-06-23 02:02:18,618 - root - INFO - [testing at epoch-14]
2024-06-23 02:02:18,618 - root - INFO - {'precision': array([0.04552785, 0.02385949]), 'recall': array([0.16088815, 0.41949871]), 'ndcg': array([0.17185825, 0.30323044]), 'auc': array([0.])}
2024-06-23 02:02:18,619 - root - INFO - EPOCH[15/200] all_loss: 0.520 | bpr_loss:0.3967562123220794 | rd_loss:0.052815897683984495 | time cost---Sampling: 0.69s--| 
rd_loss-0: 0.09342617020425638 | rd_loss-1: 0.04502670896103077 | rd_loss-2: 0.01999480971212953 |  
2024-06-23 02:02:56,199 - root - INFO - [testing at epoch-15]
2024-06-23 02:02:56,199 - root - INFO - {'precision': array([0.04557225, 0.02385714]), 'recall': array([0.1610252 , 0.41960061]), 'ndcg': array([0.17183538, 0.30315789]), 'auc': array([0.])}
2024-06-23 02:02:56,200 - root - INFO - EPOCH[16/200] all_loss: 0.516 | bpr_loss:0.39467062561985294 | rd_loss:0.05222311276590006 | time cost---Sampling: 0.68s--| 
rd_loss-0: 0.09245273284268513 | rd_loss-1: 0.04439361974016413 | rd_loss-2: 0.019822982279842992 |  
2024-06-23 02:03:34,422 - root - INFO - [testing at epoch-16]
2024-06-23 02:03:34,422 - root - INFO - {'precision': array([0.0455804 , 0.02385605]), 'recall': array([0.16113094, 0.41959844]), 'ndcg': array([0.17206301, 0.30346627]), 'auc': array([0.])}
2024-06-23 02:03:34,423 - root - INFO - EPOCH[17/200] all_loss: 0.514 | bpr_loss:0.3938391987158328 | rd_loss:0.05167332259810258 | time cost---Sampling: 0.88s--| 
rd_loss-0: 0.09150296669446471 | rd_loss-1: 0.04381362572727044 | rd_loss-2: 0.019703371578167452 |  
2024-06-23 02:04:11,644 - root - INFO - [testing at epoch-17]
2024-06-23 02:04:11,644 - root - INFO - {'precision': array([0.04559671, 0.02388776]), 'recall': array([0.16115508, 0.42017586]), 'ndcg': array([0.17217986, 0.30363783]), 'auc': array([0.])}
2024-06-23 02:04:11,645 - root - INFO - EPOCH[18/200] all_loss: 0.510 | bpr_loss:0.39150805973166214 | rd_loss:0.05118530598885496 | time cost---Sampling: 0.70s--| 
rd_loss-0: 0.09054960613182171 | rd_loss-1: 0.043322323453448476 | rd_loss-2: 0.019683984821880017 |  
2024-06-23 02:04:48,647 - root - INFO - [testing at epoch-18]
2024-06-23 02:04:48,647 - root - INFO - {'precision': array([0.04562661, 0.02388704]), 'recall': array([0.16129172, 0.42010859]), 'ndcg': array([0.1722447 , 0.30367195]), 'auc': array([0.])}
2024-06-23 02:04:48,648 - root - INFO - EPOCH[19/200] all_loss: 0.507 | bpr_loss:0.38992913822074987 | rd_loss:0.05065798739417143 | time cost---Sampling: 0.69s--| 
rd_loss-0: 0.08957028274246404 | rd_loss-1: 0.042793228233955344 | rd_loss-2: 0.019610447933506876 |  
2024-06-23 02:05:25,878 - root - INFO - [testing at epoch-19]
2024-06-23 02:05:25,878 - root - INFO - {'precision': array([0.04576704, 0.02388758]), 'recall': array([0.1616975 , 0.42014992]), 'ndcg': array([0.17271029, 0.30389428]), 'auc': array([0.])}
2024-06-23 02:05:25,879 - root - INFO - EPOCH[20/200] all_loss: 0.503 | bpr_loss:0.3875432719989699 | rd_loss:0.0500993267296086 | time cost---Sampling: 0.69s--| 
rd_loss-0: 0.08855288099767104 | rd_loss-1: 0.04226673326017905 | rd_loss-2: 0.019478362648020428 |  
2024-06-23 02:06:03,193 - root - INFO - [testing at epoch-20]
2024-06-23 02:06:03,193 - root - INFO - {'precision': array([0.04584677, 0.02390045]), 'recall': array([0.16205781, 0.42027751]), 'ndcg': array([0.17298555, 0.30410606]), 'auc': array([0.])}
2024-06-23 02:06:03,194 - root - INFO - EPOCH[21/200] all_loss: 0.501 | bpr_loss:0.3858489037555312 | rd_loss:0.049567168146537714 | time cost---Sampling: 0.67s--| 
rd_loss-0: 0.08754396151080866 | rd_loss-1: 0.04177850537375307 | rd_loss-2: 0.01937903389542023 |  
2024-06-23 02:06:40,438 - root - INFO - [testing at epoch-21]
2024-06-23 02:06:40,438 - root - INFO - {'precision': array([0.04584858, 0.02390969]), 'recall': array([0.16213087, 0.42048011]), 'ndcg': array([0.17293231, 0.30408214]), 'auc': array([0.])}
2024-06-23 02:06:40,439 - root - INFO - EPOCH[22/200] all_loss: 0.498 | bpr_loss:0.38417364936149184 | rd_loss:0.04907205579923345 | time cost---Sampling: 0.66s--| 
rd_loss-0: 0.08656213921883553 | rd_loss-1: 0.041349885048749056 | rd_loss-2: 0.019304139605258525 |  
2024-06-23 02:07:17,764 - root - INFO - [testing at epoch-22]
2024-06-23 02:07:17,764 - root - INFO - {'precision': array([0.04580057, 0.02390534]), 'recall': array([0.1619011 , 0.42038287]), 'ndcg': array([0.17281643, 0.3042393 ]), 'auc': array([0.])}
2024-06-23 02:07:17,765 - root - INFO - EPOCH[23/200] all_loss: 0.495 | bpr_loss:0.3822284169453637 | rd_loss:0.048605494208094804 | time cost---Sampling: 0.67s--| 
rd_loss-0: 0.08559509923816391 | rd_loss-1: 0.04096012661347584 | rd_loss-2: 0.019261252940226355 |  
2024-06-23 02:07:55,213 - root - INFO - [testing at epoch-23]
2024-06-23 02:07:55,214 - root - INFO - {'precision': array([0.04582865, 0.02390788]), 'recall': array([0.16196039, 0.42041346]), 'ndcg': array([0.17313201, 0.30445714]), 'auc': array([0.])}
2024-06-23 02:07:55,215 - root - INFO - EPOCH[24/200] all_loss: 0.492 | bpr_loss:0.37979007154316097 | rd_loss:0.048094875322644476 | time cost---Sampling: 0.65s--| 
rd_loss-0: 0.08458266918701232 | rd_loss-1: 0.040520811436182934 | rd_loss-2: 0.019181141550333028 |  
2024-06-23 02:08:32,724 - root - INFO - [testing at epoch-24]
2024-06-23 02:08:32,724 - root - INFO - {'precision': array([0.04584315, 0.02392781]), 'recall': array([0.16200209, 0.42077749]), 'ndcg': array([0.17276696, 0.30404541]), 'auc': array([0.])}
2024-06-23 02:08:32,725 - root - INFO - EPOCH[25/200] all_loss: 0.489 | bpr_loss:0.3778782375778913 | rd_loss:0.047549259726213836 | time cost---Sampling: 0.67s--| 
rd_loss-0: 0.08355944578800219 | rd_loss-1: 0.040024395555202506 | rd_loss-2: 0.01906393385442157 |  
2024-06-23 02:09:10,119 - root - INFO - [testing at epoch-25]
2024-06-23 02:09:10,119 - root - INFO - {'precision': array([0.04591201, 0.02391947]), 'recall': array([0.16224476, 0.42062989]), 'ndcg': array([0.1731201 , 0.30417383]), 'auc': array([0.])}
2024-06-23 02:09:10,120 - root - INFO - EPOCH[26/200] all_loss: 0.486 | bpr_loss:0.37587019563384755 | rd_loss:0.04710975176687585 | time cost---Sampling: 0.67s--| 
rd_loss-0: 0.0826260745110671 | rd_loss-1: 0.0396570700578433 | rd_loss-2: 0.01904610654681313 |  
2024-06-23 02:09:46,484 - root - INFO - [testing at epoch-26]
2024-06-23 02:09:46,484 - root - INFO - {'precision': array([0.04579151, 0.02391458]), 'recall': array([0.16175163, 0.42048273]), 'ndcg': array([0.17270668, 0.30418146]), 'auc': array([0.])}
2024-06-23 02:09:46,485 - root - INFO - EPOCH[27/200] all_loss: 0.484 | bpr_loss:0.374304979376094 | rd_loss:0.04659559894940628 | time cost---Sampling: 0.64s--| 
rd_loss-0: 0.08161144562632343 | rd_loss-1: 0.03922428269499087 | rd_loss-2: 0.01895106484999462 |  
2024-06-23 02:10:23,415 - root - INFO - [testing at epoch-27]
2024-06-23 02:10:23,415 - root - INFO - {'precision': array([0.0458513 , 0.02391385]), 'recall': array([0.16201858, 0.42055155]), 'ndcg': array([0.17290578, 0.30419899]), 'auc': array([0.])}
2024-06-23 02:10:23,416 - root - INFO - EPOCH[28/200] all_loss: 0.480 | bpr_loss:0.3715256674280857 | rd_loss:0.04614406775731545 | time cost---Sampling: 0.67s--| 
rd_loss-0: 0.08066565826784039 | rd_loss-1: 0.03883694823492657 | rd_loss-2: 0.018929592777796933 |  
2024-06-23 02:11:00,342 - root - INFO - [testing at epoch-28]
2024-06-23 02:11:00,342 - root - INFO - {'precision': array([0.04591472, 0.0239298 ]), 'recall': array([0.16229846, 0.42069553]), 'ndcg': array([0.17287184, 0.30409958]), 'auc': array([0.])}
2024-06-23 02:11:00,343 - root - INFO - EPOCH[29/200] all_loss: 0.478 | bpr_loss:0.3697760450707296 | rd_loss:0.04563986782350876 | time cost---Sampling: 0.67s--| 
rd_loss-0: 0.07971540333941607 | rd_loss-1: 0.03840030001300164 | rd_loss-2: 0.01880389660361857 |  
2024-06-23 02:11:37,431 - root - INFO - [testing at epoch-29]
2024-06-23 02:11:37,431 - root - INFO - {'precision': array([0.04593375, 0.02392672]), 'recall': array([0.16231602, 0.42065992]), 'ndcg': array([0.17296257, 0.3040962 ]), 'auc': array([0.])}
2024-06-23 02:11:37,432 - root - INFO - EPOCH[30/200] all_loss: 0.475 | bpr_loss:0.3677584331531029 | rd_loss:0.045230774184713114 | time cost---Sampling: 0.66s--| 
rd_loss-0: 0.07878190330151945 | rd_loss-1: 0.03809498217309339 | rd_loss-2: 0.018815433347324714 |  
2024-06-23 02:12:14,361 - root - INFO - [testing at epoch-30]
2024-06-23 02:12:14,362 - root - INFO - {'precision': array([0.04606875, 0.02391621]), 'recall': array([0.16285335, 0.42045952]), 'ndcg': array([0.17356718, 0.30433667]), 'auc': array([0.])}
2024-06-23 02:12:14,362 - root - INFO - EPOCH[31/200] all_loss: 0.472 | bpr_loss:0.3652975329773324 | rd_loss:0.04473858605206345 | time cost---Sampling: 0.65s--| 
rd_loss-0: 0.07780871341257237 | rd_loss-1: 0.03770449228156254 | rd_loss-2: 0.018702548854260367 |  
2024-06-23 02:12:51,142 - root - INFO - [testing at epoch-31]
2024-06-23 02:12:51,142 - root - INFO - {'precision': array([0.04605788, 0.02392962]), 'recall': array([0.16277217, 0.42074984]), 'ndcg': array([0.17320435, 0.30421958]), 'auc': array([0.])}
2024-06-23 02:12:51,143 - root - INFO - EPOCH[32/200] all_loss: 0.470 | bpr_loss:0.36324688206134786 | rd_loss:0.04428865448165692 | time cost---Sampling: 0.63s--| 
rd_loss-0: 0.07690160002746034 | rd_loss-1: 0.03735295045906626 | rd_loss-2: 0.018611409340281874 |  
2024-06-23 02:13:26,657 - root - INFO - [testing at epoch-32]
2024-06-23 02:13:26,657 - root - INFO - {'precision': array([0.04608415, 0.02391983]), 'recall': array([0.16281086, 0.42058008]), 'ndcg': array([0.1735564 , 0.30435675]), 'auc': array([0.])}
2024-06-23 02:13:26,658 - root - INFO - EPOCH[33/200] all_loss: 0.468 | bpr_loss:0.36165529201999447 | rd_loss:0.04386533973030124 | time cost---Sampling: 0.60s--| 
rd_loss-0: 0.07600335016542552 | rd_loss-1: 0.037040329066576894 | rd_loss-2: 0.01855233676925108 |  
2024-06-23 02:14:03,479 - root - INFO - [testing at epoch-33]
2024-06-23 02:14:03,479 - root - INFO - {'precision': array([0.0461666, 0.0239211]), 'recall': array([0.16314313, 0.42049754]), 'ndcg': array([0.17365888, 0.30404813]), 'auc': array([0.])}
2024-06-23 02:14:03,480 - root - INFO - EPOCH[34/200] all_loss: 0.465 | bpr_loss:0.35917201356233164 | rd_loss:0.043438930907640914 | time cost---Sampling: 0.65s--| 
rd_loss-0: 0.07511161090823405 | rd_loss-1: 0.03672920714835731 | rd_loss-2: 0.018475970526351998 |  
2024-06-23 02:14:40,141 - root - INFO - [testing at epoch-34]
2024-06-23 02:14:40,142 - root - INFO - {'precision': array([0.04616116, 0.02393578]), 'recall': array([0.16304119, 0.42070658]), 'ndcg': array([0.17378826, 0.30444423]), 'auc': array([0.])}
2024-06-23 02:14:40,142 - root - INFO - EPOCH[35/200] all_loss: 0.463 | bpr_loss:0.35741731120836756 | rd_loss:0.04303666860114002 | time cost---Sampling: 0.64s--| 
rd_loss-0: 0.07419321724733749 | rd_loss-1: 0.03643172080170688 | rd_loss-2: 0.01848506434010221 |  
2024-06-23 02:15:16,663 - root - INFO - [testing at epoch-35]
2024-06-23 02:15:16,663 - root - INFO - {'precision': array([0.04611586, 0.02393995]), 'recall': array([0.16290112, 0.42079356]), 'ndcg': array([0.17358204, 0.30431007]), 'auc': array([0.])}
2024-06-23 02:15:16,664 - root - INFO - EPOCH[36/200] all_loss: 0.460 | bpr_loss:0.35554665172254885 | rd_loss:0.04264695835273872 | time cost---Sampling: 0.63s--| 
rd_loss-0: 0.07333146772435511 | rd_loss-1: 0.03614121596009258 | rd_loss-2: 0.01846818743767787 |  
2024-06-23 02:15:53,348 - root - INFO - [testing at epoch-36]
2024-06-23 02:15:53,349 - root - INFO - {'precision': array([0.04617113, 0.02394122]), 'recall': array([0.16308384, 0.42086527]), 'ndcg': array([0.17383413, 0.30446785]), 'auc': array([0.])}
2024-06-23 02:15:53,349 - root - INFO - EPOCH[37/200] all_loss: 0.458 | bpr_loss:0.3534749045774534 | rd_loss:0.042222733400305926 | time cost---Sampling: 0.86s--| 
rd_loss-0: 0.07246680376646912 | rd_loss-1: 0.03582719922176319 | rd_loss-2: 0.018374193404457343 |  
2024-06-23 02:16:29,751 - root - INFO - [testing at epoch-37]
2024-06-23 02:16:29,751 - root - INFO - {'precision': array([0.0461666 , 0.02392636]), 'recall': array([0.16305633, 0.42064921]), 'ndcg': array([0.17413829, 0.30476669]), 'auc': array([0.])}
2024-06-23 02:16:29,752 - root - INFO - EPOCH[38/200] all_loss: 0.455 | bpr_loss:0.3511357192979894 | rd_loss:0.041803549055929305 | time cost---Sampling: 0.58s--| 
rd_loss-0: 0.07158877204322638 | rd_loss-1: 0.03552434645275238 | rd_loss-2: 0.018297524974164803 |  
2024-06-23 02:17:06,183 - root - INFO - [testing at epoch-38]
2024-06-23 02:17:06,183 - root - INFO - {'precision': array([0.04624724, 0.02392654]), 'recall': array([0.16336847, 0.42049527]), 'ndcg': array([0.17411841, 0.30459403]), 'auc': array([0.])}
2024-06-23 02:17:06,184 - root - INFO - EPOCH[39/200] all_loss: 0.454 | bpr_loss:0.34984055996383495 | rd_loss:0.0414431982696167 | time cost---Sampling: 0.60s--| 
rd_loss-0: 0.07075577610775359 | rd_loss-1: 0.035283876759223017 | rd_loss-2: 0.01828993848267535 |  
2024-06-23 02:17:42,694 - root - INFO - [testing at epoch-39]
2024-06-23 02:17:42,694 - root - INFO - {'precision': array([0.04616479, 0.02389664]), 'recall': array([0.16299762, 0.42008652]), 'ndcg': array([0.17401666, 0.30459595]), 'auc': array([0.])}
2024-06-23 02:17:42,695 - root - INFO - EPOCH[40/200] all_loss: 0.450 | bpr_loss:0.3470272090085583 | rd_loss:0.04100791859079381 | time cost---Sampling: 0.58s--| 
rd_loss-0: 0.06986808145145759 | rd_loss-1: 0.034971923354826524 | rd_loss-2: 0.018183747285731647 |  
2024-06-23 02:18:18,959 - root - INFO - [testing at epoch-40]
2024-06-23 02:18:18,959 - root - INFO - {'precision': array([0.04609865, 0.02393016]), 'recall': array([0.16291809, 0.42064865]), 'ndcg': array([0.17401002, 0.30467038]), 'auc': array([0.])}
2024-06-23 02:18:18,959 - root - INFO - EPOCH[41/200] all_loss: 0.448 | bpr_loss:0.3451233195462342 | rd_loss:0.040632100958992244 | time cost---Sampling: 0.61s--| 
rd_loss-0: 0.06905687070954487 | rd_loss-1: 0.034719326770095524 | rd_loss-2: 0.018120101609842676 |  
2024-06-23 02:18:55,094 - root - INFO - [testing at epoch-41]
2024-06-23 02:18:55,094 - root - INFO - {'precision': array([0.0461965 , 0.02392002]), 'recall': array([0.16319948, 0.42048059]), 'ndcg': array([0.17400082, 0.30449017]), 'auc': array([0.])}
2024-06-23 02:18:55,095 - root - INFO - EPOCH[42/200] all_loss: 0.446 | bpr_loss:0.34312282361656926 | rd_loss:0.0402472515025475 | time cost---Sampling: 0.60s--| 
rd_loss-0: 0.0682833246568802 | rd_loss-1: 0.034430461387963816 | rd_loss-2: 0.01802796488956087 |  
2024-06-23 02:19:31,463 - root - INFO - [testing at epoch-42]
2024-06-23 02:19:31,463 - root - INFO - {'precision': array([0.0462273, 0.0239182]), 'recall': array([0.16324259, 0.42036542]), 'ndcg': array([0.17382198, 0.30428857]), 'auc': array([0.])}
2024-06-23 02:19:31,464 - root - INFO - EPOCH[43/200] all_loss: 0.444 | bpr_loss:0.3415384496076651 | rd_loss:0.039888731022546815 | time cost---Sampling: 0.60s--| 
rd_loss-0: 0.06752614107446016 | rd_loss-1: 0.034175872588478345 | rd_loss-2: 0.017964175672500166 |  
2024-06-23 02:20:08,157 - root - INFO - [testing at epoch-43]
2024-06-23 02:20:08,157 - root - INFO - {'precision': array([0.04612764, 0.02391512]), 'recall': array([0.16284865, 0.4204153 ]), 'ndcg': array([0.17359547, 0.30426452]), 'auc': array([0.])}
2024-06-23 02:20:08,157 - root - INFO - EPOCH[44/200] all_loss: 0.442 | bpr_loss:0.34009821643855886 | rd_loss:0.039604640087192264 | time cost---Sampling: 0.57s--| 
rd_loss-0: 0.06681579196607912 | rd_loss-1: 0.03400444478515349 | rd_loss-2: 0.017993679660647167 |  
2024-06-23 02:20:44,481 - root - INFO - [testing at epoch-44]
2024-06-23 02:20:44,481 - root - INFO - {'precision': array([0.04612583, 0.02390824]), 'recall': array([0.162857  , 0.42013727]), 'ndcg': array([0.1737464 , 0.30420818]), 'auc': array([0.])}
2024-06-23 02:20:44,482 - root - INFO - EPOCH[45/200] all_loss: 0.440 | bpr_loss:0.3376526732502267 | rd_loss:0.03926827594748455 | time cost---Sampling: 0.59s--| 
rd_loss-0: 0.06606796483383108 | rd_loss-1: 0.03379175938486168 | rd_loss-2: 0.017945099739506427 |  
2024-06-23 02:21:21,340 - root - INFO - [testing at epoch-45]
2024-06-23 02:21:21,340 - root - INFO - {'precision': array([0.04609684, 0.02390588]), 'recall': array([0.16285006, 0.42010665]), 'ndcg': array([0.1736917 , 0.30421999]), 'auc': array([0.])}
2024-06-23 02:21:21,341 - root - INFO - EPOCH[46/200] all_loss: 0.438 | bpr_loss:0.3362782853543205 | rd_loss:0.03892275949521941 | time cost---Sampling: 0.67s--| 
rd_loss-0: 0.06533295861644073 | rd_loss-1: 0.03356126903907045 | rd_loss-2: 0.017874046880233488 |  
2024-06-23 02:21:58,042 - root - INFO - [testing at epoch-46]
2024-06-23 02:21:58,042 - root - INFO - {'precision': array([0.04612311, 0.02389483]), 'recall': array([0.16289019, 0.41985942]), 'ndcg': array([0.17413115, 0.30462422]), 'auc': array([0.])}
2024-06-23 02:21:58,043 - root - INFO - EPOCH[47/200] all_loss: 0.436 | bpr_loss:0.3342848003242365 | rd_loss:0.03863918394928518 | time cost---Sampling: 0.64s--| 
rd_loss-0: 0.06462712514046615 | rd_loss-1: 0.03340918292224075 | rd_loss-2: 0.01788124031903903 |  
2024-06-23 02:22:34,874 - root - INFO - [testing at epoch-47]
2024-06-23 02:22:34,874 - root - INFO - {'precision': array([0.04619288, 0.0238845 ]), 'recall': array([0.16308333, 0.41972355]), 'ndcg': array([0.17423115, 0.30437249]), 'auc': array([0.])}
2024-06-23 02:22:34,875 - root - INFO - EPOCH[48/200] all_loss: 0.434 | bpr_loss:0.332857246799239 | rd_loss:0.03834593823397314 | time cost---Sampling: 0.62s--| 
rd_loss-0: 0.06392631650745094 | rd_loss-1: 0.03323958082217896 | rd_loss-2: 0.017871913387818548 |  
2024-06-23 02:23:11,384 - root - INFO - [testing at epoch-48]
2024-06-23 02:23:11,384 - root - INFO - {'precision': array([0.04613127, 0.02389628]), 'recall': array([0.16296056, 0.41985183]), 'ndcg': array([0.17388282, 0.30442122]), 'auc': array([0.])}
2024-06-23 02:23:11,385 - root - INFO - EPOCH[49/200] all_loss: 0.431 | bpr_loss:0.33023896713867257 | rd_loss:0.03801685315945595 | time cost---Sampling: 0.63s--| 
rd_loss-0: 0.0632301926654323 | rd_loss-1: 0.03302094543522054 | rd_loss-2: 0.01779941755911968 |  
2024-06-23 02:23:47,690 - root - INFO - [testing at epoch-49]
2024-06-23 02:23:47,690 - root - INFO - {'precision': array([0.04614486, 0.0238758 ]), 'recall': array([0.16298671, 0.41956984]), 'ndcg': array([0.17415269, 0.3043573 ]), 'auc': array([0.])}
2024-06-23 02:23:47,691 - root - INFO - EPOCH[50/200] all_loss: 0.429 | bpr_loss:0.3283484353647604 | rd_loss:0.03766508835172609 | time cost---Sampling: 0.60s--| 
rd_loss-0: 0.06252908584331758 | rd_loss-1: 0.03277029672806913 | rd_loss-2: 0.017695878457851668 |  
2024-06-23 02:24:24,206 - root - INFO - [testing at epoch-50]
2024-06-23 02:24:24,206 - root - INFO - {'precision': array([0.04604247, 0.02389537]), 'recall': array([0.16257874, 0.41992334]), 'ndcg': array([0.17353618, 0.30412496]), 'auc': array([0.])}
2024-06-23 02:24:24,207 - root - INFO - EPOCH[51/200] all_loss: 0.428 | bpr_loss:0.3271970039506569 | rd_loss:0.03737255570121068 | time cost---Sampling: 0.61s--| 
rd_loss-0: 0.061846877266834306 | rd_loss-1: 0.03258579248538265 | rd_loss-2: 0.017684993843836556 |  
2024-06-23 02:25:00,955 - root - INFO - [testing at epoch-51]
2024-06-23 02:25:00,956 - root - INFO - {'precision': array([0.04613308, 0.02388251]), 'recall': array([0.16284712, 0.41970531]), 'ndcg': array([0.17394272, 0.30429403]), 'auc': array([0.])}
2024-06-23 02:25:00,957 - root - INFO - EPOCH[52/200] all_loss: 0.427 | bpr_loss:0.3261495648377017 | rd_loss:0.037169066093627065 | time cost---Sampling: 0.64s--| 
rd_loss-0: 0.06126085511220408 | rd_loss-1: 0.03248560093757947 | rd_loss-2: 0.017760738688961695 |  
2024-06-23 02:25:37,078 - root - INFO - [testing at epoch-52]
2024-06-23 02:25:37,079 - root - INFO - {'precision': array([0.0461521 , 0.02386729]), 'recall': array([0.16290273, 0.41945798]), 'ndcg': array([0.17385682, 0.30398003]), 'auc': array([0.])}
2024-06-23 02:25:37,079 - root - INFO - EPOCH[53/200] all_loss: 0.424 | bpr_loss:0.3236398584656901 | rd_loss:0.03686029433595891 | time cost---Sampling: 0.62s--| 
rd_loss-0: 0.060617829104522604 | rd_loss-1: 0.03228217621501501 | rd_loss-2: 0.017680873645120516 |  
2024-06-23 02:26:13,280 - root - INFO - [testing at epoch-53]
2024-06-23 02:26:13,280 - root - INFO - {'precision': array([0.04612039, 0.02385841]), 'recall': array([0.16275475, 0.41924132]), 'ndcg': array([0.1739377 , 0.30400267]), 'auc': array([0.])}
2024-06-23 02:26:13,281 - root - INFO - EPOCH[54/200] all_loss: 0.422 | bpr_loss:0.3217538012423188 | rd_loss:0.0365628780648527 | time cost---Sampling: 0.54s--| 
rd_loss-0: 0.059978370584119006 | rd_loss-1: 0.03209488110094986 | rd_loss-2: 0.017615378739274278 |  
2024-06-23 02:26:49,246 - root - INFO - [testing at epoch-54]
2024-06-23 02:26:49,246 - root - INFO - {'precision': array([0.04615029, 0.02384572]), 'recall': array([0.16291311, 0.41899933]), 'ndcg': array([0.17395023, 0.30411216]), 'auc': array([0.])}
2024-06-23 02:26:49,247 - root - INFO - EPOCH[55/200] all_loss: 0.420 | bpr_loss:0.3197583160838302 | rd_loss:0.036291125885354346 | time cost---Sampling: 0.61s--| 
rd_loss-0: 0.05934779168364068 | rd_loss-1: 0.031923700352104345 | rd_loss-2: 0.017601882005611465 |  
2024-06-23 02:27:25,427 - root - INFO - [testing at epoch-55]
2024-06-23 02:27:25,427 - root - INFO - {'precision': array([0.04613942, 0.02383847]), 'recall': array([0.16286267, 0.41893133]), 'ndcg': array([0.17400617, 0.30395561]), 'auc': array([0.])}
2024-06-23 02:27:25,428 - root - INFO - EPOCH[56/200] all_loss: 0.419 | bpr_loss:0.318536470241582 | rd_loss:0.035972934022739336 | time cost---Sampling: 0.59s--| 
rd_loss-0: 0.05867131997127922 | rd_loss-1: 0.031724808927701444 | rd_loss-2: 0.017522669129474484 |  
2024-06-23 02:28:02,112 - root - INFO - [testing at epoch-56]
2024-06-23 02:28:02,112 - root - INFO - {'precision': array([0.0461811 , 0.02386022]), 'recall': array([0.16295933, 0.41933347]), 'ndcg': array([0.17391175, 0.30400822]), 'auc': array([0.])}
2024-06-23 02:28:02,113 - root - INFO - EPOCH[57/200] all_loss: 0.417 | bpr_loss:0.3166089466529344 | rd_loss:0.03570750706823947 | time cost---Sampling: 0.59s--| 
rd_loss-0: 0.05807222078981116 | rd_loss-1: 0.031562764156119055 | rd_loss-2: 0.01748753267518333 |  
2024-06-23 02:28:38,868 - root - INFO - [testing at epoch-57]
2024-06-23 02:28:38,868 - root - INFO - {'precision': array([0.04616479, 0.02382361]), 'recall': array([0.1630043 , 0.41864196]), 'ndcg': array([0.17406984, 0.3039455 ]), 'auc': array([0.])}
2024-06-23 02:28:38,869 - root - INFO - EPOCH[58/200] all_loss: 0.415 | bpr_loss:0.3146957443242613 | rd_loss:0.03545916929896333 | time cost---Sampling: 0.64s--| 
rd_loss-0: 0.05751825195213638 | rd_loss-1: 0.03139785683069357 | rd_loss-2: 0.01746139557537984 |  
2024-06-23 02:29:15,133 - root - INFO - [testing at epoch-58]
2024-06-23 02:29:15,133 - root - INFO - {'precision': array([0.04612583, 0.02380278]), 'recall': array([0.16282166, 0.41828506]), 'ndcg': array([0.17404172, 0.30399426]), 'auc': array([0.])}
2024-06-23 02:29:15,134 - root - INFO - EPOCH[59/200] all_loss: 0.413 | bpr_loss:0.3133132165239118 | rd_loss:0.03517684495294249 | time cost---Sampling: 0.59s--| 
rd_loss-0: 0.05691794838224139 | rd_loss-1: 0.031220987815831498 | rd_loss-2: 0.017391594852526466 |  
2024-06-23 02:29:51,590 - root - INFO - [testing at epoch-59]
2024-06-23 02:29:51,590 - root - INFO - {'precision': array([0.04615663, 0.02381582]), 'recall': array([0.1629171 , 0.41859402]), 'ndcg': array([0.17394064, 0.30385578]), 'auc': array([0.])}
2024-06-23 02:29:51,591 - root - INFO - EPOCH[60/200] all_loss: 0.411 | bpr_loss:0.3113021997109415 | rd_loss:0.03491489097116608 | time cost---Sampling: 0.60s--| 
rd_loss-0: 0.05637138761262062 | rd_loss-1: 0.03105638164798824 | rd_loss-2: 0.017316899284831006 |  
2024-06-23 02:30:28,362 - root - INFO - [testing at epoch-60]
2024-06-23 02:30:28,362 - root - INFO - {'precision': array([0.04611949, 0.02380694]), 'recall': array([0.16288059, 0.41845407]), 'ndcg': array([0.17396571, 0.30393291]), 'auc': array([0.])}
2024-06-23 02:30:28,363 - root - INFO - EPOCH[61/200] all_loss: 0.410 | bpr_loss:0.3102778063634331 | rd_loss:0.034663199203465556 | time cost---Sampling: 0.58s--| 
rd_loss-0: 0.05579670070081341 | rd_loss-1: 0.0309063302238985 | rd_loss-2: 0.017286562956938718 |  
2024-06-23 02:31:04,640 - root - INFO - [testing at epoch-61]
2024-06-23 02:31:04,640 - root - INFO - {'precision': array([0.04614214, 0.02381111]), 'recall': array([0.16295774, 0.41846942]), 'ndcg': array([0.17419046, 0.30402404]), 'auc': array([0.])}
2024-06-23 02:31:04,640 - root - INFO - EPOCH[62/200] all_loss: 0.408 | bpr_loss:0.3089951551026891 | rd_loss:0.03443897883226345 | time cost---Sampling: 0.61s--| 
rd_loss-0: 0.0552566112027761 | rd_loss-1: 0.030779618617831444 | rd_loss-2: 0.017280703251542098 |  
2024-06-23 02:31:41,129 - root - INFO - [testing at epoch-62]
2024-06-23 02:31:41,129 - root - INFO - {'precision': array([0.04608143, 0.02382959]), 'recall': array([0.16268532, 0.41882962]), 'ndcg': array([0.17421404, 0.30424999]), 'auc': array([0.])}
2024-06-23 02:31:41,130 - root - INFO - EPOCH[63/200] all_loss: 0.407 | bpr_loss:0.30742757423246947 | rd_loss:0.034199022295744834 | time cost---Sampling: 0.59s--| 
rd_loss-0: 0.05475924917408619 | rd_loss-1: 0.030642929288225183 | rd_loss-2: 0.017194884595960545 |  
2024-06-23 02:32:16,381 - root - INFO - [testing at epoch-63]
2024-06-23 02:32:16,381 - root - INFO - {'precision': array([0.04614033, 0.02380368]), 'recall': array([0.16289521, 0.41834777]), 'ndcg': array([0.17419565, 0.30389707]), 'auc': array([0.])}
2024-06-23 02:32:16,381 - root - INFO - EPOCH[64/200] all_loss: 0.404 | bpr_loss:0.3052845266621719 | rd_loss:0.03400203936728122 | time cost---Sampling: 0.60s--| 
rd_loss-0: 0.05425985404920932 | rd_loss-1: 0.0305339757988924 | rd_loss-2: 0.01721228463212391 |  
2024-06-23 02:32:51,397 - root - INFO - [testing at epoch-64]
2024-06-23 02:32:51,397 - root - INFO - {'precision': array([0.04606422, 0.02379988]), 'recall': array([0.16257465, 0.41834321]), 'ndcg': array([0.17397759, 0.30389611]), 'auc': array([0.])}
2024-06-23 02:32:51,397 - root - INFO - EPOCH[65/200] all_loss: 0.404 | bpr_loss:0.30482103447524866 | rd_loss:0.033767733619252914 | time cost---Sampling: 0.56s--| 
rd_loss-0: 0.05374259436036528 | rd_loss-1: 0.03040512664682458 | rd_loss-2: 0.017155476235862343 |  
2024-06-23 02:33:27,785 - root - INFO - [testing at epoch-65]
2024-06-23 02:33:27,786 - root - INFO - {'precision': array([0.04614304, 0.02378302]), 'recall': array([0.16289565, 0.41802503]), 'ndcg': array([0.17408808, 0.30366174]), 'auc': array([0.])}
2024-06-23 02:33:27,787 - root - INFO - EPOCH[66/200] all_loss: 0.403 | bpr_loss:0.3036336575899142 | rd_loss:0.033580902901673364 | time cost---Sampling: 0.60s--| 
rd_loss-0: 0.05328692094956789 | rd_loss-1: 0.03030078560597711 | rd_loss-2: 0.0171549985313128 |  
2024-06-23 02:34:04,143 - root - INFO - [testing at epoch-66]
2024-06-23 02:34:04,143 - root - INFO - {'precision': array([0.04616841, 0.02378049]), 'recall': array([0.16301978, 0.41791721]), 'ndcg': array([0.17415457, 0.30379923]), 'auc': array([0.])}
2024-06-23 02:34:04,144 - root - INFO - EPOCH[67/200] all_loss: 0.400 | bpr_loss:0.30122958955826695 | rd_loss:0.03338341957479992 | time cost---Sampling: 0.62s--| 
rd_loss-0: 0.05280558886576672 | rd_loss-1: 0.030177107761598473 | rd_loss-2: 0.017167558236970307 |  
2024-06-23 02:34:39,917 - root - INFO - [testing at epoch-67]
2024-06-23 02:34:39,917 - root - INFO - {'precision': array([0.04611405, 0.02376998]), 'recall': array([0.16274073, 0.41777517]), 'ndcg': array([0.17429799, 0.30390474]), 'auc': array([0.])}
2024-06-23 02:34:39,917 - root - INFO - EPOCH[68/200] all_loss: 0.399 | bpr_loss:0.3002137646272585 | rd_loss:0.03320128308239364 | time cost---Sampling: 0.56s--| 
rd_loss-0: 0.05233573100783608 | rd_loss-1: 0.03007265618191911 | rd_loss-2: 0.0171954580211186 |  
2024-06-23 02:35:16,090 - root - INFO - [testing at epoch-68]
2024-06-23 02:35:16,090 - root - INFO - {'precision': array([0.04603704, 0.02376599]), 'recall': array([0.16252573, 0.41766125]), 'ndcg': array([0.17412098, 0.30402235]), 'auc': array([0.])}
2024-06-23 02:35:16,091 - root - INFO - EPOCH[69/200] all_loss: 0.397 | bpr_loss:0.29869116193067163 | rd_loss:0.03296001676421661 | time cost---Sampling: 0.59s--| 
rd_loss-0: 0.0518321945489227 | rd_loss-1: 0.02992346860357804 | rd_loss-2: 0.01712438351507532 |  
2024-06-23 02:35:51,455 - root - INFO - [testing at epoch-69]
2024-06-23 02:35:51,456 - root - INFO - {'precision': array([0.04612311, 0.02375403]), 'recall': array([0.16276556, 0.41735719]), 'ndcg': array([0.17426629, 0.30360034]), 'auc': array([0.])}
2024-06-23 02:35:51,456 - root - INFO - EPOCH[70/200] all_loss: 0.396 | bpr_loss:0.2972895504149966 | rd_loss:0.032762442357796684 | time cost---Sampling: 0.54s--| 
rd_loss-0: 0.0513873855982508 | rd_loss-1: 0.02981252201136499 | rd_loss-2: 0.017087415804143077 |  
2024-06-23 02:36:27,733 - root - INFO - [testing at epoch-70]
2024-06-23 02:36:27,733 - root - INFO - {'precision': array([0.0461059 , 0.02375693]), 'recall': array([0.16274046, 0.41752215]), 'ndcg': array([0.17403227, 0.303545  ]), 'auc': array([0.])}
2024-06-23 02:36:27,734 - root - INFO - EPOCH[71/200] all_loss: 0.394 | bpr_loss:0.2958180220980812 | rd_loss:0.032543729997632234 | time cost---Sampling: 0.56s--| 
rd_loss-0: 0.05091877137906919 | rd_loss-1: 0.029675020485535844 | rd_loss-2: 0.017037394624168888 |  
2024-06-23 02:37:03,617 - root - INFO - [testing at epoch-71]
2024-06-23 02:37:03,617 - root - INFO - {'precision': array([0.04603976, 0.02375729]), 'recall': array([0.16251218, 0.41750247]), 'ndcg': array([0.17385389, 0.30349592]), 'auc': array([0.])}
2024-06-23 02:37:03,618 - root - INFO - EPOCH[72/200] all_loss: 0.393 | bpr_loss:0.2946982621483104 | rd_loss:0.03237187466368162 | time cost---Sampling: 0.58s--| 
rd_loss-0: 0.050507784954139164 | rd_loss-1: 0.0295600360484037 | rd_loss-2: 0.017047799325415065 |  
2024-06-23 02:37:39,458 - root - INFO - [testing at epoch-72]
2024-06-23 02:37:39,459 - root - INFO - {'precision': array([0.04608143, 0.02375385]), 'recall': array([0.16268267, 0.41746254]), 'ndcg': array([0.17390508, 0.30337801]), 'auc': array([0.])}
2024-06-23 02:37:39,460 - root - INFO - EPOCH[73/200] all_loss: 0.392 | bpr_loss:0.29321891058353855 | rd_loss:0.032198428250641904 | time cost---Sampling: 0.58s--| 
rd_loss-0: 0.050078411284205204 | rd_loss-1: 0.029468717402562582 | rd_loss-2: 0.017048152533389198 |  
2024-06-23 02:38:15,409 - root - INFO - [testing at epoch-73]
2024-06-23 02:38:15,409 - root - INFO - {'precision': array([0.0460017 , 0.02372341]), 'recall': array([0.16241494, 0.41680248]), 'ndcg': array([0.17377571, 0.30320967]), 'auc': array([0.])}
2024-06-23 02:38:15,410 - root - INFO - EPOCH[74/200] all_loss: 0.390 | bpr_loss:0.2918383624535987 | rd_loss:0.031999295529026486 | time cost---Sampling: 0.61s--| 
rd_loss-0: 0.04965773579389797 | rd_loss-1: 0.029349427822293068 | rd_loss-2: 0.016990719452942678 |  
2024-06-23 02:38:51,343 - root - INFO - [testing at epoch-74]
2024-06-23 02:38:51,343 - root - INFO - {'precision': array([0.04608053, 0.02375367]), 'recall': array([0.16274302, 0.41743545]), 'ndcg': array([0.17393252, 0.30328324]), 'auc': array([0.])}
2024-06-23 02:38:51,344 - root - INFO - EPOCH[75/200] all_loss: 0.389 | bpr_loss:0.2908941528350391 | rd_loss:0.031814450125083854 | time cost---Sampling: 0.59s--| 
rd_loss-0: 0.04924713481556286 | rd_loss-1: 0.02922821166218433 | rd_loss-2: 0.016968000127289423 |  
2024-06-23 02:39:27,098 - root - INFO - [testing at epoch-75]
2024-06-23 02:39:27,098 - root - INFO - {'precision': array([0.04605425, 0.02375729]), 'recall': array([0.16254316, 0.41745234]), 'ndcg': array([0.17381607, 0.30332203]), 'auc': array([0.])}
2024-06-23 02:39:27,099 - root - INFO - EPOCH[76/200] all_loss: 0.388 | bpr_loss:0.28916764270396755 | rd_loss:0.0316377601522351 | time cost---Sampling: 0.57s--| 
rd_loss-0: 0.0488432215419572 | rd_loss-1: 0.029119965183187504 | rd_loss-2: 0.016950090071929408 |  
2024-06-23 02:40:02,791 - root - INFO - [testing at epoch-76]
2024-06-23 02:40:02,791 - root - INFO - {'precision': array([0.04612583, 0.02373573]), 'recall': array([0.16280235, 0.41709794]), 'ndcg': array([0.17405144, 0.30334083]), 'auc': array([0.])}
2024-06-23 02:40:02,792 - root - INFO - EPOCH[77/200] all_loss: 0.386 | bpr_loss:0.28820451563276034 | rd_loss:0.031433496883412015 | time cost---Sampling: 0.58s--| 
rd_loss-0: 0.048425746504528404 | rd_loss-1: 0.02898596136628586 | rd_loss-2: 0.01688877951374523 |  
2024-06-23 02:40:38,681 - root - INFO - [testing at epoch-77]
2024-06-23 02:40:38,681 - root - INFO - {'precision': array([0.0460307 , 0.02373211]), 'recall': array([0.16241848, 0.41696258]), 'ndcg': array([0.17392314, 0.30337758]), 'auc': array([0.])}
2024-06-23 02:40:38,682 - root - INFO - EPOCH[78/200] all_loss: 0.385 | bpr_loss:0.28676547776347855 | rd_loss:0.03125342477894006 | time cost---Sampling: 0.60s--| 
rd_loss-0: 0.04804612257982672 | rd_loss-1: 0.02887202331067127 | rd_loss-2: 0.016842125726652942 |  
2024-06-23 02:41:14,605 - root - INFO - [testing at epoch-78]
2024-06-23 02:41:14,605 - root - INFO - {'precision': array([0.04600805, 0.02372069]), 'recall': array([0.16234805, 0.41677496]), 'ndcg': array([0.17386395, 0.30314193]), 'auc': array([0.])}
2024-06-23 02:41:14,606 - root - INFO - EPOCH[79/200] all_loss: 0.383 | bpr_loss:0.28500253277276133 | rd_loss:0.031080443225455417 | time cost---Sampling: 0.57s--| 
rd_loss-0: 0.04766976392390777 | rd_loss-1: 0.028765165739466397 | rd_loss-2: 0.01680639743155252 |  
2024-06-23 02:41:50,498 - root - INFO - [testing at epoch-79]
2024-06-23 02:41:50,498 - root - INFO - {'precision': array([0.04603432, 0.0237408 ]), 'recall': array([0.1624828 , 0.41714048]), 'ndcg': array([0.17385108, 0.30325901]), 'auc': array([0.])}
2024-06-23 02:41:50,499 - root - INFO - EPOCH[80/200] all_loss: 0.382 | bpr_loss:0.2841650915499742 | rd_loss:0.030923303444774782 | time cost---Sampling: 0.59s--| 
rd_loss-0: 0.047288563185421566 | rd_loss-1: 0.028647964554173604 | rd_loss-2: 0.016833380486726317 |  
2024-06-23 02:42:25,381 - root - INFO - [testing at epoch-80]
2024-06-23 02:42:25,381 - root - INFO - {'precision': array([0.04594825, 0.02372921]), 'recall': array([0.16213744, 0.41685432]), 'ndcg': array([0.17323232, 0.30278813]), 'auc': array([0.])}
2024-06-23 02:42:25,382 - root - INFO - EPOCH[81/200] all_loss: 0.381 | bpr_loss:0.2830514170796177 | rd_loss:0.030780093975931903 | time cost---Sampling: 0.60s--| 
rd_loss-0: 0.04693775777471751 | rd_loss-1: 0.028560565597963466 | rd_loss-2: 0.01684195664408919 |  
2024-06-23 02:43:01,312 - root - INFO - [testing at epoch-81]
2024-06-23 02:43:01,312 - root - INFO - {'precision': array([0.04597815, 0.02371072]), 'recall': array([0.16222226, 0.41656857]), 'ndcg': array([0.17366048, 0.30304466]), 'auc': array([0.])}
2024-06-23 02:43:01,313 - root - INFO - EPOCH[82/200] all_loss: 0.381 | bpr_loss:0.2826309596673898 | rd_loss:0.03062880229972068 | time cost---Sampling: 0.57s--| 
rd_loss-0: 0.04659563316816744 | rd_loss-1: 0.028462777439511772 | rd_loss-2: 0.016827994328621147 |  
2024-06-23 02:43:37,274 - root - INFO - [testing at epoch-82]
2024-06-23 02:43:37,275 - root - INFO - {'precision': array([0.04596093, 0.02371888]), 'recall': array([0.16225766, 0.41666216]), 'ndcg': array([0.17362028, 0.30318806]), 'auc': array([0.])}
2024-06-23 02:43:37,275 - root - INFO - EPOCH[83/200] all_loss: 0.379 | bpr_loss:0.28124324775582565 | rd_loss:0.030481727061195365 | time cost---Sampling: 0.59s--| 
rd_loss-0: 0.04626142693223891 | rd_loss-1: 0.028373685325038013 | rd_loss-2: 0.01681006716388055 |  
2024-06-23 02:44:13,138 - root - INFO - [testing at epoch-83]
2024-06-23 02:44:13,138 - root - INFO - {'precision': array([0.04589751, 0.02369478]), 'recall': array([0.16191917, 0.41629773]), 'ndcg': array([0.17325018, 0.30279223]), 'auc': array([0.])}
2024-06-23 02:44:13,139 - root - INFO - EPOCH[84/200] all_loss: 0.378 | bpr_loss:0.2796525879450322 | rd_loss:0.030323493869798965 | time cost---Sampling: 0.54s--| 
rd_loss-0: 0.045930547657006306 | rd_loss-1: 0.0282808755021646 | rd_loss-2: 0.016759056369869078 |  
2024-06-23 02:44:49,228 - root - INFO - [testing at epoch-84]
2024-06-23 02:44:49,228 - root - INFO - {'precision': array([0.04594553, 0.02368046]), 'recall': array([0.1620826 , 0.41595488]), 'ndcg': array([0.17343996, 0.30259676]), 'auc': array([0.])}
2024-06-23 02:44:49,229 - root - INFO - EPOCH[85/200] all_loss: 0.377 | bpr_loss:0.27868376835378955 | rd_loss:0.030155029289548826 | time cost---Sampling: 0.54s--| 
rd_loss-0: 0.04558952783056447 | rd_loss-1: 0.028183875263345485 | rd_loss-2: 0.01669168262526476 |  
2024-06-23 02:45:25,401 - root - INFO - [testing at epoch-85]
2024-06-23 02:45:25,401 - root - INFO - {'precision': array([0.04591654, 0.02366814]), 'recall': array([0.16196028, 0.41596228]), 'ndcg': array([0.17306889, 0.30225731]), 'auc': array([0.])}
2024-06-23 02:45:25,402 - root - INFO - EPOCH[86/200] all_loss: 0.376 | bpr_loss:0.2777909281523639 | rd_loss:0.030001173507774693 | time cost---Sampling: 0.57s--| 
rd_loss-0: 0.045256005396205994 | rd_loss-1: 0.028086673827748574 | rd_loss-2: 0.01666083946782605 |  
