2024-05-19 17:52:26,535 - root - INFO - Namespace(R=100, compute_rank=1, dataset='movie', dim=256, epoch=100, eps=1e-20, layers=2, lmd2=0.1, lr=0.001, model='bgr', neg_ratio=1, norm_a=1.0, save_embed=1, seed=2021, tensorboard=True, test_batch=100, test_file='test.txt', topks=[20, 100], train_batch=2048, train_file='train.txt', weight=0.0001)
2024-05-19 17:52:39,510 - root - INFO - [testing at epoch-0]
2024-05-19 17:52:39,510 - root - INFO - {'precision': array([0.14253311, 0.08761424]), 'recall': array([0.11247069, 0.30134981]), 'ndcg': array([0.25582368, 0.46266384]), 'auc': array([0.])}
2024-05-19 17:52:39,511 - root - INFO - EPOCH[1/100] all_loss: 0.471 | time cost---Sampling: 0.08s--| 
2024-05-19 17:52:39,511 - root - INFO - Summary at recall = 0.11247069265327145
2024-05-19 17:52:52,311 - root - INFO - [testing at epoch-1]
2024-05-19 17:52:52,311 - root - INFO - {'precision': array([0.14764073, 0.08768874]), 'recall': array([0.11345817, 0.3045175 ]), 'ndcg': array([0.26254358, 0.46774034]), 'auc': array([0.])}
2024-05-19 17:52:52,312 - root - INFO - EPOCH[2/100] all_loss: 0.358 | time cost---Sampling: 0.08s--| 
2024-05-19 17:52:52,312 - root - INFO - Summary at recall = 0.11345816564283723
2024-05-19 17:53:05,122 - root - INFO - [testing at epoch-2]
2024-05-19 17:53:05,122 - root - INFO - {'precision': array([0.15653974, 0.09073841]), 'recall': array([0.11715442, 0.31707502]), 'ndcg': array([0.27320717, 0.47918354]), 'auc': array([0.])}
2024-05-19 17:53:05,123 - root - INFO - EPOCH[3/100] all_loss: 0.340 | time cost---Sampling: 0.08s--| 
2024-05-19 17:53:05,123 - root - INFO - Summary at recall = 0.1171544244908059
2024-05-19 17:53:17,982 - root - INFO - [testing at epoch-3]
2024-05-19 17:53:17,982 - root - INFO - {'precision': array([0.17116722, 0.09986755]), 'recall': array([0.12933602, 0.34940219]), 'ndcg': array([0.29134372, 0.50256089]), 'auc': array([0.])}
2024-05-19 17:53:17,982 - root - INFO - EPOCH[4/100] all_loss: 0.310 | time cost---Sampling: 0.08s--| 
2024-05-19 17:53:17,982 - root - INFO - Summary at recall = 0.12933601742537754
2024-05-19 17:53:30,717 - root - INFO - [testing at epoch-4]
2024-05-19 17:53:30,717 - root - INFO - {'precision': array([0.18652318, 0.10778477]), 'recall': array([0.14250482, 0.37887836]), 'ndcg': array([0.31400838, 0.5275773 ]), 'auc': array([0.])}
2024-05-19 17:53:30,717 - root - INFO - EPOCH[5/100] all_loss: 0.281 | time cost---Sampling: 0.08s--| 
2024-05-19 17:53:30,717 - root - INFO - Summary at recall = 0.14250481996565884
2024-05-19 17:53:43,409 - root - INFO - [testing at epoch-5]
2024-05-19 17:53:43,409 - root - INFO - {'precision': array([0.19906457, 0.1135298 ]), 'recall': array([0.15458077, 0.3995129 ]), 'ndcg': array([0.33083729, 0.54433956]), 'auc': array([0.])}
2024-05-19 17:53:43,410 - root - INFO - EPOCH[6/100] all_loss: 0.259 | time cost---Sampling: 0.08s--| 
2024-05-19 17:53:43,410 - root - INFO - Summary at recall = 0.15458077034285847
2024-05-19 17:53:56,142 - root - INFO - [testing at epoch-6]
2024-05-19 17:53:56,142 - root - INFO - {'precision': array([0.20754139, 0.1174553 ]), 'recall': array([0.16290275, 0.415196  ]), 'ndcg': array([0.34204867, 0.55595449]), 'auc': array([0.])}
2024-05-19 17:53:56,143 - root - INFO - EPOCH[7/100] all_loss: 0.245 | time cost---Sampling: 0.08s--| 
2024-05-19 17:53:56,143 - root - INFO - Summary at recall = 0.1629027486127357
2024-05-19 17:54:08,791 - root - INFO - [testing at epoch-7]
2024-05-19 17:54:08,791 - root - INFO - {'precision': array([0.21451159, 0.12068212]), 'recall': array([0.17021692, 0.42833441]), 'ndcg': array([0.34935624, 0.56375693]), 'auc': array([0.])}
2024-05-19 17:54:08,792 - root - INFO - EPOCH[8/100] all_loss: 0.234 | time cost---Sampling: 0.08s--| 
2024-05-19 17:54:08,792 - root - INFO - Summary at recall = 0.17021692123816037
2024-05-19 17:54:21,362 - root - INFO - [testing at epoch-8]
2024-05-19 17:54:21,362 - root - INFO - {'precision': array([0.22038907, 0.12355629]), 'recall': array([0.17615671, 0.44029999]), 'ndcg': array([0.35585595, 0.57090953]), 'auc': array([0.])}
2024-05-19 17:54:21,362 - root - INFO - EPOCH[9/100] all_loss: 0.224 | time cost---Sampling: 0.09s--| 
2024-05-19 17:54:21,362 - root - INFO - Summary at recall = 0.1761567086649182
2024-05-19 17:54:33,896 - root - INFO - [testing at epoch-9]
2024-05-19 17:54:33,896 - root - INFO - {'precision': array([0.22648179, 0.12620364]), 'recall': array([0.18215933, 0.45142641]), 'ndcg': array([0.36226889, 0.57734545]), 'auc': array([0.])}
2024-05-19 17:54:33,897 - root - INFO - EPOCH[10/100] all_loss: 0.216 | time cost---Sampling: 0.08s--| 
2024-05-19 17:54:33,897 - root - INFO - Summary at recall = 0.18215933007697724
2024-05-19 17:54:46,524 - root - INFO - [testing at epoch-10]
2024-05-19 17:54:46,524 - root - INFO - {'precision': array([0.23187086, 0.12842881]), 'recall': array([0.1878816 , 0.46067183]), 'ndcg': array([0.36902436, 0.58413981]), 'auc': array([0.])}
2024-05-19 17:54:46,525 - root - INFO - EPOCH[11/100] all_loss: 0.210 | time cost---Sampling: 0.08s--| 
2024-05-19 17:54:46,525 - root - INFO - Summary at recall = 0.18788159731049187
2024-05-19 17:54:59,101 - root - INFO - [testing at epoch-11]
2024-05-19 17:54:59,101 - root - INFO - {'precision': array([0.23728477, 0.13051821]), 'recall': array([0.19316634, 0.46908102]), 'ndcg': array([0.37521613, 0.5895328 ]), 'auc': array([0.])}
2024-05-19 17:54:59,101 - root - INFO - EPOCH[12/100] all_loss: 0.202 | time cost---Sampling: 0.08s--| 
2024-05-19 17:54:59,101 - root - INFO - Summary at recall = 0.19316634125452284
2024-05-19 17:55:11,699 - root - INFO - [testing at epoch-12]
2024-05-19 17:55:11,699 - root - INFO - {'precision': array([0.2424255 , 0.13244205]), 'recall': array([0.19841439, 0.47743727]), 'ndcg': array([0.3808557 , 0.59464536]), 'auc': array([0.])}
2024-05-19 17:55:11,700 - root - INFO - EPOCH[13/100] all_loss: 0.198 | time cost---Sampling: 0.08s--| 
2024-05-19 17:55:11,700 - root - INFO - Summary at recall = 0.19841439229290453
2024-05-19 17:55:24,203 - root - INFO - [testing at epoch-13]
2024-05-19 17:55:24,204 - root - INFO - {'precision': array([0.2463245 , 0.13416887]), 'recall': array([0.2030176, 0.4848357]), 'ndcg': array([0.38557749, 0.59912036]), 'auc': array([0.])}
2024-05-19 17:55:24,204 - root - INFO - EPOCH[14/100] all_loss: 0.191 | time cost---Sampling: 0.08s--| 
2024-05-19 17:55:24,204 - root - INFO - Summary at recall = 0.2030175999844553
2024-05-19 17:55:36,743 - root - INFO - [testing at epoch-14]
2024-05-19 17:55:36,743 - root - INFO - {'precision': array([0.24951159, 0.13560099]), 'recall': array([0.20628303, 0.4908162 ]), 'ndcg': array([0.38967292, 0.60341221]), 'auc': array([0.])}
2024-05-19 17:55:36,744 - root - INFO - EPOCH[15/100] all_loss: 0.186 | time cost---Sampling: 0.09s--| 
2024-05-19 17:55:36,744 - root - INFO - Summary at recall = 0.2062830292732213
2024-05-19 17:55:49,247 - root - INFO - [testing at epoch-15]
2024-05-19 17:55:49,247 - root - INFO - {'precision': array([0.25336921, 0.13703311]), 'recall': array([0.21028622, 0.49706752]), 'ndcg': array([0.39410486, 0.60724555]), 'auc': array([0.])}
2024-05-19 17:55:49,248 - root - INFO - EPOCH[16/100] all_loss: 0.183 | time cost---Sampling: 0.09s--| 
2024-05-19 17:55:49,248 - root - INFO - Summary at recall = 0.21028621856531518
2024-05-19 17:56:01,797 - root - INFO - [testing at epoch-16]
2024-05-19 17:56:01,797 - root - INFO - {'precision': array([0.25624172, 0.13813079]), 'recall': array([0.21378987, 0.50193833]), 'ndcg': array([0.39743597, 0.61008585]), 'auc': array([0.])}
2024-05-19 17:56:01,798 - root - INFO - EPOCH[17/100] all_loss: 0.178 | time cost---Sampling: 0.09s--| 
2024-05-19 17:56:01,798 - root - INFO - Summary at recall = 0.21378987059195692
2024-05-19 17:56:14,466 - root - INFO - [testing at epoch-17]
2024-05-19 17:56:14,466 - root - INFO - {'precision': array([0.25965232, 0.13944868]), 'recall': array([0.21684052, 0.50679224]), 'ndcg': array([0.40142179, 0.61358308]), 'auc': array([0.])}
2024-05-19 17:56:14,467 - root - INFO - EPOCH[18/100] all_loss: 0.174 | time cost---Sampling: 0.09s--| 
2024-05-19 17:56:14,467 - root - INFO - Summary at recall = 0.2168405240852404
2024-05-19 17:56:26,950 - root - INFO - [testing at epoch-18]
2024-05-19 17:56:26,950 - root - INFO - {'precision': array([0.26160596, 0.14052318]), 'recall': array([0.21901597, 0.51135931]), 'ndcg': array([0.40329657, 0.61597719]), 'auc': array([0.])}
2024-05-19 17:56:26,951 - root - INFO - EPOCH[19/100] all_loss: 0.170 | time cost---Sampling: 0.09s--| 
2024-05-19 17:56:26,951 - root - INFO - Summary at recall = 0.21901596553103228
2024-05-19 17:56:39,539 - root - INFO - [testing at epoch-19]
2024-05-19 17:56:39,539 - root - INFO - {'precision': array([0.26471854, 0.1415447 ]), 'recall': array([0.22183998, 0.51544203]), 'ndcg': array([0.4073157 , 0.61928139]), 'auc': array([0.])}
2024-05-19 17:56:39,540 - root - INFO - EPOCH[20/100] all_loss: 0.167 | time cost---Sampling: 0.09s--| 
2024-05-19 17:56:39,540 - root - INFO - Summary at recall = 0.2218399810728426
2024-05-19 17:56:52,225 - root - INFO - [testing at epoch-20]
2024-05-19 17:56:52,225 - root - INFO - {'precision': array([0.26763245, 0.14247185]), 'recall': array([0.22497372, 0.51882226]), 'ndcg': array([0.41028844, 0.62122418]), 'auc': array([0.])}
2024-05-19 17:56:52,226 - root - INFO - EPOCH[21/100] all_loss: 0.163 | time cost---Sampling: 0.09s--| 
2024-05-19 17:56:52,226 - root - INFO - Summary at recall = 0.22497371991985707
2024-05-19 17:57:04,977 - root - INFO - [testing at epoch-21]
2024-05-19 17:57:04,978 - root - INFO - {'precision': array([0.26991722, 0.14354636]), 'recall': array([0.22773789, 0.52219457]), 'ndcg': array([0.41329409, 0.62361457]), 'auc': array([0.])}
2024-05-19 17:57:04,978 - root - INFO - EPOCH[22/100] all_loss: 0.160 | time cost---Sampling: 0.09s--| 
2024-05-19 17:57:04,978 - root - INFO - Summary at recall = 0.22773788577007456
2024-05-19 17:57:17,729 - root - INFO - [testing at epoch-22]
2024-05-19 17:57:17,729 - root - INFO - {'precision': array([0.27217715, 0.14442715]), 'recall': array([0.22985528, 0.5257418 ]), 'ndcg': array([0.41625091, 0.62616424]), 'auc': array([0.])}
2024-05-19 17:57:17,730 - root - INFO - EPOCH[23/100] all_loss: 0.158 | time cost---Sampling: 0.09s--| 
2024-05-19 17:57:17,730 - root - INFO - Summary at recall = 0.22985527894970934
2024-05-19 17:57:30,691 - root - INFO - [testing at epoch-23]
2024-05-19 17:57:30,691 - root - INFO - {'precision': array([0.2732202 , 0.14511589]), 'recall': array([0.23073852, 0.52835837]), 'ndcg': array([0.41737858, 0.62780194]), 'auc': array([0.])}
2024-05-19 17:57:30,692 - root - INFO - EPOCH[24/100] all_loss: 0.155 | time cost---Sampling: 0.09s--| 
2024-05-19 17:57:30,692 - root - INFO - Summary at recall = 0.23073851657131658
2024-05-19 17:57:43,746 - root - INFO - [testing at epoch-24]
2024-05-19 17:57:43,746 - root - INFO - {'precision': array([0.27538907, 0.14597848]), 'recall': array([0.2328453 , 0.53092478]), 'ndcg': array([0.42060226, 0.63026177]), 'auc': array([0.])}
2024-05-19 17:57:43,747 - root - INFO - EPOCH[25/100] all_loss: 0.153 | time cost---Sampling: 0.09s--| 
2024-05-19 17:57:43,747 - root - INFO - Summary at recall = 0.23284530136352488
2024-05-19 17:57:56,704 - root - INFO - [testing at epoch-25]
2024-05-19 17:57:56,704 - root - INFO - {'precision': array([0.27664735, 0.14654636]), 'recall': array([0.23450319, 0.53338666]), 'ndcg': array([0.42146506, 0.63097269]), 'auc': array([0.])}
2024-05-19 17:57:56,705 - root - INFO - EPOCH[26/100] all_loss: 0.150 | time cost---Sampling: 0.09s--| 
2024-05-19 17:57:56,705 - root - INFO - Summary at recall = 0.23450318614855756
2024-05-19 17:58:09,701 - root - INFO - [testing at epoch-26]
2024-05-19 17:58:09,701 - root - INFO - {'precision': array([0.27800497, 0.14705464]), 'recall': array([0.23556956, 0.53478806]), 'ndcg': array([0.42365064, 0.63278957]), 'auc': array([0.])}
2024-05-19 17:58:09,701 - root - INFO - EPOCH[27/100] all_loss: 0.148 | time cost---Sampling: 0.09s--| 
2024-05-19 17:58:09,701 - root - INFO - Summary at recall = 0.23556956202598034
2024-05-19 17:58:22,816 - root - INFO - [testing at epoch-27]
2024-05-19 17:58:22,816 - root - INFO - {'precision': array([0.27923841, 0.14767715]), 'recall': array([0.23699634, 0.53716984]), 'ndcg': array([0.42449403, 0.63360822]), 'auc': array([0.])}
2024-05-19 17:58:22,817 - root - INFO - EPOCH[28/100] all_loss: 0.146 | time cost---Sampling: 0.09s--| 
2024-05-19 17:58:22,817 - root - INFO - Summary at recall = 0.23699633852705598
2024-05-19 17:58:35,736 - root - INFO - [testing at epoch-28]
2024-05-19 17:58:35,736 - root - INFO - {'precision': array([0.28062914, 0.14827649]), 'recall': array([0.23860685, 0.53915906]), 'ndcg': array([0.42593045, 0.63484393]), 'auc': array([0.])}
2024-05-19 17:58:35,736 - root - INFO - EPOCH[29/100] all_loss: 0.144 | time cost---Sampling: 0.09s--| 
2024-05-19 17:58:35,737 - root - INFO - Summary at recall = 0.23860684819544892
2024-05-19 17:58:48,744 - root - INFO - [testing at epoch-29]
2024-05-19 17:58:48,744 - root - INFO - {'precision': array([0.28176325, 0.14877483]), 'recall': array([0.23949248, 0.54124448]), 'ndcg': array([0.42668102, 0.63566903]), 'auc': array([0.])}
2024-05-19 17:58:48,744 - root - INFO - EPOCH[30/100] all_loss: 0.141 | time cost---Sampling: 0.09s--| 
2024-05-19 17:58:48,744 - root - INFO - Summary at recall = 0.23949248049316343
2024-05-19 17:59:01,730 - root - INFO - [testing at epoch-30]
2024-05-19 17:59:01,730 - root - INFO - {'precision': array([0.2832947 , 0.14940563]), 'recall': array([0.24071733, 0.54297437]), 'ndcg': array([0.42838553, 0.63681552]), 'auc': array([0.])}
2024-05-19 17:59:01,731 - root - INFO - EPOCH[31/100] all_loss: 0.140 | time cost---Sampling: 0.08s--| 
2024-05-19 17:59:01,731 - root - INFO - Summary at recall = 0.2407173332702763
2024-05-19 17:59:14,739 - root - INFO - [testing at epoch-31]
2024-05-19 17:59:14,739 - root - INFO - {'precision': array([0.28433775, 0.14975   ]), 'recall': array([0.24189062, 0.54376446]), 'ndcg': array([0.42967184, 0.63755325]), 'auc': array([0.])}
2024-05-19 17:59:14,739 - root - INFO - EPOCH[32/100] all_loss: 0.138 | time cost---Sampling: 0.09s--| 
2024-05-19 17:59:14,739 - root - INFO - Summary at recall = 0.24189061731976041
2024-05-19 17:59:27,777 - root - INFO - [testing at epoch-32]
2024-05-19 17:59:27,777 - root - INFO - {'precision': array([0.28567881, 0.15011589]), 'recall': array([0.24324061, 0.54501297]), 'ndcg': array([0.43100518, 0.63844624]), 'auc': array([0.])}
2024-05-19 17:59:27,778 - root - INFO - EPOCH[33/100] all_loss: 0.135 | time cost---Sampling: 0.09s--| 
2024-05-19 17:59:27,778 - root - INFO - Summary at recall = 0.24324061170780945
2024-05-19 17:59:40,793 - root - INFO - [testing at epoch-33]
2024-05-19 17:59:40,793 - root - INFO - {'precision': array([0.28647351, 0.15049172]), 'recall': array([0.24416944, 0.54673919]), 'ndcg': array([0.43203518, 0.63946416]), 'auc': array([0.])}
2024-05-19 17:59:40,793 - root - INFO - EPOCH[34/100] all_loss: 0.135 | time cost---Sampling: 0.09s--| 
2024-05-19 17:59:40,793 - root - INFO - Summary at recall = 0.24416944057037845
2024-05-19 17:59:53,856 - root - INFO - [testing at epoch-34]
2024-05-19 17:59:53,856 - root - INFO - {'precision': array([0.28755795, 0.15082119]), 'recall': array([0.24532024, 0.54780363]), 'ndcg': array([0.4335324 , 0.64037536]), 'auc': array([0.])}
2024-05-19 17:59:53,856 - root - INFO - EPOCH[35/100] all_loss: 0.133 | time cost---Sampling: 0.08s--| 
2024-05-19 17:59:53,856 - root - INFO - Summary at recall = 0.2453202379590398
2024-05-19 18:00:06,901 - root - INFO - [testing at epoch-35]
2024-05-19 18:00:06,901 - root - INFO - {'precision': array([0.28858444, 0.15124669]), 'recall': array([0.24604088, 0.54929518]), 'ndcg': array([0.43437366, 0.64090485]), 'auc': array([0.])}
2024-05-19 18:00:06,902 - root - INFO - EPOCH[36/100] all_loss: 0.131 | time cost---Sampling: 0.09s--| 
2024-05-19 18:00:06,902 - root - INFO - Summary at recall = 0.2460408825883125
2024-05-19 18:00:19,954 - root - INFO - [testing at epoch-36]
2024-05-19 18:00:19,954 - root - INFO - {'precision': array([0.28933775, 0.15161258]), 'recall': array([0.24664852, 0.55056351]), 'ndcg': array([0.4351104 , 0.64165071]), 'auc': array([0.])}
2024-05-19 18:00:19,955 - root - INFO - EPOCH[37/100] all_loss: 0.130 | time cost---Sampling: 0.09s--| 
2024-05-19 18:00:19,955 - root - INFO - Summary at recall = 0.24664851964725076
2024-05-19 18:00:32,979 - root - INFO - [testing at epoch-37]
2024-05-19 18:00:32,980 - root - INFO - {'precision': array([0.28985099, 0.15193212]), 'recall': array([0.247108  , 0.55190968]), 'ndcg': array([0.43549882, 0.64217948]), 'auc': array([0.])}
2024-05-19 18:00:32,980 - root - INFO - EPOCH[38/100] all_loss: 0.128 | time cost---Sampling: 0.09s--| 
2024-05-19 18:00:32,980 - root - INFO - Summary at recall = 0.24710800142218725
2024-05-19 18:00:45,996 - root - INFO - [testing at epoch-38]
2024-05-19 18:00:45,996 - root - INFO - {'precision': array([0.2906457 , 0.15220861]), 'recall': array([0.24794425, 0.55295849]), 'ndcg': array([0.43601286, 0.64243758]), 'auc': array([0.])}
2024-05-19 18:00:45,997 - root - INFO - EPOCH[39/100] all_loss: 0.127 | time cost---Sampling: 0.09s--| 
2024-05-19 18:00:45,997 - root - INFO - Summary at recall = 0.24794425005086954
2024-05-19 18:00:58,983 - root - INFO - [testing at epoch-39]
2024-05-19 18:00:58,983 - root - INFO - {'precision': array([0.29122517, 0.15259272]), 'recall': array([0.24846339, 0.55387971]), 'ndcg': array([0.43599601, 0.64243522]), 'auc': array([0.])}
2024-05-19 18:00:58,984 - root - INFO - EPOCH[40/100] all_loss: 0.126 | time cost---Sampling: 0.09s--| 
2024-05-19 18:00:58,984 - root - INFO - Summary at recall = 0.24846338884498304
2024-05-19 18:01:11,990 - root - INFO - [testing at epoch-40]
2024-05-19 18:01:11,990 - root - INFO - {'precision': array([0.29140728, 0.15278642]), 'recall': array([0.24853789, 0.55410803]), 'ndcg': array([0.43696501, 0.6433553 ]), 'auc': array([0.])}
2024-05-19 18:01:11,991 - root - INFO - EPOCH[41/100] all_loss: 0.124 | time cost---Sampling: 0.08s--| 
2024-05-19 18:01:11,991 - root - INFO - Summary at recall = 0.24853789055237188
2024-05-19 18:01:24,962 - root - INFO - [testing at epoch-41]
2024-05-19 18:01:24,962 - root - INFO - {'precision': array([0.29195364, 0.15316722]), 'recall': array([0.2489366 , 0.55546537]), 'ndcg': array([0.43741842, 0.64389739]), 'auc': array([0.])}
2024-05-19 18:01:24,963 - root - INFO - EPOCH[42/100] all_loss: 0.123 | time cost---Sampling: 0.08s--| 
2024-05-19 18:01:24,963 - root - INFO - Summary at recall = 0.24893660499192735
2024-05-19 18:01:37,979 - root - INFO - [testing at epoch-42]
2024-05-19 18:01:37,979 - root - INFO - {'precision': array([0.29278974, 0.15344371]), 'recall': array([0.24971884, 0.55615587]), 'ndcg': array([0.43799356, 0.6441808 ]), 'auc': array([0.])}
2024-05-19 18:01:37,980 - root - INFO - EPOCH[43/100] all_loss: 0.122 | time cost---Sampling: 0.08s--| 
2024-05-19 18:01:37,980 - root - INFO - Summary at recall = 0.2497188403814154
2024-05-19 18:01:50,986 - root - INFO - [testing at epoch-43]
2024-05-19 18:01:50,986 - root - INFO - {'precision': array([0.29324503, 0.15371192]), 'recall': array([0.25036809, 0.55721329]), 'ndcg': array([0.43793224, 0.64416166]), 'auc': array([0.])}
2024-05-19 18:01:50,987 - root - INFO - EPOCH[44/100] all_loss: 0.120 | time cost---Sampling: 0.08s--| 
2024-05-19 18:01:50,987 - root - INFO - Summary at recall = 0.2503680932102051
2024-05-19 18:02:04,109 - root - INFO - [testing at epoch-44]
2024-05-19 18:02:04,109 - root - INFO - {'precision': array([0.29363411, 0.15393709]), 'recall': array([0.25059864, 0.55797574]), 'ndcg': array([0.43896606, 0.64525864]), 'auc': array([0.])}
2024-05-19 18:02:04,109 - root - INFO - EPOCH[45/100] all_loss: 0.120 | time cost---Sampling: 0.08s--| 
2024-05-19 18:02:04,109 - root - INFO - Summary at recall = 0.25059864155066686
2024-05-19 18:02:17,079 - root - INFO - [testing at epoch-45]
2024-05-19 18:02:17,079 - root - INFO - {'precision': array([0.29479305, 0.15425662]), 'recall': array([0.25154152, 0.55873763]), 'ndcg': array([0.44018313, 0.64577765]), 'auc': array([0.])}
2024-05-19 18:02:17,080 - root - INFO - EPOCH[46/100] all_loss: 0.119 | time cost---Sampling: 0.08s--| 
2024-05-19 18:02:17,080 - root - INFO - Summary at recall = 0.25154152155850973
2024-05-19 18:02:30,033 - root - INFO - [testing at epoch-46]
2024-05-19 18:02:30,033 - root - INFO - {'precision': array([0.29501656, 0.15448675]), 'recall': array([0.25164307, 0.559338  ]), 'ndcg': array([0.43933355, 0.6451478 ]), 'auc': array([0.])}
2024-05-19 18:02:30,034 - root - INFO - EPOCH[47/100] all_loss: 0.116 | time cost---Sampling: 0.08s--| 
2024-05-19 18:02:30,034 - root - INFO - Summary at recall = 0.2516430713497331
2024-05-19 18:02:43,024 - root - INFO - [testing at epoch-47]
2024-05-19 18:02:43,025 - root - INFO - {'precision': array([0.2955298 , 0.15481623]), 'recall': array([0.2516194 , 0.56105006]), 'ndcg': array([0.43940156, 0.64553213]), 'auc': array([0.])}
2024-05-19 18:02:43,025 - root - INFO - EPOCH[48/100] all_loss: 0.116 | time cost---Sampling: 0.09s--| 
2024-05-19 18:02:56,001 - root - INFO - [testing at epoch-48]
2024-05-19 18:02:56,002 - root - INFO - {'precision': array([0.29590232, 0.15494868]), 'recall': array([0.25240989, 0.56115127]), 'ndcg': array([0.43974689, 0.64564754]), 'auc': array([0.])}
2024-05-19 18:02:56,002 - root - INFO - EPOCH[49/100] all_loss: 0.115 | time cost---Sampling: 0.09s--| 
2024-05-19 18:02:56,002 - root - INFO - Summary at recall = 0.25240988794130653
2024-05-19 18:03:08,971 - root - INFO - [testing at epoch-49]
2024-05-19 18:03:08,972 - root - INFO - {'precision': array([0.29657285, 0.15518377]), 'recall': array([0.2530195 , 0.56179417]), 'ndcg': array([0.44077202, 0.64633258]), 'auc': array([0.])}
2024-05-19 18:03:08,972 - root - INFO - EPOCH[50/100] all_loss: 0.114 | time cost---Sampling: 0.08s--| 
2024-05-19 18:03:08,972 - root - INFO - Summary at recall = 0.25301950007907725
2024-05-19 18:03:21,991 - root - INFO - [testing at epoch-50]
2024-05-19 18:03:21,992 - root - INFO - {'precision': array([0.29727649, 0.15531788]), 'recall': array([0.25359668, 0.56241509]), 'ndcg': array([0.44087425, 0.64634231]), 'auc': array([0.])}
2024-05-19 18:03:21,992 - root - INFO - EPOCH[51/100] all_loss: 0.113 | time cost---Sampling: 0.08s--| 
2024-05-19 18:03:21,992 - root - INFO - Summary at recall = 0.2535966772266608
2024-05-19 18:03:34,888 - root - INFO - [testing at epoch-51]
2024-05-19 18:03:34,889 - root - INFO - {'precision': array([0.29745033, 0.15554139]), 'recall': array([0.25386748, 0.56292753]), 'ndcg': array([0.44138978, 0.64690317]), 'auc': array([0.])}
2024-05-19 18:03:34,889 - root - INFO - EPOCH[52/100] all_loss: 0.112 | time cost---Sampling: 0.08s--| 
2024-05-19 18:03:34,889 - root - INFO - Summary at recall = 0.2538674776318017
2024-05-19 18:03:47,910 - root - INFO - [testing at epoch-52]
2024-05-19 18:03:47,910 - root - INFO - {'precision': array([0.29808775, 0.15576987]), 'recall': array([0.25448738, 0.56354934]), 'ndcg': array([0.44239193, 0.64740382]), 'auc': array([0.])}
2024-05-19 18:03:47,911 - root - INFO - EPOCH[53/100] all_loss: 0.111 | time cost---Sampling: 0.08s--| 
2024-05-19 18:03:47,911 - root - INFO - Summary at recall = 0.2544873836357603
2024-05-19 18:04:00,836 - root - INFO - [testing at epoch-53]
2024-05-19 18:04:00,836 - root - INFO - {'precision': array([0.29832781, 0.1560149 ]), 'recall': array([0.25515743, 0.56461105]), 'ndcg': array([0.44285187, 0.64781335]), 'auc': array([0.])}
2024-05-19 18:04:00,837 - root - INFO - EPOCH[54/100] all_loss: 0.110 | time cost---Sampling: 0.08s--| 
2024-05-19 18:04:00,837 - root - INFO - Summary at recall = 0.255157427108963
2024-05-19 18:04:13,668 - root - INFO - [testing at epoch-54]
2024-05-19 18:04:13,668 - root - INFO - {'precision': array([0.2989404 , 0.15607616]), 'recall': array([0.2556404 , 0.56437905]), 'ndcg': array([0.44362965, 0.64817061]), 'auc': array([0.])}
2024-05-19 18:04:13,668 - root - INFO - EPOCH[55/100] all_loss: 0.109 | time cost---Sampling: 0.09s--| 
2024-05-19 18:04:13,668 - root - INFO - Summary at recall = 0.2556404017606917
2024-05-19 18:04:26,494 - root - INFO - [testing at epoch-55]
2024-05-19 18:04:26,495 - root - INFO - {'precision': array([0.29917219, 0.15623675]), 'recall': array([0.25555731, 0.5647946 ]), 'ndcg': array([0.44346327, 0.64813607]), 'auc': array([0.])}
2024-05-19 18:04:26,495 - root - INFO - EPOCH[56/100] all_loss: 0.109 | time cost---Sampling: 0.08s--| 
2024-05-19 18:04:39,419 - root - INFO - [testing at epoch-56]
2024-05-19 18:04:39,420 - root - INFO - {'precision': array([0.29958609, 0.15638742]), 'recall': array([0.255994  , 0.56541396]), 'ndcg': array([0.44316886, 0.64770349]), 'auc': array([0.])}
2024-05-19 18:04:39,420 - root - INFO - EPOCH[57/100] all_loss: 0.107 | time cost---Sampling: 0.09s--| 
2024-05-19 18:04:39,420 - root - INFO - Summary at recall = 0.25599400013228973
2024-05-19 18:04:52,281 - root - INFO - [testing at epoch-57]
2024-05-19 18:04:52,281 - root - INFO - {'precision': array([0.30012417, 0.15664238]), 'recall': array([0.25617135, 0.56602447]), 'ndcg': array([0.44384746, 0.64830178]), 'auc': array([0.])}
2024-05-19 18:04:52,281 - root - INFO - EPOCH[58/100] all_loss: 0.106 | time cost---Sampling: 0.09s--| 
2024-05-19 18:04:52,281 - root - INFO - Summary at recall = 0.2561713464670984
2024-05-19 18:05:05,118 - root - INFO - [testing at epoch-58]
2024-05-19 18:05:05,118 - root - INFO - {'precision': array([0.3004553, 0.1567351]), 'recall': array([0.25629273, 0.56651486]), 'ndcg': array([0.4443158 , 0.64862806]), 'auc': array([0.])}
2024-05-19 18:05:05,119 - root - INFO - EPOCH[59/100] all_loss: 0.106 | time cost---Sampling: 0.08s--| 
2024-05-19 18:05:05,119 - root - INFO - Summary at recall = 0.25629272644077267
2024-05-19 18:05:17,924 - root - INFO - [testing at epoch-59]
2024-05-19 18:05:17,924 - root - INFO - {'precision': array([0.30059603, 0.15689735]), 'recall': array([0.25625391, 0.56668455]), 'ndcg': array([0.44432434, 0.64869348]), 'auc': array([0.])}
2024-05-19 18:05:17,925 - root - INFO - EPOCH[60/100] all_loss: 0.105 | time cost---Sampling: 0.09s--| 
2024-05-19 18:05:27,308 - root - INFO - [testing at epoch-60]
2024-05-19 18:05:27,308 - root - INFO - {'precision': array([0.30074503, 0.15705132]), 'recall': array([0.25658154, 0.56750133]), 'ndcg': array([0.44450946, 0.64910136]), 'auc': array([0.])}
2024-05-19 18:05:27,309 - root - INFO - EPOCH[61/100] all_loss: 0.104 | time cost---Sampling: 0.09s--| 
2024-05-19 18:05:27,309 - root - INFO - Summary at recall = 0.25658154118434073
2024-05-19 18:05:36,368 - root - INFO - [testing at epoch-61]
2024-05-19 18:05:36,368 - root - INFO - {'precision': array([0.30067881, 0.15718709]), 'recall': array([0.2564326 , 0.56753622]), 'ndcg': array([0.44421068, 0.64892816]), 'auc': array([0.])}
2024-05-19 18:05:36,368 - root - INFO - EPOCH[62/100] all_loss: 0.103 | time cost---Sampling: 0.08s--| 
2024-05-19 18:05:45,400 - root - INFO - [testing at epoch-62]
2024-05-19 18:05:45,400 - root - INFO - {'precision': array([0.30146523, 0.15733609]), 'recall': array([0.25688784, 0.56756253]), 'ndcg': array([0.44479324, 0.6490371 ]), 'auc': array([0.])}
2024-05-19 18:05:45,401 - root - INFO - EPOCH[63/100] all_loss: 0.102 | time cost---Sampling: 0.09s--| 
2024-05-19 18:05:45,401 - root - INFO - Summary at recall = 0.25688784113168084
2024-05-19 18:05:54,590 - root - INFO - [testing at epoch-63]
2024-05-19 18:05:54,590 - root - INFO - {'precision': array([0.30157285, 0.15748675]), 'recall': array([0.25675106, 0.56797098]), 'ndcg': array([0.44499622, 0.64928627]), 'auc': array([0.])}
2024-05-19 18:05:54,591 - root - INFO - EPOCH[64/100] all_loss: 0.103 | time cost---Sampling: 0.09s--| 
2024-05-19 18:06:03,689 - root - INFO - [testing at epoch-64]
2024-05-19 18:06:03,689 - root - INFO - {'precision': array([0.30175497, 0.15759437]), 'recall': array([0.25703616, 0.56832262]), 'ndcg': array([0.444209  , 0.64852901]), 'auc': array([0.])}
2024-05-19 18:06:03,690 - root - INFO - EPOCH[65/100] all_loss: 0.101 | time cost---Sampling: 0.08s--| 
2024-05-19 18:06:03,690 - root - INFO - Summary at recall = 0.2570361647893217
2024-05-19 18:06:12,905 - root - INFO - [testing at epoch-65]
2024-05-19 18:06:12,905 - root - INFO - {'precision': array([0.30181291, 0.15768709]), 'recall': array([0.25726195, 0.56867617]), 'ndcg': array([0.44434444, 0.64865769]), 'auc': array([0.])}
2024-05-19 18:06:12,906 - root - INFO - EPOCH[66/100] all_loss: 0.101 | time cost---Sampling: 0.08s--| 
2024-05-19 18:06:12,906 - root - INFO - Summary at recall = 0.2572619482087361
2024-05-19 18:06:22,071 - root - INFO - [testing at epoch-66]
2024-05-19 18:06:22,071 - root - INFO - {'precision': array([0.3021606 , 0.15794868]), 'recall': array([0.25716124, 0.56959166]), 'ndcg': array([0.4439158 , 0.64840467]), 'auc': array([0.])}
2024-05-19 18:06:22,072 - root - INFO - EPOCH[67/100] all_loss: 0.099 | time cost---Sampling: 0.08s--| 
2024-05-19 18:06:31,294 - root - INFO - [testing at epoch-67]
2024-05-19 18:06:31,294 - root - INFO - {'precision': array([0.30274834, 0.15808278]), 'recall': array([0.25762589, 0.56962969]), 'ndcg': array([0.44445558, 0.64840936]), 'auc': array([0.])}
2024-05-19 18:06:31,294 - root - INFO - EPOCH[68/100] all_loss: 0.098 | time cost---Sampling: 0.08s--| 
2024-05-19 18:06:31,295 - root - INFO - Summary at recall = 0.25762589101373023
2024-05-19 18:06:40,560 - root - INFO - [testing at epoch-68]
2024-05-19 18:06:40,560 - root - INFO - {'precision': array([0.30272351, 0.15814073]), 'recall': array([0.25761313, 0.56981473]), 'ndcg': array([0.4437572, 0.6479001]), 'auc': array([0.])}
2024-05-19 18:06:40,561 - root - INFO - EPOCH[69/100] all_loss: 0.098 | time cost---Sampling: 0.08s--| 
2024-05-19 18:06:49,775 - root - INFO - [testing at epoch-69]
2024-05-19 18:06:49,775 - root - INFO - {'precision': array([0.30291391, 0.15823013]), 'recall': array([0.2572213 , 0.56973375]), 'ndcg': array([0.44350536, 0.64782695]), 'auc': array([0.])}
2024-05-19 18:06:49,776 - root - INFO - EPOCH[70/100] all_loss: 0.097 | time cost---Sampling: 0.08s--| 
2024-05-19 18:06:59,041 - root - INFO - [testing at epoch-70]
2024-05-19 18:06:59,042 - root - INFO - {'precision': array([0.30284768, 0.15824669]), 'recall': array([0.2572377 , 0.56961057]), 'ndcg': array([0.4442077 , 0.64841762]), 'auc': array([0.])}
2024-05-19 18:06:59,042 - root - INFO - EPOCH[71/100] all_loss: 0.097 | time cost---Sampling: 0.09s--| 
2024-05-19 18:07:08,375 - root - INFO - [testing at epoch-71]
2024-05-19 18:07:08,375 - root - INFO - {'precision': array([0.30312086, 0.15836755]), 'recall': array([0.25747113, 0.57006002]), 'ndcg': array([0.44417997, 0.64834819]), 'auc': array([0.])}
2024-05-19 18:07:08,375 - root - INFO - EPOCH[72/100] all_loss: 0.096 | time cost---Sampling: 0.08s--| 
2024-05-19 18:07:17,715 - root - INFO - [testing at epoch-72]
2024-05-19 18:07:17,715 - root - INFO - {'precision': array([0.30337748, 0.15855464]), 'recall': array([0.25760602, 0.57073012]), 'ndcg': array([0.44381701, 0.64797722]), 'auc': array([0.])}
2024-05-19 18:07:17,715 - root - INFO - EPOCH[73/100] all_loss: 0.096 | time cost---Sampling: 0.08s--| 
2024-05-19 18:07:27,055 - root - INFO - [testing at epoch-73]
2024-05-19 18:07:27,055 - root - INFO - {'precision': array([0.30379967, 0.15857616]), 'recall': array([0.25804756, 0.57029272]), 'ndcg': array([0.44395877, 0.64754573]), 'auc': array([0.])}
2024-05-19 18:07:27,056 - root - INFO - EPOCH[74/100] all_loss: 0.095 | time cost---Sampling: 0.08s--| 
2024-05-19 18:07:27,056 - root - INFO - Summary at recall = 0.25804755608646757
2024-05-19 18:07:36,446 - root - INFO - [testing at epoch-74]
2024-05-19 18:07:36,446 - root - INFO - {'precision': array([0.30381623, 0.15866556]), 'recall': array([0.25797458, 0.57022543]), 'ndcg': array([0.44427195, 0.64785842]), 'auc': array([0.])}
2024-05-19 18:07:36,447 - root - INFO - EPOCH[75/100] all_loss: 0.094 | time cost---Sampling: 0.08s--| 
2024-05-19 18:07:45,834 - root - INFO - [testing at epoch-75]
2024-05-19 18:07:45,834 - root - INFO - {'precision': array([0.30397351, 0.15867715]), 'recall': array([0.25809642, 0.57039735]), 'ndcg': array([0.44408574, 0.64772962]), 'auc': array([0.])}
2024-05-19 18:07:45,835 - root - INFO - EPOCH[76/100] all_loss: 0.093 | time cost---Sampling: 0.09s--| 
2024-05-19 18:07:45,835 - root - INFO - Summary at recall = 0.2580964247929738
2024-05-19 18:07:55,275 - root - INFO - [testing at epoch-76]
2024-05-19 18:07:55,275 - root - INFO - {'precision': array([0.30368377, 0.15872682]), 'recall': array([0.257689  , 0.57047527]), 'ndcg': array([0.44442115, 0.64833132]), 'auc': array([0.])}
2024-05-19 18:07:55,276 - root - INFO - EPOCH[77/100] all_loss: 0.093 | time cost---Sampling: 0.08s--| 
2024-05-19 18:08:04,732 - root - INFO - [testing at epoch-77]
2024-05-19 18:08:04,732 - root - INFO - {'precision': array([0.30395695, 0.15881954]), 'recall': array([0.257896  , 0.57066838]), 'ndcg': array([0.44458343, 0.64821837]), 'auc': array([0.])}
2024-05-19 18:08:04,733 - root - INFO - EPOCH[78/100] all_loss: 0.092 | time cost---Sampling: 0.08s--| 
2024-05-19 18:08:14,202 - root - INFO - [testing at epoch-78]
2024-05-19 18:08:14,202 - root - INFO - {'precision': array([0.30390728, 0.15885762]), 'recall': array([0.25785563, 0.57089947]), 'ndcg': array([0.44434763, 0.64822235]), 'auc': array([0.])}
2024-05-19 18:08:14,203 - root - INFO - EPOCH[79/100] all_loss: 0.092 | time cost---Sampling: 0.08s--| 
2024-05-19 18:08:23,612 - root - INFO - [testing at epoch-79]
2024-05-19 18:08:23,612 - root - INFO - {'precision': array([0.30385762, 0.15897517]), 'recall': array([0.25752147, 0.5710024 ]), 'ndcg': array([0.44452337, 0.64861315]), 'auc': array([0.])}
2024-05-19 18:08:23,612 - root - INFO - EPOCH[80/100] all_loss: 0.091 | time cost---Sampling: 0.08s--| 
2024-05-19 18:08:33,008 - root - INFO - [testing at epoch-80]
2024-05-19 18:08:33,008 - root - INFO - {'precision': array([0.30461093, 0.15906954]), 'recall': array([0.25840981, 0.57084968]), 'ndcg': array([0.44519275, 0.64853142]), 'auc': array([0.])}
2024-05-19 18:08:33,009 - root - INFO - EPOCH[81/100] all_loss: 0.090 | time cost---Sampling: 0.08s--| 
2024-05-19 18:08:33,009 - root - INFO - Summary at recall = 0.25840980977341865
2024-05-19 18:08:42,411 - root - INFO - [testing at epoch-81]
2024-05-19 18:08:42,411 - root - INFO - {'precision': array([0.30476821, 0.15899007]), 'recall': array([0.25830733, 0.57031157]), 'ndcg': array([0.44550634, 0.64862016]), 'auc': array([0.])}
2024-05-19 18:08:42,412 - root - INFO - EPOCH[82/100] all_loss: 0.090 | time cost---Sampling: 0.08s--| 
2024-05-19 18:08:51,801 - root - INFO - [testing at epoch-82]
2024-05-19 18:08:51,802 - root - INFO - {'precision': array([0.3042798 , 0.15899007]), 'recall': array([0.25790118, 0.5702392 ]), 'ndcg': array([0.44451374, 0.64800344]), 'auc': array([0.])}
2024-05-19 18:08:51,802 - root - INFO - EPOCH[83/100] all_loss: 0.089 | time cost---Sampling: 0.09s--| 
2024-05-19 18:09:01,163 - root - INFO - [testing at epoch-83]
2024-05-19 18:09:01,163 - root - INFO - {'precision': array([0.30453642, 0.15908444]), 'recall': array([0.2583433, 0.57008  ]), 'ndcg': array([0.44527864, 0.64832076]), 'auc': array([0.])}
2024-05-19 18:09:01,163 - root - INFO - EPOCH[84/100] all_loss: 0.089 | time cost---Sampling: 0.08s--| 
2024-05-19 18:09:10,550 - root - INFO - [testing at epoch-84]
2024-05-19 18:09:10,550 - root - INFO - {'precision': array([0.30450331, 0.15906954]), 'recall': array([0.25825795, 0.57000561]), 'ndcg': array([0.44531782, 0.64841829]), 'auc': array([0.])}
2024-05-19 18:09:10,550 - root - INFO - EPOCH[85/100] all_loss: 0.089 | time cost---Sampling: 0.08s--| 
2024-05-19 18:09:19,910 - root - INFO - [testing at epoch-85]
2024-05-19 18:09:19,910 - root - INFO - {'precision': array([0.30468543, 0.15914735]), 'recall': array([0.25825292, 0.57005551]), 'ndcg': array([0.44491585, 0.64797572]), 'auc': array([0.])}
2024-05-19 18:09:19,911 - root - INFO - EPOCH[86/100] all_loss: 0.088 | time cost---Sampling: 0.09s--| 
2024-05-19 18:09:29,234 - root - INFO - [testing at epoch-86]
2024-05-19 18:09:29,234 - root - INFO - {'precision': array([0.30487583, 0.15922517]), 'recall': array([0.25816234, 0.56999139]), 'ndcg': array([0.44571423, 0.6483688 ]), 'auc': array([0.])}
2024-05-19 18:09:29,235 - root - INFO - EPOCH[87/100] all_loss: 0.087 | time cost---Sampling: 0.08s--| 
2024-05-19 18:09:38,573 - root - INFO - [testing at epoch-87]
2024-05-19 18:09:38,573 - root - INFO - {'precision': array([0.30513245, 0.15934603]), 'recall': array([0.25791499, 0.5704623 ]), 'ndcg': array([0.44518278, 0.64812331]), 'auc': array([0.])}
2024-05-19 18:09:38,573 - root - INFO - EPOCH[88/100] all_loss: 0.086 | time cost---Sampling: 0.09s--| 
2024-05-19 18:09:47,899 - root - INFO - [testing at epoch-88]
2024-05-19 18:09:47,899 - root - INFO - {'precision': array([0.30544702, 0.15927483]), 'recall': array([0.25847849, 0.56988559]), 'ndcg': array([0.44631812, 0.64860284]), 'auc': array([0.])}
2024-05-19 18:09:47,899 - root - INFO - EPOCH[89/100] all_loss: 0.087 | time cost---Sampling: 0.08s--| 
2024-05-19 18:09:47,899 - root - INFO - Summary at recall = 0.25847848618042835
2024-05-19 18:09:57,271 - root - INFO - [testing at epoch-89]
2024-05-19 18:09:57,271 - root - INFO - {'precision': array([0.30532285, 0.15938245]), 'recall': array([0.25831458, 0.5705285 ]), 'ndcg': array([0.44584064, 0.64857011]), 'auc': array([0.])}
2024-05-19 18:09:57,272 - root - INFO - EPOCH[90/100] all_loss: 0.086 | time cost---Sampling: 0.09s--| 
2024-05-19 18:10:06,581 - root - INFO - [testing at epoch-90]
2024-05-19 18:10:06,581 - root - INFO - {'precision': array([0.30565397, 0.15946026]), 'recall': array([0.25876354, 0.570528  ]), 'ndcg': array([0.44565051, 0.64811413]), 'auc': array([0.])}
2024-05-19 18:10:06,581 - root - INFO - EPOCH[91/100] all_loss: 0.085 | time cost---Sampling: 0.08s--| 
2024-05-19 18:10:06,581 - root - INFO - Summary at recall = 0.25876354271496055
2024-05-19 18:10:15,982 - root - INFO - [testing at epoch-91]
2024-05-19 18:10:15,983 - root - INFO - {'precision': array([0.30544702, 0.15943377]), 'recall': array([0.25799676, 0.57005369]), 'ndcg': array([0.44475581, 0.64741376]), 'auc': array([0.])}
2024-05-19 18:10:15,983 - root - INFO - EPOCH[92/100] all_loss: 0.085 | time cost---Sampling: 0.09s--| 
2024-05-19 18:10:25,312 - root - INFO - [testing at epoch-92]
2024-05-19 18:10:25,312 - root - INFO - {'precision': array([0.30571192, 0.1594553 ]), 'recall': array([0.25807666, 0.57005611]), 'ndcg': array([0.44507549, 0.64749795]), 'auc': array([0.])}
2024-05-19 18:10:25,312 - root - INFO - EPOCH[93/100] all_loss: 0.085 | time cost---Sampling: 0.08s--| 
2024-05-19 18:10:34,565 - root - INFO - [testing at epoch-93]
2024-05-19 18:10:34,565 - root - INFO - {'precision': array([0.3057202 , 0.15954801]), 'recall': array([0.25806095, 0.57007275]), 'ndcg': array([0.44479265, 0.64722049]), 'auc': array([0.])}
2024-05-19 18:10:34,565 - root - INFO - EPOCH[94/100] all_loss: 0.084 | time cost---Sampling: 0.08s--| 
2024-05-19 18:10:43,791 - root - INFO - [testing at epoch-94]
2024-05-19 18:10:43,791 - root - INFO - {'precision': array([0.3055298 , 0.15956291]), 'recall': array([0.258069  , 0.56992507]), 'ndcg': array([0.44406803, 0.64657581]), 'auc': array([0.])}
2024-05-19 18:10:43,792 - root - INFO - EPOCH[95/100] all_loss: 0.083 | time cost---Sampling: 0.08s--| 
2024-05-19 18:10:52,997 - root - INFO - [testing at epoch-95]
2024-05-19 18:10:52,997 - root - INFO - {'precision': array([0.30504139, 0.15949669]), 'recall': array([0.25755223, 0.56959284]), 'ndcg': array([0.44445386, 0.64711348]), 'auc': array([0.])}
2024-05-19 18:10:52,998 - root - INFO - EPOCH[96/100] all_loss: 0.083 | time cost---Sampling: 0.08s--| 
2024-05-19 18:11:02,196 - root - INFO - [testing at epoch-96]
2024-05-19 18:11:02,196 - root - INFO - {'precision': array([0.30461093, 0.15954305]), 'recall': array([0.25698258, 0.56950541]), 'ndcg': array([0.44351844, 0.64654565]), 'auc': array([0.])}
2024-05-19 18:11:02,197 - root - INFO - EPOCH[97/100] all_loss: 0.082 | time cost---Sampling: 0.09s--| 
2024-05-19 18:11:11,389 - root - INFO - [testing at epoch-97]
2024-05-19 18:11:11,389 - root - INFO - {'precision': array([0.3053394 , 0.15946523]), 'recall': array([0.25741613, 0.56895256]), 'ndcg': array([0.44361209, 0.6459741 ]), 'auc': array([0.])}
2024-05-19 18:11:11,390 - root - INFO - EPOCH[98/100] all_loss: 0.082 | time cost---Sampling: 0.08s--| 
2024-05-19 18:11:20,574 - root - INFO - [testing at epoch-98]
2024-05-19 18:11:20,574 - root - INFO - {'precision': array([0.30516556, 0.15945364]), 'recall': array([0.257094  , 0.56872017]), 'ndcg': array([0.44389647, 0.6463388 ]), 'auc': array([0.])}
2024-05-19 18:11:20,574 - root - INFO - EPOCH[99/100] all_loss: 0.082 | time cost---Sampling: 0.08s--| 
2024-05-19 18:11:26,409 - root - INFO - [testing at epoch-99]
2024-05-19 18:11:26,409 - root - INFO - {'precision': array([0.30506623, 0.15949007]), 'recall': array([0.25696124, 0.56888263]), 'ndcg': array([0.4430305 , 0.64568903]), 'auc': array([0.])}
2024-05-19 18:11:26,410 - root - INFO - EPOCH[100/100] all_loss: 0.081 | time cost---Sampling: 0.08s--| 
