2024-05-19 17:48:13,630 - root - INFO - Namespace(R=100, compute_rank=1, dataset='movie', dim=256, epoch=100, eps=1e-20, layers=2, lmd2=0.1, lr=0.001, model='bgr', neg_ratio=4, norm_a=1.0, save_embed=1, seed=2021, tensorboard=True, test_batch=100, test_file='test.txt', topks=[20, 100], train_batch=2048, train_file='train.txt', weight=0.0001)
2024-05-19 17:48:23,275 - root - INFO - [testing at epoch-0]
2024-05-19 17:48:23,275 - root - INFO - {'precision': array([0.15722682, 0.08910099]), 'recall': array([0.11604394, 0.30412463]), 'ndcg': array([0.28033414, 0.47807188]), 'auc': array([0.])}
2024-05-19 17:48:23,276 - root - INFO - EPOCH[1/100] all_loss: 0.663 | time cost---Sampling: 0.18s--| 
2024-05-19 17:48:23,276 - root - INFO - Summary at recall = 0.11604394337544376
2024-05-19 17:48:32,800 - root - INFO - [testing at epoch-1]
2024-05-19 17:48:32,800 - root - INFO - {'precision': array([0.17755795, 0.10208278]), 'recall': array([0.1336816 , 0.35558272]), 'ndcg': array([0.30962134, 0.51854126]), 'auc': array([0.])}
2024-05-19 17:48:32,801 - root - INFO - EPOCH[2/100] all_loss: 0.595 | time cost---Sampling: 0.18s--| 
2024-05-19 17:48:32,801 - root - INFO - Summary at recall = 0.13368159609355804
2024-05-19 17:48:42,336 - root - INFO - [testing at epoch-2]
2024-05-19 17:48:42,336 - root - INFO - {'precision': array([0.20663907, 0.11487583]), 'recall': array([0.16069287, 0.40294262]), 'ndcg': array([0.35208812, 0.56016834]), 'auc': array([0.])}
2024-05-19 17:48:42,336 - root - INFO - EPOCH[3/100] all_loss: 0.545 | time cost---Sampling: 0.17s--| 
2024-05-19 17:48:42,336 - root - INFO - Summary at recall = 0.16069287372238059
2024-05-19 17:48:48,317 - root - INFO - [testing at epoch-3]
2024-05-19 17:48:48,317 - root - INFO - {'precision': array([0.225     , 0.12292715]), 'recall': array([0.17943535, 0.43630321]), 'ndcg': array([0.37299463, 0.58156882]), 'auc': array([0.])}
2024-05-19 17:48:48,317 - root - INFO - EPOCH[4/100] all_loss: 0.511 | time cost---Sampling: 0.18s--| 
2024-05-19 17:48:48,317 - root - INFO - Summary at recall = 0.17943535051286408
2024-05-19 17:48:54,254 - root - INFO - [testing at epoch-4]
2024-05-19 17:48:54,254 - root - INFO - {'precision': array([0.23950331, 0.12893874]), 'recall': array([0.19495944, 0.46178975]), 'ndcg': array([0.38987948, 0.5980239 ]), 'auc': array([0.])}
2024-05-19 17:48:54,255 - root - INFO - EPOCH[5/100] all_loss: 0.486 | time cost---Sampling: 0.18s--| 
2024-05-19 17:48:54,255 - root - INFO - Summary at recall = 0.19495943729617865
2024-05-19 17:49:00,180 - root - INFO - [testing at epoch-5]
2024-05-19 17:49:00,180 - root - INFO - {'precision': array([0.25072848, 0.13377815]), 'recall': array([0.20632811, 0.48193002]), 'ndcg': array([0.40130095, 0.60902082]), 'auc': array([0.])}
2024-05-19 17:49:00,181 - root - INFO - EPOCH[6/100] all_loss: 0.465 | time cost---Sampling: 0.17s--| 
2024-05-19 17:49:00,181 - root - INFO - Summary at recall = 0.20632811448266744
2024-05-19 17:49:06,104 - root - INFO - [testing at epoch-6]
2024-05-19 17:49:06,104 - root - INFO - {'precision': array([0.25951159, 0.13735265]), 'recall': array([0.21549047, 0.49517395]), 'ndcg': array([0.41202832, 0.61878037]), 'auc': array([0.])}
2024-05-19 17:49:06,105 - root - INFO - EPOCH[7/100] all_loss: 0.448 | time cost---Sampling: 0.18s--| 
2024-05-19 17:49:06,105 - root - INFO - Summary at recall = 0.21549046684490572
2024-05-19 17:49:12,054 - root - INFO - [testing at epoch-7]
2024-05-19 17:49:12,054 - root - INFO - {'precision': array([0.26646523, 0.14032616]), 'recall': array([0.2226239 , 0.50678771]), 'ndcg': array([0.42050621, 0.62639777]), 'auc': array([0.])}
2024-05-19 17:49:12,054 - root - INFO - EPOCH[8/100] all_loss: 0.433 | time cost---Sampling: 0.18s--| 
2024-05-19 17:49:12,054 - root - INFO - Summary at recall = 0.22262390471668114
2024-05-19 17:49:17,871 - root - INFO - [testing at epoch-8]
2024-05-19 17:49:17,872 - root - INFO - {'precision': array([0.2724255 , 0.14271358]), 'recall': array([0.22850846, 0.51645237]), 'ndcg': array([0.42797205, 0.63324744]), 'auc': array([0.])}
2024-05-19 17:49:17,872 - root - INFO - EPOCH[9/100] all_loss: 0.419 | time cost---Sampling: 0.18s--| 
2024-05-19 17:49:17,872 - root - INFO - Summary at recall = 0.22850846276075676
2024-05-19 17:49:23,647 - root - INFO - [testing at epoch-9]
2024-05-19 17:49:23,647 - root - INFO - {'precision': array([0.27727649, 0.14471523]), 'recall': array([0.23380448, 0.52444047]), 'ndcg': array([0.43302821, 0.63777947]), 'auc': array([0.])}
2024-05-19 17:49:23,647 - root - INFO - EPOCH[10/100] all_loss: 0.407 | time cost---Sampling: 0.18s--| 
2024-05-19 17:49:23,647 - root - INFO - Summary at recall = 0.23380448374044377
2024-05-19 17:49:29,466 - root - INFO - [testing at epoch-10]
2024-05-19 17:49:29,466 - root - INFO - {'precision': array([0.28161424, 0.14637417]), 'recall': array([0.23835445, 0.53128314]), 'ndcg': array([0.43777151, 0.64176755]), 'auc': array([0.])}
2024-05-19 17:49:29,467 - root - INFO - EPOCH[11/100] all_loss: 0.396 | time cost---Sampling: 0.18s--| 
2024-05-19 17:49:29,467 - root - INFO - Summary at recall = 0.238354452385408
2024-05-19 17:49:35,197 - root - INFO - [testing at epoch-11]
2024-05-19 17:49:35,198 - root - INFO - {'precision': array([0.28522351, 0.14797351]), 'recall': array([0.24198376, 0.53763101]), 'ndcg': array([0.4411792 , 0.64485991]), 'auc': array([0.])}
2024-05-19 17:49:35,198 - root - INFO - EPOCH[12/100] all_loss: 0.387 | time cost---Sampling: 0.18s--| 
2024-05-19 17:49:35,198 - root - INFO - Summary at recall = 0.2419837572651373
2024-05-19 17:49:41,110 - root - INFO - [testing at epoch-12]
2024-05-19 17:49:41,110 - root - INFO - {'precision': array([0.28812914, 0.14916556]), 'recall': array([0.2458159 , 0.54221837]), 'ndcg': array([0.44538295, 0.6484401 ]), 'auc': array([0.])}
2024-05-19 17:49:41,111 - root - INFO - EPOCH[13/100] all_loss: 0.377 | time cost---Sampling: 0.18s--| 
2024-05-19 17:49:41,111 - root - INFO - Summary at recall = 0.24581589840621837
2024-05-19 17:49:47,040 - root - INFO - [testing at epoch-13]
2024-05-19 17:49:47,040 - root - INFO - {'precision': array([0.29089404, 0.15027483]), 'recall': array([0.24900022, 0.54635522]), 'ndcg': array([0.44855179, 0.65102842]), 'auc': array([0.])}
2024-05-19 17:49:47,041 - root - INFO - EPOCH[14/100] all_loss: 0.369 | time cost---Sampling: 0.18s--| 
2024-05-19 17:49:47,041 - root - INFO - Summary at recall = 0.2490002239911277
2024-05-19 17:49:52,968 - root - INFO - [testing at epoch-14]
2024-05-19 17:49:52,968 - root - INFO - {'precision': array([0.29250828, 0.15128974]), 'recall': array([0.25021966, 0.54961658]), 'ndcg': array([0.45079641, 0.65354714]), 'auc': array([0.])}
2024-05-19 17:49:52,969 - root - INFO - EPOCH[15/100] all_loss: 0.361 | time cost---Sampling: 0.18s--| 
2024-05-19 17:49:52,969 - root - INFO - Summary at recall = 0.2502196589930362
2024-05-19 17:49:58,894 - root - INFO - [testing at epoch-15]
2024-05-19 17:49:58,894 - root - INFO - {'precision': array([0.29456954, 0.15211258]), 'recall': array([0.25241801, 0.55260318]), 'ndcg': array([0.4531927 , 0.65562143]), 'auc': array([0.])}
2024-05-19 17:49:58,895 - root - INFO - EPOCH[16/100] all_loss: 0.353 | time cost---Sampling: 0.18s--| 
2024-05-19 17:49:58,895 - root - INFO - Summary at recall = 0.2524180138297898
2024-05-19 17:50:04,821 - root - INFO - [testing at epoch-16]
2024-05-19 17:50:04,821 - root - INFO - {'precision': array([0.29642384, 0.15284272]), 'recall': array([0.25429776, 0.55498923]), 'ndcg': array([0.45538989, 0.65727644]), 'auc': array([0.])}
2024-05-19 17:50:04,822 - root - INFO - EPOCH[17/100] all_loss: 0.346 | time cost---Sampling: 0.18s--| 
2024-05-19 17:50:04,822 - root - INFO - Summary at recall = 0.25429776386878755
2024-05-19 17:50:10,741 - root - INFO - [testing at epoch-17]
2024-05-19 17:50:10,741 - root - INFO - {'precision': array([0.29745861, 0.15357119]), 'recall': array([0.25545847, 0.55802407]), 'ndcg': array([0.4561667 , 0.65847151]), 'auc': array([0.])}
2024-05-19 17:50:10,741 - root - INFO - EPOCH[18/100] all_loss: 0.339 | time cost---Sampling: 0.18s--| 
2024-05-19 17:50:10,741 - root - INFO - Summary at recall = 0.2554584715468977
2024-05-19 17:50:16,617 - root - INFO - [testing at epoch-18]
2024-05-19 17:50:16,617 - root - INFO - {'precision': array([0.29894868, 0.15437252]), 'recall': array([0.2569192 , 0.56070378]), 'ndcg': array([0.45707327, 0.65916134]), 'auc': array([0.])}
2024-05-19 17:50:16,617 - root - INFO - EPOCH[19/100] all_loss: 0.333 | time cost---Sampling: 0.18s--| 
2024-05-19 17:50:16,617 - root - INFO - Summary at recall = 0.2569192011213876
2024-05-19 17:50:22,657 - root - INFO - [testing at epoch-19]
2024-05-19 17:50:22,657 - root - INFO - {'precision': array([0.30020695, 0.15496854]), 'recall': array([0.25779315, 0.56288022]), 'ndcg': array([0.45759956, 0.65975653]), 'auc': array([0.])}
2024-05-19 17:50:22,658 - root - INFO - EPOCH[20/100] all_loss: 0.327 | time cost---Sampling: 0.18s--| 
2024-05-19 17:50:22,658 - root - INFO - Summary at recall = 0.25779314724251834
2024-05-19 17:50:28,598 - root - INFO - [testing at epoch-20]
2024-05-19 17:50:28,598 - root - INFO - {'precision': array([0.30150662, 0.15538411]), 'recall': array([0.25915647, 0.5642946 ]), 'ndcg': array([0.45931455, 0.66106582]), 'auc': array([0.])}
2024-05-19 17:50:28,598 - root - INFO - EPOCH[21/100] all_loss: 0.320 | time cost---Sampling: 0.18s--| 
2024-05-19 17:50:28,598 - root - INFO - Summary at recall = 0.25915647288006083
2024-05-19 17:50:34,573 - root - INFO - [testing at epoch-21]
2024-05-19 17:50:34,573 - root - INFO - {'precision': array([0.3026904 , 0.15585596]), 'recall': array([0.25995651, 0.56603579]), 'ndcg': array([0.46040186, 0.66194674]), 'auc': array([0.])}
2024-05-19 17:50:34,573 - root - INFO - EPOCH[22/100] all_loss: 0.314 | time cost---Sampling: 0.18s--| 
2024-05-19 17:50:34,573 - root - INFO - Summary at recall = 0.2599565112521184
2024-05-19 17:50:40,579 - root - INFO - [testing at epoch-22]
2024-05-19 17:50:40,579 - root - INFO - {'precision': array([0.30392384, 0.15643709]), 'recall': array([0.26102632, 0.56817446]), 'ndcg': array([0.46187288, 0.66323339]), 'auc': array([0.])}
2024-05-19 17:50:40,579 - root - INFO - EPOCH[23/100] all_loss: 0.309 | time cost---Sampling: 0.18s--| 
2024-05-19 17:50:40,579 - root - INFO - Summary at recall = 0.26102632178326995
2024-05-19 17:50:46,576 - root - INFO - [testing at epoch-23]
2024-05-19 17:50:46,576 - root - INFO - {'precision': array([0.30475993, 0.15676821]), 'recall': array([0.26211991, 0.56908662]), 'ndcg': array([0.46289662, 0.66398172]), 'auc': array([0.])}
2024-05-19 17:50:46,577 - root - INFO - EPOCH[24/100] all_loss: 0.303 | time cost---Sampling: 0.18s--| 
2024-05-19 17:50:46,577 - root - INFO - Summary at recall = 0.2621199068351796
2024-05-19 17:50:52,565 - root - INFO - [testing at epoch-24]
2024-05-19 17:50:52,565 - root - INFO - {'precision': array([0.30540563, 0.15718046]), 'recall': array([0.26242669, 0.56990939]), 'ndcg': array([0.46356454, 0.66471048]), 'auc': array([0.])}
2024-05-19 17:50:52,566 - root - INFO - EPOCH[25/100] all_loss: 0.299 | time cost---Sampling: 0.18s--| 
2024-05-19 17:50:52,566 - root - INFO - Summary at recall = 0.26242669096554705
2024-05-19 17:50:58,548 - root - INFO - [testing at epoch-25]
2024-05-19 17:50:58,548 - root - INFO - {'precision': array([0.30613411, 0.15769371]), 'recall': array([0.26325642, 0.57153687]), 'ndcg': array([0.46370514, 0.66460458]), 'auc': array([0.])}
2024-05-19 17:50:58,548 - root - INFO - EPOCH[26/100] all_loss: 0.294 | time cost---Sampling: 0.18s--| 
2024-05-19 17:50:58,548 - root - INFO - Summary at recall = 0.2632564196287159
2024-05-19 17:51:04,516 - root - INFO - [testing at epoch-26]
2024-05-19 17:51:04,516 - root - INFO - {'precision': array([0.30702815, 0.15791556]), 'recall': array([0.26387722, 0.57182116]), 'ndcg': array([0.46471606, 0.66521169]), 'auc': array([0.])}
2024-05-19 17:51:04,517 - root - INFO - EPOCH[27/100] all_loss: 0.289 | time cost---Sampling: 0.18s--| 
2024-05-19 17:51:04,517 - root - INFO - Summary at recall = 0.2638772222996247
2024-05-19 17:51:10,473 - root - INFO - [testing at epoch-27]
2024-05-19 17:51:10,473 - root - INFO - {'precision': array([0.30778146, 0.15819536]), 'recall': array([0.26451542, 0.57299163]), 'ndcg': array([0.46498152, 0.66538489]), 'auc': array([0.])}
2024-05-19 17:51:10,474 - root - INFO - EPOCH[28/100] all_loss: 0.284 | time cost---Sampling: 0.18s--| 
2024-05-19 17:51:10,474 - root - INFO - Summary at recall = 0.26451541600434153
2024-05-19 17:51:16,443 - root - INFO - [testing at epoch-28]
2024-05-19 17:51:16,443 - root - INFO - {'precision': array([0.30877483, 0.15858113]), 'recall': array([0.26522117, 0.57377004]), 'ndcg': array([0.4658845 , 0.66584238]), 'auc': array([0.])}
2024-05-19 17:51:16,444 - root - INFO - EPOCH[29/100] all_loss: 0.281 | time cost---Sampling: 0.18s--| 
2024-05-19 17:51:16,444 - root - INFO - Summary at recall = 0.2652211723791461
2024-05-19 17:51:22,385 - root - INFO - [testing at epoch-29]
2024-05-19 17:51:22,385 - root - INFO - {'precision': array([0.3090149 , 0.15884272]), 'recall': array([0.26554838, 0.57455711]), 'ndcg': array([0.46601026, 0.66596846]), 'auc': array([0.])}
2024-05-19 17:51:22,385 - root - INFO - EPOCH[30/100] all_loss: 0.277 | time cost---Sampling: 0.18s--| 
2024-05-19 17:51:22,385 - root - INFO - Summary at recall = 0.26554837554801064
2024-05-19 17:51:28,350 - root - INFO - [testing at epoch-30]
2024-05-19 17:51:28,351 - root - INFO - {'precision': array([0.30947848, 0.15904967]), 'recall': array([0.26575142, 0.57470597]), 'ndcg': array([0.46661771, 0.66620867]), 'auc': array([0.])}
2024-05-19 17:51:28,351 - root - INFO - EPOCH[31/100] all_loss: 0.273 | time cost---Sampling: 0.18s--| 
2024-05-19 17:51:28,351 - root - INFO - Summary at recall = 0.2657514194776955
2024-05-19 17:51:34,295 - root - INFO - [testing at epoch-31]
2024-05-19 17:51:34,295 - root - INFO - {'precision': array([0.30977649, 0.15925497]), 'recall': array([0.26615314, 0.5750724 ]), 'ndcg': array([0.46699994, 0.66645653]), 'auc': array([0.])}
2024-05-19 17:51:34,296 - root - INFO - EPOCH[32/100] all_loss: 0.268 | time cost---Sampling: 0.18s--| 
2024-05-19 17:51:34,296 - root - INFO - Summary at recall = 0.26615314318447514
2024-05-19 17:51:40,232 - root - INFO - [testing at epoch-32]
2024-05-19 17:51:40,232 - root - INFO - {'precision': array([0.31087748, 0.15953311]), 'recall': array([0.26701991, 0.57554287]), 'ndcg': array([0.46746827, 0.66633686]), 'auc': array([0.])}
2024-05-19 17:51:40,232 - root - INFO - EPOCH[33/100] all_loss: 0.263 | time cost---Sampling: 0.18s--| 
2024-05-19 17:51:40,232 - root - INFO - Summary at recall = 0.26701991151657395
2024-05-19 17:51:46,176 - root - INFO - [testing at epoch-33]
2024-05-19 17:51:46,176 - root - INFO - {'precision': array([0.31089404, 0.15961093]), 'recall': array([0.26691778, 0.57587586]), 'ndcg': array([0.46724918, 0.66622685]), 'auc': array([0.])}
2024-05-19 17:51:46,176 - root - INFO - EPOCH[34/100] all_loss: 0.261 | time cost---Sampling: 0.18s--| 
2024-05-19 17:51:52,096 - root - INFO - [testing at epoch-34]
2024-05-19 17:51:52,097 - root - INFO - {'precision': array([0.31116722, 0.15985762]), 'recall': array([0.26671966, 0.57598737]), 'ndcg': array([0.46757471, 0.6664712 ]), 'auc': array([0.])}
2024-05-19 17:51:52,097 - root - INFO - EPOCH[35/100] all_loss: 0.257 | time cost---Sampling: 0.19s--| 
2024-05-19 17:51:58,003 - root - INFO - [testing at epoch-35]
2024-05-19 17:51:58,004 - root - INFO - {'precision': array([0.31139901, 0.15995033]), 'recall': array([0.26701182, 0.57578121]), 'ndcg': array([0.46815361, 0.66684979]), 'auc': array([0.])}
2024-05-19 17:51:58,004 - root - INFO - EPOCH[36/100] all_loss: 0.253 | time cost---Sampling: 0.18s--| 
2024-05-19 17:52:03,916 - root - INFO - [testing at epoch-36]
2024-05-19 17:52:03,916 - root - INFO - {'precision': array([0.31196192, 0.15997517]), 'recall': array([0.26700983, 0.57542188]), 'ndcg': array([0.4684301 , 0.66672055]), 'auc': array([0.])}
2024-05-19 17:52:03,917 - root - INFO - EPOCH[37/100] all_loss: 0.250 | time cost---Sampling: 0.18s--| 
2024-05-19 17:52:09,848 - root - INFO - [testing at epoch-37]
2024-05-19 17:52:09,848 - root - INFO - {'precision': array([0.31163907, 0.16016722]), 'recall': array([0.26664926, 0.57565485]), 'ndcg': array([0.46819053, 0.66686494]), 'auc': array([0.])}
2024-05-19 17:52:09,849 - root - INFO - EPOCH[38/100] all_loss: 0.247 | time cost---Sampling: 0.18s--| 
2024-05-19 17:52:18,835 - root - INFO - [testing at epoch-38]
2024-05-19 17:52:18,835 - root - INFO - {'precision': array([0.31142384, 0.16029967]), 'recall': array([0.26604881, 0.57549642]), 'ndcg': array([0.46782962, 0.66680818]), 'auc': array([0.])}
2024-05-19 17:52:18,836 - root - INFO - EPOCH[39/100] all_loss: 0.244 | time cost---Sampling: 0.18s--| 
2024-05-19 17:52:28,149 - root - INFO - [testing at epoch-39]
2024-05-19 17:52:28,150 - root - INFO - {'precision': array([0.31163907, 0.16037583]), 'recall': array([0.26597466, 0.57547753]), 'ndcg': array([0.46771998, 0.6664173 ]), 'auc': array([0.])}
2024-05-19 17:52:28,150 - root - INFO - EPOCH[40/100] all_loss: 0.241 | time cost---Sampling: 0.18s--| 
2024-05-19 17:52:41,115 - root - INFO - [testing at epoch-40]
2024-05-19 17:52:41,115 - root - INFO - {'precision': array([0.31182947, 0.16049172]), 'recall': array([0.26630351, 0.57536385]), 'ndcg': array([0.46790518, 0.66622377]), 'auc': array([0.])}
2024-05-19 17:52:41,116 - root - INFO - EPOCH[41/100] all_loss: 0.238 | time cost---Sampling: 0.18s--| 
2024-05-19 17:52:54,018 - root - INFO - [testing at epoch-41]
2024-05-19 17:52:54,019 - root - INFO - {'precision': array([0.31219371, 0.16059768]), 'recall': array([0.26643984, 0.57510826]), 'ndcg': array([0.46824282, 0.66633088]), 'auc': array([0.])}
2024-05-19 17:52:54,019 - root - INFO - EPOCH[42/100] all_loss: 0.235 | time cost---Sampling: 0.18s--| 
2024-05-19 17:53:06,981 - root - INFO - [testing at epoch-42]
2024-05-19 17:53:06,981 - root - INFO - {'precision': array([0.31201159, 0.16062748]), 'recall': array([0.26610433, 0.57454391]), 'ndcg': array([0.46813175, 0.66613461]), 'auc': array([0.])}
2024-05-19 17:53:06,982 - root - INFO - EPOCH[43/100] all_loss: 0.232 | time cost---Sampling: 0.18s--| 
2024-05-19 17:53:19,976 - root - INFO - [testing at epoch-43]
2024-05-19 17:53:19,976 - root - INFO - {'precision': array([0.3119702 , 0.16068543]), 'recall': array([0.26588636, 0.57431114]), 'ndcg': array([0.46766557, 0.66566157]), 'auc': array([0.])}
2024-05-19 17:53:19,977 - root - INFO - EPOCH[44/100] all_loss: 0.229 | time cost---Sampling: 0.18s--| 
2024-05-19 17:53:32,989 - root - INFO - [testing at epoch-44]
2024-05-19 17:53:32,989 - root - INFO - {'precision': array([0.31187086, 0.1607053 ]), 'recall': array([0.26541171, 0.57387324]), 'ndcg': array([0.46734653, 0.66543317]), 'auc': array([0.])}
2024-05-19 17:53:32,989 - root - INFO - EPOCH[45/100] all_loss: 0.227 | time cost---Sampling: 0.19s--| 
2024-05-19 17:53:45,990 - root - INFO - [testing at epoch-45]
2024-05-19 17:53:45,990 - root - INFO - {'precision': array([0.3115149 , 0.16068874]), 'recall': array([0.26488474, 0.57344472]), 'ndcg': array([0.46680638, 0.66516403]), 'auc': array([0.])}
2024-05-19 17:53:45,991 - root - INFO - EPOCH[46/100] all_loss: 0.224 | time cost---Sampling: 0.18s--| 
2024-05-19 17:53:59,012 - root - INFO - [testing at epoch-46]
2024-05-19 17:53:59,012 - root - INFO - {'precision': array([0.31182119, 0.16070364]), 'recall': array([0.26489181, 0.57323605]), 'ndcg': array([0.46662214, 0.66466445]), 'auc': array([0.])}
2024-05-19 17:53:59,013 - root - INFO - EPOCH[47/100] all_loss: 0.222 | time cost---Sampling: 0.18s--| 
2024-05-19 17:54:12,068 - root - INFO - [testing at epoch-47]
2024-05-19 17:54:12,068 - root - INFO - {'precision': array([0.3114404 , 0.16080795]), 'recall': array([0.26433385, 0.57318782]), 'ndcg': array([0.46587046, 0.66415522]), 'auc': array([0.])}
2024-05-19 17:54:12,069 - root - INFO - EPOCH[48/100] all_loss: 0.219 | time cost---Sampling: 0.18s--| 
2024-05-19 17:54:25,192 - root - INFO - [testing at epoch-48]
2024-05-19 17:54:25,193 - root - INFO - {'precision': array([0.3109106 , 0.16059437]), 'recall': array([0.26355224, 0.57220629]), 'ndcg': array([0.46528361, 0.66382523]), 'auc': array([0.])}
2024-05-19 17:54:25,193 - root - INFO - EPOCH[49/100] all_loss: 0.217 | time cost---Sampling: 0.19s--| 
2024-05-19 17:54:38,220 - root - INFO - [testing at epoch-49]
2024-05-19 17:54:38,220 - root - INFO - {'precision': array([0.31066225, 0.1605149 ]), 'recall': array([0.26309386, 0.57149149]), 'ndcg': array([0.46509382, 0.66364448]), 'auc': array([0.])}
2024-05-19 17:54:38,221 - root - INFO - EPOCH[50/100] all_loss: 0.215 | time cost---Sampling: 0.18s--| 
2024-05-19 17:54:51,247 - root - INFO - [testing at epoch-50]
2024-05-19 17:54:51,247 - root - INFO - {'precision': array([0.31009934, 0.1604404 ]), 'recall': array([0.26251769, 0.57074584]), 'ndcg': array([0.46489752, 0.66357983]), 'auc': array([0.])}
2024-05-19 17:54:51,248 - root - INFO - EPOCH[51/100] all_loss: 0.212 | time cost---Sampling: 0.18s--| 
2024-05-19 17:55:04,261 - root - INFO - [testing at epoch-51]
2024-05-19 17:55:04,261 - root - INFO - {'precision': array([0.31004139, 0.16047682]), 'recall': array([0.2621368 , 0.57043446]), 'ndcg': array([0.4645331 , 0.66330458]), 'auc': array([0.])}
2024-05-19 17:55:04,262 - root - INFO - EPOCH[52/100] all_loss: 0.210 | time cost---Sampling: 0.18s--| 
2024-05-19 17:55:17,363 - root - INFO - [testing at epoch-52]
2024-05-19 17:55:17,363 - root - INFO - {'precision': array([0.30978477, 0.16037252]), 'recall': array([0.26150605, 0.56948886]), 'ndcg': array([0.46417666, 0.66288316]), 'auc': array([0.])}
2024-05-19 17:55:17,364 - root - INFO - EPOCH[53/100] all_loss: 0.207 | time cost---Sampling: 0.18s--| 
2024-05-19 17:55:30,423 - root - INFO - [testing at epoch-53]
2024-05-19 17:55:30,423 - root - INFO - {'precision': array([0.30969371, 0.16048841]), 'recall': array([0.26143427, 0.56957351]), 'ndcg': array([0.46335495, 0.66209002]), 'auc': array([0.])}
2024-05-19 17:55:30,424 - root - INFO - EPOCH[54/100] all_loss: 0.206 | time cost---Sampling: 0.18s--| 
2024-05-19 17:55:43,492 - root - INFO - [testing at epoch-54]
2024-05-19 17:55:43,493 - root - INFO - {'precision': array([0.30938742, 0.16029801]), 'recall': array([0.26060991, 0.56824754]), 'ndcg': array([0.46307211, 0.66178045]), 'auc': array([0.])}
2024-05-19 17:55:43,493 - root - INFO - EPOCH[55/100] all_loss: 0.204 | time cost---Sampling: 0.18s--| 
2024-05-19 17:55:56,542 - root - INFO - [testing at epoch-55]
2024-05-19 17:55:56,542 - root - INFO - {'precision': array([0.3086755 , 0.16026656]), 'recall': array([0.25966858, 0.56808813]), 'ndcg': array([0.46200044, 0.66129741]), 'auc': array([0.])}
2024-05-19 17:55:56,543 - root - INFO - EPOCH[56/100] all_loss: 0.201 | time cost---Sampling: 0.18s--| 
2024-05-19 17:56:09,603 - root - INFO - [testing at epoch-56]
2024-05-19 17:56:09,604 - root - INFO - {'precision': array([0.30797185, 0.16009106]), 'recall': array([0.25901482, 0.56656071]), 'ndcg': array([0.461317  , 0.66064743]), 'auc': array([0.])}
2024-05-19 17:56:09,604 - root - INFO - EPOCH[57/100] all_loss: 0.200 | time cost---Sampling: 0.18s--| 
2024-05-19 17:56:22,684 - root - INFO - [testing at epoch-57]
2024-05-19 17:56:22,684 - root - INFO - {'precision': array([0.30788079, 0.15985099]), 'recall': array([0.2592873 , 0.56538746]), 'ndcg': array([0.46142195, 0.66012635]), 'auc': array([0.])}
2024-05-19 17:56:22,685 - root - INFO - EPOCH[58/100] all_loss: 0.198 | time cost---Sampling: 0.18s--| 
2024-05-19 17:56:35,699 - root - INFO - [testing at epoch-58]
2024-05-19 17:56:35,699 - root - INFO - {'precision': array([0.3068543 , 0.15977815]), 'recall': array([0.2578888 , 0.56462685]), 'ndcg': array([0.45998043, 0.65939056]), 'auc': array([0.])}
2024-05-19 17:56:35,700 - root - INFO - EPOCH[59/100] all_loss: 0.196 | time cost---Sampling: 0.18s--| 
2024-05-19 17:56:48,779 - root - INFO - [testing at epoch-59]
2024-05-19 17:56:48,779 - root - INFO - {'precision': array([0.30634934, 0.15970695]), 'recall': array([0.25714515, 0.56388553]), 'ndcg': array([0.45908967, 0.65868513]), 'auc': array([0.])}
2024-05-19 17:56:48,780 - root - INFO - EPOCH[60/100] all_loss: 0.194 | time cost---Sampling: 0.18s--| 
2024-05-19 17:57:01,767 - root - INFO - [testing at epoch-60]
2024-05-19 17:57:01,767 - root - INFO - {'precision': array([0.3059851 , 0.15950497]), 'recall': array([0.25644165, 0.56281469]), 'ndcg': array([0.45826469, 0.65787362]), 'auc': array([0.])}
2024-05-19 17:57:01,768 - root - INFO - EPOCH[61/100] all_loss: 0.192 | time cost---Sampling: 0.18s--| 
2024-05-19 17:57:14,788 - root - INFO - [testing at epoch-61]
2024-05-19 17:57:14,789 - root - INFO - {'precision': array([0.30577815, 0.15946854]), 'recall': array([0.25605638, 0.56222752]), 'ndcg': array([0.45766283, 0.65718075]), 'auc': array([0.])}
2024-05-19 17:57:14,789 - root - INFO - EPOCH[62/100] all_loss: 0.191 | time cost---Sampling: 0.18s--| 
2024-05-19 17:57:27,594 - root - INFO - [testing at epoch-62]
2024-05-19 17:57:27,595 - root - INFO - {'precision': array([0.30521523, 0.15935762]), 'recall': array([0.25522444, 0.56160367]), 'ndcg': array([0.45685001, 0.65679799]), 'auc': array([0.])}
2024-05-19 17:57:27,595 - root - INFO - EPOCH[63/100] all_loss: 0.188 | time cost---Sampling: 0.18s--| 
2024-05-19 17:57:40,320 - root - INFO - [testing at epoch-63]
2024-05-19 17:57:40,320 - root - INFO - {'precision': array([0.30490066, 0.15920364]), 'recall': array([0.25488177, 0.56049293]), 'ndcg': array([0.45664591, 0.65642914]), 'auc': array([0.])}
2024-05-19 17:57:40,321 - root - INFO - EPOCH[64/100] all_loss: 0.187 | time cost---Sampling: 0.18s--| 
2024-05-19 17:57:53,066 - root - INFO - [testing at epoch-64]
2024-05-19 17:57:53,066 - root - INFO - {'precision': array([0.3040149 , 0.15896026]), 'recall': array([0.25391984, 0.55910816]), 'ndcg': array([0.4552484 , 0.65531438]), 'auc': array([0.])}
2024-05-19 17:57:53,066 - root - INFO - EPOCH[65/100] all_loss: 0.184 | time cost---Sampling: 0.18s--| 
2024-05-19 17:58:05,768 - root - INFO - [testing at epoch-65]
2024-05-19 17:58:05,768 - root - INFO - {'precision': array([0.30390728, 0.15891887]), 'recall': array([0.25413802, 0.55831502]), 'ndcg': array([0.45554763, 0.65518988]), 'auc': array([0.])}
2024-05-19 17:58:05,769 - root - INFO - EPOCH[66/100] all_loss: 0.184 | time cost---Sampling: 0.18s--| 
2024-05-19 17:58:18,461 - root - INFO - [testing at epoch-66]
2024-05-19 17:58:18,462 - root - INFO - {'precision': array([0.30340232, 0.15865232]), 'recall': array([0.25371047, 0.55710334]), 'ndcg': array([0.4552749 , 0.65479403]), 'auc': array([0.])}
2024-05-19 17:58:18,462 - root - INFO - EPOCH[67/100] all_loss: 0.182 | time cost---Sampling: 0.18s--| 
2024-05-19 17:58:31,104 - root - INFO - [testing at epoch-67]
2024-05-19 17:58:31,105 - root - INFO - {'precision': array([0.30294702, 0.15846523]), 'recall': array([0.25276396, 0.55601042]), 'ndcg': array([0.45374652, 0.65341477]), 'auc': array([0.])}
2024-05-19 17:58:31,105 - root - INFO - EPOCH[68/100] all_loss: 0.181 | time cost---Sampling: 0.18s--| 
2024-05-19 17:58:43,807 - root - INFO - [testing at epoch-68]
2024-05-19 17:58:43,807 - root - INFO - {'precision': array([0.30256623, 0.15830629]), 'recall': array([0.25194639, 0.55484467]), 'ndcg': array([0.4535265 , 0.65318057]), 'auc': array([0.])}
2024-05-19 17:58:43,807 - root - INFO - EPOCH[69/100] all_loss: 0.179 | time cost---Sampling: 0.19s--| 
2024-05-19 17:58:56,605 - root - INFO - [testing at epoch-69]
2024-05-19 17:58:56,605 - root - INFO - {'precision': array([0.30218543, 0.15814238]), 'recall': array([0.25168906, 0.55369957]), 'ndcg': array([0.45302325, 0.65230508]), 'auc': array([0.])}
2024-05-19 17:58:56,606 - root - INFO - EPOCH[70/100] all_loss: 0.178 | time cost---Sampling: 0.18s--| 
2024-05-19 17:59:09,242 - root - INFO - [testing at epoch-70]
2024-05-19 17:59:09,242 - root - INFO - {'precision': array([0.30201987, 0.15804967]), 'recall': array([0.25112916, 0.55269235]), 'ndcg': array([0.45285707, 0.65193206]), 'auc': array([0.])}
2024-05-19 17:59:09,243 - root - INFO - EPOCH[71/100] all_loss: 0.176 | time cost---Sampling: 0.18s--| 
2024-05-19 17:59:21,966 - root - INFO - [testing at epoch-71]
2024-05-19 17:59:21,967 - root - INFO - {'precision': array([0.30126656, 0.15790563]), 'recall': array([0.25025525, 0.55189637]), 'ndcg': array([0.45136512, 0.65081754]), 'auc': array([0.])}
2024-05-19 17:59:21,967 - root - INFO - EPOCH[72/100] all_loss: 0.175 | time cost---Sampling: 0.18s--| 
2024-05-19 17:59:34,660 - root - INFO - [testing at epoch-72]
2024-05-19 17:59:34,661 - root - INFO - {'precision': array([0.30074503, 0.15758775]), 'recall': array([0.24970418, 0.55057183]), 'ndcg': array([0.45054248, 0.65008897]), 'auc': array([0.])}
2024-05-19 17:59:34,661 - root - INFO - EPOCH[73/100] all_loss: 0.173 | time cost---Sampling: 0.18s--| 
2024-05-19 17:59:47,266 - root - INFO - [testing at epoch-73]
2024-05-19 17:59:47,266 - root - INFO - {'precision': array([0.30000828, 0.15736093]), 'recall': array([0.24882642, 0.54948401]), 'ndcg': array([0.45027228, 0.64998269]), 'auc': array([0.])}
2024-05-19 17:59:47,267 - root - INFO - EPOCH[74/100] all_loss: 0.172 | time cost---Sampling: 0.18s--| 
2024-05-19 17:59:59,817 - root - INFO - [testing at epoch-74]
2024-05-19 17:59:59,817 - root - INFO - {'precision': array([0.29957781, 0.15730629]), 'recall': array([0.24833794, 0.5487665 ]), 'ndcg': array([0.44927336, 0.64909891]), 'auc': array([0.])}
2024-05-19 17:59:59,818 - root - INFO - EPOCH[75/100] all_loss: 0.171 | time cost---Sampling: 0.18s--| 
2024-05-19 18:00:12,506 - root - INFO - [testing at epoch-75]
2024-05-19 18:00:12,507 - root - INFO - {'precision': array([0.29930464, 0.15706954]), 'recall': array([0.24788663, 0.54789194]), 'ndcg': array([0.44833473, 0.64807992]), 'auc': array([0.])}
2024-05-19 18:00:12,507 - root - INFO - EPOCH[76/100] all_loss: 0.169 | time cost---Sampling: 0.18s--| 
2024-05-19 18:00:25,062 - root - INFO - [testing at epoch-76]
2024-05-19 18:00:25,062 - root - INFO - {'precision': array([0.29904801, 0.1569404 ]), 'recall': array([0.24746133, 0.54665474]), 'ndcg': array([0.44827503, 0.64782335]), 'auc': array([0.])}
2024-05-19 18:00:25,062 - root - INFO - EPOCH[77/100] all_loss: 0.168 | time cost---Sampling: 0.18s--| 
2024-05-19 18:00:37,669 - root - INFO - [testing at epoch-77]
2024-05-19 18:00:37,669 - root - INFO - {'precision': array([0.2981043 , 0.15653808]), 'recall': array([0.24640571, 0.54498873]), 'ndcg': array([0.44765408, 0.64731203]), 'auc': array([0.])}
2024-05-19 18:00:37,670 - root - INFO - EPOCH[78/100] all_loss: 0.167 | time cost---Sampling: 0.18s--| 
2024-05-19 18:00:50,257 - root - INFO - [testing at epoch-78]
2024-05-19 18:00:50,257 - root - INFO - {'precision': array([0.29745861, 0.15638411]), 'recall': array([0.24565971, 0.54411903]), 'ndcg': array([0.44639137, 0.64633735]), 'auc': array([0.])}
2024-05-19 18:00:50,258 - root - INFO - EPOCH[79/100] all_loss: 0.165 | time cost---Sampling: 0.18s--| 
2024-05-19 18:01:03,032 - root - INFO - [testing at epoch-79]
2024-05-19 18:01:03,032 - root - INFO - {'precision': array([0.2968957 , 0.15623179]), 'recall': array([0.24504806, 0.54328134]), 'ndcg': array([0.44571979, 0.64553111]), 'auc': array([0.])}
2024-05-19 18:01:03,033 - root - INFO - EPOCH[80/100] all_loss: 0.164 | time cost---Sampling: 0.18s--| 
2024-05-19 18:01:15,735 - root - INFO - [testing at epoch-80]
2024-05-19 18:01:15,735 - root - INFO - {'precision': array([0.29633278, 0.15618377]), 'recall': array([0.24428737, 0.54284731]), 'ndcg': array([0.44454834, 0.64476364]), 'auc': array([0.])}
2024-05-19 18:01:15,736 - root - INFO - EPOCH[81/100] all_loss: 0.163 | time cost---Sampling: 0.18s--| 
2024-05-19 18:01:28,485 - root - INFO - [testing at epoch-81]
2024-05-19 18:01:28,486 - root - INFO - {'precision': array([0.29604305, 0.15592053]), 'recall': array([0.24398955, 0.5412751 ]), 'ndcg': array([0.44458211, 0.64443365]), 'auc': array([0.])}
2024-05-19 18:01:28,486 - root - INFO - EPOCH[82/100] all_loss: 0.162 | time cost---Sampling: 0.18s--| 
2024-05-19 18:01:41,199 - root - INFO - [testing at epoch-82]
2024-05-19 18:01:41,200 - root - INFO - {'precision': array([0.29534768, 0.1557649 ]), 'recall': array([0.24339685, 0.54015515]), 'ndcg': array([0.4440389, 0.6438546]), 'auc': array([0.])}
2024-05-19 18:01:41,200 - root - INFO - EPOCH[83/100] all_loss: 0.160 | time cost---Sampling: 0.18s--| 
2024-05-19 18:01:53,907 - root - INFO - [testing at epoch-83]
2024-05-19 18:01:53,907 - root - INFO - {'precision': array([0.29475166, 0.15551821]), 'recall': array([0.24266916, 0.53864168]), 'ndcg': array([0.44301619, 0.6427457 ]), 'auc': array([0.])}
2024-05-19 18:01:53,908 - root - INFO - EPOCH[84/100] all_loss: 0.160 | time cost---Sampling: 0.18s--| 
2024-05-19 18:02:06,547 - root - INFO - [testing at epoch-84]
2024-05-19 18:02:06,547 - root - INFO - {'precision': array([0.29433775, 0.15532285]), 'recall': array([0.24200176, 0.53734411]), 'ndcg': array([0.44269249, 0.64237492]), 'auc': array([0.])}
2024-05-19 18:02:06,547 - root - INFO - EPOCH[85/100] all_loss: 0.158 | time cost---Sampling: 0.18s--| 
2024-05-19 18:02:19,326 - root - INFO - [testing at epoch-85]
2024-05-19 18:02:19,326 - root - INFO - {'precision': array([0.29357616, 0.15516391]), 'recall': array([0.2410523 , 0.53638034]), 'ndcg': array([0.44209369, 0.64204298]), 'auc': array([0.])}
2024-05-19 18:02:19,327 - root - INFO - EPOCH[86/100] all_loss: 0.157 | time cost---Sampling: 0.18s--| 
2024-05-19 18:02:32,152 - root - INFO - [testing at epoch-86]
2024-05-19 18:02:32,153 - root - INFO - {'precision': array([0.29288907, 0.15495364]), 'recall': array([0.24030474, 0.53512348]), 'ndcg': array([0.44111428, 0.64120685]), 'auc': array([0.])}
2024-05-19 18:02:32,153 - root - INFO - EPOCH[87/100] all_loss: 0.156 | time cost---Sampling: 0.18s--| 
2024-05-19 18:02:44,912 - root - INFO - [testing at epoch-87]
2024-05-19 18:02:44,912 - root - INFO - {'precision': array([0.29195364, 0.15453146]), 'recall': array([0.23926546, 0.53335703]), 'ndcg': array([0.43993673, 0.64017426]), 'auc': array([0.])}
2024-05-19 18:02:44,912 - root - INFO - EPOCH[88/100] all_loss: 0.156 | time cost---Sampling: 0.18s--| 
2024-05-19 18:02:57,793 - root - INFO - [testing at epoch-88]
2024-05-19 18:02:57,793 - root - INFO - {'precision': array([0.29212748, 0.15456291]), 'recall': array([0.23918473, 0.53282134]), 'ndcg': array([0.43985442, 0.63969026]), 'auc': array([0.])}
2024-05-19 18:02:57,794 - root - INFO - EPOCH[89/100] all_loss: 0.154 | time cost---Sampling: 0.17s--| 
2024-05-19 18:03:10,678 - root - INFO - [testing at epoch-89]
2024-05-19 18:03:10,678 - root - INFO - {'precision': array([0.29140728, 0.15414404]), 'recall': array([0.23807596, 0.5311838 ]), 'ndcg': array([0.43872845, 0.63879443]), 'auc': array([0.])}
2024-05-19 18:03:10,678 - root - INFO - EPOCH[90/100] all_loss: 0.153 | time cost---Sampling: 0.18s--| 
2024-05-19 18:03:23,559 - root - INFO - [testing at epoch-90]
2024-05-19 18:03:23,559 - root - INFO - {'precision': array([0.29105132, 0.15398841]), 'recall': array([0.2375739 , 0.53022154]), 'ndcg': array([0.43760671, 0.63754293]), 'auc': array([0.])}
2024-05-19 18:03:23,560 - root - INFO - EPOCH[91/100] all_loss: 0.152 | time cost---Sampling: 0.18s--| 
2024-05-19 18:03:36,487 - root - INFO - [testing at epoch-91]
2024-05-19 18:03:36,487 - root - INFO - {'precision': array([0.29070364, 0.15390563]), 'recall': array([0.23706953, 0.52969381]), 'ndcg': array([0.43725753, 0.63733365]), 'auc': array([0.])}
2024-05-19 18:03:36,487 - root - INFO - EPOCH[92/100] all_loss: 0.151 | time cost---Sampling: 0.18s--| 
2024-05-19 18:03:49,475 - root - INFO - [testing at epoch-92]
2024-05-19 18:03:49,475 - root - INFO - {'precision': array([0.29002483, 0.15372682]), 'recall': array([0.23649349, 0.52847283]), 'ndcg': array([0.43622305, 0.63632393]), 'auc': array([0.])}
2024-05-19 18:03:49,475 - root - INFO - EPOCH[93/100] all_loss: 0.150 | time cost---Sampling: 0.18s--| 
2024-05-19 18:04:02,512 - root - INFO - [testing at epoch-93]
2024-05-19 18:04:02,513 - root - INFO - {'precision': array([0.28889073, 0.15319536]), 'recall': array([0.23535967, 0.52604425]), 'ndcg': array([0.43489384, 0.63509899]), 'auc': array([0.])}
2024-05-19 18:04:02,513 - root - INFO - EPOCH[94/100] all_loss: 0.150 | time cost---Sampling: 0.18s--| 
2024-05-19 18:04:15,383 - root - INFO - [testing at epoch-94]
2024-05-19 18:04:15,383 - root - INFO - {'precision': array([0.2878394, 0.1528957]), 'recall': array([0.23447598, 0.52504   ]), 'ndcg': array([0.43323497, 0.63384455]), 'auc': array([0.])}
2024-05-19 18:04:15,384 - root - INFO - EPOCH[95/100] all_loss: 0.149 | time cost---Sampling: 0.18s--| 
2024-05-19 18:04:28,307 - root - INFO - [testing at epoch-95]
2024-05-19 18:04:28,307 - root - INFO - {'precision': array([0.28755795, 0.15284437]), 'recall': array([0.23405263, 0.52427123]), 'ndcg': array([0.43299792, 0.63350438]), 'auc': array([0.])}
2024-05-19 18:04:28,308 - root - INFO - EPOCH[96/100] all_loss: 0.148 | time cost---Sampling: 0.18s--| 
2024-05-19 18:04:41,262 - root - INFO - [testing at epoch-96]
2024-05-19 18:04:41,263 - root - INFO - {'precision': array([0.2875745 , 0.15285265]), 'recall': array([0.23357371, 0.52399992]), 'ndcg': array([0.43303038, 0.63354971]), 'auc': array([0.])}
2024-05-19 18:04:41,263 - root - INFO - EPOCH[97/100] all_loss: 0.146 | time cost---Sampling: 0.18s--| 
2024-05-19 18:04:54,172 - root - INFO - [testing at epoch-97]
2024-05-19 18:04:54,172 - root - INFO - {'precision': array([0.28607616, 0.15243212]), 'recall': array([0.23254211, 0.52183212]), 'ndcg': array([0.43150642, 0.63238443]), 'auc': array([0.])}
2024-05-19 18:04:54,173 - root - INFO - EPOCH[98/100] all_loss: 0.146 | time cost---Sampling: 0.18s--| 
2024-05-19 18:05:07,227 - root - INFO - [testing at epoch-98]
2024-05-19 18:05:07,227 - root - INFO - {'precision': array([0.2860596 , 0.15228477]), 'recall': array([0.23257323, 0.5210902 ]), 'ndcg': array([0.43113084, 0.63164964]), 'auc': array([0.])}
2024-05-19 18:05:07,227 - root - INFO - EPOCH[99/100] all_loss: 0.144 | time cost---Sampling: 0.19s--| 
2024-05-19 18:05:20,155 - root - INFO - [testing at epoch-99]
2024-05-19 18:05:20,155 - root - INFO - {'precision': array([0.28576159, 0.15210596]), 'recall': array([0.23201357, 0.52017239]), 'ndcg': array([0.43067183, 0.63113959]), 'auc': array([0.])}
2024-05-19 18:05:20,155 - root - INFO - EPOCH[100/100] all_loss: 0.143 | time cost---Sampling: 0.18s--| 
