2024-06-22 19:06:10,333 - root - INFO - Namespace(N=25, R=100, alpha=0.5, bpr_neg_num=4, compute_rank=1, dataset='pinterest', dim=256, epoch=100, eps=1e-20, layers=2, lmd2=0.1, lr=0.0005, model='bgr', neg_ratio=8, norm_a=1.0, save_embed=1, seed=2021, tensorboard=True, test_batch=100, test_file='test.txt', topks=[20, 100], train_batch=2048, train_file='train.txt', weight=0.0001)
2024-06-22 19:06:45,063 - root - INFO - [testing at epoch-0]
2024-06-22 19:06:45,063 - root - INFO - {'precision': array([0.02723607, 0.01599192]), 'recall': array([0.09498288, 0.27888759]), 'ndcg': array([0.11239511, 0.21812658]), 'auc': array([0.])}
2024-06-22 19:06:45,064 - root - INFO - EPOCH[1/100] all_loss: 1.511 | time cost---Sampling: 1.00s--| 
2024-06-22 19:06:45,064 - root - INFO - Summary at recall = 0.09498288446546202
2024-06-22 19:07:46,684 - root - INFO - [testing at epoch-1]
2024-06-22 19:07:46,685 - root - INFO - {'precision': array([0.03004476, 0.01747816]), 'recall': array([0.10495841, 0.30504909]), 'ndcg': array([0.12385327, 0.23720446]), 'auc': array([0.])}
2024-06-22 19:07:46,685 - root - INFO - EPOCH[2/100] all_loss: 1.252 | time cost---Sampling: 1.25s--| 
2024-06-22 19:07:46,685 - root - INFO - Summary at recall = 0.10495840721405644
2024-06-22 19:08:46,451 - root - INFO - [testing at epoch-2]
2024-06-22 19:08:46,452 - root - INFO - {'precision': array([0.03236147, 0.01875947]), 'recall': array([0.11341877, 0.3283549 ]), 'ndcg': array([0.13208467, 0.25180095]), 'auc': array([0.])}
2024-06-22 19:08:46,453 - root - INFO - EPOCH[3/100] all_loss: 1.170 | time cost---Sampling: 1.05s--| 
2024-06-22 19:08:46,453 - root - INFO - Summary at recall = 0.11341876740077945
2024-06-22 19:09:45,720 - root - INFO - [testing at epoch-3]
2024-06-22 19:09:45,720 - root - INFO - {'precision': array([0.0349074 , 0.01992118]), 'recall': array([0.12254257, 0.34932069]), 'ndcg': array([0.14034328, 0.26387228]), 'auc': array([0.])}
2024-06-22 19:09:45,721 - root - INFO - EPOCH[4/100] all_loss: 1.117 | time cost---Sampling: 0.95s--| 
2024-06-22 19:09:45,721 - root - INFO - Summary at recall = 0.12254256610519733
2024-06-22 19:10:44,114 - root - INFO - [testing at epoch-4]
2024-06-22 19:10:44,114 - root - INFO - {'precision': array([0.03661073, 0.02068967]), 'recall': array([0.12868584, 0.36310663]), 'ndcg': array([0.14591663, 0.27173522]), 'auc': array([0.])}
2024-06-22 19:10:44,115 - root - INFO - EPOCH[5/100] all_loss: 1.078 | time cost---Sampling: 0.95s--| 
2024-06-22 19:10:44,115 - root - INFO - Summary at recall = 0.1286858433834546
2024-06-22 19:11:42,239 - root - INFO - [testing at epoch-5]
2024-06-22 19:11:42,239 - root - INFO - {'precision': array([0.03753669, 0.02116153]), 'recall': array([0.13207248, 0.37155347]), 'ndcg': array([0.14857175, 0.27591762]), 'auc': array([0.])}
2024-06-22 19:11:42,240 - root - INFO - EPOCH[6/100] all_loss: 1.049 | time cost---Sampling: 0.95s--| 
2024-06-22 19:11:42,240 - root - INFO - Summary at recall = 0.1320724794851837
2024-06-22 19:12:42,151 - root - INFO - [testing at epoch-6]
2024-06-22 19:12:42,151 - root - INFO - {'precision': array([0.03839198, 0.02151542]), 'recall': array([0.1352446 , 0.37794526]), 'ndcg': array([0.15067731, 0.27889538]), 'auc': array([0.])}
2024-06-22 19:12:42,152 - root - INFO - EPOCH[7/100] all_loss: 1.028 | time cost---Sampling: 1.05s--| 
2024-06-22 19:12:42,152 - root - INFO - Summary at recall = 0.1352445966356626
2024-06-22 19:13:42,441 - root - INFO - [testing at epoch-7]
2024-06-22 19:13:42,441 - root - INFO - {'precision': array([0.03906426, 0.0217856 ]), 'recall': array([0.13775667, 0.38292119]), 'ndcg': array([0.15243156, 0.28123454]), 'auc': array([0.])}
2024-06-22 19:13:42,442 - root - INFO - EPOCH[8/100] all_loss: 1.010 | time cost---Sampling: 1.02s--| 
2024-06-22 19:13:42,442 - root - INFO - Summary at recall = 0.13775666728505634
2024-06-22 19:14:39,997 - root - INFO - [testing at epoch-8]
2024-06-22 19:14:39,998 - root - INFO - {'precision': array([0.0396577 , 0.02204436]), 'recall': array([0.13988985, 0.3876215 ]), 'ndcg': array([0.15395298, 0.28336883]), 'auc': array([0.])}
2024-06-22 19:14:39,998 - root - INFO - EPOCH[9/100] all_loss: 0.993 | time cost---Sampling: 0.95s--| 
2024-06-22 19:14:39,998 - root - INFO - Summary at recall = 0.139889852165949
2024-06-22 19:15:38,259 - root - INFO - [testing at epoch-9]
2024-06-22 19:15:38,260 - root - INFO - {'precision': array([0.04017233, 0.02226869]), 'recall': array([0.14185952, 0.39178565]), 'ndcg': array([0.15523553, 0.28524509]), 'auc': array([0.])}
2024-06-22 19:15:38,260 - root - INFO - EPOCH[10/100] all_loss: 0.977 | time cost---Sampling: 1.01s--| 
2024-06-22 19:15:38,261 - root - INFO - Summary at recall = 0.14185952446525524
2024-06-22 19:16:36,500 - root - INFO - [testing at epoch-10]
2024-06-22 19:16:36,500 - root - INFO - {'precision': array([0.04062896, 0.02244881]), 'recall': array([0.14358249, 0.39506403]), 'ndcg': array([0.15660565, 0.28700907]), 'auc': array([0.])}
2024-06-22 19:16:36,501 - root - INFO - EPOCH[11/100] all_loss: 0.963 | time cost---Sampling: 1.05s--| 
2024-06-22 19:16:36,501 - root - INFO - Summary at recall = 0.14358248834324946
2024-06-22 19:17:36,044 - root - INFO - [testing at epoch-11]
2024-06-22 19:17:36,044 - root - INFO - {'precision': array([0.04104211, 0.02264107]), 'recall': array([0.1451166 , 0.39856817]), 'ndcg': array([0.15764547, 0.28865869]), 'auc': array([0.])}
2024-06-22 19:17:36,045 - root - INFO - EPOCH[12/100] all_loss: 0.948 | time cost---Sampling: 1.06s--| 
2024-06-22 19:17:36,045 - root - INFO - Summary at recall = 0.1451165977847088
2024-06-22 19:18:36,204 - root - INFO - [testing at epoch-12]
2024-06-22 19:18:36,204 - root - INFO - {'precision': array([0.04154224, 0.02280198]), 'recall': array([0.14695864, 0.40145895]), 'ndcg': array([0.15909348, 0.29027466]), 'auc': array([0.])}
2024-06-22 19:18:36,205 - root - INFO - EPOCH[13/100] all_loss: 0.932 | time cost---Sampling: 1.32s--| 
2024-06-22 19:18:36,205 - root - INFO - Summary at recall = 0.14695863958321598
2024-06-22 19:19:36,136 - root - INFO - [testing at epoch-13]
2024-06-22 19:19:36,136 - root - INFO - {'precision': array([0.04196988, 0.02296688]), 'recall': array([0.14856567, 0.40439624]), 'ndcg': array([0.16016724, 0.29172841]), 'auc': array([0.])}
2024-06-22 19:19:36,137 - root - INFO - EPOCH[14/100] all_loss: 0.915 | time cost---Sampling: 1.04s--| 
2024-06-22 19:19:36,137 - root - INFO - Summary at recall = 0.1485656744752111
2024-06-22 19:20:35,667 - root - INFO - [testing at epoch-14]
2024-06-22 19:20:35,667 - root - INFO - {'precision': array([0.04230964, 0.02312072]), 'recall': array([0.149844  , 0.40709505]), 'ndcg': array([0.16127087, 0.29325538]), 'auc': array([0.])}
2024-06-22 19:20:35,668 - root - INFO - EPOCH[15/100] all_loss: 0.900 | time cost---Sampling: 1.01s--| 
2024-06-22 19:20:35,668 - root - INFO - Summary at recall = 0.14984400299142586
2024-06-22 19:21:34,833 - root - INFO - [testing at epoch-15]
2024-06-22 19:21:34,834 - root - INFO - {'precision': array([0.04274091, 0.02326115]), 'recall': array([0.15142368, 0.40965642]), 'ndcg': array([0.16245526, 0.2945907 ]), 'auc': array([0.])}
2024-06-22 19:21:34,834 - root - INFO - EPOCH[16/100] all_loss: 0.886 | time cost---Sampling: 1.00s--| 
2024-06-22 19:21:34,834 - root - INFO - Summary at recall = 0.15142367986734964
2024-06-22 19:22:34,824 - root - INFO - [testing at epoch-16]
2024-06-22 19:22:34,824 - root - INFO - {'precision': array([0.04313413, 0.02336136]), 'recall': array([0.15285053, 0.41140242]), 'ndcg': array([0.16363296, 0.29579117]), 'auc': array([0.])}
2024-06-22 19:22:34,825 - root - INFO - EPOCH[17/100] all_loss: 0.870 | time cost---Sampling: 1.05s--| 
2024-06-22 19:22:34,825 - root - INFO - Summary at recall = 0.15285052976437336
2024-06-22 19:23:34,245 - root - INFO - [testing at epoch-17]
2024-06-22 19:23:34,246 - root - INFO - {'precision': array([0.04341228, 0.0234815 ]), 'recall': array([0.15381908, 0.41350838]), 'ndcg': array([0.16432979, 0.29685482]), 'auc': array([0.])}
2024-06-22 19:23:34,247 - root - INFO - EPOCH[18/100] all_loss: 0.855 | time cost---Sampling: 1.22s--| 
2024-06-22 19:23:34,247 - root - INFO - Summary at recall = 0.15381907520094504
2024-06-22 19:24:33,414 - root - INFO - [testing at epoch-18]
2024-06-22 19:24:33,414 - root - INFO - {'precision': array([0.04365691, 0.02358007]), 'recall': array([0.15467073, 0.4152563 ]), 'ndcg': array([0.165349  , 0.29810588]), 'auc': array([0.])}
2024-06-22 19:24:33,415 - root - INFO - EPOCH[19/100] all_loss: 0.839 | time cost---Sampling: 1.07s--| 
2024-06-22 19:24:33,415 - root - INFO - Summary at recall = 0.15467072976776278
2024-06-22 19:25:32,962 - root - INFO - [testing at epoch-19]
2024-06-22 19:25:32,962 - root - INFO - {'precision': array([0.04396314, 0.02368989]), 'recall': array([0.15584434, 0.41720341]), 'ndcg': array([0.16617969, 0.29910062]), 'auc': array([0.])}
2024-06-22 19:25:32,963 - root - INFO - EPOCH[20/100] all_loss: 0.825 | time cost---Sampling: 0.96s--| 
2024-06-22 19:25:32,963 - root - INFO - Summary at recall = 0.15584434092488447
2024-06-22 19:26:31,293 - root - INFO - [testing at epoch-20]
2024-06-22 19:26:31,293 - root - INFO - {'precision': array([0.04422317, 0.02376001]), 'recall': array([0.15680705, 0.4183627 ]), 'ndcg': array([0.16686122, 0.29977864]), 'auc': array([0.])}
2024-06-22 19:26:31,294 - root - INFO - EPOCH[21/100] all_loss: 0.809 | time cost---Sampling: 1.00s--| 
2024-06-22 19:26:31,294 - root - INFO - Summary at recall = 0.15680705296148603
2024-06-22 19:27:28,956 - root - INFO - [testing at epoch-21]
2024-06-22 19:27:28,956 - root - INFO - {'precision': array([0.04445421, 0.02384536]), 'recall': array([0.15767916, 0.41980884]), 'ndcg': array([0.16762433, 0.30065498]), 'auc': array([0.])}
2024-06-22 19:27:28,957 - root - INFO - EPOCH[22/100] all_loss: 0.793 | time cost---Sampling: 1.01s--| 
2024-06-22 19:27:28,957 - root - INFO - Summary at recall = 0.1576791622243106
2024-06-22 19:28:27,068 - root - INFO - [testing at epoch-22]
2024-06-22 19:28:27,068 - root - INFO - {'precision': array([0.04468615, 0.02389737]), 'recall': array([0.15851123, 0.42071163]), 'ndcg': array([0.16826434, 0.30123913]), 'auc': array([0.])}
2024-06-22 19:28:27,069 - root - INFO - EPOCH[23/100] all_loss: 0.776 | time cost---Sampling: 0.98s--| 
2024-06-22 19:28:27,069 - root - INFO - Summary at recall = 0.15851122837208176
2024-06-22 19:29:24,959 - root - INFO - [testing at epoch-23]
2024-06-22 19:29:24,959 - root - INFO - {'precision': array([0.04487551, 0.02397293]), 'recall': array([0.15911566, 0.42202246]), 'ndcg': array([0.16877992, 0.3019482 ]), 'auc': array([0.])}
2024-06-22 19:29:24,960 - root - INFO - EPOCH[24/100] all_loss: 0.759 | time cost---Sampling: 0.98s--| 
2024-06-22 19:29:24,960 - root - INFO - Summary at recall = 0.15911565878343786
2024-06-22 19:30:22,913 - root - INFO - [testing at epoch-24]
2024-06-22 19:30:22,913 - root - INFO - {'precision': array([0.04512376, 0.02403164]), 'recall': array([0.1600557, 0.4230353]), 'ndcg': array([0.16942718, 0.30254021]), 'auc': array([0.])}
2024-06-22 19:30:22,914 - root - INFO - EPOCH[25/100] all_loss: 0.744 | time cost---Sampling: 0.95s--| 
2024-06-22 19:30:22,914 - root - INFO - Summary at recall = 0.16005569756074522
2024-06-22 19:31:20,971 - root - INFO - [testing at epoch-25]
2024-06-22 19:31:20,971 - root - INFO - {'precision': array([0.04530225, 0.02407549]), 'recall': array([0.16064081, 0.42371249]), 'ndcg': array([0.17002103, 0.30307579]), 'auc': array([0.])}
2024-06-22 19:31:20,972 - root - INFO - EPOCH[26/100] all_loss: 0.729 | time cost---Sampling: 0.98s--| 
2024-06-22 19:31:20,972 - root - INFO - Summary at recall = 0.1606408097319026
2024-06-22 19:32:18,596 - root - INFO - [testing at epoch-26]
2024-06-22 19:32:18,596 - root - INFO - {'precision': array([0.0453403 , 0.02412351]), 'recall': array([0.16072304, 0.42455277]), 'ndcg': array([0.16999949, 0.30343645]), 'auc': array([0.])}
2024-06-22 19:32:18,597 - root - INFO - EPOCH[27/100] all_loss: 0.712 | time cost---Sampling: 0.99s--| 
2024-06-22 19:32:18,597 - root - INFO - Summary at recall = 0.16072304323769476
2024-06-22 19:33:17,664 - root - INFO - [testing at epoch-27]
2024-06-22 19:33:17,665 - root - INFO - {'precision': array([0.04558674, 0.0241757 ]), 'recall': array([0.16155549, 0.42547047]), 'ndcg': array([0.17081916, 0.30407255]), 'auc': array([0.])}
2024-06-22 19:33:17,666 - root - INFO - EPOCH[28/100] all_loss: 0.695 | time cost---Sampling: 1.09s--| 
2024-06-22 19:33:17,666 - root - INFO - Summary at recall = 0.16155549081886467
2024-06-22 19:34:16,167 - root - INFO - [testing at epoch-28]
2024-06-22 19:34:16,168 - root - INFO - {'precision': array([0.04567282, 0.02421357]), 'recall': array([0.16192243, 0.42608989]), 'ndcg': array([0.17122596, 0.30453925]), 'auc': array([0.])}
2024-06-22 19:34:16,169 - root - INFO - EPOCH[29/100] all_loss: 0.678 | time cost---Sampling: 1.00s--| 
2024-06-22 19:34:16,169 - root - INFO - Summary at recall = 0.1619224304525568
2024-06-22 19:35:17,334 - root - INFO - [testing at epoch-29]
2024-06-22 19:35:17,334 - root - INFO - {'precision': array([0.04585855, 0.02425271]), 'recall': array([0.16260484, 0.42675469]), 'ndcg': array([0.17155318, 0.30471995]), 'auc': array([0.])}
2024-06-22 19:35:17,336 - root - INFO - EPOCH[30/100] all_loss: 0.662 | time cost---Sampling: 1.01s--| 
2024-06-22 19:35:17,336 - root - INFO - Summary at recall = 0.16260484393375643
2024-06-22 19:36:17,128 - root - INFO - [testing at epoch-30]
2024-06-22 19:36:17,128 - root - INFO - {'precision': array([0.0459555 , 0.02428786]), 'recall': array([0.16294851, 0.4274027 ]), 'ndcg': array([0.17189214, 0.30509473]), 'auc': array([0.])}
2024-06-22 19:36:17,129 - root - INFO - EPOCH[31/100] all_loss: 0.647 | time cost---Sampling: 1.00s--| 
2024-06-22 19:36:17,129 - root - INFO - Summary at recall = 0.1629485075817456
2024-06-22 19:37:16,270 - root - INFO - [testing at epoch-31]
2024-06-22 19:37:16,270 - root - INFO - {'precision': array([0.0460162 , 0.02431251]), 'recall': array([0.16317623, 0.42780262]), 'ndcg': array([0.17198659, 0.3052694 ]), 'auc': array([0.])}
2024-06-22 19:37:16,271 - root - INFO - EPOCH[32/100] all_loss: 0.631 | time cost---Sampling: 1.02s--| 
2024-06-22 19:37:16,271 - root - INFO - Summary at recall = 0.16317623099852388
2024-06-22 19:38:15,145 - root - INFO - [testing at epoch-32]
2024-06-22 19:38:15,145 - root - INFO - {'precision': array([0.04612583, 0.0243415 ]), 'recall': array([0.16358321, 0.42828815]), 'ndcg': array([0.17209753, 0.30539838]), 'auc': array([0.])}
2024-06-22 19:38:15,146 - root - INFO - EPOCH[33/100] all_loss: 0.614 | time cost---Sampling: 1.06s--| 
2024-06-22 19:38:15,146 - root - INFO - Summary at recall = 0.16358321417468752
2024-06-22 19:39:13,302 - root - INFO - [testing at epoch-33]
2024-06-22 19:39:13,302 - root - INFO - {'precision': array([0.04616388, 0.02434059]), 'recall': array([0.16370009, 0.42829457]), 'ndcg': array([0.17220645, 0.30541554]), 'auc': array([0.])}
2024-06-22 19:39:13,303 - root - INFO - EPOCH[34/100] all_loss: 0.599 | time cost---Sampling: 0.96s--| 
2024-06-22 19:39:13,303 - root - INFO - Summary at recall = 0.16370009445954514
2024-06-22 19:40:12,382 - root - INFO - [testing at epoch-34]
2024-06-22 19:40:12,382 - root - INFO - {'precision': array([0.04626173, 0.02435382]), 'recall': array([0.16409225, 0.42848556]), 'ndcg': array([0.17256048, 0.30552743]), 'auc': array([0.])}
2024-06-22 19:40:12,383 - root - INFO - EPOCH[35/100] all_loss: 0.583 | time cost---Sampling: 1.06s--| 
2024-06-22 19:40:12,383 - root - INFO - Summary at recall = 0.16409225387822418
2024-06-22 19:41:11,254 - root - INFO - [testing at epoch-35]
2024-06-22 19:41:11,254 - root - INFO - {'precision': array([0.04631156, 0.02437484]), 'recall': array([0.16425076, 0.42881088]), 'ndcg': array([0.17258905, 0.30567633]), 'auc': array([0.])}
2024-06-22 19:41:11,255 - root - INFO - EPOCH[36/100] all_loss: 0.568 | time cost---Sampling: 0.99s--| 
2024-06-22 19:41:11,255 - root - INFO - Summary at recall = 0.16425076478629108
2024-06-22 19:42:11,421 - root - INFO - [testing at epoch-36]
2024-06-22 19:42:11,422 - root - INFO - {'precision': array([0.04634599, 0.02438698]), 'recall': array([0.16433351, 0.42889638]), 'ndcg': array([0.17272271, 0.30571802]), 'auc': array([0.])}
2024-06-22 19:42:11,423 - root - INFO - EPOCH[37/100] all_loss: 0.554 | time cost---Sampling: 1.06s--| 
2024-06-22 19:42:11,423 - root - INFO - Summary at recall = 0.16433350621624912
2024-06-22 19:43:12,466 - root - INFO - [testing at epoch-37]
2024-06-22 19:43:12,466 - root - INFO - {'precision': array([0.04640579, 0.02438281]), 'recall': array([0.16456622, 0.42881246]), 'ndcg': array([0.17293689, 0.3057966 ]), 'auc': array([0.])}
2024-06-22 19:43:12,467 - root - INFO - EPOCH[38/100] all_loss: 0.538 | time cost---Sampling: 1.10s--| 
2024-06-22 19:43:12,467 - root - INFO - Summary at recall = 0.1645662249153812
2024-06-22 19:44:12,704 - root - INFO - [testing at epoch-38]
2024-06-22 19:44:12,704 - root - INFO - {'precision': array([0.04645834, 0.02437013]), 'recall': array([0.16470327, 0.42858437]), 'ndcg': array([0.17302394, 0.30581713]), 'auc': array([0.])}
2024-06-22 19:44:12,705 - root - INFO - EPOCH[39/100] all_loss: 0.523 | time cost---Sampling: 1.08s--| 
2024-06-22 19:44:12,705 - root - INFO - Summary at recall = 0.16470327402862006
2024-06-22 19:45:12,679 - root - INFO - [testing at epoch-39]
2024-06-22 19:45:12,680 - root - INFO - {'precision': array([0.04649549, 0.02436796]), 'recall': array([0.16479141, 0.42844697]), 'ndcg': array([0.17301164, 0.30567685]), 'auc': array([0.])}
2024-06-22 19:45:12,681 - root - INFO - EPOCH[40/100] all_loss: 0.509 | time cost---Sampling: 1.02s--| 
2024-06-22 19:45:12,681 - root - INFO - Summary at recall = 0.16479140769637526
2024-06-22 19:46:13,707 - root - INFO - [testing at epoch-40]
2024-06-22 19:46:13,708 - root - INFO - {'precision': array([0.04651089, 0.02436524]), 'recall': array([0.16482799, 0.42833152]), 'ndcg': array([0.17305561, 0.30563268]), 'auc': array([0.])}
2024-06-22 19:46:13,708 - root - INFO - EPOCH[41/100] all_loss: 0.495 | time cost---Sampling: 1.06s--| 
2024-06-22 19:46:13,709 - root - INFO - Summary at recall = 0.16482799367368914
2024-06-22 19:47:14,897 - root - INFO - [testing at epoch-41]
2024-06-22 19:47:14,897 - root - INFO - {'precision': array([0.04652357, 0.02434929]), 'recall': array([0.16490438, 0.42799257]), 'ndcg': array([0.17294979, 0.30528343]), 'auc': array([0.])}
2024-06-22 19:47:14,898 - root - INFO - EPOCH[42/100] all_loss: 0.481 | time cost---Sampling: 1.05s--| 
2024-06-22 19:47:14,898 - root - INFO - Summary at recall = 0.16490437731793986
2024-06-22 19:48:15,469 - root - INFO - [testing at epoch-42]
2024-06-22 19:48:15,470 - root - INFO - {'precision': array([0.04656616, 0.02433516]), 'recall': array([0.16504896, 0.42768372]), 'ndcg': array([0.17296992, 0.30508796]), 'auc': array([0.])}
2024-06-22 19:48:15,471 - root - INFO - EPOCH[43/100] all_loss: 0.468 | time cost---Sampling: 1.08s--| 
2024-06-22 19:48:15,471 - root - INFO - Summary at recall = 0.1650489612933415
2024-06-22 19:49:15,208 - root - INFO - [testing at epoch-43]
2024-06-22 19:49:15,208 - root - INFO - {'precision': array([0.04650817, 0.02430798]), 'recall': array([0.16482105, 0.42716865]), 'ndcg': array([0.17279029, 0.30486647]), 'auc': array([0.])}
2024-06-22 19:49:15,209 - root - INFO - EPOCH[44/100] all_loss: 0.454 | time cost---Sampling: 1.04s--| 
2024-06-22 19:49:50,605 - root - INFO - [testing at epoch-44]
2024-06-22 19:49:50,605 - root - INFO - {'precision': array([0.04650183, 0.02428587]), 'recall': array([0.16474233, 0.4267444 ]), 'ndcg': array([0.17269328, 0.30461155]), 'auc': array([0.])}
2024-06-22 19:49:50,606 - root - INFO - EPOCH[45/100] all_loss: 0.440 | time cost---Sampling: 0.98s--| 
2024-06-22 19:50:25,672 - root - INFO - [testing at epoch-45]
2024-06-22 19:50:25,672 - root - INFO - {'precision': array([0.04647284, 0.02425235]), 'recall': array([0.16457503, 0.42606801]), 'ndcg': array([0.17242622, 0.30421208]), 'auc': array([0.])}
2024-06-22 19:50:25,673 - root - INFO - EPOCH[46/100] all_loss: 0.428 | time cost---Sampling: 1.09s--| 
2024-06-22 19:51:00,504 - root - INFO - [testing at epoch-46]
2024-06-22 19:51:00,505 - root - INFO - {'precision': array([0.04641032, 0.02422082]), 'recall': array([0.16435779, 0.42548726]), 'ndcg': array([0.17222278, 0.30389806]), 'auc': array([0.])}
2024-06-22 19:51:00,506 - root - INFO - EPOCH[47/100] all_loss: 0.416 | time cost---Sampling: 1.07s--| 
2024-06-22 19:51:36,468 - root - INFO - [testing at epoch-47]
2024-06-22 19:51:36,469 - root - INFO - {'precision': array([0.04634237, 0.02419255]), 'recall': array([0.16408823, 0.42492892]), 'ndcg': array([0.17175866, 0.30336772]), 'auc': array([0.])}
2024-06-22 19:51:36,469 - root - INFO - EPOCH[48/100] all_loss: 0.404 | time cost---Sampling: 1.00s--| 
2024-06-22 19:52:11,409 - root - INFO - [testing at epoch-48]
2024-06-22 19:52:11,409 - root - INFO - {'precision': array([0.04630432, 0.02415884]), 'recall': array([0.16391949, 0.42430692]), 'ndcg': array([0.17170877, 0.30310013]), 'auc': array([0.])}
2024-06-22 19:52:11,410 - root - INFO - EPOCH[49/100] all_loss: 0.392 | time cost---Sampling: 1.09s--| 
2024-06-22 19:52:46,444 - root - INFO - [testing at epoch-49]
2024-06-22 19:52:46,445 - root - INFO - {'precision': array([0.04629616, 0.02412315]), 'recall': array([0.16386624, 0.42364011]), 'ndcg': array([0.17163471, 0.30279982]), 'auc': array([0.])}
2024-06-22 19:52:46,446 - root - INFO - EPOCH[50/100] all_loss: 0.381 | time cost---Sampling: 1.06s--| 
2024-06-22 19:53:21,517 - root - INFO - [testing at epoch-50]
2024-06-22 19:53:21,517 - root - INFO - {'precision': array([0.04623365, 0.02409107]), 'recall': array([0.16369779, 0.42304797]), 'ndcg': array([0.17146736, 0.30244988]), 'auc': array([0.])}
2024-06-22 19:53:21,520 - root - INFO - EPOCH[51/100] all_loss: 0.370 | time cost---Sampling: 1.07s--| 
2024-06-22 19:53:56,207 - root - INFO - [testing at epoch-51]
2024-06-22 19:53:56,207 - root - INFO - {'precision': array([0.04623546, 0.02406498]), 'recall': array([0.16367055, 0.42250305]), 'ndcg': array([0.17114453, 0.30190193]), 'auc': array([0.])}
2024-06-22 19:53:56,208 - root - INFO - EPOCH[52/100] all_loss: 0.359 | time cost---Sampling: 1.02s--| 
2024-06-22 19:54:31,466 - root - INFO - [testing at epoch-52]
2024-06-22 19:54:31,466 - root - INFO - {'precision': array([0.0461521 , 0.02403273]), 'recall': array([0.16335307, 0.42194664]), 'ndcg': array([0.17086331, 0.30160143]), 'auc': array([0.])}
2024-06-22 19:54:31,467 - root - INFO - EPOCH[53/100] all_loss: 0.348 | time cost---Sampling: 1.06s--| 
2024-06-22 19:55:06,868 - root - INFO - [testing at epoch-53]
2024-06-22 19:55:06,869 - root - INFO - {'precision': array([0.04609774, 0.02400591]), 'recall': array([0.16313519, 0.4214466 ]), 'ndcg': array([0.17054869, 0.30115717]), 'auc': array([0.])}
2024-06-22 19:55:06,870 - root - INFO - EPOCH[54/100] all_loss: 0.339 | time cost---Sampling: 1.06s--| 
2024-06-22 19:55:41,898 - root - INFO - [testing at epoch-54]
2024-06-22 19:55:41,898 - root - INFO - {'precision': array([0.04600986, 0.02396677]), 'recall': array([0.16283616, 0.42070643]), 'ndcg': array([0.17033683, 0.30086048]), 'auc': array([0.])}
2024-06-22 19:55:41,899 - root - INFO - EPOCH[55/100] all_loss: 0.329 | time cost---Sampling: 1.03s--| 
2024-06-22 19:56:16,539 - root - INFO - [testing at epoch-55]
2024-06-22 19:56:16,540 - root - INFO - {'precision': array([0.0460008 , 0.02392672]), 'recall': array([0.16276759, 0.41998378]), 'ndcg': array([0.17020426, 0.30036662]), 'auc': array([0.])}
2024-06-22 19:56:16,540 - root - INFO - EPOCH[56/100] all_loss: 0.319 | time cost---Sampling: 1.08s--| 
2024-06-22 19:56:51,414 - root - INFO - [testing at epoch-56]
2024-06-22 19:56:51,414 - root - INFO - {'precision': array([0.04597633, 0.02389718]), 'recall': array([0.16265673, 0.41939474]), 'ndcg': array([0.17008583, 0.29997383]), 'auc': array([0.])}
2024-06-22 19:56:51,415 - root - INFO - EPOCH[57/100] all_loss: 0.310 | time cost---Sampling: 1.03s--| 
2024-06-22 19:57:25,887 - root - INFO - [testing at epoch-57]
2024-06-22 19:57:25,887 - root - INFO - {'precision': array([0.04585493, 0.02386094]), 'recall': array([0.16221835, 0.41871848]), 'ndcg': array([0.16956741, 0.29945071]), 'auc': array([0.])}
2024-06-22 19:57:25,888 - root - INFO - EPOCH[58/100] all_loss: 0.301 | time cost---Sampling: 1.08s--| 
2024-06-22 19:58:01,507 - root - INFO - [testing at epoch-58]
2024-06-22 19:58:01,507 - root - INFO - {'precision': array([0.04576251, 0.023816  ]), 'recall': array([0.16187414, 0.41793591]), 'ndcg': array([0.1692991 , 0.29905256]), 'auc': array([0.])}
2024-06-22 19:58:01,508 - root - INFO - EPOCH[59/100] all_loss: 0.293 | time cost---Sampling: 1.04s--| 
2024-06-22 19:58:36,712 - root - INFO - [testing at epoch-59]
2024-06-22 19:58:36,713 - root - INFO - {'precision': array([0.0457453 , 0.02376817]), 'recall': array([0.16174897, 0.41705474]), 'ndcg': array([0.16904943, 0.29843857]), 'auc': array([0.])}
2024-06-22 19:58:36,714 - root - INFO - EPOCH[60/100] all_loss: 0.284 | time cost---Sampling: 1.11s--| 
2024-06-22 19:59:12,210 - root - INFO - [testing at epoch-60]
2024-06-22 19:59:12,210 - root - INFO - {'precision': array([0.04560849, 0.02372921]), 'recall': array([0.16126736, 0.41632223]), 'ndcg': array([0.16862663, 0.29790337]), 'auc': array([0.])}
2024-06-22 19:59:12,211 - root - INFO - EPOCH[61/100] all_loss: 0.276 | time cost---Sampling: 1.04s--| 
2024-06-22 19:59:47,741 - root - INFO - [testing at epoch-61]
2024-06-22 19:59:47,742 - root - INFO - {'precision': array([0.04553419, 0.02369514]), 'recall': array([0.16096317, 0.41567639]), 'ndcg': array([0.16825449, 0.29753175]), 'auc': array([0.])}
2024-06-22 19:59:47,742 - root - INFO - EPOCH[62/100] all_loss: 0.268 | time cost---Sampling: 1.31s--| 
2024-06-22 20:00:22,885 - root - INFO - [testing at epoch-62]
2024-06-22 20:00:22,886 - root - INFO - {'precision': array([0.04541279, 0.02365926]), 'recall': array([0.1605582 , 0.41503703]), 'ndcg': array([0.16789226, 0.29702474]), 'auc': array([0.])}
2024-06-22 20:00:22,886 - root - INFO - EPOCH[63/100] all_loss: 0.261 | time cost---Sampling: 1.07s--| 
2024-06-22 20:00:58,227 - root - INFO - [testing at epoch-63]
2024-06-22 20:00:58,227 - root - INFO - {'precision': array([0.0452941 , 0.02362791]), 'recall': array([0.16014476, 0.41442443]), 'ndcg': array([0.16746166, 0.29649364]), 'auc': array([0.])}
2024-06-22 20:00:58,228 - root - INFO - EPOCH[64/100] all_loss: 0.253 | time cost---Sampling: 1.07s--| 
2024-06-22 20:01:33,821 - root - INFO - [testing at epoch-64]
2024-06-22 20:01:33,821 - root - INFO - {'precision': array([0.04518628, 0.02359077]), 'recall': array([0.15971184, 0.41374159]), 'ndcg': array([0.16710954, 0.29615198]), 'auc': array([0.])}
2024-06-22 20:01:33,822 - root - INFO - EPOCH[65/100] all_loss: 0.245 | time cost---Sampling: 1.13s--| 
2024-06-22 20:02:09,555 - root - INFO - [testing at epoch-65]
2024-06-22 20:02:09,556 - root - INFO - {'precision': array([0.04513011, 0.02353731]), 'recall': array([0.15949582, 0.4128071 ]), 'ndcg': array([0.16685832, 0.29563409]), 'auc': array([0.])}
2024-06-22 20:02:09,557 - root - INFO - EPOCH[66/100] all_loss: 0.239 | time cost---Sampling: 1.17s--| 
2024-06-22 20:02:45,765 - root - INFO - [testing at epoch-66]
2024-06-22 20:02:45,765 - root - INFO - {'precision': array([0.04506397, 0.02348694]), 'recall': array([0.15925887, 0.41189116]), 'ndcg': array([0.1665135 , 0.29503664]), 'auc': array([0.])}
2024-06-22 20:02:45,766 - root - INFO - EPOCH[67/100] all_loss: 0.233 | time cost---Sampling: 1.09s--| 
2024-06-22 20:03:21,778 - root - INFO - [testing at epoch-67]
2024-06-22 20:03:21,778 - root - INFO - {'precision': array([0.04494528, 0.02344598]), 'recall': array([0.15878822, 0.41116296]), 'ndcg': array([0.16620498, 0.29472683]), 'auc': array([0.])}
2024-06-22 20:03:21,779 - root - INFO - EPOCH[68/100] all_loss: 0.226 | time cost---Sampling: 1.06s--| 
2024-06-22 20:03:57,473 - root - INFO - [testing at epoch-68]
2024-06-22 20:03:57,473 - root - INFO - {'precision': array([0.04480665, 0.02339072]), 'recall': array([0.15831864, 0.41013459]), 'ndcg': array([0.16559071, 0.29399852]), 'auc': array([0.])}
2024-06-22 20:03:57,474 - root - INFO - EPOCH[69/100] all_loss: 0.220 | time cost---Sampling: 1.31s--| 
2024-06-22 20:04:32,744 - root - INFO - [testing at epoch-69]
2024-06-22 20:04:32,745 - root - INFO - {'precision': array([0.04470699, 0.02334759]), 'recall': array([0.15792261, 0.40934086]), 'ndcg': array([0.16526101, 0.29349097]), 'auc': array([0.])}
2024-06-22 20:04:32,746 - root - INFO - EPOCH[70/100] all_loss: 0.214 | time cost---Sampling: 1.08s--| 
2024-06-22 20:05:09,564 - root - INFO - [testing at epoch-70]
2024-06-22 20:05:09,564 - root - INFO - {'precision': array([0.0445738 , 0.02330192]), 'recall': array([0.15749598, 0.40852607]), 'ndcg': array([0.16486984, 0.29295383]), 'auc': array([0.])}
2024-06-22 20:05:09,565 - root - INFO - EPOCH[71/100] all_loss: 0.208 | time cost---Sampling: 1.07s--| 
2024-06-22 20:05:44,206 - root - INFO - [testing at epoch-71]
2024-06-22 20:05:44,206 - root - INFO - {'precision': array([0.04452397, 0.02324575]), 'recall': array([0.15729444, 0.40751061]), 'ndcg': array([0.1646244 , 0.29243351]), 'auc': array([0.])}
2024-06-22 20:05:44,207 - root - INFO - EPOCH[72/100] all_loss: 0.203 | time cost---Sampling: 1.11s--| 
2024-06-22 20:06:19,802 - root - INFO - [testing at epoch-72]
2024-06-22 20:06:19,802 - root - INFO - {'precision': array([0.04446508, 0.0232144 ]), 'recall': array([0.1570529 , 0.40689762]), 'ndcg': array([0.16434936, 0.29203606]), 'auc': array([0.])}
2024-06-22 20:06:19,803 - root - INFO - EPOCH[73/100] all_loss: 0.198 | time cost---Sampling: 1.08s--| 
2024-06-22 20:06:55,224 - root - INFO - [testing at epoch-73]
2024-06-22 20:06:55,224 - root - INFO - {'precision': array([0.04436179, 0.02316983]), 'recall': array([0.15668658, 0.40613638]), 'ndcg': array([0.16392603, 0.29149361]), 'auc': array([0.])}
2024-06-22 20:06:55,225 - root - INFO - EPOCH[74/100] all_loss: 0.192 | time cost---Sampling: 1.06s--| 
2024-06-22 20:07:31,011 - root - INFO - [testing at epoch-74]
2024-06-22 20:07:31,011 - root - INFO - {'precision': array([0.04426847, 0.02312634]), 'recall': array([0.15638122, 0.4053345 ]), 'ndcg': array([0.16341063, 0.29079921]), 'auc': array([0.])}
2024-06-22 20:07:31,012 - root - INFO - EPOCH[75/100] all_loss: 0.188 | time cost---Sampling: 1.08s--| 
2024-06-22 20:08:06,157 - root - INFO - [testing at epoch-75]
2024-06-22 20:08:06,157 - root - INFO - {'precision': array([0.04417153, 0.02307578]), 'recall': array([0.15605832, 0.40439911]), 'ndcg': array([0.16306455, 0.29028946]), 'auc': array([0.])}
2024-06-22 20:08:06,158 - root - INFO - EPOCH[76/100] all_loss: 0.183 | time cost---Sampling: 1.07s--| 
2024-06-22 20:08:41,265 - root - INFO - [testing at epoch-76]
2024-06-22 20:08:41,265 - root - INFO - {'precision': array([0.04406009, 0.02304153]), 'recall': array([0.15565148, 0.4037475 ]), 'ndcg': array([0.16256582, 0.2897409 ]), 'auc': array([0.])}
2024-06-22 20:08:41,266 - root - INFO - EPOCH[77/100] all_loss: 0.178 | time cost---Sampling: 1.07s--| 
2024-06-22 20:09:16,130 - root - INFO - [testing at epoch-77]
2024-06-22 20:09:16,130 - root - INFO - {'precision': array([0.04395771, 0.02299551]), 'recall': array([0.15527445, 0.40294027]), 'ndcg': array([0.16214527, 0.28924538]), 'auc': array([0.])}
2024-06-22 20:09:16,131 - root - INFO - EPOCH[78/100] all_loss: 0.173 | time cost---Sampling: 0.97s--| 
2024-06-22 20:09:51,163 - root - INFO - [testing at epoch-78]
2024-06-22 20:09:51,163 - root - INFO - {'precision': array([0.04383177, 0.0229493 ]), 'recall': array([0.15482787, 0.40202092]), 'ndcg': array([0.16196364, 0.28888534]), 'auc': array([0.])}
2024-06-22 20:09:51,164 - root - INFO - EPOCH[79/100] all_loss: 0.169 | time cost---Sampling: 1.09s--| 
2024-06-22 20:10:26,301 - root - INFO - [testing at epoch-79]
2024-06-22 20:10:26,301 - root - INFO - {'precision': array([0.04373845, 0.02290853]), 'recall': array([0.1544803 , 0.40130968]), 'ndcg': array([0.16161699, 0.28840277]), 'auc': array([0.])}
2024-06-22 20:10:26,302 - root - INFO - EPOCH[80/100] all_loss: 0.166 | time cost---Sampling: 1.01s--| 
2024-06-22 20:11:01,172 - root - INFO - [testing at epoch-80]
2024-06-22 20:11:01,172 - root - INFO - {'precision': array([0.0436415 , 0.02286069]), 'recall': array([0.15414574, 0.40044431]), 'ndcg': array([0.16124142, 0.28782271]), 'auc': array([0.])}
2024-06-22 20:11:01,173 - root - INFO - EPOCH[81/100] all_loss: 0.161 | time cost---Sampling: 1.09s--| 
2024-06-22 20:11:36,322 - root - INFO - [testing at epoch-81]
2024-06-22 20:11:36,322 - root - INFO - {'precision': array([0.04355905, 0.0228143 ]), 'recall': array([0.15383007, 0.39957694]), 'ndcg': array([0.16098235, 0.28736736]), 'auc': array([0.])}
2024-06-22 20:11:36,323 - root - INFO - EPOCH[82/100] all_loss: 0.157 | time cost---Sampling: 1.07s--| 
2024-06-22 20:12:11,384 - root - INFO - [testing at epoch-82]
2024-06-22 20:12:11,385 - root - INFO - {'precision': array([0.04343946, 0.02277117]), 'recall': array([0.15338535, 0.39881622]), 'ndcg': array([0.16052809, 0.28683913]), 'auc': array([0.])}
2024-06-22 20:12:11,385 - root - INFO - EPOCH[83/100] all_loss: 0.153 | time cost---Sampling: 1.01s--| 
2024-06-22 20:12:47,576 - root - INFO - [testing at epoch-83]
2024-06-22 20:12:47,576 - root - INFO - {'precision': array([0.04338057, 0.02272297]), 'recall': array([0.15318436, 0.39790055]), 'ndcg': array([0.16028941, 0.28636638]), 'auc': array([0.])}
2024-06-22 20:12:47,577 - root - INFO - EPOCH[84/100] all_loss: 0.150 | time cost---Sampling: 1.09s--| 
2024-06-22 20:13:22,688 - root - INFO - [testing at epoch-84]
2024-06-22 20:13:22,688 - root - INFO - {'precision': array([0.04326822, 0.02266698]), 'recall': array([0.15278689, 0.39686381]), 'ndcg': array([0.15998537, 0.28583928]), 'auc': array([0.])}
2024-06-22 20:13:22,689 - root - INFO - EPOCH[85/100] all_loss: 0.146 | time cost---Sampling: 1.04s--| 
2024-06-22 20:13:57,986 - root - INFO - [testing at epoch-85]
2024-06-22 20:13:57,986 - root - INFO - {'precision': array([0.04312869, 0.02262929]), 'recall': array([0.15230578, 0.3962023 ]), 'ndcg': array([0.15940746, 0.28524939]), 'auc': array([0.])}
2024-06-22 20:13:57,987 - root - INFO - EPOCH[86/100] all_loss: 0.143 | time cost---Sampling: 1.07s--| 
2024-06-22 20:14:33,433 - root - INFO - [testing at epoch-86]
2024-06-22 20:14:33,434 - root - INFO - {'precision': array([0.04300457, 0.02258834]), 'recall': array([0.151842  , 0.39549482]), 'ndcg': array([0.15919249, 0.28505714]), 'auc': array([0.])}
2024-06-22 20:14:33,435 - root - INFO - EPOCH[87/100] all_loss: 0.139 | time cost---Sampling: 1.06s--| 
2024-06-22 20:15:08,616 - root - INFO - [testing at epoch-87]
2024-06-22 20:15:08,616 - root - INFO - {'precision': array([0.04296198, 0.02254286]), 'recall': array([0.15171822, 0.39464739]), 'ndcg': array([0.15894796, 0.28454599]), 'auc': array([0.])}
2024-06-22 20:15:08,617 - root - INFO - EPOCH[88/100] all_loss: 0.137 | time cost---Sampling: 1.01s--| 
2024-06-22 20:15:44,151 - root - INFO - [testing at epoch-88]
2024-06-22 20:15:44,151 - root - INFO - {'precision': array([0.04290581, 0.02250861]), 'recall': array([0.15152797, 0.39404099]), 'ndcg': array([0.15900135, 0.28439703]), 'auc': array([0.])}
2024-06-22 20:15:44,152 - root - INFO - EPOCH[89/100] all_loss: 0.134 | time cost---Sampling: 1.08s--| 
2024-06-22 20:16:19,399 - root - INFO - [testing at epoch-89]
2024-06-22 20:16:19,399 - root - INFO - {'precision': array([0.04283242, 0.02245878]), 'recall': array([0.151254  , 0.39313991]), 'ndcg': array([0.15866354, 0.28382496]), 'auc': array([0.])}
2024-06-22 20:16:19,400 - root - INFO - EPOCH[90/100] all_loss: 0.130 | time cost---Sampling: 1.06s--| 
2024-06-22 20:16:54,756 - root - INFO - [testing at epoch-90]
2024-06-22 20:16:54,757 - root - INFO - {'precision': array([0.04269742, 0.02241728]), 'recall': array([0.15076411, 0.39240731]), 'ndcg': array([0.15829331, 0.28341557]), 'auc': array([0.])}
2024-06-22 20:16:54,758 - root - INFO - EPOCH[91/100] all_loss: 0.128 | time cost---Sampling: 1.09s--| 
2024-06-22 20:17:30,091 - root - INFO - [testing at epoch-91]
2024-06-22 20:17:30,091 - root - INFO - {'precision': array([0.04262041, 0.02237143]), 'recall': array([0.15047742, 0.39151563]), 'ndcg': array([0.15806711, 0.28302876]), 'auc': array([0.])}
2024-06-22 20:17:30,092 - root - INFO - EPOCH[92/100] all_loss: 0.125 | time cost---Sampling: 1.06s--| 
2024-06-22 20:18:05,372 - root - INFO - [testing at epoch-92]
2024-06-22 20:18:05,372 - root - INFO - {'precision': array([0.04253253, 0.02232885]), 'recall': array([0.15014227, 0.39073142]), 'ndcg': array([0.15773784, 0.28252286]), 'auc': array([0.])}
2024-06-22 20:18:05,373 - root - INFO - EPOCH[93/100] all_loss: 0.122 | time cost---Sampling: 1.04s--| 
2024-06-22 20:18:40,417 - root - INFO - [testing at epoch-93]
2024-06-22 20:18:40,417 - root - INFO - {'precision': array([0.04239572, 0.02228971]), 'recall': array([0.1496592 , 0.39004419]), 'ndcg': array([0.15732737, 0.28212661]), 'auc': array([0.])}
2024-06-22 20:18:40,418 - root - INFO - EPOCH[94/100] all_loss: 0.120 | time cost---Sampling: 1.08s--| 
2024-06-22 20:19:15,577 - root - INFO - [testing at epoch-94]
2024-06-22 20:19:15,577 - root - INFO - {'precision': array([0.04231961, 0.02224876]), 'recall': array([0.14935152, 0.38927733]), 'ndcg': array([0.15707878, 0.28170353]), 'auc': array([0.])}
2024-06-22 20:19:15,578 - root - INFO - EPOCH[95/100] all_loss: 0.117 | time cost---Sampling: 1.08s--| 
2024-06-22 20:19:50,704 - root - INFO - [testing at epoch-95]
2024-06-22 20:19:50,704 - root - INFO - {'precision': array([0.04219367, 0.02221669]), 'recall': array([0.14889023, 0.3886783 ]), 'ndcg': array([0.15660935, 0.28123476]), 'auc': array([0.])}
2024-06-22 20:19:50,705 - root - INFO - EPOCH[96/100] all_loss: 0.115 | time cost---Sampling: 1.06s--| 
2024-06-22 20:20:25,661 - root - INFO - [testing at epoch-96]
2024-06-22 20:20:25,661 - root - INFO - {'precision': array([0.04205505, 0.02217175]), 'recall': array([0.14840486, 0.38787294]), 'ndcg': array([0.15624163, 0.28091285]), 'auc': array([0.])}
2024-06-22 20:20:25,662 - root - INFO - EPOCH[97/100] all_loss: 0.113 | time cost---Sampling: 1.05s--| 
2024-06-22 20:21:00,738 - root - INFO - [testing at epoch-97]
2024-06-22 20:21:00,739 - root - INFO - {'precision': array([0.04199163, 0.02214185]), 'recall': array([0.14820152, 0.3873423 ]), 'ndcg': array([0.15610603, 0.28058371]), 'auc': array([0.])}
2024-06-22 20:21:00,740 - root - INFO - EPOCH[98/100] all_loss: 0.111 | time cost---Sampling: 1.07s--| 
2024-06-22 20:21:35,814 - root - INFO - [testing at epoch-98]
2024-06-22 20:21:35,814 - root - INFO - {'precision': array([0.04195901, 0.02209129]), 'recall': array([0.14801033, 0.3864339 ]), 'ndcg': array([0.15587107, 0.28000694]), 'auc': array([0.])}
2024-06-22 20:21:35,815 - root - INFO - EPOCH[99/100] all_loss: 0.108 | time cost---Sampling: 1.09s--| 
2024-06-22 20:22:10,997 - root - INFO - [testing at epoch-99]
2024-06-22 20:22:10,997 - root - INFO - {'precision': array([0.04179955, 0.02204907]), 'recall': array([0.14747356, 0.38563443]), 'ndcg': array([0.1555669 , 0.27960982]), 'auc': array([0.])}
2024-06-22 20:22:10,998 - root - INFO - EPOCH[100/100] all_loss: 0.106 | time cost---Sampling: 1.02s--| 
