2024-06-26 20:42:13,742 - root - INFO - Namespace(N=25, R=100, alpha=0.5, bpr_neg_num=4, compute_rank=1, dataset='book', dim=256, epoch=50, eps=1e-20, layers=2, lmd2=0.1, lr=0.0005, model='bgr', neg_ratio=48, norm_a=1.0, save_embed=1, seed=2021, tensorboard=True, test_batch=100, test_file='test.txt', topks=[20, 100], train_batch=2048, train_file='train.txt', weight=1e-06)
2024-06-26 20:44:59,574 - root - INFO - [testing at epoch-0]
2024-06-26 20:44:59,575 - root - INFO - {'precision': array([0.01042019, 0.00643732]), 'recall': array([0.02220072, 0.06531086]), 'ndcg': array([0.04577091, 0.09282468]), 'auc': array([0.])}
2024-06-26 20:44:59,576 - root - INFO - EPOCH[1/50] all_loss: 1.614 | time cost---Sampling: 10.49s--| 
2024-06-26 20:44:59,576 - root - INFO - Summary at recall = 0.02220072112662138
2024-06-26 20:48:35,197 - root - INFO - [testing at epoch-1]
2024-06-26 20:48:35,197 - root - INFO - {'precision': array([0.01404175, 0.00885588]), 'recall': array([0.0317815 , 0.09547163]), 'ndcg': array([0.06075033, 0.12404682]), 'auc': array([0.])}
2024-06-26 20:48:35,198 - root - INFO - EPOCH[2/50] all_loss: 1.548 | time cost---Sampling: 10.52s--| 
2024-06-26 20:48:35,198 - root - INFO - Summary at recall = 0.031781495534365725
2024-06-26 20:52:22,639 - root - INFO - [testing at epoch-2]
2024-06-26 20:52:22,639 - root - INFO - {'precision': array([0.01548449, 0.00980187]), 'recall': array([0.03542006, 0.10712579]), 'ndcg': array([0.06649265, 0.13590157]), 'auc': array([0.])}
2024-06-26 20:52:22,640 - root - INFO - EPOCH[3/50] all_loss: 1.481 | time cost---Sampling: 11.50s--| 
2024-06-26 20:52:22,640 - root - INFO - Summary at recall = 0.03542006438759019
2024-06-26 20:56:04,601 - root - INFO - [testing at epoch-3]
2024-06-26 20:56:04,601 - root - INFO - {'precision': array([0.0166043 , 0.01053359]), 'recall': array([0.03852773, 0.11639491]), 'ndcg': array([0.07048144, 0.14430325]), 'auc': array([0.])}
2024-06-26 20:56:04,602 - root - INFO - EPOCH[4/50] all_loss: 1.411 | time cost---Sampling: 11.19s--| 
2024-06-26 20:56:04,602 - root - INFO - Summary at recall = 0.038527732350490645
2024-06-26 20:59:46,155 - root - INFO - [testing at epoch-4]
2024-06-26 20:59:46,155 - root - INFO - {'precision': array([0.0175161 , 0.01109397]), 'recall': array([0.04118652, 0.12356094]), 'ndcg': array([0.07344143, 0.1505576 ]), 'auc': array([0.])}
2024-06-26 20:59:46,156 - root - INFO - EPOCH[5/50] all_loss: 1.342 | time cost---Sampling: 11.47s--| 
2024-06-26 20:59:46,156 - root - INFO - Summary at recall = 0.04118651639633976
2024-06-26 21:03:26,452 - root - INFO - [testing at epoch-5]
2024-06-26 21:03:26,453 - root - INFO - {'precision': array([0.01831773, 0.01156184]), 'recall': array([0.04341662, 0.129597  ]), 'ndcg': array([0.07602938, 0.15570538]), 'auc': array([0.])}
2024-06-26 21:03:26,454 - root - INFO - EPOCH[6/50] all_loss: 1.277 | time cost---Sampling: 11.27s--| 
2024-06-26 21:03:26,454 - root - INFO - Summary at recall = 0.04341662120867809
2024-06-26 21:07:07,203 - root - INFO - [testing at epoch-6]
2024-06-26 21:07:07,203 - root - INFO - {'precision': array([0.01896074, 0.01194708]), 'recall': array([0.04534023, 0.13475277]), 'ndcg': array([0.07845335, 0.1602284 ]), 'auc': array([0.])}
2024-06-26 21:07:07,204 - root - INFO - EPOCH[7/50] all_loss: 1.215 | time cost---Sampling: 11.43s--| 
2024-06-26 21:07:07,204 - root - INFO - Summary at recall = 0.045340226843298
2024-06-26 21:10:45,831 - root - INFO - [testing at epoch-7]
2024-06-26 21:10:45,831 - root - INFO - {'precision': array([0.01951257, 0.01227742]), 'recall': array([0.0469302, 0.1390845]), 'ndcg': array([0.08027244, 0.16385182]), 'auc': array([0.])}
2024-06-26 21:10:45,832 - root - INFO - EPOCH[8/50] all_loss: 1.155 | time cost---Sampling: 10.76s--| 
2024-06-26 21:10:45,832 - root - INFO - Summary at recall = 0.04693019642492527
2024-06-26 21:14:29,612 - root - INFO - [testing at epoch-8]
2024-06-26 21:14:29,612 - root - INFO - {'precision': array([0.02002735, 0.01253367]), 'recall': array([0.04850661, 0.14245407]), 'ndcg': array([0.08205334, 0.16681186]), 'auc': array([0.])}
2024-06-26 21:14:29,613 - root - INFO - EPOCH[9/50] all_loss: 1.097 | time cost---Sampling: 11.28s--| 
2024-06-26 21:14:29,614 - root - INFO - Summary at recall = 0.04850661345550113
2024-06-26 21:18:12,475 - root - INFO - [testing at epoch-9]
2024-06-26 21:18:12,475 - root - INFO - {'precision': array([0.02038733, 0.01275668]), 'recall': array([0.04962558, 0.14543868]), 'ndcg': array([0.08346194, 0.16947535]), 'auc': array([0.])}
2024-06-26 21:18:12,476 - root - INFO - EPOCH[10/50] all_loss: 1.041 | time cost---Sampling: 11.13s--| 
2024-06-26 21:18:12,476 - root - INFO - Summary at recall = 0.04962557931918371
2024-06-26 21:21:57,166 - root - INFO - [testing at epoch-10]
2024-06-26 21:21:57,167 - root - INFO - {'precision': array([0.0207587, 0.0129303]), 'recall': array([0.05082343, 0.1478139 ]), 'ndcg': array([0.08490963, 0.17159904]), 'auc': array([0.])}
2024-06-26 21:21:57,168 - root - INFO - EPOCH[11/50] all_loss: 0.986 | time cost---Sampling: 10.85s--| 
2024-06-26 21:21:57,168 - root - INFO - Summary at recall = 0.05082343315087109
2024-06-26 21:25:39,510 - root - INFO - [testing at epoch-11]
2024-06-26 21:25:39,510 - root - INFO - {'precision': array([0.02110537, 0.01309291]), 'recall': array([0.05181539, 0.14999904]), 'ndcg': array([0.08626552, 0.1734652 ]), 'auc': array([0.])}
2024-06-26 21:25:39,511 - root - INFO - EPOCH[12/50] all_loss: 0.934 | time cost---Sampling: 11.49s--| 
2024-06-26 21:25:39,511 - root - INFO - Summary at recall = 0.05181538948785241
2024-06-26 21:29:25,183 - root - INFO - [testing at epoch-12]
2024-06-26 21:29:25,183 - root - INFO - {'precision': array([0.02139031, 0.01321467]), 'recall': array([0.05266042, 0.15164249]), 'ndcg': array([0.08735943, 0.17510351]), 'auc': array([0.])}
2024-06-26 21:29:25,184 - root - INFO - EPOCH[13/50] all_loss: 0.884 | time cost---Sampling: 11.11s--| 
2024-06-26 21:29:25,184 - root - INFO - Summary at recall = 0.05266041883971643
2024-06-26 21:33:10,745 - root - INFO - [testing at epoch-13]
2024-06-26 21:33:10,746 - root - INFO - {'precision': array([0.02161921, 0.01332694]), 'recall': array([0.05342146, 0.15310054]), 'ndcg': array([0.08827115, 0.17656548]), 'auc': array([0.])}
2024-06-26 21:33:10,747 - root - INFO - EPOCH[14/50] all_loss: 0.837 | time cost---Sampling: 11.32s--| 
2024-06-26 21:33:10,747 - root - INFO - Summary at recall = 0.05342146381168337
2024-06-26 21:36:56,413 - root - INFO - [testing at epoch-14]
2024-06-26 21:36:56,414 - root - INFO - {'precision': array([0.02174743, 0.01341603]), 'recall': array([0.05384986, 0.15422303]), 'ndcg': array([0.08894874, 0.1777648 ]), 'auc': array([0.])}
2024-06-26 21:36:56,414 - root - INFO - EPOCH[15/50] all_loss: 0.792 | time cost---Sampling: 11.56s--| 
2024-06-26 21:36:56,414 - root - INFO - Summary at recall = 0.05384986192209026
2024-06-26 21:40:40,900 - root - INFO - [testing at epoch-15]
2024-06-26 21:40:40,900 - root - INFO - {'precision': array([0.02195829, 0.01348232]), 'recall': array([0.05445998, 0.15515301]), 'ndcg': array([0.08972842, 0.17876146]), 'auc': array([0.])}
2024-06-26 21:40:40,901 - root - INFO - EPOCH[16/50] all_loss: 0.750 | time cost---Sampling: 11.39s--| 
2024-06-26 21:40:40,901 - root - INFO - Summary at recall = 0.05445998243393104
2024-06-26 21:44:25,458 - root - INFO - [testing at epoch-16]
2024-06-26 21:44:25,458 - root - INFO - {'precision': array([0.02206371, 0.01354596]), 'recall': array([0.05476938, 0.15596455]), 'ndcg': array([0.09022825, 0.17969679]), 'auc': array([0.])}
2024-06-26 21:44:25,459 - root - INFO - EPOCH[17/50] all_loss: 0.711 | time cost---Sampling: 11.32s--| 
2024-06-26 21:44:25,459 - root - INFO - Summary at recall = 0.05476938265824459
2024-06-26 21:48:11,391 - root - INFO - [testing at epoch-17]
2024-06-26 21:48:11,392 - root - INFO - {'precision': array([0.02217769, 0.01358281]), 'recall': array([0.055076  , 0.15649193]), 'ndcg': array([0.09092441, 0.1804471 ]), 'auc': array([0.])}
2024-06-26 21:48:11,392 - root - INFO - EPOCH[18/50] all_loss: 0.674 | time cost---Sampling: 11.26s--| 
2024-06-26 21:48:11,392 - root - INFO - Summary at recall = 0.055075995961273994
2024-06-26 21:51:56,950 - root - INFO - [testing at epoch-18]
2024-06-26 21:51:56,950 - root - INFO - {'precision': array([0.02224132, 0.01362346]), 'recall': array([0.05538152, 0.15699717]), 'ndcg': array([0.0912773 , 0.18102341]), 'auc': array([0.])}
2024-06-26 21:51:56,951 - root - INFO - EPOCH[19/50] all_loss: 0.640 | time cost---Sampling: 11.31s--| 
2024-06-26 21:51:56,951 - root - INFO - Summary at recall = 0.05538152127936679
2024-06-26 21:55:41,530 - root - INFO - [testing at epoch-19]
2024-06-26 21:55:41,530 - root - INFO - {'precision': array([0.02233725, 0.01364569]), 'recall': array([0.05570397, 0.15733883]), 'ndcg': array([0.09168395, 0.18158422]), 'auc': array([0.])}
2024-06-26 21:55:41,531 - root - INFO - EPOCH[20/50] all_loss: 0.609 | time cost---Sampling: 10.76s--| 
2024-06-26 21:55:41,531 - root - INFO - Summary at recall = 0.05570396661393334
2024-06-26 21:59:26,867 - root - INFO - [testing at epoch-20]
2024-06-26 21:59:26,868 - root - INFO - {'precision': array([0.02246263, 0.01367665]), 'recall': array([0.05603843, 0.15759272]), 'ndcg': array([0.09238272, 0.18227505]), 'auc': array([0.])}
2024-06-26 21:59:26,869 - root - INFO - EPOCH[21/50] all_loss: 0.580 | time cost---Sampling: 11.11s--| 
2024-06-26 21:59:26,869 - root - INFO - Summary at recall = 0.05603843224606613
2024-06-26 22:03:11,677 - root - INFO - [testing at epoch-21]
2024-06-26 22:03:11,677 - root - INFO - {'precision': array([0.02253291, 0.01369109]), 'recall': array([0.05636713, 0.15781064]), 'ndcg': array([0.09265532, 0.18267912]), 'auc': array([0.])}
2024-06-26 22:03:11,679 - root - INFO - EPOCH[22/50] all_loss: 0.552 | time cost---Sampling: 10.78s--| 
2024-06-26 22:03:11,679 - root - INFO - Summary at recall = 0.05636713179731391
2024-06-26 22:06:54,949 - root - INFO - [testing at epoch-22]
2024-06-26 22:06:54,949 - root - INFO - {'precision': array([0.022588  , 0.01370895]), 'recall': array([0.05648783, 0.15792678]), 'ndcg': array([0.09299888, 0.18294968]), 'auc': array([0.])}
2024-06-26 22:06:54,950 - root - INFO - EPOCH[23/50] all_loss: 0.527 | time cost---Sampling: 11.17s--| 
2024-06-26 22:06:54,950 - root - INFO - Summary at recall = 0.05648783192579569
2024-06-26 22:10:38,807 - root - INFO - [testing at epoch-23]
2024-06-26 22:10:38,808 - root - INFO - {'precision': array([0.02264879, 0.0136985 ]), 'recall': array([0.05662088, 0.15777825]), 'ndcg': array([0.09340725, 0.1830881 ]), 'auc': array([0.])}
2024-06-26 22:10:38,808 - root - INFO - EPOCH[24/50] all_loss: 0.504 | time cost---Sampling: 11.31s--| 
2024-06-26 22:10:38,809 - root - INFO - Summary at recall = 0.056620877486203744
2024-06-26 22:14:21,473 - root - INFO - [testing at epoch-24]
2024-06-26 22:14:21,473 - root - INFO - {'precision': array([0.02266683, 0.01369527]), 'recall': array([0.05667891, 0.15773586]), 'ndcg': array([0.09375063, 0.1833706 ]), 'auc': array([0.])}
2024-06-26 22:14:21,474 - root - INFO - EPOCH[25/50] all_loss: 0.482 | time cost---Sampling: 10.73s--| 
2024-06-26 22:14:21,474 - root - INFO - Summary at recall = 0.05667890649875428
2024-06-26 22:18:05,520 - root - INFO - [testing at epoch-25]
2024-06-26 22:18:05,520 - root - INFO - {'precision': array([0.02267348, 0.01368406]), 'recall': array([0.05667643, 0.15757484]), 'ndcg': array([0.09376896, 0.18336863]), 'auc': array([0.])}
2024-06-26 22:18:05,521 - root - INFO - EPOCH[26/50] all_loss: 0.461 | time cost---Sampling: 11.45s--| 
2024-06-26 22:20:52,241 - root - INFO - [testing at epoch-26]
2024-06-26 22:20:52,241 - root - INFO - {'precision': array([0.02268488, 0.01368406]), 'recall': array([0.05674722, 0.15746242]), 'ndcg': array([0.09405703, 0.18374215]), 'auc': array([0.])}
2024-06-26 22:20:52,242 - root - INFO - EPOCH[27/50] all_loss: 0.443 | time cost---Sampling: 10.70s--| 
2024-06-26 22:20:52,242 - root - INFO - Summary at recall = 0.056747218793684086
2024-06-26 22:24:35,629 - root - INFO - [testing at epoch-27]
2024-06-26 22:24:35,630 - root - INFO - {'precision': array([0.02271717, 0.01365671]), 'recall': array([0.05685564, 0.15706757]), 'ndcg': array([0.09420532, 0.18355946]), 'auc': array([0.])}
2024-06-26 22:24:35,630 - root - INFO - EPOCH[28/50] all_loss: 0.425 | time cost---Sampling: 10.70s--| 
2024-06-26 22:24:35,630 - root - INFO - Summary at recall = 0.05685564323161264
2024-06-26 22:28:19,897 - root - INFO - [testing at epoch-28]
2024-06-26 22:28:19,897 - root - INFO - {'precision': array([0.02275421, 0.01362346]), 'recall': array([0.05704038, 0.15663749]), 'ndcg': array([0.09459359, 0.18360023]), 'auc': array([0.])}
2024-06-26 22:28:19,898 - root - INFO - EPOCH[29/50] all_loss: 0.409 | time cost---Sampling: 10.91s--| 
2024-06-26 22:28:19,898 - root - INFO - Summary at recall = 0.05704037860416168
2024-06-26 22:32:04,849 - root - INFO - [testing at epoch-29]
2024-06-26 22:32:04,849 - root - INFO - {'precision': array([0.02274756, 0.01361169]), 'recall': array([0.05707551, 0.15635346]), 'ndcg': array([0.09465256, 0.18348399]), 'auc': array([0.])}
2024-06-26 22:32:04,850 - root - INFO - EPOCH[30/50] all_loss: 0.394 | time cost---Sampling: 11.62s--| 
2024-06-26 22:32:04,850 - root - INFO - Summary at recall = 0.05707551049688257
2024-06-26 22:35:51,469 - root - INFO - [testing at epoch-30]
2024-06-26 22:35:51,469 - root - INFO - {'precision': array([0.02276846, 0.01357749]), 'recall': array([0.05709806, 0.15579403]), 'ndcg': array([0.09474531, 0.1832292 ]), 'auc': array([0.])}
2024-06-26 22:35:51,470 - root - INFO - EPOCH[31/50] all_loss: 0.380 | time cost---Sampling: 11.58s--| 
2024-06-26 22:35:51,470 - root - INFO - Summary at recall = 0.05709805756893424
2024-06-26 22:39:37,455 - root - INFO - [testing at epoch-31]
2024-06-26 22:39:37,455 - root - INFO - {'precision': array([0.02273427, 0.01355223]), 'recall': array([0.0570648 , 0.15525885]), 'ndcg': array([0.09477538, 0.18306855]), 'auc': array([0.])}
2024-06-26 22:39:37,456 - root - INFO - EPOCH[32/50] all_loss: 0.367 | time cost---Sampling: 11.50s--| 
2024-06-26 22:42:24,593 - root - INFO - [testing at epoch-32]
2024-06-26 22:42:24,593 - root - INFO - {'precision': array([0.02271147, 0.01352336]), 'recall': array([0.0570088 , 0.15494117]), 'ndcg': array([0.09484203, 0.1830245 ]), 'auc': array([0.])}
2024-06-26 22:42:24,594 - root - INFO - EPOCH[33/50] all_loss: 0.354 | time cost---Sampling: 11.15s--| 
2024-06-26 22:45:12,513 - root - INFO - [testing at epoch-33]
2024-06-26 22:45:12,513 - root - INFO - {'precision': array([0.02272382, 0.01349619]), 'recall': array([0.05700116, 0.15456664]), 'ndcg': array([0.09500767, 0.18300508]), 'auc': array([0.])}
2024-06-26 22:45:12,514 - root - INFO - EPOCH[34/50] all_loss: 0.343 | time cost---Sampling: 11.46s--| 
2024-06-26 22:48:00,514 - root - INFO - [testing at epoch-34]
2024-06-26 22:48:00,515 - root - INFO - {'precision': array([0.02273332, 0.01346561]), 'recall': array([0.05705887, 0.15411687]), 'ndcg': array([0.0950931 , 0.18275885]), 'auc': array([0.])}
2024-06-26 22:48:00,516 - root - INFO - EPOCH[35/50] all_loss: 0.332 | time cost---Sampling: 11.67s--| 
2024-06-26 22:50:48,283 - root - INFO - [testing at epoch-35]
2024-06-26 22:50:48,283 - root - INFO - {'precision': array([0.02274376, 0.01342667]), 'recall': array([0.05701288, 0.15343944]), 'ndcg': array([0.09521825, 0.18256077]), 'auc': array([0.])}
2024-06-26 22:50:48,284 - root - INFO - EPOCH[36/50] all_loss: 0.321 | time cost---Sampling: 11.71s--| 
2024-06-26 22:53:35,207 - root - INFO - [testing at epoch-36]
2024-06-26 22:53:35,207 - root - INFO - {'precision': array([0.02274661, 0.01339684]), 'recall': array([0.05701372, 0.15299681]), 'ndcg': array([0.09523371, 0.18241063]), 'auc': array([0.])}
2024-06-26 22:53:35,208 - root - INFO - EPOCH[37/50] all_loss: 0.312 | time cost---Sampling: 11.55s--| 
2024-06-26 22:56:22,371 - root - INFO - [testing at epoch-37]
2024-06-26 22:56:22,371 - root - INFO - {'precision': array([0.02269343, 0.01337253]), 'recall': array([0.05690671, 0.15264627]), 'ndcg': array([0.09507371, 0.18220735]), 'auc': array([0.])}
2024-06-26 22:56:22,372 - root - INFO - EPOCH[38/50] all_loss: 0.302 | time cost---Sampling: 11.16s--| 
2024-06-26 22:59:09,519 - root - INFO - [testing at epoch-38]
2024-06-26 22:59:09,519 - root - INFO - {'precision': array([0.02269153, 0.0133465 ]), 'recall': array([0.05690558, 0.15229436]), 'ndcg': array([0.09522288, 0.18210344]), 'auc': array([0.])}
2024-06-26 22:59:09,520 - root - INFO - EPOCH[39/50] all_loss: 0.294 | time cost---Sampling: 11.35s--| 
2024-06-26 23:01:56,020 - root - INFO - [testing at epoch-39]
2024-06-26 23:01:56,021 - root - INFO - {'precision': array([0.02270007, 0.01331801]), 'recall': array([0.05695005, 0.15180343]), 'ndcg': array([0.09539159, 0.18192109]), 'auc': array([0.])}
2024-06-26 23:01:56,021 - root - INFO - EPOCH[40/50] all_loss: 0.285 | time cost---Sampling: 10.72s--| 
2024-06-26 23:04:42,523 - root - INFO - [testing at epoch-40]
2024-06-26 23:04:42,523 - root - INFO - {'precision': array([0.02266588, 0.01327964]), 'recall': array([0.05690349, 0.15123974]), 'ndcg': array([0.09538085, 0.1816536 ]), 'auc': array([0.])}
2024-06-26 23:04:42,524 - root - INFO - EPOCH[41/50] all_loss: 0.279 | time cost---Sampling: 10.70s--| 
2024-06-26 23:07:29,532 - root - INFO - [testing at epoch-41]
2024-06-26 23:07:29,532 - root - INFO - {'precision': array([0.02267063, 0.01323728]), 'recall': array([0.05690164, 0.15055476]), 'ndcg': array([0.09544471, 0.18128669]), 'auc': array([0.])}
2024-06-26 23:07:29,533 - root - INFO - EPOCH[42/50] all_loss: 0.271 | time cost---Sampling: 11.29s--| 
2024-06-26 23:10:15,810 - root - INFO - [testing at epoch-42]
2024-06-26 23:10:15,811 - root - INFO - {'precision': array([0.02264784, 0.01320612]), 'recall': array([0.05684015, 0.15010441]), 'ndcg': array([0.09538745, 0.18098889]), 'auc': array([0.])}
2024-06-26 23:10:15,812 - root - INFO - EPOCH[43/50] all_loss: 0.264 | time cost---Sampling: 11.05s--| 
2024-06-26 23:13:01,619 - root - INFO - [testing at epoch-43]
2024-06-26 23:13:01,619 - root - INFO - {'precision': array([0.02263549, 0.01318333]), 'recall': array([0.05683016, 0.14981646]), 'ndcg': array([0.09535529, 0.18081923]), 'auc': array([0.])}
2024-06-26 23:13:01,620 - root - INFO - EPOCH[44/50] all_loss: 0.257 | time cost---Sampling: 10.77s--| 
2024-06-26 23:15:46,947 - root - INFO - [testing at epoch-44]
2024-06-26 23:15:46,948 - root - INFO - {'precision': array([0.02257375, 0.01313736]), 'recall': array([0.05669082, 0.14915125]), 'ndcg': array([0.09545836, 0.18082096]), 'auc': array([0.])}
2024-06-26 23:15:46,949 - root - INFO - EPOCH[45/50] all_loss: 0.251 | time cost---Sampling: 10.39s--| 
2024-06-26 23:18:33,625 - root - INFO - [testing at epoch-45]
2024-06-26 23:18:33,625 - root - INFO - {'precision': array([0.0225671 , 0.01309709]), 'recall': array([0.05668852, 0.14864642]), 'ndcg': array([0.09536344, 0.18033344]), 'auc': array([0.])}
2024-06-26 23:18:33,626 - root - INFO - EPOCH[46/50] all_loss: 0.245 | time cost---Sampling: 10.67s--| 
2024-06-26 23:21:20,902 - root - INFO - [testing at epoch-46]
2024-06-26 23:21:20,902 - root - INFO - {'precision': array([0.02251486, 0.01306119]), 'recall': array([0.05655859, 0.14798745]), 'ndcg': array([0.09537882, 0.18014128]), 'auc': array([0.])}
2024-06-26 23:21:20,903 - root - INFO - EPOCH[47/50] all_loss: 0.239 | time cost---Sampling: 11.45s--| 
